[2023-11-02T07:59:02.052+0000] {taskinstance.py:1165} INFO - Dependencies all met for <TaskInstance: example_bash_operator.also_run_this scheduled__2023-11-01T00:00:00+00:00 [queued]>
[2023-11-02T07:59:02.076+0000] {taskinstance.py:1165} INFO - Dependencies all met for <TaskInstance: example_bash_operator.also_run_this scheduled__2023-11-01T00:00:00+00:00 [queued]>
[2023-11-02T07:59:02.078+0000] {taskinstance.py:1362} INFO - 
--------------------------------------------------------------------------------
[2023-11-02T07:59:02.079+0000] {taskinstance.py:1363} INFO - Starting attempt 1 of 1
[2023-11-02T07:59:02.088+0000] {taskinstance.py:1364} INFO - 
--------------------------------------------------------------------------------
[2023-11-02T07:59:02.107+0000] {taskinstance.py:1383} INFO - Executing <Task(BashOperator): also_run_this> on 2023-11-01 00:00:00+00:00
[2023-11-02T07:59:02.119+0000] {standard_task_runner.py:55} INFO - Started process 802 to run task
[2023-11-02T07:59:02.128+0000] {standard_task_runner.py:82} INFO - Running: ['***', 'tasks', 'run', 'example_bash_operator', 'also_run_this', 'scheduled__2023-11-01T00:00:00+00:00', '--job-id', '5', '--raw', '--subdir', '/home/***/.local/lib/python3.7/site-packages/***/example_dags/example_bash_operator.py', '--cfg-path', '/tmp/tmpupzfamcm']
[2023-11-02T07:59:02.132+0000] {standard_task_runner.py:83} INFO - Job 5: Subtask also_run_this
[2023-11-02T07:59:02.279+0000] {task_command.py:376} INFO - Running <TaskInstance: example_bash_operator.also_run_this scheduled__2023-11-01T00:00:00+00:00 [running]> on host 76f97e39dab7
[2023-11-02T07:59:02.412+0000] {taskinstance.py:1592} INFO - Exporting the following env vars:
AIRFLOW_CTX_DAG_OWNER=***
AIRFLOW_CTX_DAG_ID=example_bash_operator
AIRFLOW_CTX_TASK_ID=also_run_this
AIRFLOW_CTX_EXECUTION_DATE=2023-11-01T00:00:00+00:00
AIRFLOW_CTX_TRY_NUMBER=1
AIRFLOW_CTX_DAG_RUN_ID=scheduled__2023-11-01T00:00:00+00:00
[2023-11-02T07:59:02.421+0000] {subprocess.py:63} INFO - Tmp dir root location: 
 /tmp
[2023-11-02T07:59:02.427+0000] {subprocess.py:75} INFO - Running command: ['/bin/bash', '-c', 'echo "ti_key=example_bash_operator__also_run_this__20231101"']
[2023-11-02T07:59:02.486+0000] {subprocess.py:86} INFO - Output:
[2023-11-02T07:59:02.498+0000] {subprocess.py:93} INFO - ti_key=example_bash_operator__also_run_this__20231101
[2023-11-02T07:59:02.501+0000] {subprocess.py:97} INFO - Command exited with return code 0
[2023-11-02T07:59:02.592+0000] {taskinstance.py:1406} INFO - Marking task as SUCCESS. dag_id=example_bash_operator, task_id=also_run_this, execution_date=20231101T000000, start_date=20231102T075902, end_date=20231102T075902
[2023-11-02T07:59:02.627+0000] {local_task_job.py:164} INFO - Task exited with return code 0
[2023-11-02T07:59:02.653+0000] {local_task_job.py:273} INFO - 0 downstream tasks scheduled from follow-on schedule check
