[2023-11-02T07:42:34.021+0000] {processor.py:154} INFO - Started process (PID=61) to work on /home/airflow/.local/lib/python3.7/site-packages/airflow/example_dags/example_branch_labels.py
[2023-11-02T07:42:34.022+0000] {processor.py:756} INFO - Processing file /home/airflow/.local/lib/python3.7/site-packages/airflow/example_dags/example_branch_labels.py for tasks to queue
[2023-11-02T07:42:34.024+0000] {logging_mixin.py:120} INFO - [2023-11-02T07:42:34.023+0000] {dagbag.py:537} INFO - Filling up the DagBag from /home/airflow/.local/lib/python3.7/site-packages/airflow/example_dags/example_branch_labels.py
[2023-11-02T07:42:34.046+0000] {processor.py:766} INFO - DAG(s) dict_keys(['example_branch_labels']) retrieved from /home/airflow/.local/lib/python3.7/site-packages/airflow/example_dags/example_branch_labels.py
[2023-11-02T07:42:34.313+0000] {logging_mixin.py:120} INFO - [2023-11-02T07:42:34.313+0000] {manager.py:507} INFO - Created Permission View: can delete on DAG:example_branch_labels
[2023-11-02T07:42:34.329+0000] {logging_mixin.py:120} INFO - [2023-11-02T07:42:34.329+0000] {manager.py:507} INFO - Created Permission View: can read on DAG:example_branch_labels
[2023-11-02T07:42:34.340+0000] {logging_mixin.py:120} INFO - [2023-11-02T07:42:34.340+0000] {manager.py:507} INFO - Created Permission View: can edit on DAG:example_branch_labels
[2023-11-02T07:42:34.340+0000] {logging_mixin.py:120} INFO - [2023-11-02T07:42:34.340+0000] {dag.py:2585} INFO - Sync 1 DAGs
[2023-11-02T07:42:34.352+0000] {logging_mixin.py:120} INFO - [2023-11-02T07:42:34.352+0000] {dag.py:2606} INFO - Creating ORM DAG for example_branch_labels
[2023-11-02T07:42:34.365+0000] {logging_mixin.py:120} INFO - [2023-11-02T07:42:34.365+0000] {dag.py:3340} INFO - Setting next_dagrun for example_branch_labels to 2023-11-01T00:00:00+00:00, run_after=2023-11-02T00:00:00+00:00
[2023-11-02T07:42:34.432+0000] {processor.py:176} INFO - Processing /home/airflow/.local/lib/python3.7/site-packages/airflow/example_dags/example_branch_labels.py took 0.414 seconds
[2023-11-02T07:43:04.786+0000] {processor.py:154} INFO - Started process (PID=117) to work on /home/airflow/.local/lib/python3.7/site-packages/airflow/example_dags/example_branch_labels.py
[2023-11-02T07:43:04.787+0000] {processor.py:756} INFO - Processing file /home/airflow/.local/lib/python3.7/site-packages/airflow/example_dags/example_branch_labels.py for tasks to queue
[2023-11-02T07:43:04.788+0000] {logging_mixin.py:120} INFO - [2023-11-02T07:43:04.788+0000] {dagbag.py:537} INFO - Filling up the DagBag from /home/airflow/.local/lib/python3.7/site-packages/airflow/example_dags/example_branch_labels.py
[2023-11-02T07:43:04.798+0000] {processor.py:766} INFO - DAG(s) dict_keys(['example_branch_labels']) retrieved from /home/airflow/.local/lib/python3.7/site-packages/airflow/example_dags/example_branch_labels.py
[2023-11-02T07:43:04.826+0000] {logging_mixin.py:120} INFO - [2023-11-02T07:43:04.826+0000] {dag.py:2585} INFO - Sync 1 DAGs
[2023-11-02T07:43:04.841+0000] {logging_mixin.py:120} INFO - [2023-11-02T07:43:04.841+0000] {dag.py:3340} INFO - Setting next_dagrun for example_branch_labels to 2023-11-01T00:00:00+00:00, run_after=2023-11-02T00:00:00+00:00
[2023-11-02T07:43:04.852+0000] {processor.py:176} INFO - Processing /home/airflow/.local/lib/python3.7/site-packages/airflow/example_dags/example_branch_labels.py took 0.068 seconds
[2023-11-02T07:43:35.762+0000] {processor.py:154} INFO - Started process (PID=181) to work on /home/airflow/.local/lib/python3.7/site-packages/airflow/example_dags/example_branch_labels.py
[2023-11-02T07:43:35.763+0000] {processor.py:756} INFO - Processing file /home/airflow/.local/lib/python3.7/site-packages/airflow/example_dags/example_branch_labels.py for tasks to queue
[2023-11-02T07:43:35.764+0000] {logging_mixin.py:120} INFO - [2023-11-02T07:43:35.764+0000] {dagbag.py:537} INFO - Filling up the DagBag from /home/airflow/.local/lib/python3.7/site-packages/airflow/example_dags/example_branch_labels.py
[2023-11-02T07:43:35.774+0000] {processor.py:766} INFO - DAG(s) dict_keys(['example_branch_labels']) retrieved from /home/airflow/.local/lib/python3.7/site-packages/airflow/example_dags/example_branch_labels.py
[2023-11-02T07:43:35.805+0000] {logging_mixin.py:120} INFO - [2023-11-02T07:43:35.805+0000] {dag.py:2585} INFO - Sync 1 DAGs
[2023-11-02T07:43:35.832+0000] {logging_mixin.py:120} INFO - [2023-11-02T07:43:35.832+0000] {dag.py:3340} INFO - Setting next_dagrun for example_branch_labels to 2023-11-01T00:00:00+00:00, run_after=2023-11-02T00:00:00+00:00
[2023-11-02T07:43:35.857+0000] {processor.py:176} INFO - Processing /home/airflow/.local/lib/python3.7/site-packages/airflow/example_dags/example_branch_labels.py took 0.098 seconds
[2023-11-02T07:44:23.308+0000] {processor.py:154} INFO - Started process (PID=55) to work on /home/airflow/.local/lib/python3.7/site-packages/airflow/example_dags/example_branch_labels.py
[2023-11-02T07:44:23.310+0000] {processor.py:756} INFO - Processing file /home/airflow/.local/lib/python3.7/site-packages/airflow/example_dags/example_branch_labels.py for tasks to queue
[2023-11-02T07:44:23.311+0000] {logging_mixin.py:120} INFO - [2023-11-02T07:44:23.310+0000] {dagbag.py:537} INFO - Filling up the DagBag from /home/airflow/.local/lib/python3.7/site-packages/airflow/example_dags/example_branch_labels.py
[2023-11-02T07:44:23.328+0000] {processor.py:766} INFO - DAG(s) dict_keys(['example_branch_labels']) retrieved from /home/airflow/.local/lib/python3.7/site-packages/airflow/example_dags/example_branch_labels.py
[2023-11-02T07:44:23.377+0000] {logging_mixin.py:120} INFO - [2023-11-02T07:44:23.377+0000] {dag.py:2585} INFO - Sync 1 DAGs
[2023-11-02T07:44:23.408+0000] {logging_mixin.py:120} INFO - [2023-11-02T07:44:23.408+0000] {dag.py:3340} INFO - Setting next_dagrun for example_branch_labels to 2023-11-01T00:00:00+00:00, run_after=2023-11-02T00:00:00+00:00
[2023-11-02T07:44:23.435+0000] {processor.py:176} INFO - Processing /home/airflow/.local/lib/python3.7/site-packages/airflow/example_dags/example_branch_labels.py took 0.132 seconds
[2023-11-02T07:44:53.799+0000] {processor.py:154} INFO - Started process (PID=118) to work on /home/airflow/.local/lib/python3.7/site-packages/airflow/example_dags/example_branch_labels.py
[2023-11-02T07:44:53.799+0000] {processor.py:756} INFO - Processing file /home/airflow/.local/lib/python3.7/site-packages/airflow/example_dags/example_branch_labels.py for tasks to queue
[2023-11-02T07:44:53.800+0000] {logging_mixin.py:120} INFO - [2023-11-02T07:44:53.800+0000] {dagbag.py:537} INFO - Filling up the DagBag from /home/airflow/.local/lib/python3.7/site-packages/airflow/example_dags/example_branch_labels.py
[2023-11-02T07:44:53.808+0000] {processor.py:766} INFO - DAG(s) dict_keys(['example_branch_labels']) retrieved from /home/airflow/.local/lib/python3.7/site-packages/airflow/example_dags/example_branch_labels.py
[2023-11-02T07:44:53.832+0000] {logging_mixin.py:120} INFO - [2023-11-02T07:44:53.832+0000] {dag.py:2585} INFO - Sync 1 DAGs
[2023-11-02T07:44:53.845+0000] {logging_mixin.py:120} INFO - [2023-11-02T07:44:53.845+0000] {dag.py:3340} INFO - Setting next_dagrun for example_branch_labels to 2023-11-01T00:00:00+00:00, run_after=2023-11-02T00:00:00+00:00
[2023-11-02T07:44:53.855+0000] {processor.py:176} INFO - Processing /home/airflow/.local/lib/python3.7/site-packages/airflow/example_dags/example_branch_labels.py took 0.059 seconds
[2023-11-02T07:45:24.676+0000] {processor.py:154} INFO - Started process (PID=183) to work on /home/airflow/.local/lib/python3.7/site-packages/airflow/example_dags/example_branch_labels.py
[2023-11-02T07:45:24.677+0000] {processor.py:756} INFO - Processing file /home/airflow/.local/lib/python3.7/site-packages/airflow/example_dags/example_branch_labels.py for tasks to queue
[2023-11-02T07:45:24.677+0000] {logging_mixin.py:120} INFO - [2023-11-02T07:45:24.677+0000] {dagbag.py:537} INFO - Filling up the DagBag from /home/airflow/.local/lib/python3.7/site-packages/airflow/example_dags/example_branch_labels.py
[2023-11-02T07:45:24.686+0000] {processor.py:766} INFO - DAG(s) dict_keys(['example_branch_labels']) retrieved from /home/airflow/.local/lib/python3.7/site-packages/airflow/example_dags/example_branch_labels.py
[2023-11-02T07:45:24.710+0000] {logging_mixin.py:120} INFO - [2023-11-02T07:45:24.710+0000] {dag.py:2585} INFO - Sync 1 DAGs
[2023-11-02T07:45:24.724+0000] {logging_mixin.py:120} INFO - [2023-11-02T07:45:24.724+0000] {dag.py:3340} INFO - Setting next_dagrun for example_branch_labels to 2023-11-01T00:00:00+00:00, run_after=2023-11-02T00:00:00+00:00
[2023-11-02T07:45:24.734+0000] {processor.py:176} INFO - Processing /home/airflow/.local/lib/python3.7/site-packages/airflow/example_dags/example_branch_labels.py took 0.060 seconds
[2023-11-02T07:45:55.752+0000] {processor.py:154} INFO - Started process (PID=246) to work on /home/airflow/.local/lib/python3.7/site-packages/airflow/example_dags/example_branch_labels.py
[2023-11-02T07:45:55.752+0000] {processor.py:756} INFO - Processing file /home/airflow/.local/lib/python3.7/site-packages/airflow/example_dags/example_branch_labels.py for tasks to queue
[2023-11-02T07:45:55.753+0000] {logging_mixin.py:120} INFO - [2023-11-02T07:45:55.753+0000] {dagbag.py:537} INFO - Filling up the DagBag from /home/airflow/.local/lib/python3.7/site-packages/airflow/example_dags/example_branch_labels.py
[2023-11-02T07:45:55.762+0000] {processor.py:766} INFO - DAG(s) dict_keys(['example_branch_labels']) retrieved from /home/airflow/.local/lib/python3.7/site-packages/airflow/example_dags/example_branch_labels.py
[2023-11-02T07:45:55.788+0000] {logging_mixin.py:120} INFO - [2023-11-02T07:45:55.788+0000] {dag.py:2585} INFO - Sync 1 DAGs
[2023-11-02T07:45:55.802+0000] {logging_mixin.py:120} INFO - [2023-11-02T07:45:55.802+0000] {dag.py:3340} INFO - Setting next_dagrun for example_branch_labels to 2023-11-01T00:00:00+00:00, run_after=2023-11-02T00:00:00+00:00
[2023-11-02T07:45:55.811+0000] {processor.py:176} INFO - Processing /home/airflow/.local/lib/python3.7/site-packages/airflow/example_dags/example_branch_labels.py took 0.062 seconds
[2023-11-02T07:46:26.908+0000] {processor.py:154} INFO - Started process (PID=309) to work on /home/airflow/.local/lib/python3.7/site-packages/airflow/example_dags/example_branch_labels.py
[2023-11-02T07:46:26.909+0000] {processor.py:756} INFO - Processing file /home/airflow/.local/lib/python3.7/site-packages/airflow/example_dags/example_branch_labels.py for tasks to queue
[2023-11-02T07:46:26.909+0000] {logging_mixin.py:120} INFO - [2023-11-02T07:46:26.909+0000] {dagbag.py:537} INFO - Filling up the DagBag from /home/airflow/.local/lib/python3.7/site-packages/airflow/example_dags/example_branch_labels.py
[2023-11-02T07:46:26.918+0000] {processor.py:766} INFO - DAG(s) dict_keys(['example_branch_labels']) retrieved from /home/airflow/.local/lib/python3.7/site-packages/airflow/example_dags/example_branch_labels.py
[2023-11-02T07:46:26.942+0000] {logging_mixin.py:120} INFO - [2023-11-02T07:46:26.942+0000] {dag.py:2585} INFO - Sync 1 DAGs
[2023-11-02T07:46:26.955+0000] {logging_mixin.py:120} INFO - [2023-11-02T07:46:26.955+0000] {dag.py:3340} INFO - Setting next_dagrun for example_branch_labels to 2023-11-01T00:00:00+00:00, run_after=2023-11-02T00:00:00+00:00
[2023-11-02T07:46:26.965+0000] {processor.py:176} INFO - Processing /home/airflow/.local/lib/python3.7/site-packages/airflow/example_dags/example_branch_labels.py took 0.059 seconds
[2023-11-02T07:46:57.963+0000] {processor.py:154} INFO - Started process (PID=373) to work on /home/airflow/.local/lib/python3.7/site-packages/airflow/example_dags/example_branch_labels.py
[2023-11-02T07:46:57.964+0000] {processor.py:756} INFO - Processing file /home/airflow/.local/lib/python3.7/site-packages/airflow/example_dags/example_branch_labels.py for tasks to queue
[2023-11-02T07:46:57.965+0000] {logging_mixin.py:120} INFO - [2023-11-02T07:46:57.964+0000] {dagbag.py:537} INFO - Filling up the DagBag from /home/airflow/.local/lib/python3.7/site-packages/airflow/example_dags/example_branch_labels.py
[2023-11-02T07:46:57.976+0000] {processor.py:766} INFO - DAG(s) dict_keys(['example_branch_labels']) retrieved from /home/airflow/.local/lib/python3.7/site-packages/airflow/example_dags/example_branch_labels.py
[2023-11-02T07:46:58.018+0000] {logging_mixin.py:120} INFO - [2023-11-02T07:46:58.018+0000] {dag.py:2585} INFO - Sync 1 DAGs
[2023-11-02T07:46:58.042+0000] {logging_mixin.py:120} INFO - [2023-11-02T07:46:58.041+0000] {dag.py:3340} INFO - Setting next_dagrun for example_branch_labels to 2023-11-01T00:00:00+00:00, run_after=2023-11-02T00:00:00+00:00
[2023-11-02T07:46:58.061+0000] {processor.py:176} INFO - Processing /home/airflow/.local/lib/python3.7/site-packages/airflow/example_dags/example_branch_labels.py took 0.102 seconds
[2023-11-02T07:47:28.412+0000] {processor.py:154} INFO - Started process (PID=426) to work on /home/airflow/.local/lib/python3.7/site-packages/airflow/example_dags/example_branch_labels.py
[2023-11-02T07:47:28.412+0000] {processor.py:756} INFO - Processing file /home/airflow/.local/lib/python3.7/site-packages/airflow/example_dags/example_branch_labels.py for tasks to queue
[2023-11-02T07:47:28.413+0000] {logging_mixin.py:120} INFO - [2023-11-02T07:47:28.413+0000] {dagbag.py:537} INFO - Filling up the DagBag from /home/airflow/.local/lib/python3.7/site-packages/airflow/example_dags/example_branch_labels.py
[2023-11-02T07:47:28.422+0000] {processor.py:766} INFO - DAG(s) dict_keys(['example_branch_labels']) retrieved from /home/airflow/.local/lib/python3.7/site-packages/airflow/example_dags/example_branch_labels.py
[2023-11-02T07:47:28.447+0000] {logging_mixin.py:120} INFO - [2023-11-02T07:47:28.447+0000] {dag.py:2585} INFO - Sync 1 DAGs
[2023-11-02T07:47:28.461+0000] {logging_mixin.py:120} INFO - [2023-11-02T07:47:28.461+0000] {dag.py:3340} INFO - Setting next_dagrun for example_branch_labels to 2023-11-01T00:00:00+00:00, run_after=2023-11-02T00:00:00+00:00
[2023-11-02T07:47:28.472+0000] {processor.py:176} INFO - Processing /home/airflow/.local/lib/python3.7/site-packages/airflow/example_dags/example_branch_labels.py took 0.062 seconds
