[2023-11-02T07:42:35.717+0000] {processor.py:154} INFO - Started process (PID=71) to work on /home/airflow/.local/lib/python3.7/site-packages/airflow/example_dags/example_datasets.py
[2023-11-02T07:42:35.718+0000] {processor.py:756} INFO - Processing file /home/airflow/.local/lib/python3.7/site-packages/airflow/example_dags/example_datasets.py for tasks to queue
[2023-11-02T07:42:35.719+0000] {logging_mixin.py:120} INFO - [2023-11-02T07:42:35.719+0000] {dagbag.py:537} INFO - Filling up the DagBag from /home/airflow/.local/lib/python3.7/site-packages/airflow/example_dags/example_datasets.py
[2023-11-02T07:42:35.732+0000] {processor.py:766} INFO - DAG(s) dict_keys(['dataset_produces_1', 'dataset_consumes_unknown_never_scheduled', 'dataset_consumes_1_and_2', 'dataset_consumes_1_never_scheduled', 'dataset_consumes_1', 'dataset_produces_2']) retrieved from /home/airflow/.local/lib/python3.7/site-packages/airflow/example_dags/example_datasets.py
[2023-11-02T07:42:35.826+0000] {logging_mixin.py:120} INFO - [2023-11-02T07:42:35.826+0000] {manager.py:507} INFO - Created Permission View: can delete on DAG:dataset_produces_1
[2023-11-02T07:42:35.834+0000] {logging_mixin.py:120} INFO - [2023-11-02T07:42:35.834+0000] {manager.py:507} INFO - Created Permission View: can read on DAG:dataset_produces_1
[2023-11-02T07:42:35.840+0000] {logging_mixin.py:120} INFO - [2023-11-02T07:42:35.840+0000] {manager.py:507} INFO - Created Permission View: can edit on DAG:dataset_produces_1
[2023-11-02T07:42:35.851+0000] {logging_mixin.py:120} INFO - [2023-11-02T07:42:35.851+0000] {manager.py:507} INFO - Created Permission View: can delete on DAG:dataset_consumes_unknown_never_scheduled
[2023-11-02T07:42:35.857+0000] {logging_mixin.py:120} INFO - [2023-11-02T07:42:35.857+0000] {manager.py:507} INFO - Created Permission View: can read on DAG:dataset_consumes_unknown_never_scheduled
[2023-11-02T07:42:35.864+0000] {logging_mixin.py:120} INFO - [2023-11-02T07:42:35.863+0000] {manager.py:507} INFO - Created Permission View: can edit on DAG:dataset_consumes_unknown_never_scheduled
[2023-11-02T07:42:35.877+0000] {logging_mixin.py:120} INFO - [2023-11-02T07:42:35.877+0000] {manager.py:507} INFO - Created Permission View: can delete on DAG:dataset_consumes_1_and_2
[2023-11-02T07:42:35.885+0000] {logging_mixin.py:120} INFO - [2023-11-02T07:42:35.884+0000] {manager.py:507} INFO - Created Permission View: can read on DAG:dataset_consumes_1_and_2
[2023-11-02T07:42:35.891+0000] {logging_mixin.py:120} INFO - [2023-11-02T07:42:35.891+0000] {manager.py:507} INFO - Created Permission View: can edit on DAG:dataset_consumes_1_and_2
[2023-11-02T07:42:35.904+0000] {logging_mixin.py:120} INFO - [2023-11-02T07:42:35.904+0000] {manager.py:507} INFO - Created Permission View: can delete on DAG:dataset_consumes_1_never_scheduled
[2023-11-02T07:42:35.908+0000] {logging_mixin.py:120} INFO - [2023-11-02T07:42:35.908+0000] {manager.py:507} INFO - Created Permission View: can read on DAG:dataset_consumes_1_never_scheduled
[2023-11-02T07:42:35.913+0000] {logging_mixin.py:120} INFO - [2023-11-02T07:42:35.913+0000] {manager.py:507} INFO - Created Permission View: can edit on DAG:dataset_consumes_1_never_scheduled
[2023-11-02T07:42:35.921+0000] {logging_mixin.py:120} INFO - [2023-11-02T07:42:35.921+0000] {manager.py:507} INFO - Created Permission View: can delete on DAG:dataset_consumes_1
[2023-11-02T07:42:35.925+0000] {logging_mixin.py:120} INFO - [2023-11-02T07:42:35.925+0000] {manager.py:507} INFO - Created Permission View: can read on DAG:dataset_consumes_1
[2023-11-02T07:42:35.931+0000] {logging_mixin.py:120} INFO - [2023-11-02T07:42:35.931+0000] {manager.py:507} INFO - Created Permission View: can edit on DAG:dataset_consumes_1
[2023-11-02T07:42:35.941+0000] {logging_mixin.py:120} INFO - [2023-11-02T07:42:35.941+0000] {manager.py:507} INFO - Created Permission View: can delete on DAG:dataset_produces_2
[2023-11-02T07:42:35.946+0000] {logging_mixin.py:120} INFO - [2023-11-02T07:42:35.946+0000] {manager.py:507} INFO - Created Permission View: can read on DAG:dataset_produces_2
[2023-11-02T07:42:35.952+0000] {logging_mixin.py:120} INFO - [2023-11-02T07:42:35.952+0000] {manager.py:507} INFO - Created Permission View: can edit on DAG:dataset_produces_2
[2023-11-02T07:42:35.953+0000] {logging_mixin.py:120} INFO - [2023-11-02T07:42:35.953+0000] {dag.py:2585} INFO - Sync 6 DAGs
[2023-11-02T07:42:35.961+0000] {logging_mixin.py:120} INFO - [2023-11-02T07:42:35.961+0000] {dag.py:2606} INFO - Creating ORM DAG for dataset_consumes_1_never_scheduled
[2023-11-02T07:42:35.962+0000] {logging_mixin.py:120} INFO - [2023-11-02T07:42:35.962+0000] {dag.py:2606} INFO - Creating ORM DAG for dataset_consumes_unknown_never_scheduled
[2023-11-02T07:42:35.963+0000] {logging_mixin.py:120} INFO - [2023-11-02T07:42:35.963+0000] {dag.py:2606} INFO - Creating ORM DAG for dataset_consumes_1
[2023-11-02T07:42:35.964+0000] {logging_mixin.py:120} INFO - [2023-11-02T07:42:35.964+0000] {dag.py:2606} INFO - Creating ORM DAG for dataset_produces_2
[2023-11-02T07:42:35.964+0000] {logging_mixin.py:120} INFO - [2023-11-02T07:42:35.964+0000] {dag.py:2606} INFO - Creating ORM DAG for dataset_consumes_1_and_2
[2023-11-02T07:42:35.964+0000] {logging_mixin.py:120} INFO - [2023-11-02T07:42:35.964+0000] {dag.py:2606} INFO - Creating ORM DAG for dataset_produces_1
[2023-11-02T07:42:35.972+0000] {logging_mixin.py:120} INFO - [2023-11-02T07:42:35.972+0000] {dag.py:3340} INFO - Setting next_dagrun for dataset_consumes_1 to None, run_after=None
[2023-11-02T07:42:35.972+0000] {logging_mixin.py:120} INFO - [2023-11-02T07:42:35.972+0000] {dag.py:3340} INFO - Setting next_dagrun for dataset_consumes_1_and_2 to None, run_after=None
[2023-11-02T07:42:35.973+0000] {logging_mixin.py:120} INFO - [2023-11-02T07:42:35.972+0000] {dag.py:3340} INFO - Setting next_dagrun for dataset_consumes_1_never_scheduled to None, run_after=None
[2023-11-02T07:42:35.973+0000] {logging_mixin.py:120} INFO - [2023-11-02T07:42:35.973+0000] {dag.py:3340} INFO - Setting next_dagrun for dataset_consumes_unknown_never_scheduled to None, run_after=None
[2023-11-02T07:42:35.975+0000] {logging_mixin.py:120} INFO - [2023-11-02T07:42:35.975+0000] {dag.py:3340} INFO - Setting next_dagrun for dataset_produces_1 to 2023-11-01T00:00:00+00:00, run_after=2023-11-02T00:00:00+00:00
[2023-11-02T07:42:35.975+0000] {logging_mixin.py:120} INFO - [2023-11-02T07:42:35.975+0000] {dag.py:3340} INFO - Setting next_dagrun for dataset_produces_2 to None, run_after=None
[2023-11-02T07:42:36.000+0000] {processor.py:176} INFO - Processing /home/airflow/.local/lib/python3.7/site-packages/airflow/example_dags/example_datasets.py took 0.285 seconds
[2023-11-02T07:43:06.246+0000] {processor.py:154} INFO - Started process (PID=126) to work on /home/airflow/.local/lib/python3.7/site-packages/airflow/example_dags/example_datasets.py
[2023-11-02T07:43:06.247+0000] {processor.py:756} INFO - Processing file /home/airflow/.local/lib/python3.7/site-packages/airflow/example_dags/example_datasets.py for tasks to queue
[2023-11-02T07:43:06.248+0000] {logging_mixin.py:120} INFO - [2023-11-02T07:43:06.248+0000] {dagbag.py:537} INFO - Filling up the DagBag from /home/airflow/.local/lib/python3.7/site-packages/airflow/example_dags/example_datasets.py
[2023-11-02T07:43:06.259+0000] {processor.py:766} INFO - DAG(s) dict_keys(['dataset_consumes_1', 'dataset_produces_1', 'dataset_consumes_1_never_scheduled', 'dataset_consumes_1_and_2', 'dataset_consumes_unknown_never_scheduled', 'dataset_produces_2']) retrieved from /home/airflow/.local/lib/python3.7/site-packages/airflow/example_dags/example_datasets.py
[2023-11-02T07:43:06.291+0000] {logging_mixin.py:120} INFO - [2023-11-02T07:43:06.291+0000] {dag.py:2585} INFO - Sync 6 DAGs
[2023-11-02T07:43:06.306+0000] {logging_mixin.py:120} INFO - [2023-11-02T07:43:06.306+0000] {dag.py:3340} INFO - Setting next_dagrun for dataset_consumes_1 to None, run_after=None
[2023-11-02T07:43:06.308+0000] {logging_mixin.py:120} INFO - [2023-11-02T07:43:06.308+0000] {dag.py:3340} INFO - Setting next_dagrun for dataset_consumes_1_and_2 to None, run_after=None
[2023-11-02T07:43:06.309+0000] {logging_mixin.py:120} INFO - [2023-11-02T07:43:06.309+0000] {dag.py:3340} INFO - Setting next_dagrun for dataset_consumes_1_never_scheduled to None, run_after=None
[2023-11-02T07:43:06.309+0000] {logging_mixin.py:120} INFO - [2023-11-02T07:43:06.309+0000] {dag.py:3340} INFO - Setting next_dagrun for dataset_consumes_unknown_never_scheduled to None, run_after=None
[2023-11-02T07:43:06.311+0000] {logging_mixin.py:120} INFO - [2023-11-02T07:43:06.311+0000] {dag.py:3340} INFO - Setting next_dagrun for dataset_produces_1 to 2023-11-01T00:00:00+00:00, run_after=2023-11-02T00:00:00+00:00
[2023-11-02T07:43:06.311+0000] {logging_mixin.py:120} INFO - [2023-11-02T07:43:06.311+0000] {dag.py:3340} INFO - Setting next_dagrun for dataset_produces_2 to None, run_after=None
[2023-11-02T07:43:06.326+0000] {processor.py:176} INFO - Processing /home/airflow/.local/lib/python3.7/site-packages/airflow/example_dags/example_datasets.py took 0.082 seconds
[2023-11-02T07:43:36.928+0000] {processor.py:154} INFO - Started process (PID=190) to work on /home/airflow/.local/lib/python3.7/site-packages/airflow/example_dags/example_datasets.py
[2023-11-02T07:43:36.929+0000] {processor.py:756} INFO - Processing file /home/airflow/.local/lib/python3.7/site-packages/airflow/example_dags/example_datasets.py for tasks to queue
[2023-11-02T07:43:36.930+0000] {logging_mixin.py:120} INFO - [2023-11-02T07:43:36.930+0000] {dagbag.py:537} INFO - Filling up the DagBag from /home/airflow/.local/lib/python3.7/site-packages/airflow/example_dags/example_datasets.py
[2023-11-02T07:43:36.943+0000] {processor.py:766} INFO - DAG(s) dict_keys(['dataset_produces_2', 'dataset_consumes_1', 'dataset_consumes_1_and_2', 'dataset_consumes_1_never_scheduled', 'dataset_consumes_unknown_never_scheduled', 'dataset_produces_1']) retrieved from /home/airflow/.local/lib/python3.7/site-packages/airflow/example_dags/example_datasets.py
[2023-11-02T07:43:36.995+0000] {logging_mixin.py:120} INFO - [2023-11-02T07:43:36.995+0000] {dag.py:2585} INFO - Sync 6 DAGs
[2023-11-02T07:43:37.016+0000] {logging_mixin.py:120} INFO - [2023-11-02T07:43:37.016+0000] {dag.py:3340} INFO - Setting next_dagrun for dataset_consumes_1 to None, run_after=None
[2023-11-02T07:43:37.018+0000] {logging_mixin.py:120} INFO - [2023-11-02T07:43:37.018+0000] {dag.py:3340} INFO - Setting next_dagrun for dataset_consumes_1_and_2 to None, run_after=None
[2023-11-02T07:43:37.019+0000] {logging_mixin.py:120} INFO - [2023-11-02T07:43:37.019+0000] {dag.py:3340} INFO - Setting next_dagrun for dataset_consumes_1_never_scheduled to None, run_after=None
[2023-11-02T07:43:37.020+0000] {logging_mixin.py:120} INFO - [2023-11-02T07:43:37.020+0000] {dag.py:3340} INFO - Setting next_dagrun for dataset_consumes_unknown_never_scheduled to None, run_after=None
[2023-11-02T07:43:37.021+0000] {logging_mixin.py:120} INFO - [2023-11-02T07:43:37.021+0000] {dag.py:3340} INFO - Setting next_dagrun for dataset_produces_1 to 2023-11-01T00:00:00+00:00, run_after=2023-11-02T00:00:00+00:00
[2023-11-02T07:43:37.022+0000] {logging_mixin.py:120} INFO - [2023-11-02T07:43:37.022+0000] {dag.py:3340} INFO - Setting next_dagrun for dataset_produces_2 to None, run_after=None
[2023-11-02T07:43:37.037+0000] {processor.py:176} INFO - Processing /home/airflow/.local/lib/python3.7/site-packages/airflow/example_dags/example_datasets.py took 0.112 seconds
[2023-11-02T07:44:23.920+0000] {processor.py:154} INFO - Started process (PID=63) to work on /home/airflow/.local/lib/python3.7/site-packages/airflow/example_dags/example_datasets.py
[2023-11-02T07:44:23.921+0000] {processor.py:756} INFO - Processing file /home/airflow/.local/lib/python3.7/site-packages/airflow/example_dags/example_datasets.py for tasks to queue
[2023-11-02T07:44:23.922+0000] {logging_mixin.py:120} INFO - [2023-11-02T07:44:23.922+0000] {dagbag.py:537} INFO - Filling up the DagBag from /home/airflow/.local/lib/python3.7/site-packages/airflow/example_dags/example_datasets.py
[2023-11-02T07:44:23.942+0000] {processor.py:766} INFO - DAG(s) dict_keys(['dataset_produces_1', 'dataset_consumes_1', 'dataset_produces_2', 'dataset_consumes_1_and_2', 'dataset_consumes_unknown_never_scheduled', 'dataset_consumes_1_never_scheduled']) retrieved from /home/airflow/.local/lib/python3.7/site-packages/airflow/example_dags/example_datasets.py
[2023-11-02T07:44:23.987+0000] {logging_mixin.py:120} INFO - [2023-11-02T07:44:23.987+0000] {dag.py:2585} INFO - Sync 6 DAGs
[2023-11-02T07:44:24.039+0000] {logging_mixin.py:120} INFO - [2023-11-02T07:44:24.038+0000] {dag.py:3340} INFO - Setting next_dagrun for dataset_consumes_1 to None, run_after=None
[2023-11-02T07:44:24.046+0000] {logging_mixin.py:120} INFO - [2023-11-02T07:44:24.045+0000] {dag.py:3340} INFO - Setting next_dagrun for dataset_consumes_1_and_2 to None, run_after=None
[2023-11-02T07:44:24.049+0000] {logging_mixin.py:120} INFO - [2023-11-02T07:44:24.048+0000] {dag.py:3340} INFO - Setting next_dagrun for dataset_consumes_1_never_scheduled to None, run_after=None
[2023-11-02T07:44:24.051+0000] {logging_mixin.py:120} INFO - [2023-11-02T07:44:24.050+0000] {dag.py:3340} INFO - Setting next_dagrun for dataset_consumes_unknown_never_scheduled to None, run_after=None
[2023-11-02T07:44:24.056+0000] {logging_mixin.py:120} INFO - [2023-11-02T07:44:24.056+0000] {dag.py:3340} INFO - Setting next_dagrun for dataset_produces_1 to 2023-11-01T00:00:00+00:00, run_after=2023-11-02T00:00:00+00:00
[2023-11-02T07:44:24.059+0000] {logging_mixin.py:120} INFO - [2023-11-02T07:44:24.059+0000] {dag.py:3340} INFO - Setting next_dagrun for dataset_produces_2 to None, run_after=None
[2023-11-02T07:44:24.094+0000] {processor.py:176} INFO - Processing /home/airflow/.local/lib/python3.7/site-packages/airflow/example_dags/example_datasets.py took 0.176 seconds
[2023-11-02T07:44:54.171+0000] {processor.py:154} INFO - Started process (PID=126) to work on /home/airflow/.local/lib/python3.7/site-packages/airflow/example_dags/example_datasets.py
[2023-11-02T07:44:54.172+0000] {processor.py:756} INFO - Processing file /home/airflow/.local/lib/python3.7/site-packages/airflow/example_dags/example_datasets.py for tasks to queue
[2023-11-02T07:44:54.173+0000] {logging_mixin.py:120} INFO - [2023-11-02T07:44:54.172+0000] {dagbag.py:537} INFO - Filling up the DagBag from /home/airflow/.local/lib/python3.7/site-packages/airflow/example_dags/example_datasets.py
[2023-11-02T07:44:54.184+0000] {processor.py:766} INFO - DAG(s) dict_keys(['dataset_consumes_unknown_never_scheduled', 'dataset_produces_1', 'dataset_consumes_1_never_scheduled', 'dataset_consumes_1_and_2', 'dataset_consumes_1', 'dataset_produces_2']) retrieved from /home/airflow/.local/lib/python3.7/site-packages/airflow/example_dags/example_datasets.py
[2023-11-02T07:44:54.248+0000] {logging_mixin.py:120} INFO - [2023-11-02T07:44:54.248+0000] {dag.py:2585} INFO - Sync 6 DAGs
[2023-11-02T07:44:54.262+0000] {logging_mixin.py:120} INFO - [2023-11-02T07:44:54.262+0000] {dag.py:3340} INFO - Setting next_dagrun for dataset_consumes_1 to None, run_after=None
[2023-11-02T07:44:54.264+0000] {logging_mixin.py:120} INFO - [2023-11-02T07:44:54.264+0000] {dag.py:3340} INFO - Setting next_dagrun for dataset_consumes_1_and_2 to None, run_after=None
[2023-11-02T07:44:54.265+0000] {logging_mixin.py:120} INFO - [2023-11-02T07:44:54.265+0000] {dag.py:3340} INFO - Setting next_dagrun for dataset_consumes_1_never_scheduled to None, run_after=None
[2023-11-02T07:44:54.266+0000] {logging_mixin.py:120} INFO - [2023-11-02T07:44:54.266+0000] {dag.py:3340} INFO - Setting next_dagrun for dataset_consumes_unknown_never_scheduled to None, run_after=None
[2023-11-02T07:44:54.267+0000] {logging_mixin.py:120} INFO - [2023-11-02T07:44:54.267+0000] {dag.py:3340} INFO - Setting next_dagrun for dataset_produces_1 to 2023-11-01T00:00:00+00:00, run_after=2023-11-02T00:00:00+00:00
[2023-11-02T07:44:54.268+0000] {logging_mixin.py:120} INFO - [2023-11-02T07:44:54.268+0000] {dag.py:3340} INFO - Setting next_dagrun for dataset_produces_2 to None, run_after=None
[2023-11-02T07:44:54.285+0000] {processor.py:176} INFO - Processing /home/airflow/.local/lib/python3.7/site-packages/airflow/example_dags/example_datasets.py took 0.116 seconds
[2023-11-02T07:45:25.101+0000] {processor.py:154} INFO - Started process (PID=191) to work on /home/airflow/.local/lib/python3.7/site-packages/airflow/example_dags/example_datasets.py
[2023-11-02T07:45:25.101+0000] {processor.py:756} INFO - Processing file /home/airflow/.local/lib/python3.7/site-packages/airflow/example_dags/example_datasets.py for tasks to queue
[2023-11-02T07:45:25.102+0000] {logging_mixin.py:120} INFO - [2023-11-02T07:45:25.102+0000] {dagbag.py:537} INFO - Filling up the DagBag from /home/airflow/.local/lib/python3.7/site-packages/airflow/example_dags/example_datasets.py
[2023-11-02T07:45:25.112+0000] {processor.py:766} INFO - DAG(s) dict_keys(['dataset_consumes_1_never_scheduled', 'dataset_consumes_unknown_never_scheduled', 'dataset_produces_2', 'dataset_consumes_1_and_2', 'dataset_consumes_1', 'dataset_produces_1']) retrieved from /home/airflow/.local/lib/python3.7/site-packages/airflow/example_dags/example_datasets.py
[2023-11-02T07:45:25.143+0000] {logging_mixin.py:120} INFO - [2023-11-02T07:45:25.143+0000] {dag.py:2585} INFO - Sync 6 DAGs
[2023-11-02T07:45:25.157+0000] {logging_mixin.py:120} INFO - [2023-11-02T07:45:25.157+0000] {dag.py:3340} INFO - Setting next_dagrun for dataset_consumes_1 to None, run_after=None
[2023-11-02T07:45:25.159+0000] {logging_mixin.py:120} INFO - [2023-11-02T07:45:25.159+0000] {dag.py:3340} INFO - Setting next_dagrun for dataset_consumes_1_and_2 to None, run_after=None
[2023-11-02T07:45:25.160+0000] {logging_mixin.py:120} INFO - [2023-11-02T07:45:25.160+0000] {dag.py:3340} INFO - Setting next_dagrun for dataset_consumes_1_never_scheduled to None, run_after=None
[2023-11-02T07:45:25.160+0000] {logging_mixin.py:120} INFO - [2023-11-02T07:45:25.160+0000] {dag.py:3340} INFO - Setting next_dagrun for dataset_consumes_unknown_never_scheduled to None, run_after=None
[2023-11-02T07:45:25.162+0000] {logging_mixin.py:120} INFO - [2023-11-02T07:45:25.162+0000] {dag.py:3340} INFO - Setting next_dagrun for dataset_produces_1 to 2023-11-01T00:00:00+00:00, run_after=2023-11-02T00:00:00+00:00
[2023-11-02T07:45:25.162+0000] {logging_mixin.py:120} INFO - [2023-11-02T07:45:25.162+0000] {dag.py:3340} INFO - Setting next_dagrun for dataset_produces_2 to None, run_after=None
[2023-11-02T07:45:25.176+0000] {processor.py:176} INFO - Processing /home/airflow/.local/lib/python3.7/site-packages/airflow/example_dags/example_datasets.py took 0.077 seconds
[2023-11-02T07:45:56.230+0000] {processor.py:154} INFO - Started process (PID=254) to work on /home/airflow/.local/lib/python3.7/site-packages/airflow/example_dags/example_datasets.py
[2023-11-02T07:45:56.231+0000] {processor.py:756} INFO - Processing file /home/airflow/.local/lib/python3.7/site-packages/airflow/example_dags/example_datasets.py for tasks to queue
[2023-11-02T07:45:56.231+0000] {logging_mixin.py:120} INFO - [2023-11-02T07:45:56.231+0000] {dagbag.py:537} INFO - Filling up the DagBag from /home/airflow/.local/lib/python3.7/site-packages/airflow/example_dags/example_datasets.py
[2023-11-02T07:45:56.241+0000] {processor.py:766} INFO - DAG(s) dict_keys(['dataset_consumes_1_never_scheduled', 'dataset_produces_1', 'dataset_consumes_1_and_2', 'dataset_consumes_1', 'dataset_consumes_unknown_never_scheduled', 'dataset_produces_2']) retrieved from /home/airflow/.local/lib/python3.7/site-packages/airflow/example_dags/example_datasets.py
[2023-11-02T07:45:56.272+0000] {logging_mixin.py:120} INFO - [2023-11-02T07:45:56.272+0000] {dag.py:2585} INFO - Sync 6 DAGs
[2023-11-02T07:45:56.286+0000] {logging_mixin.py:120} INFO - [2023-11-02T07:45:56.286+0000] {dag.py:3340} INFO - Setting next_dagrun for dataset_consumes_1 to None, run_after=None
[2023-11-02T07:45:56.289+0000] {logging_mixin.py:120} INFO - [2023-11-02T07:45:56.288+0000] {dag.py:3340} INFO - Setting next_dagrun for dataset_consumes_1_and_2 to None, run_after=None
[2023-11-02T07:45:56.289+0000] {logging_mixin.py:120} INFO - [2023-11-02T07:45:56.289+0000] {dag.py:3340} INFO - Setting next_dagrun for dataset_consumes_1_never_scheduled to None, run_after=None
[2023-11-02T07:45:56.290+0000] {logging_mixin.py:120} INFO - [2023-11-02T07:45:56.290+0000] {dag.py:3340} INFO - Setting next_dagrun for dataset_consumes_unknown_never_scheduled to None, run_after=None
[2023-11-02T07:45:56.292+0000] {logging_mixin.py:120} INFO - [2023-11-02T07:45:56.292+0000] {dag.py:3340} INFO - Setting next_dagrun for dataset_produces_1 to 2023-11-01T00:00:00+00:00, run_after=2023-11-02T00:00:00+00:00
[2023-11-02T07:45:56.293+0000] {logging_mixin.py:120} INFO - [2023-11-02T07:45:56.292+0000] {dag.py:3340} INFO - Setting next_dagrun for dataset_produces_2 to None, run_after=None
[2023-11-02T07:45:56.308+0000] {processor.py:176} INFO - Processing /home/airflow/.local/lib/python3.7/site-packages/airflow/example_dags/example_datasets.py took 0.081 seconds
[2023-11-02T07:46:27.300+0000] {processor.py:154} INFO - Started process (PID=317) to work on /home/airflow/.local/lib/python3.7/site-packages/airflow/example_dags/example_datasets.py
[2023-11-02T07:46:27.300+0000] {processor.py:756} INFO - Processing file /home/airflow/.local/lib/python3.7/site-packages/airflow/example_dags/example_datasets.py for tasks to queue
[2023-11-02T07:46:27.301+0000] {logging_mixin.py:120} INFO - [2023-11-02T07:46:27.301+0000] {dagbag.py:537} INFO - Filling up the DagBag from /home/airflow/.local/lib/python3.7/site-packages/airflow/example_dags/example_datasets.py
[2023-11-02T07:46:27.312+0000] {processor.py:766} INFO - DAG(s) dict_keys(['dataset_consumes_unknown_never_scheduled', 'dataset_consumes_1_and_2', 'dataset_consumes_1_never_scheduled', 'dataset_produces_2', 'dataset_consumes_1', 'dataset_produces_1']) retrieved from /home/airflow/.local/lib/python3.7/site-packages/airflow/example_dags/example_datasets.py
[2023-11-02T07:46:27.350+0000] {logging_mixin.py:120} INFO - [2023-11-02T07:46:27.350+0000] {dag.py:2585} INFO - Sync 6 DAGs
[2023-11-02T07:46:27.363+0000] {logging_mixin.py:120} INFO - [2023-11-02T07:46:27.363+0000] {dag.py:3340} INFO - Setting next_dagrun for dataset_consumes_1 to None, run_after=None
[2023-11-02T07:46:27.365+0000] {logging_mixin.py:120} INFO - [2023-11-02T07:46:27.365+0000] {dag.py:3340} INFO - Setting next_dagrun for dataset_consumes_1_and_2 to None, run_after=None
[2023-11-02T07:46:27.366+0000] {logging_mixin.py:120} INFO - [2023-11-02T07:46:27.366+0000] {dag.py:3340} INFO - Setting next_dagrun for dataset_consumes_1_never_scheduled to None, run_after=None
[2023-11-02T07:46:27.367+0000] {logging_mixin.py:120} INFO - [2023-11-02T07:46:27.367+0000] {dag.py:3340} INFO - Setting next_dagrun for dataset_consumes_unknown_never_scheduled to None, run_after=None
[2023-11-02T07:46:27.368+0000] {logging_mixin.py:120} INFO - [2023-11-02T07:46:27.368+0000] {dag.py:3340} INFO - Setting next_dagrun for dataset_produces_1 to 2023-11-01T00:00:00+00:00, run_after=2023-11-02T00:00:00+00:00
[2023-11-02T07:46:27.369+0000] {logging_mixin.py:120} INFO - [2023-11-02T07:46:27.369+0000] {dag.py:3340} INFO - Setting next_dagrun for dataset_produces_2 to None, run_after=None
[2023-11-02T07:46:27.386+0000] {processor.py:176} INFO - Processing /home/airflow/.local/lib/python3.7/site-packages/airflow/example_dags/example_datasets.py took 0.088 seconds
[2023-11-02T07:46:58.424+0000] {processor.py:154} INFO - Started process (PID=381) to work on /home/airflow/.local/lib/python3.7/site-packages/airflow/example_dags/example_datasets.py
[2023-11-02T07:46:58.426+0000] {processor.py:756} INFO - Processing file /home/airflow/.local/lib/python3.7/site-packages/airflow/example_dags/example_datasets.py for tasks to queue
[2023-11-02T07:46:58.427+0000] {logging_mixin.py:120} INFO - [2023-11-02T07:46:58.427+0000] {dagbag.py:537} INFO - Filling up the DagBag from /home/airflow/.local/lib/python3.7/site-packages/airflow/example_dags/example_datasets.py
[2023-11-02T07:46:58.442+0000] {processor.py:766} INFO - DAG(s) dict_keys(['dataset_consumes_1_never_scheduled', 'dataset_consumes_1_and_2', 'dataset_consumes_unknown_never_scheduled', 'dataset_produces_1', 'dataset_consumes_1', 'dataset_produces_2']) retrieved from /home/airflow/.local/lib/python3.7/site-packages/airflow/example_dags/example_datasets.py
[2023-11-02T07:46:58.524+0000] {logging_mixin.py:120} INFO - [2023-11-02T07:46:58.524+0000] {dag.py:2585} INFO - Sync 6 DAGs
[2023-11-02T07:46:58.562+0000] {logging_mixin.py:120} INFO - [2023-11-02T07:46:58.561+0000] {dag.py:3340} INFO - Setting next_dagrun for dataset_consumes_1 to None, run_after=None
[2023-11-02T07:46:58.569+0000] {logging_mixin.py:120} INFO - [2023-11-02T07:46:58.568+0000] {dag.py:3340} INFO - Setting next_dagrun for dataset_consumes_1_and_2 to None, run_after=None
[2023-11-02T07:46:58.574+0000] {logging_mixin.py:120} INFO - [2023-11-02T07:46:58.572+0000] {dag.py:3340} INFO - Setting next_dagrun for dataset_consumes_1_never_scheduled to None, run_after=None
[2023-11-02T07:46:58.582+0000] {logging_mixin.py:120} INFO - [2023-11-02T07:46:58.582+0000] {dag.py:3340} INFO - Setting next_dagrun for dataset_consumes_unknown_never_scheduled to None, run_after=None
[2023-11-02T07:46:58.587+0000] {logging_mixin.py:120} INFO - [2023-11-02T07:46:58.587+0000] {dag.py:3340} INFO - Setting next_dagrun for dataset_produces_1 to 2023-11-01T00:00:00+00:00, run_after=2023-11-02T00:00:00+00:00
[2023-11-02T07:46:58.590+0000] {logging_mixin.py:120} INFO - [2023-11-02T07:46:58.589+0000] {dag.py:3340} INFO - Setting next_dagrun for dataset_produces_2 to None, run_after=None
[2023-11-02T07:46:58.617+0000] {processor.py:176} INFO - Processing /home/airflow/.local/lib/python3.7/site-packages/airflow/example_dags/example_datasets.py took 0.195 seconds
[2023-11-02T07:47:28.884+0000] {processor.py:154} INFO - Started process (PID=434) to work on /home/airflow/.local/lib/python3.7/site-packages/airflow/example_dags/example_datasets.py
[2023-11-02T07:47:28.884+0000] {processor.py:756} INFO - Processing file /home/airflow/.local/lib/python3.7/site-packages/airflow/example_dags/example_datasets.py for tasks to queue
[2023-11-02T07:47:28.885+0000] {logging_mixin.py:120} INFO - [2023-11-02T07:47:28.885+0000] {dagbag.py:537} INFO - Filling up the DagBag from /home/airflow/.local/lib/python3.7/site-packages/airflow/example_dags/example_datasets.py
[2023-11-02T07:47:28.895+0000] {processor.py:766} INFO - DAG(s) dict_keys(['dataset_consumes_1', 'dataset_consumes_1_never_scheduled', 'dataset_produces_1', 'dataset_consumes_unknown_never_scheduled', 'dataset_consumes_1_and_2', 'dataset_produces_2']) retrieved from /home/airflow/.local/lib/python3.7/site-packages/airflow/example_dags/example_datasets.py
[2023-11-02T07:47:28.929+0000] {logging_mixin.py:120} INFO - [2023-11-02T07:47:28.929+0000] {dag.py:2585} INFO - Sync 6 DAGs
[2023-11-02T07:47:28.944+0000] {logging_mixin.py:120} INFO - [2023-11-02T07:47:28.944+0000] {dag.py:3340} INFO - Setting next_dagrun for dataset_consumes_1 to None, run_after=None
[2023-11-02T07:47:28.947+0000] {logging_mixin.py:120} INFO - [2023-11-02T07:47:28.946+0000] {dag.py:3340} INFO - Setting next_dagrun for dataset_consumes_1_and_2 to None, run_after=None
[2023-11-02T07:47:28.948+0000] {logging_mixin.py:120} INFO - [2023-11-02T07:47:28.948+0000] {dag.py:3340} INFO - Setting next_dagrun for dataset_consumes_1_never_scheduled to None, run_after=None
[2023-11-02T07:47:28.949+0000] {logging_mixin.py:120} INFO - [2023-11-02T07:47:28.948+0000] {dag.py:3340} INFO - Setting next_dagrun for dataset_consumes_unknown_never_scheduled to None, run_after=None
[2023-11-02T07:47:28.950+0000] {logging_mixin.py:120} INFO - [2023-11-02T07:47:28.950+0000] {dag.py:3340} INFO - Setting next_dagrun for dataset_produces_1 to 2023-11-01T00:00:00+00:00, run_after=2023-11-02T00:00:00+00:00
[2023-11-02T07:47:28.951+0000] {logging_mixin.py:120} INFO - [2023-11-02T07:47:28.951+0000] {dag.py:3340} INFO - Setting next_dagrun for dataset_produces_2 to None, run_after=None
[2023-11-02T07:47:28.970+0000] {processor.py:176} INFO - Processing /home/airflow/.local/lib/python3.7/site-packages/airflow/example_dags/example_datasets.py took 0.088 seconds
