[2023-11-02T07:42:34.490+0000] {processor.py:154} INFO - Started process (PID=66) to work on /home/airflow/.local/lib/python3.7/site-packages/airflow/example_dags/example_branch_day_of_week_operator.py
[2023-11-02T07:42:34.492+0000] {processor.py:756} INFO - Processing file /home/airflow/.local/lib/python3.7/site-packages/airflow/example_dags/example_branch_day_of_week_operator.py for tasks to queue
[2023-11-02T07:42:34.493+0000] {logging_mixin.py:120} INFO - [2023-11-02T07:42:34.493+0000] {dagbag.py:537} INFO - Filling up the DagBag from /home/airflow/.local/lib/python3.7/site-packages/airflow/example_dags/example_branch_day_of_week_operator.py
[2023-11-02T07:42:34.522+0000] {processor.py:766} INFO - DAG(s) dict_keys(['example_weekday_branch_operator']) retrieved from /home/airflow/.local/lib/python3.7/site-packages/airflow/example_dags/example_branch_day_of_week_operator.py
[2023-11-02T07:42:34.770+0000] {logging_mixin.py:120} INFO - [2023-11-02T07:42:34.769+0000] {manager.py:507} INFO - Created Permission View: can delete on DAG:example_weekday_branch_operator
[2023-11-02T07:42:34.782+0000] {logging_mixin.py:120} INFO - [2023-11-02T07:42:34.782+0000] {manager.py:507} INFO - Created Permission View: can read on DAG:example_weekday_branch_operator
[2023-11-02T07:42:34.791+0000] {logging_mixin.py:120} INFO - [2023-11-02T07:42:34.791+0000] {manager.py:507} INFO - Created Permission View: can edit on DAG:example_weekday_branch_operator
[2023-11-02T07:42:34.791+0000] {logging_mixin.py:120} INFO - [2023-11-02T07:42:34.791+0000] {dag.py:2585} INFO - Sync 1 DAGs
[2023-11-02T07:42:34.810+0000] {logging_mixin.py:120} INFO - [2023-11-02T07:42:34.810+0000] {dag.py:2606} INFO - Creating ORM DAG for example_weekday_branch_operator
[2023-11-02T07:42:34.824+0000] {logging_mixin.py:120} INFO - [2023-11-02T07:42:34.824+0000] {dag.py:3340} INFO - Setting next_dagrun for example_weekday_branch_operator to 2023-11-01T00:00:00+00:00, run_after=2023-11-02T00:00:00+00:00
[2023-11-02T07:42:34.849+0000] {processor.py:176} INFO - Processing /home/airflow/.local/lib/python3.7/site-packages/airflow/example_dags/example_branch_day_of_week_operator.py took 0.363 seconds
[2023-11-02T07:43:04.882+0000] {processor.py:154} INFO - Started process (PID=120) to work on /home/airflow/.local/lib/python3.7/site-packages/airflow/example_dags/example_branch_day_of_week_operator.py
[2023-11-02T07:43:04.882+0000] {processor.py:756} INFO - Processing file /home/airflow/.local/lib/python3.7/site-packages/airflow/example_dags/example_branch_day_of_week_operator.py for tasks to queue
[2023-11-02T07:43:04.883+0000] {logging_mixin.py:120} INFO - [2023-11-02T07:43:04.883+0000] {dagbag.py:537} INFO - Filling up the DagBag from /home/airflow/.local/lib/python3.7/site-packages/airflow/example_dags/example_branch_day_of_week_operator.py
[2023-11-02T07:43:04.893+0000] {processor.py:766} INFO - DAG(s) dict_keys(['example_weekday_branch_operator']) retrieved from /home/airflow/.local/lib/python3.7/site-packages/airflow/example_dags/example_branch_day_of_week_operator.py
[2023-11-02T07:43:04.918+0000] {logging_mixin.py:120} INFO - [2023-11-02T07:43:04.918+0000] {dag.py:2585} INFO - Sync 1 DAGs
[2023-11-02T07:43:04.932+0000] {logging_mixin.py:120} INFO - [2023-11-02T07:43:04.932+0000] {dag.py:3340} INFO - Setting next_dagrun for example_weekday_branch_operator to 2023-11-01T00:00:00+00:00, run_after=2023-11-02T00:00:00+00:00
[2023-11-02T07:43:04.944+0000] {processor.py:176} INFO - Processing /home/airflow/.local/lib/python3.7/site-packages/airflow/example_dags/example_branch_day_of_week_operator.py took 0.066 seconds
[2023-11-02T07:43:35.923+0000] {processor.py:154} INFO - Started process (PID=184) to work on /home/airflow/.local/lib/python3.7/site-packages/airflow/example_dags/example_branch_day_of_week_operator.py
[2023-11-02T07:43:35.925+0000] {processor.py:756} INFO - Processing file /home/airflow/.local/lib/python3.7/site-packages/airflow/example_dags/example_branch_day_of_week_operator.py for tasks to queue
[2023-11-02T07:43:35.927+0000] {logging_mixin.py:120} INFO - [2023-11-02T07:43:35.926+0000] {dagbag.py:537} INFO - Filling up the DagBag from /home/airflow/.local/lib/python3.7/site-packages/airflow/example_dags/example_branch_day_of_week_operator.py
[2023-11-02T07:43:35.947+0000] {processor.py:766} INFO - DAG(s) dict_keys(['example_weekday_branch_operator']) retrieved from /home/airflow/.local/lib/python3.7/site-packages/airflow/example_dags/example_branch_day_of_week_operator.py
[2023-11-02T07:43:36.001+0000] {logging_mixin.py:120} INFO - [2023-11-02T07:43:36.001+0000] {dag.py:2585} INFO - Sync 1 DAGs
[2023-11-02T07:43:36.046+0000] {logging_mixin.py:120} INFO - [2023-11-02T07:43:36.045+0000] {dag.py:3340} INFO - Setting next_dagrun for example_weekday_branch_operator to 2023-11-01T00:00:00+00:00, run_after=2023-11-02T00:00:00+00:00
[2023-11-02T07:43:36.100+0000] {processor.py:176} INFO - Processing /home/airflow/.local/lib/python3.7/site-packages/airflow/example_dags/example_branch_day_of_week_operator.py took 0.181 seconds
[2023-11-02T07:44:23.499+0000] {processor.py:154} INFO - Started process (PID=58) to work on /home/airflow/.local/lib/python3.7/site-packages/airflow/example_dags/example_branch_day_of_week_operator.py
[2023-11-02T07:44:23.501+0000] {processor.py:756} INFO - Processing file /home/airflow/.local/lib/python3.7/site-packages/airflow/example_dags/example_branch_day_of_week_operator.py for tasks to queue
[2023-11-02T07:44:23.502+0000] {logging_mixin.py:120} INFO - [2023-11-02T07:44:23.502+0000] {dagbag.py:537} INFO - Filling up the DagBag from /home/airflow/.local/lib/python3.7/site-packages/airflow/example_dags/example_branch_day_of_week_operator.py
[2023-11-02T07:44:23.524+0000] {processor.py:766} INFO - DAG(s) dict_keys(['example_weekday_branch_operator']) retrieved from /home/airflow/.local/lib/python3.7/site-packages/airflow/example_dags/example_branch_day_of_week_operator.py
[2023-11-02T07:44:23.557+0000] {logging_mixin.py:120} INFO - [2023-11-02T07:44:23.557+0000] {dag.py:2585} INFO - Sync 1 DAGs
[2023-11-02T07:44:23.585+0000] {logging_mixin.py:120} INFO - [2023-11-02T07:44:23.585+0000] {dag.py:3340} INFO - Setting next_dagrun for example_weekday_branch_operator to 2023-11-01T00:00:00+00:00, run_after=2023-11-02T00:00:00+00:00
[2023-11-02T07:44:23.606+0000] {processor.py:176} INFO - Processing /home/airflow/.local/lib/python3.7/site-packages/airflow/example_dags/example_branch_day_of_week_operator.py took 0.109 seconds
[2023-11-02T07:44:53.938+0000] {processor.py:154} INFO - Started process (PID=121) to work on /home/airflow/.local/lib/python3.7/site-packages/airflow/example_dags/example_branch_day_of_week_operator.py
[2023-11-02T07:44:53.938+0000] {processor.py:756} INFO - Processing file /home/airflow/.local/lib/python3.7/site-packages/airflow/example_dags/example_branch_day_of_week_operator.py for tasks to queue
[2023-11-02T07:44:53.939+0000] {logging_mixin.py:120} INFO - [2023-11-02T07:44:53.939+0000] {dagbag.py:537} INFO - Filling up the DagBag from /home/airflow/.local/lib/python3.7/site-packages/airflow/example_dags/example_branch_day_of_week_operator.py
[2023-11-02T07:44:53.950+0000] {processor.py:766} INFO - DAG(s) dict_keys(['example_weekday_branch_operator']) retrieved from /home/airflow/.local/lib/python3.7/site-packages/airflow/example_dags/example_branch_day_of_week_operator.py
[2023-11-02T07:44:53.974+0000] {logging_mixin.py:120} INFO - [2023-11-02T07:44:53.973+0000] {dag.py:2585} INFO - Sync 1 DAGs
[2023-11-02T07:44:53.987+0000] {logging_mixin.py:120} INFO - [2023-11-02T07:44:53.987+0000] {dag.py:3340} INFO - Setting next_dagrun for example_weekday_branch_operator to 2023-11-01T00:00:00+00:00, run_after=2023-11-02T00:00:00+00:00
[2023-11-02T07:44:53.997+0000] {processor.py:176} INFO - Processing /home/airflow/.local/lib/python3.7/site-packages/airflow/example_dags/example_branch_day_of_week_operator.py took 0.062 seconds
[2023-11-02T07:45:24.757+0000] {processor.py:154} INFO - Started process (PID=186) to work on /home/airflow/.local/lib/python3.7/site-packages/airflow/example_dags/example_branch_day_of_week_operator.py
[2023-11-02T07:45:24.757+0000] {processor.py:756} INFO - Processing file /home/airflow/.local/lib/python3.7/site-packages/airflow/example_dags/example_branch_day_of_week_operator.py for tasks to queue
[2023-11-02T07:45:24.758+0000] {logging_mixin.py:120} INFO - [2023-11-02T07:45:24.758+0000] {dagbag.py:537} INFO - Filling up the DagBag from /home/airflow/.local/lib/python3.7/site-packages/airflow/example_dags/example_branch_day_of_week_operator.py
[2023-11-02T07:45:24.767+0000] {processor.py:766} INFO - DAG(s) dict_keys(['example_weekday_branch_operator']) retrieved from /home/airflow/.local/lib/python3.7/site-packages/airflow/example_dags/example_branch_day_of_week_operator.py
[2023-11-02T07:45:24.790+0000] {logging_mixin.py:120} INFO - [2023-11-02T07:45:24.789+0000] {dag.py:2585} INFO - Sync 1 DAGs
[2023-11-02T07:45:24.810+0000] {logging_mixin.py:120} INFO - [2023-11-02T07:45:24.810+0000] {dag.py:3340} INFO - Setting next_dagrun for example_weekday_branch_operator to 2023-11-01T00:00:00+00:00, run_after=2023-11-02T00:00:00+00:00
[2023-11-02T07:45:24.837+0000] {processor.py:176} INFO - Processing /home/airflow/.local/lib/python3.7/site-packages/airflow/example_dags/example_branch_day_of_week_operator.py took 0.082 seconds
[2023-11-02T07:45:55.906+0000] {processor.py:154} INFO - Started process (PID=249) to work on /home/airflow/.local/lib/python3.7/site-packages/airflow/example_dags/example_branch_day_of_week_operator.py
[2023-11-02T07:45:55.907+0000] {processor.py:756} INFO - Processing file /home/airflow/.local/lib/python3.7/site-packages/airflow/example_dags/example_branch_day_of_week_operator.py for tasks to queue
[2023-11-02T07:45:55.907+0000] {logging_mixin.py:120} INFO - [2023-11-02T07:45:55.907+0000] {dagbag.py:537} INFO - Filling up the DagBag from /home/airflow/.local/lib/python3.7/site-packages/airflow/example_dags/example_branch_day_of_week_operator.py
[2023-11-02T07:45:55.917+0000] {processor.py:766} INFO - DAG(s) dict_keys(['example_weekday_branch_operator']) retrieved from /home/airflow/.local/lib/python3.7/site-packages/airflow/example_dags/example_branch_day_of_week_operator.py
[2023-11-02T07:45:55.942+0000] {logging_mixin.py:120} INFO - [2023-11-02T07:45:55.942+0000] {dag.py:2585} INFO - Sync 1 DAGs
[2023-11-02T07:45:55.958+0000] {logging_mixin.py:120} INFO - [2023-11-02T07:45:55.958+0000] {dag.py:3340} INFO - Setting next_dagrun for example_weekday_branch_operator to 2023-11-01T00:00:00+00:00, run_after=2023-11-02T00:00:00+00:00
[2023-11-02T07:45:55.970+0000] {processor.py:176} INFO - Processing /home/airflow/.local/lib/python3.7/site-packages/airflow/example_dags/example_branch_day_of_week_operator.py took 0.066 seconds
[2023-11-02T07:46:27.055+0000] {processor.py:154} INFO - Started process (PID=312) to work on /home/airflow/.local/lib/python3.7/site-packages/airflow/example_dags/example_branch_day_of_week_operator.py
[2023-11-02T07:46:27.055+0000] {processor.py:756} INFO - Processing file /home/airflow/.local/lib/python3.7/site-packages/airflow/example_dags/example_branch_day_of_week_operator.py for tasks to queue
[2023-11-02T07:46:27.056+0000] {logging_mixin.py:120} INFO - [2023-11-02T07:46:27.056+0000] {dagbag.py:537} INFO - Filling up the DagBag from /home/airflow/.local/lib/python3.7/site-packages/airflow/example_dags/example_branch_day_of_week_operator.py
[2023-11-02T07:46:27.066+0000] {processor.py:766} INFO - DAG(s) dict_keys(['example_weekday_branch_operator']) retrieved from /home/airflow/.local/lib/python3.7/site-packages/airflow/example_dags/example_branch_day_of_week_operator.py
[2023-11-02T07:46:27.091+0000] {logging_mixin.py:120} INFO - [2023-11-02T07:46:27.091+0000] {dag.py:2585} INFO - Sync 1 DAGs
[2023-11-02T07:46:27.105+0000] {logging_mixin.py:120} INFO - [2023-11-02T07:46:27.105+0000] {dag.py:3340} INFO - Setting next_dagrun for example_weekday_branch_operator to 2023-11-01T00:00:00+00:00, run_after=2023-11-02T00:00:00+00:00
[2023-11-02T07:46:27.116+0000] {processor.py:176} INFO - Processing /home/airflow/.local/lib/python3.7/site-packages/airflow/example_dags/example_branch_day_of_week_operator.py took 0.063 seconds
[2023-11-02T07:46:58.164+0000] {processor.py:154} INFO - Started process (PID=376) to work on /home/airflow/.local/lib/python3.7/site-packages/airflow/example_dags/example_branch_day_of_week_operator.py
[2023-11-02T07:46:58.165+0000] {processor.py:756} INFO - Processing file /home/airflow/.local/lib/python3.7/site-packages/airflow/example_dags/example_branch_day_of_week_operator.py for tasks to queue
[2023-11-02T07:46:58.166+0000] {logging_mixin.py:120} INFO - [2023-11-02T07:46:58.165+0000] {dagbag.py:537} INFO - Filling up the DagBag from /home/airflow/.local/lib/python3.7/site-packages/airflow/example_dags/example_branch_day_of_week_operator.py
[2023-11-02T07:46:58.176+0000] {processor.py:766} INFO - DAG(s) dict_keys(['example_weekday_branch_operator']) retrieved from /home/airflow/.local/lib/python3.7/site-packages/airflow/example_dags/example_branch_day_of_week_operator.py
[2023-11-02T07:46:58.202+0000] {logging_mixin.py:120} INFO - [2023-11-02T07:46:58.202+0000] {dag.py:2585} INFO - Sync 1 DAGs
[2023-11-02T07:46:58.217+0000] {logging_mixin.py:120} INFO - [2023-11-02T07:46:58.217+0000] {dag.py:3340} INFO - Setting next_dagrun for example_weekday_branch_operator to 2023-11-01T00:00:00+00:00, run_after=2023-11-02T00:00:00+00:00
[2023-11-02T07:46:58.229+0000] {processor.py:176} INFO - Processing /home/airflow/.local/lib/python3.7/site-packages/airflow/example_dags/example_branch_day_of_week_operator.py took 0.067 seconds
[2023-11-02T07:47:28.564+0000] {processor.py:154} INFO - Started process (PID=429) to work on /home/airflow/.local/lib/python3.7/site-packages/airflow/example_dags/example_branch_day_of_week_operator.py
[2023-11-02T07:47:28.565+0000] {processor.py:756} INFO - Processing file /home/airflow/.local/lib/python3.7/site-packages/airflow/example_dags/example_branch_day_of_week_operator.py for tasks to queue
[2023-11-02T07:47:28.565+0000] {logging_mixin.py:120} INFO - [2023-11-02T07:47:28.565+0000] {dagbag.py:537} INFO - Filling up the DagBag from /home/airflow/.local/lib/python3.7/site-packages/airflow/example_dags/example_branch_day_of_week_operator.py
[2023-11-02T07:47:28.575+0000] {processor.py:766} INFO - DAG(s) dict_keys(['example_weekday_branch_operator']) retrieved from /home/airflow/.local/lib/python3.7/site-packages/airflow/example_dags/example_branch_day_of_week_operator.py
[2023-11-02T07:47:28.599+0000] {logging_mixin.py:120} INFO - [2023-11-02T07:47:28.599+0000] {dag.py:2585} INFO - Sync 1 DAGs
[2023-11-02T07:47:28.614+0000] {logging_mixin.py:120} INFO - [2023-11-02T07:47:28.614+0000] {dag.py:3340} INFO - Setting next_dagrun for example_weekday_branch_operator to 2023-11-01T00:00:00+00:00, run_after=2023-11-02T00:00:00+00:00
[2023-11-02T07:47:28.624+0000] {processor.py:176} INFO - Processing /home/airflow/.local/lib/python3.7/site-packages/airflow/example_dags/example_branch_day_of_week_operator.py took 0.063 seconds
