[2023-11-02T07:42:31.837+0000] {processor.py:154} INFO - Started process (PID=43) to work on /home/airflow/.local/lib/python3.7/site-packages/airflow/example_dags/example_bash_operator.py
[2023-11-02T07:42:31.838+0000] {processor.py:756} INFO - Processing file /home/airflow/.local/lib/python3.7/site-packages/airflow/example_dags/example_bash_operator.py for tasks to queue
[2023-11-02T07:42:31.839+0000] {logging_mixin.py:120} INFO - [2023-11-02T07:42:31.839+0000] {dagbag.py:537} INFO - Filling up the DagBag from /home/airflow/.local/lib/python3.7/site-packages/airflow/example_dags/example_bash_operator.py
[2023-11-02T07:42:31.856+0000] {processor.py:766} INFO - DAG(s) dict_keys(['example_bash_operator']) retrieved from /home/airflow/.local/lib/python3.7/site-packages/airflow/example_dags/example_bash_operator.py
[2023-11-02T07:42:31.946+0000] {logging_mixin.py:120} INFO - [2023-11-02T07:42:31.946+0000] {manager.py:507} INFO - Created Permission View: can delete on DAG:example_bash_operator
[2023-11-02T07:42:31.952+0000] {logging_mixin.py:120} INFO - [2023-11-02T07:42:31.952+0000] {manager.py:507} INFO - Created Permission View: can read on DAG:example_bash_operator
[2023-11-02T07:42:31.957+0000] {logging_mixin.py:120} INFO - [2023-11-02T07:42:31.956+0000] {manager.py:507} INFO - Created Permission View: can edit on DAG:example_bash_operator
[2023-11-02T07:42:31.957+0000] {logging_mixin.py:120} INFO - [2023-11-02T07:42:31.957+0000] {dag.py:2585} INFO - Sync 1 DAGs
[2023-11-02T07:42:31.965+0000] {logging_mixin.py:120} INFO - [2023-11-02T07:42:31.965+0000] {dag.py:2606} INFO - Creating ORM DAG for example_bash_operator
[2023-11-02T07:42:31.973+0000] {logging_mixin.py:120} INFO - [2023-11-02T07:42:31.973+0000] {dag.py:3340} INFO - Setting next_dagrun for example_bash_operator to 2023-11-01T00:00:00+00:00, run_after=2023-11-02T00:00:00+00:00
[2023-11-02T07:42:31.993+0000] {processor.py:176} INFO - Processing /home/airflow/.local/lib/python3.7/site-packages/airflow/example_dags/example_bash_operator.py took 0.158 seconds
[2023-11-02T07:43:02.223+0000] {processor.py:154} INFO - Started process (PID=105) to work on /home/airflow/.local/lib/python3.7/site-packages/airflow/example_dags/example_bash_operator.py
[2023-11-02T07:43:02.224+0000] {processor.py:756} INFO - Processing file /home/airflow/.local/lib/python3.7/site-packages/airflow/example_dags/example_bash_operator.py for tasks to queue
[2023-11-02T07:43:02.224+0000] {logging_mixin.py:120} INFO - [2023-11-02T07:43:02.224+0000] {dagbag.py:537} INFO - Filling up the DagBag from /home/airflow/.local/lib/python3.7/site-packages/airflow/example_dags/example_bash_operator.py
[2023-11-02T07:43:02.238+0000] {processor.py:766} INFO - DAG(s) dict_keys(['example_bash_operator']) retrieved from /home/airflow/.local/lib/python3.7/site-packages/airflow/example_dags/example_bash_operator.py
[2023-11-02T07:43:02.264+0000] {logging_mixin.py:120} INFO - [2023-11-02T07:43:02.264+0000] {dag.py:2585} INFO - Sync 1 DAGs
[2023-11-02T07:43:02.279+0000] {logging_mixin.py:120} INFO - [2023-11-02T07:43:02.279+0000] {dag.py:3340} INFO - Setting next_dagrun for example_bash_operator to 2023-11-01T00:00:00+00:00, run_after=2023-11-02T00:00:00+00:00
[2023-11-02T07:43:02.289+0000] {processor.py:176} INFO - Processing /home/airflow/.local/lib/python3.7/site-packages/airflow/example_dags/example_bash_operator.py took 0.068 seconds
[2023-11-02T07:43:33.177+0000] {processor.py:154} INFO - Started process (PID=169) to work on /home/airflow/.local/lib/python3.7/site-packages/airflow/example_dags/example_bash_operator.py
[2023-11-02T07:43:33.177+0000] {processor.py:756} INFO - Processing file /home/airflow/.local/lib/python3.7/site-packages/airflow/example_dags/example_bash_operator.py for tasks to queue
[2023-11-02T07:43:33.178+0000] {logging_mixin.py:120} INFO - [2023-11-02T07:43:33.178+0000] {dagbag.py:537} INFO - Filling up the DagBag from /home/airflow/.local/lib/python3.7/site-packages/airflow/example_dags/example_bash_operator.py
[2023-11-02T07:43:33.195+0000] {processor.py:766} INFO - DAG(s) dict_keys(['example_bash_operator']) retrieved from /home/airflow/.local/lib/python3.7/site-packages/airflow/example_dags/example_bash_operator.py
[2023-11-02T07:43:33.226+0000] {logging_mixin.py:120} INFO - [2023-11-02T07:43:33.226+0000] {dag.py:2585} INFO - Sync 1 DAGs
[2023-11-02T07:43:33.246+0000] {logging_mixin.py:120} INFO - [2023-11-02T07:43:33.246+0000] {dag.py:3340} INFO - Setting next_dagrun for example_bash_operator to 2023-11-01T00:00:00+00:00, run_after=2023-11-02T00:00:00+00:00
[2023-11-02T07:43:33.258+0000] {processor.py:176} INFO - Processing /home/airflow/.local/lib/python3.7/site-packages/airflow/example_dags/example_bash_operator.py took 0.084 seconds
[2023-11-02T07:44:22.510+0000] {processor.py:154} INFO - Started process (PID=43) to work on /home/airflow/.local/lib/python3.7/site-packages/airflow/example_dags/example_bash_operator.py
[2023-11-02T07:44:22.512+0000] {processor.py:756} INFO - Processing file /home/airflow/.local/lib/python3.7/site-packages/airflow/example_dags/example_bash_operator.py for tasks to queue
[2023-11-02T07:44:22.512+0000] {logging_mixin.py:120} INFO - [2023-11-02T07:44:22.512+0000] {dagbag.py:537} INFO - Filling up the DagBag from /home/airflow/.local/lib/python3.7/site-packages/airflow/example_dags/example_bash_operator.py
[2023-11-02T07:44:22.527+0000] {processor.py:766} INFO - DAG(s) dict_keys(['example_bash_operator']) retrieved from /home/airflow/.local/lib/python3.7/site-packages/airflow/example_dags/example_bash_operator.py
[2023-11-02T07:44:22.547+0000] {logging_mixin.py:120} INFO - [2023-11-02T07:44:22.546+0000] {dag.py:2585} INFO - Sync 1 DAGs
[2023-11-02T07:44:22.566+0000] {logging_mixin.py:120} INFO - [2023-11-02T07:44:22.566+0000] {dag.py:3340} INFO - Setting next_dagrun for example_bash_operator to 2023-11-01T00:00:00+00:00, run_after=2023-11-02T00:00:00+00:00
[2023-11-02T07:44:22.581+0000] {processor.py:176} INFO - Processing /home/airflow/.local/lib/python3.7/site-packages/airflow/example_dags/example_bash_operator.py took 0.074 seconds
[2023-11-02T07:44:53.329+0000] {processor.py:154} INFO - Started process (PID=106) to work on /home/airflow/.local/lib/python3.7/site-packages/airflow/example_dags/example_bash_operator.py
[2023-11-02T07:44:53.330+0000] {processor.py:756} INFO - Processing file /home/airflow/.local/lib/python3.7/site-packages/airflow/example_dags/example_bash_operator.py for tasks to queue
[2023-11-02T07:44:53.330+0000] {logging_mixin.py:120} INFO - [2023-11-02T07:44:53.330+0000] {dagbag.py:537} INFO - Filling up the DagBag from /home/airflow/.local/lib/python3.7/site-packages/airflow/example_dags/example_bash_operator.py
[2023-11-02T07:44:53.344+0000] {processor.py:766} INFO - DAG(s) dict_keys(['example_bash_operator']) retrieved from /home/airflow/.local/lib/python3.7/site-packages/airflow/example_dags/example_bash_operator.py
[2023-11-02T07:44:53.369+0000] {logging_mixin.py:120} INFO - [2023-11-02T07:44:53.369+0000] {dag.py:2585} INFO - Sync 1 DAGs
[2023-11-02T07:44:53.383+0000] {logging_mixin.py:120} INFO - [2023-11-02T07:44:53.383+0000] {dag.py:3340} INFO - Setting next_dagrun for example_bash_operator to 2023-11-01T00:00:00+00:00, run_after=2023-11-02T00:00:00+00:00
[2023-11-02T07:44:53.392+0000] {processor.py:176} INFO - Processing /home/airflow/.local/lib/python3.7/site-packages/airflow/example_dags/example_bash_operator.py took 0.065 seconds
[2023-11-02T07:45:24.027+0000] {processor.py:154} INFO - Started process (PID=171) to work on /home/airflow/.local/lib/python3.7/site-packages/airflow/example_dags/example_bash_operator.py
[2023-11-02T07:45:24.028+0000] {processor.py:756} INFO - Processing file /home/airflow/.local/lib/python3.7/site-packages/airflow/example_dags/example_bash_operator.py for tasks to queue
[2023-11-02T07:45:24.028+0000] {logging_mixin.py:120} INFO - [2023-11-02T07:45:24.028+0000] {dagbag.py:537} INFO - Filling up the DagBag from /home/airflow/.local/lib/python3.7/site-packages/airflow/example_dags/example_bash_operator.py
[2023-11-02T07:45:24.041+0000] {processor.py:766} INFO - DAG(s) dict_keys(['example_bash_operator']) retrieved from /home/airflow/.local/lib/python3.7/site-packages/airflow/example_dags/example_bash_operator.py
[2023-11-02T07:45:24.067+0000] {logging_mixin.py:120} INFO - [2023-11-02T07:45:24.067+0000] {dag.py:2585} INFO - Sync 1 DAGs
[2023-11-02T07:45:24.081+0000] {logging_mixin.py:120} INFO - [2023-11-02T07:45:24.081+0000] {dag.py:3340} INFO - Setting next_dagrun for example_bash_operator to 2023-11-01T00:00:00+00:00, run_after=2023-11-02T00:00:00+00:00
[2023-11-02T07:45:24.090+0000] {processor.py:176} INFO - Processing /home/airflow/.local/lib/python3.7/site-packages/airflow/example_dags/example_bash_operator.py took 0.065 seconds
[2023-11-02T07:45:55.148+0000] {processor.py:154} INFO - Started process (PID=234) to work on /home/airflow/.local/lib/python3.7/site-packages/airflow/example_dags/example_bash_operator.py
[2023-11-02T07:45:55.148+0000] {processor.py:756} INFO - Processing file /home/airflow/.local/lib/python3.7/site-packages/airflow/example_dags/example_bash_operator.py for tasks to queue
[2023-11-02T07:45:55.149+0000] {logging_mixin.py:120} INFO - [2023-11-02T07:45:55.149+0000] {dagbag.py:537} INFO - Filling up the DagBag from /home/airflow/.local/lib/python3.7/site-packages/airflow/example_dags/example_bash_operator.py
[2023-11-02T07:45:55.161+0000] {processor.py:766} INFO - DAG(s) dict_keys(['example_bash_operator']) retrieved from /home/airflow/.local/lib/python3.7/site-packages/airflow/example_dags/example_bash_operator.py
[2023-11-02T07:45:55.187+0000] {logging_mixin.py:120} INFO - [2023-11-02T07:45:55.187+0000] {dag.py:2585} INFO - Sync 1 DAGs
[2023-11-02T07:45:55.200+0000] {logging_mixin.py:120} INFO - [2023-11-02T07:45:55.200+0000] {dag.py:3340} INFO - Setting next_dagrun for example_bash_operator to 2023-11-01T00:00:00+00:00, run_after=2023-11-02T00:00:00+00:00
[2023-11-02T07:45:55.210+0000] {processor.py:176} INFO - Processing /home/airflow/.local/lib/python3.7/site-packages/airflow/example_dags/example_bash_operator.py took 0.064 seconds
[2023-11-02T07:46:26.195+0000] {processor.py:154} INFO - Started process (PID=297) to work on /home/airflow/.local/lib/python3.7/site-packages/airflow/example_dags/example_bash_operator.py
[2023-11-02T07:46:26.196+0000] {processor.py:756} INFO - Processing file /home/airflow/.local/lib/python3.7/site-packages/airflow/example_dags/example_bash_operator.py for tasks to queue
[2023-11-02T07:46:26.197+0000] {logging_mixin.py:120} INFO - [2023-11-02T07:46:26.197+0000] {dagbag.py:537} INFO - Filling up the DagBag from /home/airflow/.local/lib/python3.7/site-packages/airflow/example_dags/example_bash_operator.py
[2023-11-02T07:46:26.211+0000] {processor.py:766} INFO - DAG(s) dict_keys(['example_bash_operator']) retrieved from /home/airflow/.local/lib/python3.7/site-packages/airflow/example_dags/example_bash_operator.py
[2023-11-02T07:46:26.241+0000] {logging_mixin.py:120} INFO - [2023-11-02T07:46:26.241+0000] {dag.py:2585} INFO - Sync 1 DAGs
[2023-11-02T07:46:26.255+0000] {logging_mixin.py:120} INFO - [2023-11-02T07:46:26.255+0000] {dag.py:3340} INFO - Setting next_dagrun for example_bash_operator to 2023-11-01T00:00:00+00:00, run_after=2023-11-02T00:00:00+00:00
[2023-11-02T07:46:26.266+0000] {processor.py:176} INFO - Processing /home/airflow/.local/lib/python3.7/site-packages/airflow/example_dags/example_bash_operator.py took 0.074 seconds
[2023-11-02T07:46:57.304+0000] {processor.py:154} INFO - Started process (PID=351) to work on /home/airflow/.local/lib/python3.7/site-packages/airflow/example_dags/example_bash_operator.py
[2023-11-02T07:46:57.306+0000] {processor.py:756} INFO - Processing file /home/airflow/.local/lib/python3.7/site-packages/airflow/example_dags/example_bash_operator.py for tasks to queue
[2023-11-02T07:46:57.307+0000] {logging_mixin.py:120} INFO - [2023-11-02T07:46:57.307+0000] {dagbag.py:537} INFO - Filling up the DagBag from /home/airflow/.local/lib/python3.7/site-packages/airflow/example_dags/example_bash_operator.py
[2023-11-02T07:46:57.322+0000] {processor.py:766} INFO - DAG(s) dict_keys(['example_bash_operator']) retrieved from /home/airflow/.local/lib/python3.7/site-packages/airflow/example_dags/example_bash_operator.py
[2023-11-02T07:46:57.351+0000] {logging_mixin.py:120} INFO - [2023-11-02T07:46:57.351+0000] {dag.py:2585} INFO - Sync 1 DAGs
[2023-11-02T07:46:57.367+0000] {logging_mixin.py:120} INFO - [2023-11-02T07:46:57.366+0000] {dag.py:3340} INFO - Setting next_dagrun for example_bash_operator to 2023-11-01T00:00:00+00:00, run_after=2023-11-02T00:00:00+00:00
[2023-11-02T07:46:57.382+0000] {processor.py:176} INFO - Processing /home/airflow/.local/lib/python3.7/site-packages/airflow/example_dags/example_bash_operator.py took 0.080 seconds
[2023-11-02T07:47:27.861+0000] {processor.py:154} INFO - Started process (PID=414) to work on /home/airflow/.local/lib/python3.7/site-packages/airflow/example_dags/example_bash_operator.py
[2023-11-02T07:47:27.862+0000] {processor.py:756} INFO - Processing file /home/airflow/.local/lib/python3.7/site-packages/airflow/example_dags/example_bash_operator.py for tasks to queue
[2023-11-02T07:47:27.862+0000] {logging_mixin.py:120} INFO - [2023-11-02T07:47:27.862+0000] {dagbag.py:537} INFO - Filling up the DagBag from /home/airflow/.local/lib/python3.7/site-packages/airflow/example_dags/example_bash_operator.py
[2023-11-02T07:47:27.875+0000] {processor.py:766} INFO - DAG(s) dict_keys(['example_bash_operator']) retrieved from /home/airflow/.local/lib/python3.7/site-packages/airflow/example_dags/example_bash_operator.py
[2023-11-02T07:47:27.899+0000] {logging_mixin.py:120} INFO - [2023-11-02T07:47:27.899+0000] {dag.py:2585} INFO - Sync 1 DAGs
[2023-11-02T07:47:27.913+0000] {logging_mixin.py:120} INFO - [2023-11-02T07:47:27.913+0000] {dag.py:3340} INFO - Setting next_dagrun for example_bash_operator to 2023-11-01T00:00:00+00:00, run_after=2023-11-02T00:00:00+00:00
[2023-11-02T07:47:27.923+0000] {processor.py:176} INFO - Processing /home/airflow/.local/lib/python3.7/site-packages/airflow/example_dags/example_bash_operator.py took 0.064 seconds
