[2023-11-02T07:42:36.380+0000] {processor.py:154} INFO - Started process (PID=78) to work on /home/airflow/.local/lib/python3.7/site-packages/airflow/example_dags/example_task_group_decorator.py
[2023-11-02T07:42:36.381+0000] {processor.py:756} INFO - Processing file /home/airflow/.local/lib/python3.7/site-packages/airflow/example_dags/example_task_group_decorator.py for tasks to queue
[2023-11-02T07:42:36.381+0000] {logging_mixin.py:120} INFO - [2023-11-02T07:42:36.381+0000] {dagbag.py:537} INFO - Filling up the DagBag from /home/airflow/.local/lib/python3.7/site-packages/airflow/example_dags/example_task_group_decorator.py
[2023-11-02T07:42:36.403+0000] {processor.py:766} INFO - DAG(s) dict_keys(['example_task_group_decorator']) retrieved from /home/airflow/.local/lib/python3.7/site-packages/airflow/example_dags/example_task_group_decorator.py
[2023-11-02T07:42:36.543+0000] {logging_mixin.py:120} INFO - [2023-11-02T07:42:36.543+0000] {manager.py:507} INFO - Created Permission View: can delete on DAG:example_task_group_decorator
[2023-11-02T07:42:36.549+0000] {logging_mixin.py:120} INFO - [2023-11-02T07:42:36.548+0000] {manager.py:507} INFO - Created Permission View: can read on DAG:example_task_group_decorator
[2023-11-02T07:42:36.555+0000] {logging_mixin.py:120} INFO - [2023-11-02T07:42:36.555+0000] {manager.py:507} INFO - Created Permission View: can edit on DAG:example_task_group_decorator
[2023-11-02T07:42:36.555+0000] {logging_mixin.py:120} INFO - [2023-11-02T07:42:36.555+0000] {dag.py:2585} INFO - Sync 1 DAGs
[2023-11-02T07:42:36.562+0000] {logging_mixin.py:120} INFO - [2023-11-02T07:42:36.562+0000] {dag.py:2606} INFO - Creating ORM DAG for example_task_group_decorator
[2023-11-02T07:42:36.569+0000] {logging_mixin.py:120} INFO - [2023-11-02T07:42:36.569+0000] {dag.py:3340} INFO - Setting next_dagrun for example_task_group_decorator to 2023-11-01T07:42:36.568955+00:00, run_after=2023-11-02T07:42:36.568955+00:00
[2023-11-02T07:42:36.580+0000] {processor.py:176} INFO - Processing /home/airflow/.local/lib/python3.7/site-packages/airflow/example_dags/example_task_group_decorator.py took 0.203 seconds
[2023-11-02T07:43:06.657+0000] {processor.py:154} INFO - Started process (PID=134) to work on /home/airflow/.local/lib/python3.7/site-packages/airflow/example_dags/example_task_group_decorator.py
[2023-11-02T07:43:06.659+0000] {processor.py:756} INFO - Processing file /home/airflow/.local/lib/python3.7/site-packages/airflow/example_dags/example_task_group_decorator.py for tasks to queue
[2023-11-02T07:43:06.659+0000] {logging_mixin.py:120} INFO - [2023-11-02T07:43:06.659+0000] {dagbag.py:537} INFO - Filling up the DagBag from /home/airflow/.local/lib/python3.7/site-packages/airflow/example_dags/example_task_group_decorator.py
[2023-11-02T07:43:06.677+0000] {processor.py:766} INFO - DAG(s) dict_keys(['example_task_group_decorator']) retrieved from /home/airflow/.local/lib/python3.7/site-packages/airflow/example_dags/example_task_group_decorator.py
[2023-11-02T07:43:06.702+0000] {logging_mixin.py:120} INFO - [2023-11-02T07:43:06.702+0000] {dag.py:2585} INFO - Sync 1 DAGs
[2023-11-02T07:43:06.716+0000] {logging_mixin.py:120} INFO - [2023-11-02T07:43:06.715+0000] {dag.py:3340} INFO - Setting next_dagrun for example_task_group_decorator to 2023-11-01T07:43:06.715816+00:00, run_after=2023-11-02T07:43:06.715816+00:00
[2023-11-02T07:43:06.726+0000] {processor.py:176} INFO - Processing /home/airflow/.local/lib/python3.7/site-packages/airflow/example_dags/example_task_group_decorator.py took 0.071 seconds
[2023-11-02T07:43:37.442+0000] {processor.py:154} INFO - Started process (PID=196) to work on /home/airflow/.local/lib/python3.7/site-packages/airflow/example_dags/example_task_group_decorator.py
[2023-11-02T07:43:37.443+0000] {processor.py:756} INFO - Processing file /home/airflow/.local/lib/python3.7/site-packages/airflow/example_dags/example_task_group_decorator.py for tasks to queue
[2023-11-02T07:43:37.444+0000] {logging_mixin.py:120} INFO - [2023-11-02T07:43:37.444+0000] {dagbag.py:537} INFO - Filling up the DagBag from /home/airflow/.local/lib/python3.7/site-packages/airflow/example_dags/example_task_group_decorator.py
[2023-11-02T07:43:37.469+0000] {processor.py:766} INFO - DAG(s) dict_keys(['example_task_group_decorator']) retrieved from /home/airflow/.local/lib/python3.7/site-packages/airflow/example_dags/example_task_group_decorator.py
[2023-11-02T07:43:37.512+0000] {logging_mixin.py:120} INFO - [2023-11-02T07:43:37.512+0000] {dag.py:2585} INFO - Sync 1 DAGs
[2023-11-02T07:43:37.535+0000] {logging_mixin.py:120} INFO - [2023-11-02T07:43:37.535+0000] {dag.py:3340} INFO - Setting next_dagrun for example_task_group_decorator to 2023-11-01T07:43:37.534846+00:00, run_after=2023-11-02T07:43:37.534846+00:00
[2023-11-02T07:43:37.561+0000] {processor.py:176} INFO - Processing /home/airflow/.local/lib/python3.7/site-packages/airflow/example_dags/example_task_group_decorator.py took 0.122 seconds
[2023-11-02T07:44:24.546+0000] {processor.py:154} INFO - Started process (PID=70) to work on /home/airflow/.local/lib/python3.7/site-packages/airflow/example_dags/example_task_group_decorator.py
[2023-11-02T07:44:24.547+0000] {processor.py:756} INFO - Processing file /home/airflow/.local/lib/python3.7/site-packages/airflow/example_dags/example_task_group_decorator.py for tasks to queue
[2023-11-02T07:44:24.549+0000] {logging_mixin.py:120} INFO - [2023-11-02T07:44:24.549+0000] {dagbag.py:537} INFO - Filling up the DagBag from /home/airflow/.local/lib/python3.7/site-packages/airflow/example_dags/example_task_group_decorator.py
[2023-11-02T07:44:24.577+0000] {processor.py:766} INFO - DAG(s) dict_keys(['example_task_group_decorator']) retrieved from /home/airflow/.local/lib/python3.7/site-packages/airflow/example_dags/example_task_group_decorator.py
[2023-11-02T07:44:24.619+0000] {logging_mixin.py:120} INFO - [2023-11-02T07:44:24.619+0000] {dag.py:2585} INFO - Sync 1 DAGs
[2023-11-02T07:44:24.645+0000] {logging_mixin.py:120} INFO - [2023-11-02T07:44:24.645+0000] {dag.py:3340} INFO - Setting next_dagrun for example_task_group_decorator to 2023-11-01T07:44:24.644854+00:00, run_after=2023-11-02T07:44:24.644854+00:00
[2023-11-02T07:44:24.663+0000] {processor.py:176} INFO - Processing /home/airflow/.local/lib/python3.7/site-packages/airflow/example_dags/example_task_group_decorator.py took 0.122 seconds
[2023-11-02T07:44:55.485+0000] {processor.py:154} INFO - Started process (PID=133) to work on /home/airflow/.local/lib/python3.7/site-packages/airflow/example_dags/example_task_group_decorator.py
[2023-11-02T07:44:55.486+0000] {processor.py:756} INFO - Processing file /home/airflow/.local/lib/python3.7/site-packages/airflow/example_dags/example_task_group_decorator.py for tasks to queue
[2023-11-02T07:44:55.487+0000] {logging_mixin.py:120} INFO - [2023-11-02T07:44:55.487+0000] {dagbag.py:537} INFO - Filling up the DagBag from /home/airflow/.local/lib/python3.7/site-packages/airflow/example_dags/example_task_group_decorator.py
[2023-11-02T07:44:55.504+0000] {processor.py:766} INFO - DAG(s) dict_keys(['example_task_group_decorator']) retrieved from /home/airflow/.local/lib/python3.7/site-packages/airflow/example_dags/example_task_group_decorator.py
[2023-11-02T07:44:55.529+0000] {logging_mixin.py:120} INFO - [2023-11-02T07:44:55.529+0000] {dag.py:2585} INFO - Sync 1 DAGs
[2023-11-02T07:44:55.544+0000] {logging_mixin.py:120} INFO - [2023-11-02T07:44:55.544+0000] {dag.py:3340} INFO - Setting next_dagrun for example_task_group_decorator to 2023-11-01T07:44:55.544598+00:00, run_after=2023-11-02T07:44:55.544598+00:00
[2023-11-02T07:44:55.555+0000] {processor.py:176} INFO - Processing /home/airflow/.local/lib/python3.7/site-packages/airflow/example_dags/example_task_group_decorator.py took 0.072 seconds
[2023-11-02T07:45:26.451+0000] {processor.py:154} INFO - Started process (PID=198) to work on /home/airflow/.local/lib/python3.7/site-packages/airflow/example_dags/example_task_group_decorator.py
[2023-11-02T07:45:26.452+0000] {processor.py:756} INFO - Processing file /home/airflow/.local/lib/python3.7/site-packages/airflow/example_dags/example_task_group_decorator.py for tasks to queue
[2023-11-02T07:45:26.452+0000] {logging_mixin.py:120} INFO - [2023-11-02T07:45:26.452+0000] {dagbag.py:537} INFO - Filling up the DagBag from /home/airflow/.local/lib/python3.7/site-packages/airflow/example_dags/example_task_group_decorator.py
[2023-11-02T07:45:26.470+0000] {processor.py:766} INFO - DAG(s) dict_keys(['example_task_group_decorator']) retrieved from /home/airflow/.local/lib/python3.7/site-packages/airflow/example_dags/example_task_group_decorator.py
[2023-11-02T07:45:26.495+0000] {logging_mixin.py:120} INFO - [2023-11-02T07:45:26.495+0000] {dag.py:2585} INFO - Sync 1 DAGs
[2023-11-02T07:45:26.510+0000] {logging_mixin.py:120} INFO - [2023-11-02T07:45:26.510+0000] {dag.py:3340} INFO - Setting next_dagrun for example_task_group_decorator to 2023-11-01T07:45:26.510657+00:00, run_after=2023-11-02T07:45:26.510657+00:00
[2023-11-02T07:45:26.521+0000] {processor.py:176} INFO - Processing /home/airflow/.local/lib/python3.7/site-packages/airflow/example_dags/example_task_group_decorator.py took 0.073 seconds
[2023-11-02T07:45:56.561+0000] {processor.py:154} INFO - Started process (PID=261) to work on /home/airflow/.local/lib/python3.7/site-packages/airflow/example_dags/example_task_group_decorator.py
[2023-11-02T07:45:56.562+0000] {processor.py:756} INFO - Processing file /home/airflow/.local/lib/python3.7/site-packages/airflow/example_dags/example_task_group_decorator.py for tasks to queue
[2023-11-02T07:45:56.563+0000] {logging_mixin.py:120} INFO - [2023-11-02T07:45:56.563+0000] {dagbag.py:537} INFO - Filling up the DagBag from /home/airflow/.local/lib/python3.7/site-packages/airflow/example_dags/example_task_group_decorator.py
[2023-11-02T07:45:56.580+0000] {processor.py:766} INFO - DAG(s) dict_keys(['example_task_group_decorator']) retrieved from /home/airflow/.local/lib/python3.7/site-packages/airflow/example_dags/example_task_group_decorator.py
[2023-11-02T07:45:56.606+0000] {logging_mixin.py:120} INFO - [2023-11-02T07:45:56.606+0000] {dag.py:2585} INFO - Sync 1 DAGs
[2023-11-02T07:45:56.621+0000] {logging_mixin.py:120} INFO - [2023-11-02T07:45:56.621+0000] {dag.py:3340} INFO - Setting next_dagrun for example_task_group_decorator to 2023-11-01T07:45:56.620954+00:00, run_after=2023-11-02T07:45:56.620954+00:00
[2023-11-02T07:45:56.631+0000] {processor.py:176} INFO - Processing /home/airflow/.local/lib/python3.7/site-packages/airflow/example_dags/example_task_group_decorator.py took 0.072 seconds
[2023-11-02T07:46:27.599+0000] {processor.py:154} INFO - Started process (PID=324) to work on /home/airflow/.local/lib/python3.7/site-packages/airflow/example_dags/example_task_group_decorator.py
[2023-11-02T07:46:27.600+0000] {processor.py:756} INFO - Processing file /home/airflow/.local/lib/python3.7/site-packages/airflow/example_dags/example_task_group_decorator.py for tasks to queue
[2023-11-02T07:46:27.601+0000] {logging_mixin.py:120} INFO - [2023-11-02T07:46:27.601+0000] {dagbag.py:537} INFO - Filling up the DagBag from /home/airflow/.local/lib/python3.7/site-packages/airflow/example_dags/example_task_group_decorator.py
[2023-11-02T07:46:27.618+0000] {processor.py:766} INFO - DAG(s) dict_keys(['example_task_group_decorator']) retrieved from /home/airflow/.local/lib/python3.7/site-packages/airflow/example_dags/example_task_group_decorator.py
[2023-11-02T07:46:27.643+0000] {logging_mixin.py:120} INFO - [2023-11-02T07:46:27.643+0000] {dag.py:2585} INFO - Sync 1 DAGs
[2023-11-02T07:46:27.658+0000] {logging_mixin.py:120} INFO - [2023-11-02T07:46:27.658+0000] {dag.py:3340} INFO - Setting next_dagrun for example_task_group_decorator to 2023-11-01T07:46:27.657980+00:00, run_after=2023-11-02T07:46:27.657980+00:00
[2023-11-02T07:46:27.670+0000] {processor.py:176} INFO - Processing /home/airflow/.local/lib/python3.7/site-packages/airflow/example_dags/example_task_group_decorator.py took 0.073 seconds
[2023-11-02T07:46:59.065+0000] {processor.py:154} INFO - Started process (PID=388) to work on /home/airflow/.local/lib/python3.7/site-packages/airflow/example_dags/example_task_group_decorator.py
[2023-11-02T07:46:59.067+0000] {processor.py:756} INFO - Processing file /home/airflow/.local/lib/python3.7/site-packages/airflow/example_dags/example_task_group_decorator.py for tasks to queue
[2023-11-02T07:46:59.070+0000] {logging_mixin.py:120} INFO - [2023-11-02T07:46:59.070+0000] {dagbag.py:537} INFO - Filling up the DagBag from /home/airflow/.local/lib/python3.7/site-packages/airflow/example_dags/example_task_group_decorator.py
[2023-11-02T07:46:59.145+0000] {processor.py:766} INFO - DAG(s) dict_keys(['example_task_group_decorator']) retrieved from /home/airflow/.local/lib/python3.7/site-packages/airflow/example_dags/example_task_group_decorator.py
[2023-11-02T07:46:59.192+0000] {logging_mixin.py:120} INFO - [2023-11-02T07:46:59.192+0000] {dag.py:2585} INFO - Sync 1 DAGs
[2023-11-02T07:46:59.221+0000] {logging_mixin.py:120} INFO - [2023-11-02T07:46:59.220+0000] {dag.py:3340} INFO - Setting next_dagrun for example_task_group_decorator to 2023-11-01T07:46:59.220653+00:00, run_after=2023-11-02T07:46:59.220653+00:00
[2023-11-02T07:46:59.240+0000] {processor.py:176} INFO - Processing /home/airflow/.local/lib/python3.7/site-packages/airflow/example_dags/example_task_group_decorator.py took 0.180 seconds
[2023-11-02T07:47:29.324+0000] {processor.py:154} INFO - Started process (PID=441) to work on /home/airflow/.local/lib/python3.7/site-packages/airflow/example_dags/example_task_group_decorator.py
[2023-11-02T07:47:29.325+0000] {processor.py:756} INFO - Processing file /home/airflow/.local/lib/python3.7/site-packages/airflow/example_dags/example_task_group_decorator.py for tasks to queue
[2023-11-02T07:47:29.326+0000] {logging_mixin.py:120} INFO - [2023-11-02T07:47:29.326+0000] {dagbag.py:537} INFO - Filling up the DagBag from /home/airflow/.local/lib/python3.7/site-packages/airflow/example_dags/example_task_group_decorator.py
[2023-11-02T07:47:29.343+0000] {processor.py:766} INFO - DAG(s) dict_keys(['example_task_group_decorator']) retrieved from /home/airflow/.local/lib/python3.7/site-packages/airflow/example_dags/example_task_group_decorator.py
[2023-11-02T07:47:29.369+0000] {logging_mixin.py:120} INFO - [2023-11-02T07:47:29.369+0000] {dag.py:2585} INFO - Sync 1 DAGs
[2023-11-02T07:47:29.384+0000] {logging_mixin.py:120} INFO - [2023-11-02T07:47:29.384+0000] {dag.py:3340} INFO - Setting next_dagrun for example_task_group_decorator to 2023-11-01T07:47:29.384143+00:00, run_after=2023-11-02T07:47:29.384143+00:00
[2023-11-02T07:47:29.394+0000] {processor.py:176} INFO - Processing /home/airflow/.local/lib/python3.7/site-packages/airflow/example_dags/example_task_group_decorator.py took 0.073 seconds
