[2023-11-02T07:42:33.264+0000] {processor.py:154} INFO - Started process (PID=50) to work on /home/airflow/.local/lib/python3.7/site-packages/airflow/example_dags/example_branch_operator.py
[2023-11-02T07:42:33.266+0000] {processor.py:756} INFO - Processing file /home/airflow/.local/lib/python3.7/site-packages/airflow/example_dags/example_branch_operator.py for tasks to queue
[2023-11-02T07:42:33.268+0000] {logging_mixin.py:120} INFO - [2023-11-02T07:42:33.267+0000] {dagbag.py:537} INFO - Filling up the DagBag from /home/airflow/.local/lib/python3.7/site-packages/airflow/example_dags/example_branch_operator.py
[2023-11-02T07:42:33.284+0000] {processor.py:766} INFO - DAG(s) dict_keys(['example_branch_operator']) retrieved from /home/airflow/.local/lib/python3.7/site-packages/airflow/example_dags/example_branch_operator.py
[2023-11-02T07:42:33.403+0000] {logging_mixin.py:120} INFO - [2023-11-02T07:42:33.403+0000] {manager.py:507} INFO - Created Permission View: can delete on DAG:example_branch_operator
[2023-11-02T07:42:33.411+0000] {logging_mixin.py:120} INFO - [2023-11-02T07:42:33.411+0000] {manager.py:507} INFO - Created Permission View: can read on DAG:example_branch_operator
[2023-11-02T07:42:33.418+0000] {logging_mixin.py:120} INFO - [2023-11-02T07:42:33.418+0000] {manager.py:507} INFO - Created Permission View: can edit on DAG:example_branch_operator
[2023-11-02T07:42:33.419+0000] {logging_mixin.py:120} INFO - [2023-11-02T07:42:33.419+0000] {dag.py:2585} INFO - Sync 1 DAGs
[2023-11-02T07:42:33.431+0000] {logging_mixin.py:120} INFO - [2023-11-02T07:42:33.431+0000] {dag.py:2606} INFO - Creating ORM DAG for example_branch_operator
[2023-11-02T07:42:33.443+0000] {logging_mixin.py:120} INFO - [2023-11-02T07:42:33.443+0000] {dag.py:3340} INFO - Setting next_dagrun for example_branch_operator to 2023-11-01T00:00:00+00:00, run_after=2023-11-02T00:00:00+00:00
[2023-11-02T07:42:33.468+0000] {processor.py:176} INFO - Processing /home/airflow/.local/lib/python3.7/site-packages/airflow/example_dags/example_branch_operator.py took 0.207 seconds
[2023-11-02T07:43:03.529+0000] {processor.py:154} INFO - Started process (PID=112) to work on /home/airflow/.local/lib/python3.7/site-packages/airflow/example_dags/example_branch_operator.py
[2023-11-02T07:43:03.530+0000] {processor.py:756} INFO - Processing file /home/airflow/.local/lib/python3.7/site-packages/airflow/example_dags/example_branch_operator.py for tasks to queue
[2023-11-02T07:43:03.531+0000] {logging_mixin.py:120} INFO - [2023-11-02T07:43:03.531+0000] {dagbag.py:537} INFO - Filling up the DagBag from /home/airflow/.local/lib/python3.7/site-packages/airflow/example_dags/example_branch_operator.py
[2023-11-02T07:43:03.546+0000] {processor.py:766} INFO - DAG(s) dict_keys(['example_branch_operator']) retrieved from /home/airflow/.local/lib/python3.7/site-packages/airflow/example_dags/example_branch_operator.py
[2023-11-02T07:43:03.571+0000] {logging_mixin.py:120} INFO - [2023-11-02T07:43:03.571+0000] {dag.py:2585} INFO - Sync 1 DAGs
[2023-11-02T07:43:03.587+0000] {logging_mixin.py:120} INFO - [2023-11-02T07:43:03.587+0000] {dag.py:3340} INFO - Setting next_dagrun for example_branch_operator to 2023-11-01T00:00:00+00:00, run_after=2023-11-02T00:00:00+00:00
[2023-11-02T07:43:03.597+0000] {processor.py:176} INFO - Processing /home/airflow/.local/lib/python3.7/site-packages/airflow/example_dags/example_branch_operator.py took 0.070 seconds
[2023-11-02T07:43:34.482+0000] {processor.py:154} INFO - Started process (PID=176) to work on /home/airflow/.local/lib/python3.7/site-packages/airflow/example_dags/example_branch_operator.py
[2023-11-02T07:43:34.483+0000] {processor.py:756} INFO - Processing file /home/airflow/.local/lib/python3.7/site-packages/airflow/example_dags/example_branch_operator.py for tasks to queue
[2023-11-02T07:43:34.484+0000] {logging_mixin.py:120} INFO - [2023-11-02T07:43:34.483+0000] {dagbag.py:537} INFO - Filling up the DagBag from /home/airflow/.local/lib/python3.7/site-packages/airflow/example_dags/example_branch_operator.py
[2023-11-02T07:43:34.496+0000] {processor.py:766} INFO - DAG(s) dict_keys(['example_branch_operator']) retrieved from /home/airflow/.local/lib/python3.7/site-packages/airflow/example_dags/example_branch_operator.py
[2023-11-02T07:43:34.528+0000] {logging_mixin.py:120} INFO - [2023-11-02T07:43:34.528+0000] {dag.py:2585} INFO - Sync 1 DAGs
[2023-11-02T07:43:34.544+0000] {logging_mixin.py:120} INFO - [2023-11-02T07:43:34.544+0000] {dag.py:3340} INFO - Setting next_dagrun for example_branch_operator to 2023-11-01T00:00:00+00:00, run_after=2023-11-02T00:00:00+00:00
[2023-11-02T07:43:34.556+0000] {processor.py:176} INFO - Processing /home/airflow/.local/lib/python3.7/site-packages/airflow/example_dags/example_branch_operator.py took 0.076 seconds
[2023-11-02T07:44:22.935+0000] {processor.py:154} INFO - Started process (PID=50) to work on /home/airflow/.local/lib/python3.7/site-packages/airflow/example_dags/example_branch_operator.py
[2023-11-02T07:44:22.939+0000] {processor.py:756} INFO - Processing file /home/airflow/.local/lib/python3.7/site-packages/airflow/example_dags/example_branch_operator.py for tasks to queue
[2023-11-02T07:44:22.940+0000] {logging_mixin.py:120} INFO - [2023-11-02T07:44:22.940+0000] {dagbag.py:537} INFO - Filling up the DagBag from /home/airflow/.local/lib/python3.7/site-packages/airflow/example_dags/example_branch_operator.py
[2023-11-02T07:44:22.957+0000] {processor.py:766} INFO - DAG(s) dict_keys(['example_branch_operator']) retrieved from /home/airflow/.local/lib/python3.7/site-packages/airflow/example_dags/example_branch_operator.py
[2023-11-02T07:44:22.988+0000] {logging_mixin.py:120} INFO - [2023-11-02T07:44:22.988+0000] {dag.py:2585} INFO - Sync 1 DAGs
[2023-11-02T07:44:23.012+0000] {logging_mixin.py:120} INFO - [2023-11-02T07:44:23.011+0000] {dag.py:3340} INFO - Setting next_dagrun for example_branch_operator to 2023-11-01T00:00:00+00:00, run_after=2023-11-02T00:00:00+00:00
[2023-11-02T07:44:23.032+0000] {processor.py:176} INFO - Processing /home/airflow/.local/lib/python3.7/site-packages/airflow/example_dags/example_branch_operator.py took 0.102 seconds
[2023-11-02T07:44:53.626+0000] {processor.py:154} INFO - Started process (PID=113) to work on /home/airflow/.local/lib/python3.7/site-packages/airflow/example_dags/example_branch_operator.py
[2023-11-02T07:44:53.627+0000] {processor.py:756} INFO - Processing file /home/airflow/.local/lib/python3.7/site-packages/airflow/example_dags/example_branch_operator.py for tasks to queue
[2023-11-02T07:44:53.627+0000] {logging_mixin.py:120} INFO - [2023-11-02T07:44:53.627+0000] {dagbag.py:537} INFO - Filling up the DagBag from /home/airflow/.local/lib/python3.7/site-packages/airflow/example_dags/example_branch_operator.py
[2023-11-02T07:44:53.639+0000] {processor.py:766} INFO - DAG(s) dict_keys(['example_branch_operator']) retrieved from /home/airflow/.local/lib/python3.7/site-packages/airflow/example_dags/example_branch_operator.py
[2023-11-02T07:44:53.663+0000] {logging_mixin.py:120} INFO - [2023-11-02T07:44:53.663+0000] {dag.py:2585} INFO - Sync 1 DAGs
[2023-11-02T07:44:53.678+0000] {logging_mixin.py:120} INFO - [2023-11-02T07:44:53.678+0000] {dag.py:3340} INFO - Setting next_dagrun for example_branch_operator to 2023-11-01T00:00:00+00:00, run_after=2023-11-02T00:00:00+00:00
[2023-11-02T07:44:53.687+0000] {processor.py:176} INFO - Processing /home/airflow/.local/lib/python3.7/site-packages/airflow/example_dags/example_branch_operator.py took 0.063 seconds
[2023-11-02T07:45:24.458+0000] {processor.py:154} INFO - Started process (PID=178) to work on /home/airflow/.local/lib/python3.7/site-packages/airflow/example_dags/example_branch_operator.py
[2023-11-02T07:45:24.458+0000] {processor.py:756} INFO - Processing file /home/airflow/.local/lib/python3.7/site-packages/airflow/example_dags/example_branch_operator.py for tasks to queue
[2023-11-02T07:45:24.459+0000] {logging_mixin.py:120} INFO - [2023-11-02T07:45:24.458+0000] {dagbag.py:537} INFO - Filling up the DagBag from /home/airflow/.local/lib/python3.7/site-packages/airflow/example_dags/example_branch_operator.py
[2023-11-02T07:45:24.468+0000] {processor.py:766} INFO - DAG(s) dict_keys(['example_branch_operator']) retrieved from /home/airflow/.local/lib/python3.7/site-packages/airflow/example_dags/example_branch_operator.py
[2023-11-02T07:45:24.491+0000] {logging_mixin.py:120} INFO - [2023-11-02T07:45:24.491+0000] {dag.py:2585} INFO - Sync 1 DAGs
[2023-11-02T07:45:24.504+0000] {logging_mixin.py:120} INFO - [2023-11-02T07:45:24.504+0000] {dag.py:3340} INFO - Setting next_dagrun for example_branch_operator to 2023-11-01T00:00:00+00:00, run_after=2023-11-02T00:00:00+00:00
[2023-11-02T07:45:24.513+0000] {processor.py:176} INFO - Processing /home/airflow/.local/lib/python3.7/site-packages/airflow/example_dags/example_branch_operator.py took 0.059 seconds
[2023-11-02T07:45:55.447+0000] {processor.py:154} INFO - Started process (PID=241) to work on /home/airflow/.local/lib/python3.7/site-packages/airflow/example_dags/example_branch_operator.py
[2023-11-02T07:45:55.447+0000] {processor.py:756} INFO - Processing file /home/airflow/.local/lib/python3.7/site-packages/airflow/example_dags/example_branch_operator.py for tasks to queue
[2023-11-02T07:45:55.448+0000] {logging_mixin.py:120} INFO - [2023-11-02T07:45:55.448+0000] {dagbag.py:537} INFO - Filling up the DagBag from /home/airflow/.local/lib/python3.7/site-packages/airflow/example_dags/example_branch_operator.py
[2023-11-02T07:45:55.457+0000] {processor.py:766} INFO - DAG(s) dict_keys(['example_branch_operator']) retrieved from /home/airflow/.local/lib/python3.7/site-packages/airflow/example_dags/example_branch_operator.py
[2023-11-02T07:45:55.481+0000] {logging_mixin.py:120} INFO - [2023-11-02T07:45:55.481+0000] {dag.py:2585} INFO - Sync 1 DAGs
[2023-11-02T07:45:55.494+0000] {logging_mixin.py:120} INFO - [2023-11-02T07:45:55.494+0000] {dag.py:3340} INFO - Setting next_dagrun for example_branch_operator to 2023-11-01T00:00:00+00:00, run_after=2023-11-02T00:00:00+00:00
[2023-11-02T07:45:55.503+0000] {processor.py:176} INFO - Processing /home/airflow/.local/lib/python3.7/site-packages/airflow/example_dags/example_branch_operator.py took 0.059 seconds
[2023-11-02T07:46:26.673+0000] {processor.py:154} INFO - Started process (PID=304) to work on /home/airflow/.local/lib/python3.7/site-packages/airflow/example_dags/example_branch_operator.py
[2023-11-02T07:46:26.673+0000] {processor.py:756} INFO - Processing file /home/airflow/.local/lib/python3.7/site-packages/airflow/example_dags/example_branch_operator.py for tasks to queue
[2023-11-02T07:46:26.674+0000] {logging_mixin.py:120} INFO - [2023-11-02T07:46:26.674+0000] {dagbag.py:537} INFO - Filling up the DagBag from /home/airflow/.local/lib/python3.7/site-packages/airflow/example_dags/example_branch_operator.py
[2023-11-02T07:46:26.685+0000] {processor.py:766} INFO - DAG(s) dict_keys(['example_branch_operator']) retrieved from /home/airflow/.local/lib/python3.7/site-packages/airflow/example_dags/example_branch_operator.py
[2023-11-02T07:46:26.710+0000] {logging_mixin.py:120} INFO - [2023-11-02T07:46:26.710+0000] {dag.py:2585} INFO - Sync 1 DAGs
[2023-11-02T07:46:26.725+0000] {logging_mixin.py:120} INFO - [2023-11-02T07:46:26.725+0000] {dag.py:3340} INFO - Setting next_dagrun for example_branch_operator to 2023-11-01T00:00:00+00:00, run_after=2023-11-02T00:00:00+00:00
[2023-11-02T07:46:26.735+0000] {processor.py:176} INFO - Processing /home/airflow/.local/lib/python3.7/site-packages/airflow/example_dags/example_branch_operator.py took 0.065 seconds
[2023-11-02T07:46:57.710+0000] {processor.py:154} INFO - Started process (PID=368) to work on /home/airflow/.local/lib/python3.7/site-packages/airflow/example_dags/example_branch_operator.py
[2023-11-02T07:46:57.711+0000] {processor.py:756} INFO - Processing file /home/airflow/.local/lib/python3.7/site-packages/airflow/example_dags/example_branch_operator.py for tasks to queue
[2023-11-02T07:46:57.712+0000] {logging_mixin.py:120} INFO - [2023-11-02T07:46:57.712+0000] {dagbag.py:537} INFO - Filling up the DagBag from /home/airflow/.local/lib/python3.7/site-packages/airflow/example_dags/example_branch_operator.py
[2023-11-02T07:46:57.723+0000] {processor.py:766} INFO - DAG(s) dict_keys(['example_branch_operator']) retrieved from /home/airflow/.local/lib/python3.7/site-packages/airflow/example_dags/example_branch_operator.py
[2023-11-02T07:46:57.756+0000] {logging_mixin.py:120} INFO - [2023-11-02T07:46:57.756+0000] {dag.py:2585} INFO - Sync 1 DAGs
[2023-11-02T07:46:57.774+0000] {logging_mixin.py:120} INFO - [2023-11-02T07:46:57.773+0000] {dag.py:3340} INFO - Setting next_dagrun for example_branch_operator to 2023-11-01T00:00:00+00:00, run_after=2023-11-02T00:00:00+00:00
[2023-11-02T07:46:57.791+0000] {processor.py:176} INFO - Processing /home/airflow/.local/lib/python3.7/site-packages/airflow/example_dags/example_branch_operator.py took 0.084 seconds
[2023-11-02T07:47:28.171+0000] {processor.py:154} INFO - Started process (PID=421) to work on /home/airflow/.local/lib/python3.7/site-packages/airflow/example_dags/example_branch_operator.py
[2023-11-02T07:47:28.172+0000] {processor.py:756} INFO - Processing file /home/airflow/.local/lib/python3.7/site-packages/airflow/example_dags/example_branch_operator.py for tasks to queue
[2023-11-02T07:47:28.172+0000] {logging_mixin.py:120} INFO - [2023-11-02T07:47:28.172+0000] {dagbag.py:537} INFO - Filling up the DagBag from /home/airflow/.local/lib/python3.7/site-packages/airflow/example_dags/example_branch_operator.py
[2023-11-02T07:47:28.182+0000] {processor.py:766} INFO - DAG(s) dict_keys(['example_branch_operator']) retrieved from /home/airflow/.local/lib/python3.7/site-packages/airflow/example_dags/example_branch_operator.py
[2023-11-02T07:47:28.207+0000] {logging_mixin.py:120} INFO - [2023-11-02T07:47:28.207+0000] {dag.py:2585} INFO - Sync 1 DAGs
[2023-11-02T07:47:28.222+0000] {logging_mixin.py:120} INFO - [2023-11-02T07:47:28.222+0000] {dag.py:3340} INFO - Setting next_dagrun for example_branch_operator to 2023-11-01T00:00:00+00:00, run_after=2023-11-02T00:00:00+00:00
[2023-11-02T07:47:28.232+0000] {processor.py:176} INFO - Processing /home/airflow/.local/lib/python3.7/site-packages/airflow/example_dags/example_branch_operator.py took 0.063 seconds
