[2023-11-02T07:42:31.651+0000] {processor.py:154} INFO - Started process (PID=41) to work on /home/airflow/.local/lib/python3.7/site-packages/airflow/example_dags/example_latest_only_with_trigger.py
[2023-11-02T07:42:31.652+0000] {processor.py:756} INFO - Processing file /home/airflow/.local/lib/python3.7/site-packages/airflow/example_dags/example_latest_only_with_trigger.py for tasks to queue
[2023-11-02T07:42:31.653+0000] {logging_mixin.py:120} INFO - [2023-11-02T07:42:31.653+0000] {dagbag.py:537} INFO - Filling up the DagBag from /home/airflow/.local/lib/python3.7/site-packages/airflow/example_dags/example_latest_only_with_trigger.py
[2023-11-02T07:42:31.664+0000] {processor.py:766} INFO - DAG(s) dict_keys(['latest_only_with_trigger']) retrieved from /home/airflow/.local/lib/python3.7/site-packages/airflow/example_dags/example_latest_only_with_trigger.py
[2023-11-02T07:42:31.765+0000] {logging_mixin.py:120} INFO - [2023-11-02T07:42:31.765+0000] {manager.py:507} INFO - Created Permission View: can delete on DAG:latest_only_with_trigger
[2023-11-02T07:42:31.771+0000] {logging_mixin.py:120} INFO - [2023-11-02T07:42:31.771+0000] {manager.py:507} INFO - Created Permission View: can read on DAG:latest_only_with_trigger
[2023-11-02T07:42:31.780+0000] {logging_mixin.py:120} INFO - [2023-11-02T07:42:31.780+0000] {manager.py:507} INFO - Created Permission View: can edit on DAG:latest_only_with_trigger
[2023-11-02T07:42:31.780+0000] {logging_mixin.py:120} INFO - [2023-11-02T07:42:31.780+0000] {dag.py:2585} INFO - Sync 1 DAGs
[2023-11-02T07:42:31.791+0000] {logging_mixin.py:120} INFO - [2023-11-02T07:42:31.791+0000] {dag.py:2606} INFO - Creating ORM DAG for latest_only_with_trigger
[2023-11-02T07:42:31.802+0000] {logging_mixin.py:120} INFO - [2023-11-02T07:42:31.802+0000] {dag.py:3340} INFO - Setting next_dagrun for latest_only_with_trigger to 2023-11-02T03:42:31.802405+00:00, run_after=2023-11-02T07:42:31.802405+00:00
[2023-11-02T07:42:31.817+0000] {processor.py:176} INFO - Processing /home/airflow/.local/lib/python3.7/site-packages/airflow/example_dags/example_latest_only_with_trigger.py took 0.168 seconds
[2023-11-02T07:43:02.061+0000] {processor.py:154} INFO - Started process (PID=103) to work on /home/airflow/.local/lib/python3.7/site-packages/airflow/example_dags/example_latest_only_with_trigger.py
[2023-11-02T07:43:02.062+0000] {processor.py:756} INFO - Processing file /home/airflow/.local/lib/python3.7/site-packages/airflow/example_dags/example_latest_only_with_trigger.py for tasks to queue
[2023-11-02T07:43:02.062+0000] {logging_mixin.py:120} INFO - [2023-11-02T07:43:02.062+0000] {dagbag.py:537} INFO - Filling up the DagBag from /home/airflow/.local/lib/python3.7/site-packages/airflow/example_dags/example_latest_only_with_trigger.py
[2023-11-02T07:43:02.072+0000] {processor.py:766} INFO - DAG(s) dict_keys(['latest_only_with_trigger']) retrieved from /home/airflow/.local/lib/python3.7/site-packages/airflow/example_dags/example_latest_only_with_trigger.py
[2023-11-02T07:43:02.099+0000] {logging_mixin.py:120} INFO - [2023-11-02T07:43:02.099+0000] {dag.py:2585} INFO - Sync 1 DAGs
[2023-11-02T07:43:02.114+0000] {logging_mixin.py:120} INFO - [2023-11-02T07:43:02.114+0000] {dag.py:3340} INFO - Setting next_dagrun for latest_only_with_trigger to 2023-11-02T03:43:02.114590+00:00, run_after=2023-11-02T07:43:02.114590+00:00
[2023-11-02T07:43:02.126+0000] {processor.py:176} INFO - Processing /home/airflow/.local/lib/python3.7/site-packages/airflow/example_dags/example_latest_only_with_trigger.py took 0.068 seconds
[2023-11-02T07:43:33.015+0000] {processor.py:154} INFO - Started process (PID=167) to work on /home/airflow/.local/lib/python3.7/site-packages/airflow/example_dags/example_latest_only_with_trigger.py
[2023-11-02T07:43:33.016+0000] {processor.py:756} INFO - Processing file /home/airflow/.local/lib/python3.7/site-packages/airflow/example_dags/example_latest_only_with_trigger.py for tasks to queue
[2023-11-02T07:43:33.017+0000] {logging_mixin.py:120} INFO - [2023-11-02T07:43:33.016+0000] {dagbag.py:537} INFO - Filling up the DagBag from /home/airflow/.local/lib/python3.7/site-packages/airflow/example_dags/example_latest_only_with_trigger.py
[2023-11-02T07:43:33.027+0000] {processor.py:766} INFO - DAG(s) dict_keys(['latest_only_with_trigger']) retrieved from /home/airflow/.local/lib/python3.7/site-packages/airflow/example_dags/example_latest_only_with_trigger.py
[2023-11-02T07:43:33.053+0000] {logging_mixin.py:120} INFO - [2023-11-02T07:43:33.053+0000] {dag.py:2585} INFO - Sync 1 DAGs
[2023-11-02T07:43:33.070+0000] {logging_mixin.py:120} INFO - [2023-11-02T07:43:33.070+0000] {dag.py:3340} INFO - Setting next_dagrun for latest_only_with_trigger to 2023-11-02T03:43:33.069882+00:00, run_after=2023-11-02T07:43:33.069882+00:00
[2023-11-02T07:43:33.082+0000] {processor.py:176} INFO - Processing /home/airflow/.local/lib/python3.7/site-packages/airflow/example_dags/example_latest_only_with_trigger.py took 0.069 seconds
[2023-11-02T07:44:22.387+0000] {processor.py:154} INFO - Started process (PID=41) to work on /home/airflow/.local/lib/python3.7/site-packages/airflow/example_dags/example_latest_only_with_trigger.py
[2023-11-02T07:44:22.393+0000] {processor.py:756} INFO - Processing file /home/airflow/.local/lib/python3.7/site-packages/airflow/example_dags/example_latest_only_with_trigger.py for tasks to queue
[2023-11-02T07:44:22.394+0000] {logging_mixin.py:120} INFO - [2023-11-02T07:44:22.394+0000] {dagbag.py:537} INFO - Filling up the DagBag from /home/airflow/.local/lib/python3.7/site-packages/airflow/example_dags/example_latest_only_with_trigger.py
[2023-11-02T07:44:22.431+0000] {processor.py:766} INFO - DAG(s) dict_keys(['latest_only_with_trigger']) retrieved from /home/airflow/.local/lib/python3.7/site-packages/airflow/example_dags/example_latest_only_with_trigger.py
[2023-11-02T07:44:22.452+0000] {logging_mixin.py:120} INFO - [2023-11-02T07:44:22.452+0000] {dag.py:2585} INFO - Sync 1 DAGs
[2023-11-02T07:44:22.470+0000] {logging_mixin.py:120} INFO - [2023-11-02T07:44:22.469+0000] {dag.py:3340} INFO - Setting next_dagrun for latest_only_with_trigger to 2023-11-02T03:44:22.469779+00:00, run_after=2023-11-02T07:44:22.469779+00:00
[2023-11-02T07:44:22.483+0000] {processor.py:176} INFO - Processing /home/airflow/.local/lib/python3.7/site-packages/airflow/example_dags/example_latest_only_with_trigger.py took 0.100 seconds
[2023-11-02T07:44:53.183+0000] {processor.py:154} INFO - Started process (PID=104) to work on /home/airflow/.local/lib/python3.7/site-packages/airflow/example_dags/example_latest_only_with_trigger.py
[2023-11-02T07:44:53.184+0000] {processor.py:756} INFO - Processing file /home/airflow/.local/lib/python3.7/site-packages/airflow/example_dags/example_latest_only_with_trigger.py for tasks to queue
[2023-11-02T07:44:53.185+0000] {logging_mixin.py:120} INFO - [2023-11-02T07:44:53.185+0000] {dagbag.py:537} INFO - Filling up the DagBag from /home/airflow/.local/lib/python3.7/site-packages/airflow/example_dags/example_latest_only_with_trigger.py
[2023-11-02T07:44:53.193+0000] {processor.py:766} INFO - DAG(s) dict_keys(['latest_only_with_trigger']) retrieved from /home/airflow/.local/lib/python3.7/site-packages/airflow/example_dags/example_latest_only_with_trigger.py
[2023-11-02T07:44:53.214+0000] {logging_mixin.py:120} INFO - [2023-11-02T07:44:53.214+0000] {dag.py:2585} INFO - Sync 1 DAGs
[2023-11-02T07:44:53.228+0000] {logging_mixin.py:120} INFO - [2023-11-02T07:44:53.228+0000] {dag.py:3340} INFO - Setting next_dagrun for latest_only_with_trigger to 2023-11-02T03:44:53.227981+00:00, run_after=2023-11-02T07:44:53.227981+00:00
[2023-11-02T07:44:53.238+0000] {processor.py:176} INFO - Processing /home/airflow/.local/lib/python3.7/site-packages/airflow/example_dags/example_latest_only_with_trigger.py took 0.057 seconds
[2023-11-02T07:45:23.948+0000] {processor.py:154} INFO - Started process (PID=169) to work on /home/airflow/.local/lib/python3.7/site-packages/airflow/example_dags/example_latest_only_with_trigger.py
[2023-11-02T07:45:23.948+0000] {processor.py:756} INFO - Processing file /home/airflow/.local/lib/python3.7/site-packages/airflow/example_dags/example_latest_only_with_trigger.py for tasks to queue
[2023-11-02T07:45:23.949+0000] {logging_mixin.py:120} INFO - [2023-11-02T07:45:23.949+0000] {dagbag.py:537} INFO - Filling up the DagBag from /home/airflow/.local/lib/python3.7/site-packages/airflow/example_dags/example_latest_only_with_trigger.py
[2023-11-02T07:45:23.959+0000] {processor.py:766} INFO - DAG(s) dict_keys(['latest_only_with_trigger']) retrieved from /home/airflow/.local/lib/python3.7/site-packages/airflow/example_dags/example_latest_only_with_trigger.py
[2023-11-02T07:45:23.981+0000] {logging_mixin.py:120} INFO - [2023-11-02T07:45:23.981+0000] {dag.py:2585} INFO - Sync 1 DAGs
[2023-11-02T07:45:23.995+0000] {logging_mixin.py:120} INFO - [2023-11-02T07:45:23.995+0000] {dag.py:3340} INFO - Setting next_dagrun for latest_only_with_trigger to 2023-11-02T03:45:23.994959+00:00, run_after=2023-11-02T07:45:23.994959+00:00
[2023-11-02T07:45:24.005+0000] {processor.py:176} INFO - Processing /home/airflow/.local/lib/python3.7/site-packages/airflow/example_dags/example_latest_only_with_trigger.py took 0.059 seconds
[2023-11-02T07:45:55.069+0000] {processor.py:154} INFO - Started process (PID=232) to work on /home/airflow/.local/lib/python3.7/site-packages/airflow/example_dags/example_latest_only_with_trigger.py
[2023-11-02T07:45:55.070+0000] {processor.py:756} INFO - Processing file /home/airflow/.local/lib/python3.7/site-packages/airflow/example_dags/example_latest_only_with_trigger.py for tasks to queue
[2023-11-02T07:45:55.070+0000] {logging_mixin.py:120} INFO - [2023-11-02T07:45:55.070+0000] {dagbag.py:537} INFO - Filling up the DagBag from /home/airflow/.local/lib/python3.7/site-packages/airflow/example_dags/example_latest_only_with_trigger.py
[2023-11-02T07:45:55.079+0000] {processor.py:766} INFO - DAG(s) dict_keys(['latest_only_with_trigger']) retrieved from /home/airflow/.local/lib/python3.7/site-packages/airflow/example_dags/example_latest_only_with_trigger.py
[2023-11-02T07:45:55.103+0000] {logging_mixin.py:120} INFO - [2023-11-02T07:45:55.103+0000] {dag.py:2585} INFO - Sync 1 DAGs
[2023-11-02T07:45:55.116+0000] {logging_mixin.py:120} INFO - [2023-11-02T07:45:55.116+0000] {dag.py:3340} INFO - Setting next_dagrun for latest_only_with_trigger to 2023-11-02T03:45:55.116345+00:00, run_after=2023-11-02T07:45:55.116345+00:00
[2023-11-02T07:45:55.126+0000] {processor.py:176} INFO - Processing /home/airflow/.local/lib/python3.7/site-packages/airflow/example_dags/example_latest_only_with_trigger.py took 0.059 seconds
[2023-11-02T07:46:26.110+0000] {processor.py:154} INFO - Started process (PID=295) to work on /home/airflow/.local/lib/python3.7/site-packages/airflow/example_dags/example_latest_only_with_trigger.py
[2023-11-02T07:46:26.110+0000] {processor.py:756} INFO - Processing file /home/airflow/.local/lib/python3.7/site-packages/airflow/example_dags/example_latest_only_with_trigger.py for tasks to queue
[2023-11-02T07:46:26.111+0000] {logging_mixin.py:120} INFO - [2023-11-02T07:46:26.111+0000] {dagbag.py:537} INFO - Filling up the DagBag from /home/airflow/.local/lib/python3.7/site-packages/airflow/example_dags/example_latest_only_with_trigger.py
[2023-11-02T07:46:26.120+0000] {processor.py:766} INFO - DAG(s) dict_keys(['latest_only_with_trigger']) retrieved from /home/airflow/.local/lib/python3.7/site-packages/airflow/example_dags/example_latest_only_with_trigger.py
[2023-11-02T07:46:26.146+0000] {logging_mixin.py:120} INFO - [2023-11-02T07:46:26.146+0000] {dag.py:2585} INFO - Sync 1 DAGs
[2023-11-02T07:46:26.160+0000] {logging_mixin.py:120} INFO - [2023-11-02T07:46:26.160+0000] {dag.py:3340} INFO - Setting next_dagrun for latest_only_with_trigger to 2023-11-02T03:46:26.160506+00:00, run_after=2023-11-02T07:46:26.160506+00:00
[2023-11-02T07:46:26.172+0000] {processor.py:176} INFO - Processing /home/airflow/.local/lib/python3.7/site-packages/airflow/example_dags/example_latest_only_with_trigger.py took 0.064 seconds
[2023-11-02T07:46:57.161+0000] {processor.py:154} INFO - Started process (PID=349) to work on /home/airflow/.local/lib/python3.7/site-packages/airflow/example_dags/example_latest_only_with_trigger.py
[2023-11-02T07:46:57.161+0000] {processor.py:756} INFO - Processing file /home/airflow/.local/lib/python3.7/site-packages/airflow/example_dags/example_latest_only_with_trigger.py for tasks to queue
[2023-11-02T07:46:57.162+0000] {logging_mixin.py:120} INFO - [2023-11-02T07:46:57.162+0000] {dagbag.py:537} INFO - Filling up the DagBag from /home/airflow/.local/lib/python3.7/site-packages/airflow/example_dags/example_latest_only_with_trigger.py
[2023-11-02T07:46:57.170+0000] {processor.py:766} INFO - DAG(s) dict_keys(['latest_only_with_trigger']) retrieved from /home/airflow/.local/lib/python3.7/site-packages/airflow/example_dags/example_latest_only_with_trigger.py
[2023-11-02T07:46:57.191+0000] {logging_mixin.py:120} INFO - [2023-11-02T07:46:57.191+0000] {dag.py:2585} INFO - Sync 1 DAGs
[2023-11-02T07:46:57.204+0000] {logging_mixin.py:120} INFO - [2023-11-02T07:46:57.204+0000] {dag.py:3340} INFO - Setting next_dagrun for latest_only_with_trigger to 2023-11-02T03:46:57.204059+00:00, run_after=2023-11-02T07:46:57.204059+00:00
[2023-11-02T07:46:57.214+0000] {processor.py:176} INFO - Processing /home/airflow/.local/lib/python3.7/site-packages/airflow/example_dags/example_latest_only_with_trigger.py took 0.056 seconds
[2023-11-02T07:47:27.712+0000] {processor.py:154} INFO - Started process (PID=412) to work on /home/airflow/.local/lib/python3.7/site-packages/airflow/example_dags/example_latest_only_with_trigger.py
[2023-11-02T07:47:27.713+0000] {processor.py:756} INFO - Processing file /home/airflow/.local/lib/python3.7/site-packages/airflow/example_dags/example_latest_only_with_trigger.py for tasks to queue
[2023-11-02T07:47:27.713+0000] {logging_mixin.py:120} INFO - [2023-11-02T07:47:27.713+0000] {dagbag.py:537} INFO - Filling up the DagBag from /home/airflow/.local/lib/python3.7/site-packages/airflow/example_dags/example_latest_only_with_trigger.py
[2023-11-02T07:47:27.721+0000] {processor.py:766} INFO - DAG(s) dict_keys(['latest_only_with_trigger']) retrieved from /home/airflow/.local/lib/python3.7/site-packages/airflow/example_dags/example_latest_only_with_trigger.py
[2023-11-02T07:47:27.742+0000] {logging_mixin.py:120} INFO - [2023-11-02T07:47:27.742+0000] {dag.py:2585} INFO - Sync 1 DAGs
[2023-11-02T07:47:27.757+0000] {logging_mixin.py:120} INFO - [2023-11-02T07:47:27.756+0000] {dag.py:3340} INFO - Setting next_dagrun for latest_only_with_trigger to 2023-11-02T03:47:27.756863+00:00, run_after=2023-11-02T07:47:27.756863+00:00
[2023-11-02T07:47:27.767+0000] {processor.py:176} INFO - Processing /home/airflow/.local/lib/python3.7/site-packages/airflow/example_dags/example_latest_only_with_trigger.py took 0.057 seconds
