[2023-11-02T07:42:32.438+0000] {processor.py:154} INFO - Started process (PID=47) to work on /home/airflow/.local/lib/python3.7/site-packages/airflow/example_dags/example_branch_python_dop_operator_3.py
[2023-11-02T07:42:32.441+0000] {processor.py:756} INFO - Processing file /home/airflow/.local/lib/python3.7/site-packages/airflow/example_dags/example_branch_python_dop_operator_3.py for tasks to queue
[2023-11-02T07:42:32.442+0000] {logging_mixin.py:120} INFO - [2023-11-02T07:42:32.442+0000] {dagbag.py:537} INFO - Filling up the DagBag from /home/airflow/.local/lib/python3.7/site-packages/airflow/example_dags/example_branch_python_dop_operator_3.py
[2023-11-02T07:42:32.467+0000] {processor.py:766} INFO - DAG(s) dict_keys(['example_branch_dop_operator_v3']) retrieved from /home/airflow/.local/lib/python3.7/site-packages/airflow/example_dags/example_branch_python_dop_operator_3.py
[2023-11-02T07:42:32.892+0000] {logging_mixin.py:120} INFO - [2023-11-02T07:42:32.891+0000] {manager.py:507} INFO - Created Permission View: can delete on DAG:example_branch_dop_operator_v3
[2023-11-02T07:42:32.898+0000] {logging_mixin.py:120} INFO - [2023-11-02T07:42:32.898+0000] {manager.py:507} INFO - Created Permission View: can read on DAG:example_branch_dop_operator_v3
[2023-11-02T07:42:32.903+0000] {logging_mixin.py:120} INFO - [2023-11-02T07:42:32.903+0000] {manager.py:507} INFO - Created Permission View: can edit on DAG:example_branch_dop_operator_v3
[2023-11-02T07:42:32.903+0000] {logging_mixin.py:120} INFO - [2023-11-02T07:42:32.903+0000] {dag.py:2585} INFO - Sync 1 DAGs
[2023-11-02T07:42:32.912+0000] {logging_mixin.py:120} INFO - [2023-11-02T07:42:32.912+0000] {dag.py:2606} INFO - Creating ORM DAG for example_branch_dop_operator_v3
[2023-11-02T07:42:32.924+0000] {logging_mixin.py:120} INFO - [2023-11-02T07:42:32.924+0000] {dag.py:3340} INFO - Setting next_dagrun for example_branch_dop_operator_v3 to 2023-11-02T07:41:00+00:00, run_after=2023-11-02T07:42:00+00:00
[2023-11-02T07:42:32.944+0000] {processor.py:176} INFO - Processing /home/airflow/.local/lib/python3.7/site-packages/airflow/example_dags/example_branch_python_dop_operator_3.py took 0.515 seconds
[2023-11-02T07:43:03.420+0000] {processor.py:154} INFO - Started process (PID=109) to work on /home/airflow/.local/lib/python3.7/site-packages/airflow/example_dags/example_branch_python_dop_operator_3.py
[2023-11-02T07:43:03.421+0000] {processor.py:756} INFO - Processing file /home/airflow/.local/lib/python3.7/site-packages/airflow/example_dags/example_branch_python_dop_operator_3.py for tasks to queue
[2023-11-02T07:43:03.422+0000] {logging_mixin.py:120} INFO - [2023-11-02T07:43:03.422+0000] {dagbag.py:537} INFO - Filling up the DagBag from /home/airflow/.local/lib/python3.7/site-packages/airflow/example_dags/example_branch_python_dop_operator_3.py
[2023-11-02T07:43:03.438+0000] {processor.py:766} INFO - DAG(s) dict_keys(['example_branch_dop_operator_v3']) retrieved from /home/airflow/.local/lib/python3.7/site-packages/airflow/example_dags/example_branch_python_dop_operator_3.py
[2023-11-02T07:43:03.464+0000] {logging_mixin.py:120} INFO - [2023-11-02T07:43:03.463+0000] {dag.py:2585} INFO - Sync 1 DAGs
[2023-11-02T07:43:03.481+0000] {logging_mixin.py:120} INFO - [2023-11-02T07:43:03.481+0000] {dag.py:3340} INFO - Setting next_dagrun for example_branch_dop_operator_v3 to 2023-11-02T07:42:00+00:00, run_after=2023-11-02T07:43:00+00:00
[2023-11-02T07:43:03.493+0000] {processor.py:176} INFO - Processing /home/airflow/.local/lib/python3.7/site-packages/airflow/example_dags/example_branch_python_dop_operator_3.py took 0.076 seconds
[2023-11-02T07:43:34.383+0000] {processor.py:154} INFO - Started process (PID=173) to work on /home/airflow/.local/lib/python3.7/site-packages/airflow/example_dags/example_branch_python_dop_operator_3.py
[2023-11-02T07:43:34.384+0000] {processor.py:756} INFO - Processing file /home/airflow/.local/lib/python3.7/site-packages/airflow/example_dags/example_branch_python_dop_operator_3.py for tasks to queue
[2023-11-02T07:43:34.384+0000] {logging_mixin.py:120} INFO - [2023-11-02T07:43:34.384+0000] {dagbag.py:537} INFO - Filling up the DagBag from /home/airflow/.local/lib/python3.7/site-packages/airflow/example_dags/example_branch_python_dop_operator_3.py
[2023-11-02T07:43:34.401+0000] {processor.py:766} INFO - DAG(s) dict_keys(['example_branch_dop_operator_v3']) retrieved from /home/airflow/.local/lib/python3.7/site-packages/airflow/example_dags/example_branch_python_dop_operator_3.py
[2023-11-02T07:43:34.425+0000] {logging_mixin.py:120} INFO - [2023-11-02T07:43:34.425+0000] {dag.py:2585} INFO - Sync 1 DAGs
[2023-11-02T07:43:34.442+0000] {logging_mixin.py:120} INFO - [2023-11-02T07:43:34.442+0000] {dag.py:3340} INFO - Setting next_dagrun for example_branch_dop_operator_v3 to 2023-11-02T07:42:00+00:00, run_after=2023-11-02T07:43:00+00:00
[2023-11-02T07:43:34.453+0000] {processor.py:176} INFO - Processing /home/airflow/.local/lib/python3.7/site-packages/airflow/example_dags/example_branch_python_dop_operator_3.py took 0.072 seconds
[2023-11-02T07:44:22.788+0000] {processor.py:154} INFO - Started process (PID=47) to work on /home/airflow/.local/lib/python3.7/site-packages/airflow/example_dags/example_branch_python_dop_operator_3.py
[2023-11-02T07:44:22.790+0000] {processor.py:756} INFO - Processing file /home/airflow/.local/lib/python3.7/site-packages/airflow/example_dags/example_branch_python_dop_operator_3.py for tasks to queue
[2023-11-02T07:44:22.791+0000] {logging_mixin.py:120} INFO - [2023-11-02T07:44:22.791+0000] {dagbag.py:537} INFO - Filling up the DagBag from /home/airflow/.local/lib/python3.7/site-packages/airflow/example_dags/example_branch_python_dop_operator_3.py
[2023-11-02T07:44:22.812+0000] {processor.py:766} INFO - DAG(s) dict_keys(['example_branch_dop_operator_v3']) retrieved from /home/airflow/.local/lib/python3.7/site-packages/airflow/example_dags/example_branch_python_dop_operator_3.py
[2023-11-02T07:44:22.837+0000] {logging_mixin.py:120} INFO - [2023-11-02T07:44:22.837+0000] {dag.py:2585} INFO - Sync 1 DAGs
[2023-11-02T07:44:22.866+0000] {logging_mixin.py:120} INFO - [2023-11-02T07:44:22.866+0000] {dag.py:3340} INFO - Setting next_dagrun for example_branch_dop_operator_v3 to 2023-11-02T07:43:00+00:00, run_after=2023-11-02T07:44:00+00:00
[2023-11-02T07:44:22.890+0000] {processor.py:176} INFO - Processing /home/airflow/.local/lib/python3.7/site-packages/airflow/example_dags/example_branch_python_dop_operator_3.py took 0.106 seconds
[2023-11-02T07:44:53.482+0000] {processor.py:154} INFO - Started process (PID=110) to work on /home/airflow/.local/lib/python3.7/site-packages/airflow/example_dags/example_branch_python_dop_operator_3.py
[2023-11-02T07:44:53.482+0000] {processor.py:756} INFO - Processing file /home/airflow/.local/lib/python3.7/site-packages/airflow/example_dags/example_branch_python_dop_operator_3.py for tasks to queue
[2023-11-02T07:44:53.483+0000] {logging_mixin.py:120} INFO - [2023-11-02T07:44:53.483+0000] {dagbag.py:537} INFO - Filling up the DagBag from /home/airflow/.local/lib/python3.7/site-packages/airflow/example_dags/example_branch_python_dop_operator_3.py
[2023-11-02T07:44:53.497+0000] {processor.py:766} INFO - DAG(s) dict_keys(['example_branch_dop_operator_v3']) retrieved from /home/airflow/.local/lib/python3.7/site-packages/airflow/example_dags/example_branch_python_dop_operator_3.py
[2023-11-02T07:44:53.520+0000] {logging_mixin.py:120} INFO - [2023-11-02T07:44:53.520+0000] {dag.py:2585} INFO - Sync 1 DAGs
[2023-11-02T07:44:53.536+0000] {logging_mixin.py:120} INFO - [2023-11-02T07:44:53.536+0000] {dag.py:3340} INFO - Setting next_dagrun for example_branch_dop_operator_v3 to 2023-11-02T07:43:00+00:00, run_after=2023-11-02T07:44:00+00:00
[2023-11-02T07:44:53.546+0000] {processor.py:176} INFO - Processing /home/airflow/.local/lib/python3.7/site-packages/airflow/example_dags/example_branch_python_dop_operator_3.py took 0.067 seconds
[2023-11-02T07:45:24.306+0000] {processor.py:154} INFO - Started process (PID=175) to work on /home/airflow/.local/lib/python3.7/site-packages/airflow/example_dags/example_branch_python_dop_operator_3.py
[2023-11-02T07:45:24.307+0000] {processor.py:756} INFO - Processing file /home/airflow/.local/lib/python3.7/site-packages/airflow/example_dags/example_branch_python_dop_operator_3.py for tasks to queue
[2023-11-02T07:45:24.309+0000] {logging_mixin.py:120} INFO - [2023-11-02T07:45:24.307+0000] {dagbag.py:537} INFO - Filling up the DagBag from /home/airflow/.local/lib/python3.7/site-packages/airflow/example_dags/example_branch_python_dop_operator_3.py
[2023-11-02T07:45:24.321+0000] {processor.py:766} INFO - DAG(s) dict_keys(['example_branch_dop_operator_v3']) retrieved from /home/airflow/.local/lib/python3.7/site-packages/airflow/example_dags/example_branch_python_dop_operator_3.py
[2023-11-02T07:45:24.343+0000] {logging_mixin.py:120} INFO - [2023-11-02T07:45:24.343+0000] {dag.py:2585} INFO - Sync 1 DAGs
[2023-11-02T07:45:24.358+0000] {logging_mixin.py:120} INFO - [2023-11-02T07:45:24.358+0000] {dag.py:3340} INFO - Setting next_dagrun for example_branch_dop_operator_v3 to 2023-11-02T07:44:00+00:00, run_after=2023-11-02T07:45:00+00:00
[2023-11-02T07:45:24.367+0000] {processor.py:176} INFO - Processing /home/airflow/.local/lib/python3.7/site-packages/airflow/example_dags/example_branch_python_dop_operator_3.py took 0.062 seconds
[2023-11-02T07:45:55.357+0000] {processor.py:154} INFO - Started process (PID=238) to work on /home/airflow/.local/lib/python3.7/site-packages/airflow/example_dags/example_branch_python_dop_operator_3.py
[2023-11-02T07:45:55.358+0000] {processor.py:756} INFO - Processing file /home/airflow/.local/lib/python3.7/site-packages/airflow/example_dags/example_branch_python_dop_operator_3.py for tasks to queue
[2023-11-02T07:45:55.358+0000] {logging_mixin.py:120} INFO - [2023-11-02T07:45:55.358+0000] {dagbag.py:537} INFO - Filling up the DagBag from /home/airflow/.local/lib/python3.7/site-packages/airflow/example_dags/example_branch_python_dop_operator_3.py
[2023-11-02T07:45:55.372+0000] {processor.py:766} INFO - DAG(s) dict_keys(['example_branch_dop_operator_v3']) retrieved from /home/airflow/.local/lib/python3.7/site-packages/airflow/example_dags/example_branch_python_dop_operator_3.py
[2023-11-02T07:45:55.396+0000] {logging_mixin.py:120} INFO - [2023-11-02T07:45:55.396+0000] {dag.py:2585} INFO - Sync 1 DAGs
[2023-11-02T07:45:55.411+0000] {logging_mixin.py:120} INFO - [2023-11-02T07:45:55.411+0000] {dag.py:3340} INFO - Setting next_dagrun for example_branch_dop_operator_v3 to 2023-11-02T07:44:00+00:00, run_after=2023-11-02T07:45:00+00:00
[2023-11-02T07:45:55.421+0000] {processor.py:176} INFO - Processing /home/airflow/.local/lib/python3.7/site-packages/airflow/example_dags/example_branch_python_dop_operator_3.py took 0.066 seconds
[2023-11-02T07:46:26.512+0000] {processor.py:154} INFO - Started process (PID=301) to work on /home/airflow/.local/lib/python3.7/site-packages/airflow/example_dags/example_branch_python_dop_operator_3.py
[2023-11-02T07:46:26.513+0000] {processor.py:756} INFO - Processing file /home/airflow/.local/lib/python3.7/site-packages/airflow/example_dags/example_branch_python_dop_operator_3.py for tasks to queue
[2023-11-02T07:46:26.513+0000] {logging_mixin.py:120} INFO - [2023-11-02T07:46:26.513+0000] {dagbag.py:537} INFO - Filling up the DagBag from /home/airflow/.local/lib/python3.7/site-packages/airflow/example_dags/example_branch_python_dop_operator_3.py
[2023-11-02T07:46:26.527+0000] {processor.py:766} INFO - DAG(s) dict_keys(['example_branch_dop_operator_v3']) retrieved from /home/airflow/.local/lib/python3.7/site-packages/airflow/example_dags/example_branch_python_dop_operator_3.py
[2023-11-02T07:46:26.551+0000] {logging_mixin.py:120} INFO - [2023-11-02T07:46:26.551+0000] {dag.py:2585} INFO - Sync 1 DAGs
[2023-11-02T07:46:26.567+0000] {logging_mixin.py:120} INFO - [2023-11-02T07:46:26.567+0000] {dag.py:3340} INFO - Setting next_dagrun for example_branch_dop_operator_v3 to 2023-11-02T07:45:00+00:00, run_after=2023-11-02T07:46:00+00:00
[2023-11-02T07:46:26.578+0000] {processor.py:176} INFO - Processing /home/airflow/.local/lib/python3.7/site-packages/airflow/example_dags/example_branch_python_dop_operator_3.py took 0.068 seconds
[2023-11-02T07:46:57.534+0000] {processor.py:154} INFO - Started process (PID=365) to work on /home/airflow/.local/lib/python3.7/site-packages/airflow/example_dags/example_branch_python_dop_operator_3.py
[2023-11-02T07:46:57.535+0000] {processor.py:756} INFO - Processing file /home/airflow/.local/lib/python3.7/site-packages/airflow/example_dags/example_branch_python_dop_operator_3.py for tasks to queue
[2023-11-02T07:46:57.537+0000] {logging_mixin.py:120} INFO - [2023-11-02T07:46:57.536+0000] {dagbag.py:537} INFO - Filling up the DagBag from /home/airflow/.local/lib/python3.7/site-packages/airflow/example_dags/example_branch_python_dop_operator_3.py
[2023-11-02T07:46:57.551+0000] {processor.py:766} INFO - DAG(s) dict_keys(['example_branch_dop_operator_v3']) retrieved from /home/airflow/.local/lib/python3.7/site-packages/airflow/example_dags/example_branch_python_dop_operator_3.py
[2023-11-02T07:46:57.582+0000] {logging_mixin.py:120} INFO - [2023-11-02T07:46:57.582+0000] {dag.py:2585} INFO - Sync 1 DAGs
[2023-11-02T07:46:57.599+0000] {logging_mixin.py:120} INFO - [2023-11-02T07:46:57.599+0000] {dag.py:3340} INFO - Setting next_dagrun for example_branch_dop_operator_v3 to 2023-11-02T07:45:00+00:00, run_after=2023-11-02T07:46:00+00:00
[2023-11-02T07:46:57.614+0000] {processor.py:176} INFO - Processing /home/airflow/.local/lib/python3.7/site-packages/airflow/example_dags/example_branch_python_dop_operator_3.py took 0.083 seconds
[2023-11-02T07:47:28.080+0000] {processor.py:154} INFO - Started process (PID=418) to work on /home/airflow/.local/lib/python3.7/site-packages/airflow/example_dags/example_branch_python_dop_operator_3.py
[2023-11-02T07:47:28.081+0000] {processor.py:756} INFO - Processing file /home/airflow/.local/lib/python3.7/site-packages/airflow/example_dags/example_branch_python_dop_operator_3.py for tasks to queue
[2023-11-02T07:47:28.082+0000] {logging_mixin.py:120} INFO - [2023-11-02T07:47:28.082+0000] {dagbag.py:537} INFO - Filling up the DagBag from /home/airflow/.local/lib/python3.7/site-packages/airflow/example_dags/example_branch_python_dop_operator_3.py
[2023-11-02T07:47:28.096+0000] {processor.py:766} INFO - DAG(s) dict_keys(['example_branch_dop_operator_v3']) retrieved from /home/airflow/.local/lib/python3.7/site-packages/airflow/example_dags/example_branch_python_dop_operator_3.py
[2023-11-02T07:47:28.118+0000] {logging_mixin.py:120} INFO - [2023-11-02T07:47:28.118+0000] {dag.py:2585} INFO - Sync 1 DAGs
[2023-11-02T07:47:28.134+0000] {logging_mixin.py:120} INFO - [2023-11-02T07:47:28.134+0000] {dag.py:3340} INFO - Setting next_dagrun for example_branch_dop_operator_v3 to 2023-11-02T07:46:00+00:00, run_after=2023-11-02T07:47:00+00:00
[2023-11-02T07:47:28.144+0000] {processor.py:176} INFO - Processing /home/airflow/.local/lib/python3.7/site-packages/airflow/example_dags/example_branch_python_dop_operator_3.py took 0.066 seconds
