[2023-11-02T07:42:31.510+0000] {processor.py:154} INFO - Started process (PID=40) to work on /home/airflow/.local/lib/python3.7/site-packages/airflow/example_dags/example_external_task_marker_dag.py
[2023-11-02T07:42:31.511+0000] {processor.py:756} INFO - Processing file /home/airflow/.local/lib/python3.7/site-packages/airflow/example_dags/example_external_task_marker_dag.py for tasks to queue
[2023-11-02T07:42:31.512+0000] {logging_mixin.py:120} INFO - [2023-11-02T07:42:31.512+0000] {dagbag.py:537} INFO - Filling up the DagBag from /home/airflow/.local/lib/python3.7/site-packages/airflow/example_dags/example_external_task_marker_dag.py
[2023-11-02T07:42:31.523+0000] {processor.py:766} INFO - DAG(s) dict_keys(['example_external_task_marker_parent', 'example_external_task_marker_child']) retrieved from /home/airflow/.local/lib/python3.7/site-packages/airflow/example_dags/example_external_task_marker_dag.py
[2023-11-02T07:42:31.604+0000] {logging_mixin.py:120} INFO - [2023-11-02T07:42:31.603+0000] {manager.py:507} INFO - Created Permission View: can delete on DAG:example_external_task_marker_parent
[2023-11-02T07:42:31.611+0000] {logging_mixin.py:120} INFO - [2023-11-02T07:42:31.611+0000] {manager.py:507} INFO - Created Permission View: can read on DAG:example_external_task_marker_parent
[2023-11-02T07:42:31.615+0000] {logging_mixin.py:120} INFO - [2023-11-02T07:42:31.615+0000] {manager.py:507} INFO - Created Permission View: can edit on DAG:example_external_task_marker_parent
[2023-11-02T07:42:31.714+0000] {logging_mixin.py:120} INFO - [2023-11-02T07:42:31.714+0000] {manager.py:507} INFO - Created Permission View: can delete on DAG:example_external_task_marker_child
[2023-11-02T07:42:31.724+0000] {logging_mixin.py:120} INFO - [2023-11-02T07:42:31.723+0000] {manager.py:507} INFO - Created Permission View: can read on DAG:example_external_task_marker_child
[2023-11-02T07:42:31.730+0000] {logging_mixin.py:120} INFO - [2023-11-02T07:42:31.730+0000] {manager.py:507} INFO - Created Permission View: can edit on DAG:example_external_task_marker_child
[2023-11-02T07:42:31.731+0000] {logging_mixin.py:120} INFO - [2023-11-02T07:42:31.731+0000] {dag.py:2585} INFO - Sync 2 DAGs
[2023-11-02T07:42:31.741+0000] {logging_mixin.py:120} INFO - [2023-11-02T07:42:31.741+0000] {dag.py:2606} INFO - Creating ORM DAG for example_external_task_marker_child
[2023-11-02T07:42:31.742+0000] {logging_mixin.py:120} INFO - [2023-11-02T07:42:31.742+0000] {dag.py:2606} INFO - Creating ORM DAG for example_external_task_marker_parent
[2023-11-02T07:42:31.752+0000] {logging_mixin.py:120} INFO - [2023-11-02T07:42:31.752+0000] {dag.py:3340} INFO - Setting next_dagrun for example_external_task_marker_child to None, run_after=None
[2023-11-02T07:42:31.753+0000] {logging_mixin.py:120} INFO - [2023-11-02T07:42:31.753+0000] {dag.py:3340} INFO - Setting next_dagrun for example_external_task_marker_parent to None, run_after=None
[2023-11-02T07:42:31.770+0000] {processor.py:176} INFO - Processing /home/airflow/.local/lib/python3.7/site-packages/airflow/example_dags/example_external_task_marker_dag.py took 0.263 seconds
[2023-11-02T07:43:02.056+0000] {processor.py:154} INFO - Started process (PID=102) to work on /home/airflow/.local/lib/python3.7/site-packages/airflow/example_dags/example_external_task_marker_dag.py
[2023-11-02T07:43:02.057+0000] {processor.py:756} INFO - Processing file /home/airflow/.local/lib/python3.7/site-packages/airflow/example_dags/example_external_task_marker_dag.py for tasks to queue
[2023-11-02T07:43:02.058+0000] {logging_mixin.py:120} INFO - [2023-11-02T07:43:02.058+0000] {dagbag.py:537} INFO - Filling up the DagBag from /home/airflow/.local/lib/python3.7/site-packages/airflow/example_dags/example_external_task_marker_dag.py
[2023-11-02T07:43:02.068+0000] {processor.py:766} INFO - DAG(s) dict_keys(['example_external_task_marker_parent', 'example_external_task_marker_child']) retrieved from /home/airflow/.local/lib/python3.7/site-packages/airflow/example_dags/example_external_task_marker_dag.py
[2023-11-02T07:43:02.180+0000] {logging_mixin.py:120} INFO - [2023-11-02T07:43:02.180+0000] {dag.py:2585} INFO - Sync 2 DAGs
[2023-11-02T07:43:02.194+0000] {logging_mixin.py:120} INFO - [2023-11-02T07:43:02.194+0000] {dag.py:3340} INFO - Setting next_dagrun for example_external_task_marker_child to None, run_after=None
[2023-11-02T07:43:02.196+0000] {logging_mixin.py:120} INFO - [2023-11-02T07:43:02.196+0000] {dag.py:3340} INFO - Setting next_dagrun for example_external_task_marker_parent to None, run_after=None
[2023-11-02T07:43:02.206+0000] {processor.py:176} INFO - Processing /home/airflow/.local/lib/python3.7/site-packages/airflow/example_dags/example_external_task_marker_dag.py took 0.153 seconds
[2023-11-02T07:43:33.011+0000] {processor.py:154} INFO - Started process (PID=166) to work on /home/airflow/.local/lib/python3.7/site-packages/airflow/example_dags/example_external_task_marker_dag.py
[2023-11-02T07:43:33.012+0000] {processor.py:756} INFO - Processing file /home/airflow/.local/lib/python3.7/site-packages/airflow/example_dags/example_external_task_marker_dag.py for tasks to queue
[2023-11-02T07:43:33.013+0000] {logging_mixin.py:120} INFO - [2023-11-02T07:43:33.013+0000] {dagbag.py:537} INFO - Filling up the DagBag from /home/airflow/.local/lib/python3.7/site-packages/airflow/example_dags/example_external_task_marker_dag.py
[2023-11-02T07:43:33.024+0000] {processor.py:766} INFO - DAG(s) dict_keys(['example_external_task_marker_child', 'example_external_task_marker_parent']) retrieved from /home/airflow/.local/lib/python3.7/site-packages/airflow/example_dags/example_external_task_marker_dag.py
[2023-11-02T07:43:33.127+0000] {logging_mixin.py:120} INFO - [2023-11-02T07:43:33.127+0000] {dag.py:2585} INFO - Sync 2 DAGs
[2023-11-02T07:43:33.144+0000] {logging_mixin.py:120} INFO - [2023-11-02T07:43:33.144+0000] {dag.py:3340} INFO - Setting next_dagrun for example_external_task_marker_child to None, run_after=None
[2023-11-02T07:43:33.146+0000] {logging_mixin.py:120} INFO - [2023-11-02T07:43:33.146+0000] {dag.py:3340} INFO - Setting next_dagrun for example_external_task_marker_parent to None, run_after=None
[2023-11-02T07:43:33.157+0000] {processor.py:176} INFO - Processing /home/airflow/.local/lib/python3.7/site-packages/airflow/example_dags/example_external_task_marker_dag.py took 0.149 seconds
[2023-11-02T07:44:22.386+0000] {processor.py:154} INFO - Started process (PID=40) to work on /home/airflow/.local/lib/python3.7/site-packages/airflow/example_dags/example_external_task_marker_dag.py
[2023-11-02T07:44:22.393+0000] {processor.py:756} INFO - Processing file /home/airflow/.local/lib/python3.7/site-packages/airflow/example_dags/example_external_task_marker_dag.py for tasks to queue
[2023-11-02T07:44:22.397+0000] {logging_mixin.py:120} INFO - [2023-11-02T07:44:22.397+0000] {dagbag.py:537} INFO - Filling up the DagBag from /home/airflow/.local/lib/python3.7/site-packages/airflow/example_dags/example_external_task_marker_dag.py
[2023-11-02T07:44:22.426+0000] {processor.py:766} INFO - DAG(s) dict_keys(['example_external_task_marker_child', 'example_external_task_marker_parent']) retrieved from /home/airflow/.local/lib/python3.7/site-packages/airflow/example_dags/example_external_task_marker_dag.py
[2023-11-02T07:44:22.451+0000] {logging_mixin.py:120} INFO - [2023-11-02T07:44:22.451+0000] {dag.py:2585} INFO - Sync 2 DAGs
[2023-11-02T07:44:22.468+0000] {logging_mixin.py:120} INFO - [2023-11-02T07:44:22.468+0000] {dag.py:3340} INFO - Setting next_dagrun for example_external_task_marker_child to None, run_after=None
[2023-11-02T07:44:22.471+0000] {logging_mixin.py:120} INFO - [2023-11-02T07:44:22.471+0000] {dag.py:3340} INFO - Setting next_dagrun for example_external_task_marker_parent to None, run_after=None
[2023-11-02T07:44:22.483+0000] {processor.py:176} INFO - Processing /home/airflow/.local/lib/python3.7/site-packages/airflow/example_dags/example_external_task_marker_dag.py took 0.102 seconds
[2023-11-02T07:44:53.180+0000] {processor.py:154} INFO - Started process (PID=103) to work on /home/airflow/.local/lib/python3.7/site-packages/airflow/example_dags/example_external_task_marker_dag.py
[2023-11-02T07:44:53.181+0000] {processor.py:756} INFO - Processing file /home/airflow/.local/lib/python3.7/site-packages/airflow/example_dags/example_external_task_marker_dag.py for tasks to queue
[2023-11-02T07:44:53.181+0000] {logging_mixin.py:120} INFO - [2023-11-02T07:44:53.181+0000] {dagbag.py:537} INFO - Filling up the DagBag from /home/airflow/.local/lib/python3.7/site-packages/airflow/example_dags/example_external_task_marker_dag.py
[2023-11-02T07:44:53.190+0000] {processor.py:766} INFO - DAG(s) dict_keys(['example_external_task_marker_parent', 'example_external_task_marker_child']) retrieved from /home/airflow/.local/lib/python3.7/site-packages/airflow/example_dags/example_external_task_marker_dag.py
[2023-11-02T07:44:53.290+0000] {logging_mixin.py:120} INFO - [2023-11-02T07:44:53.290+0000] {dag.py:2585} INFO - Sync 2 DAGs
[2023-11-02T07:44:53.303+0000] {logging_mixin.py:120} INFO - [2023-11-02T07:44:53.303+0000] {dag.py:3340} INFO - Setting next_dagrun for example_external_task_marker_child to None, run_after=None
[2023-11-02T07:44:53.305+0000] {logging_mixin.py:120} INFO - [2023-11-02T07:44:53.305+0000] {dag.py:3340} INFO - Setting next_dagrun for example_external_task_marker_parent to None, run_after=None
[2023-11-02T07:44:53.314+0000] {processor.py:176} INFO - Processing /home/airflow/.local/lib/python3.7/site-packages/airflow/example_dags/example_external_task_marker_dag.py took 0.136 seconds
[2023-11-02T07:45:23.880+0000] {processor.py:154} INFO - Started process (PID=168) to work on /home/airflow/.local/lib/python3.7/site-packages/airflow/example_dags/example_external_task_marker_dag.py
[2023-11-02T07:45:23.881+0000] {processor.py:756} INFO - Processing file /home/airflow/.local/lib/python3.7/site-packages/airflow/example_dags/example_external_task_marker_dag.py for tasks to queue
[2023-11-02T07:45:23.881+0000] {logging_mixin.py:120} INFO - [2023-11-02T07:45:23.881+0000] {dagbag.py:537} INFO - Filling up the DagBag from /home/airflow/.local/lib/python3.7/site-packages/airflow/example_dags/example_external_task_marker_dag.py
[2023-11-02T07:45:23.892+0000] {processor.py:766} INFO - DAG(s) dict_keys(['example_external_task_marker_parent', 'example_external_task_marker_child']) retrieved from /home/airflow/.local/lib/python3.7/site-packages/airflow/example_dags/example_external_task_marker_dag.py
[2023-11-02T07:45:23.988+0000] {logging_mixin.py:120} INFO - [2023-11-02T07:45:23.988+0000] {dag.py:2585} INFO - Sync 2 DAGs
[2023-11-02T07:45:24.000+0000] {logging_mixin.py:120} INFO - [2023-11-02T07:45:24.000+0000] {dag.py:3340} INFO - Setting next_dagrun for example_external_task_marker_child to None, run_after=None
[2023-11-02T07:45:24.002+0000] {logging_mixin.py:120} INFO - [2023-11-02T07:45:24.002+0000] {dag.py:3340} INFO - Setting next_dagrun for example_external_task_marker_parent to None, run_after=None
[2023-11-02T07:45:24.011+0000] {processor.py:176} INFO - Processing /home/airflow/.local/lib/python3.7/site-packages/airflow/example_dags/example_external_task_marker_dag.py took 0.133 seconds
[2023-11-02T07:45:54.999+0000] {processor.py:154} INFO - Started process (PID=231) to work on /home/airflow/.local/lib/python3.7/site-packages/airflow/example_dags/example_external_task_marker_dag.py
[2023-11-02T07:45:55.000+0000] {processor.py:756} INFO - Processing file /home/airflow/.local/lib/python3.7/site-packages/airflow/example_dags/example_external_task_marker_dag.py for tasks to queue
[2023-11-02T07:45:55.000+0000] {logging_mixin.py:120} INFO - [2023-11-02T07:45:55.000+0000] {dagbag.py:537} INFO - Filling up the DagBag from /home/airflow/.local/lib/python3.7/site-packages/airflow/example_dags/example_external_task_marker_dag.py
[2023-11-02T07:45:55.009+0000] {processor.py:766} INFO - DAG(s) dict_keys(['example_external_task_marker_parent', 'example_external_task_marker_child']) retrieved from /home/airflow/.local/lib/python3.7/site-packages/airflow/example_dags/example_external_task_marker_dag.py
[2023-11-02T07:45:55.109+0000] {logging_mixin.py:120} INFO - [2023-11-02T07:45:55.109+0000] {dag.py:2585} INFO - Sync 2 DAGs
[2023-11-02T07:45:55.121+0000] {logging_mixin.py:120} INFO - [2023-11-02T07:45:55.121+0000] {dag.py:3340} INFO - Setting next_dagrun for example_external_task_marker_child to None, run_after=None
[2023-11-02T07:45:55.123+0000] {logging_mixin.py:120} INFO - [2023-11-02T07:45:55.123+0000] {dag.py:3340} INFO - Setting next_dagrun for example_external_task_marker_parent to None, run_after=None
[2023-11-02T07:45:55.131+0000] {processor.py:176} INFO - Processing /home/airflow/.local/lib/python3.7/site-packages/airflow/example_dags/example_external_task_marker_dag.py took 0.134 seconds
[2023-11-02T07:46:26.039+0000] {processor.py:154} INFO - Started process (PID=294) to work on /home/airflow/.local/lib/python3.7/site-packages/airflow/example_dags/example_external_task_marker_dag.py
[2023-11-02T07:46:26.039+0000] {processor.py:756} INFO - Processing file /home/airflow/.local/lib/python3.7/site-packages/airflow/example_dags/example_external_task_marker_dag.py for tasks to queue
[2023-11-02T07:46:26.040+0000] {logging_mixin.py:120} INFO - [2023-11-02T07:46:26.040+0000] {dagbag.py:537} INFO - Filling up the DagBag from /home/airflow/.local/lib/python3.7/site-packages/airflow/example_dags/example_external_task_marker_dag.py
[2023-11-02T07:46:26.049+0000] {processor.py:766} INFO - DAG(s) dict_keys(['example_external_task_marker_parent', 'example_external_task_marker_child']) retrieved from /home/airflow/.local/lib/python3.7/site-packages/airflow/example_dags/example_external_task_marker_dag.py
[2023-11-02T07:46:26.147+0000] {logging_mixin.py:120} INFO - [2023-11-02T07:46:26.147+0000] {dag.py:2585} INFO - Sync 2 DAGs
[2023-11-02T07:46:26.160+0000] {logging_mixin.py:120} INFO - [2023-11-02T07:46:26.160+0000] {dag.py:3340} INFO - Setting next_dagrun for example_external_task_marker_child to None, run_after=None
[2023-11-02T07:46:26.162+0000] {logging_mixin.py:120} INFO - [2023-11-02T07:46:26.162+0000] {dag.py:3340} INFO - Setting next_dagrun for example_external_task_marker_parent to None, run_after=None
[2023-11-02T07:46:26.172+0000] {processor.py:176} INFO - Processing /home/airflow/.local/lib/python3.7/site-packages/airflow/example_dags/example_external_task_marker_dag.py took 0.135 seconds
[2023-11-02T07:46:57.157+0000] {processor.py:154} INFO - Started process (PID=348) to work on /home/airflow/.local/lib/python3.7/site-packages/airflow/example_dags/example_external_task_marker_dag.py
[2023-11-02T07:46:57.158+0000] {processor.py:756} INFO - Processing file /home/airflow/.local/lib/python3.7/site-packages/airflow/example_dags/example_external_task_marker_dag.py for tasks to queue
[2023-11-02T07:46:57.159+0000] {logging_mixin.py:120} INFO - [2023-11-02T07:46:57.159+0000] {dagbag.py:537} INFO - Filling up the DagBag from /home/airflow/.local/lib/python3.7/site-packages/airflow/example_dags/example_external_task_marker_dag.py
[2023-11-02T07:46:57.167+0000] {processor.py:766} INFO - DAG(s) dict_keys(['example_external_task_marker_parent', 'example_external_task_marker_child']) retrieved from /home/airflow/.local/lib/python3.7/site-packages/airflow/example_dags/example_external_task_marker_dag.py
[2023-11-02T07:46:57.262+0000] {logging_mixin.py:120} INFO - [2023-11-02T07:46:57.262+0000] {dag.py:2585} INFO - Sync 2 DAGs
[2023-11-02T07:46:57.277+0000] {logging_mixin.py:120} INFO - [2023-11-02T07:46:57.277+0000] {dag.py:3340} INFO - Setting next_dagrun for example_external_task_marker_child to None, run_after=None
[2023-11-02T07:46:57.279+0000] {logging_mixin.py:120} INFO - [2023-11-02T07:46:57.279+0000] {dag.py:3340} INFO - Setting next_dagrun for example_external_task_marker_parent to None, run_after=None
[2023-11-02T07:46:57.288+0000] {processor.py:176} INFO - Processing /home/airflow/.local/lib/python3.7/site-packages/airflow/example_dags/example_external_task_marker_dag.py took 0.133 seconds
[2023-11-02T07:47:27.708+0000] {processor.py:154} INFO - Started process (PID=411) to work on /home/airflow/.local/lib/python3.7/site-packages/airflow/example_dags/example_external_task_marker_dag.py
[2023-11-02T07:47:27.709+0000] {processor.py:756} INFO - Processing file /home/airflow/.local/lib/python3.7/site-packages/airflow/example_dags/example_external_task_marker_dag.py for tasks to queue
[2023-11-02T07:47:27.709+0000] {logging_mixin.py:120} INFO - [2023-11-02T07:47:27.709+0000] {dagbag.py:537} INFO - Filling up the DagBag from /home/airflow/.local/lib/python3.7/site-packages/airflow/example_dags/example_external_task_marker_dag.py
[2023-11-02T07:47:27.718+0000] {processor.py:766} INFO - DAG(s) dict_keys(['example_external_task_marker_parent', 'example_external_task_marker_child']) retrieved from /home/airflow/.local/lib/python3.7/site-packages/airflow/example_dags/example_external_task_marker_dag.py
[2023-11-02T07:47:27.823+0000] {logging_mixin.py:120} INFO - [2023-11-02T07:47:27.823+0000] {dag.py:2585} INFO - Sync 2 DAGs
[2023-11-02T07:47:27.836+0000] {logging_mixin.py:120} INFO - [2023-11-02T07:47:27.836+0000] {dag.py:3340} INFO - Setting next_dagrun for example_external_task_marker_child to None, run_after=None
[2023-11-02T07:47:27.838+0000] {logging_mixin.py:120} INFO - [2023-11-02T07:47:27.837+0000] {dag.py:3340} INFO - Setting next_dagrun for example_external_task_marker_parent to None, run_after=None
[2023-11-02T07:47:27.846+0000] {processor.py:176} INFO - Processing /home/airflow/.local/lib/python3.7/site-packages/airflow/example_dags/example_external_task_marker_dag.py took 0.140 seconds
