[2023-11-02T07:42:34.874+0000] {processor.py:154} INFO - Started process (PID=67) to work on /home/airflow/.local/lib/python3.7/site-packages/airflow/example_dags/example_nested_branch_dag.py
[2023-11-02T07:42:34.876+0000] {processor.py:756} INFO - Processing file /home/airflow/.local/lib/python3.7/site-packages/airflow/example_dags/example_nested_branch_dag.py for tasks to queue
[2023-11-02T07:42:34.877+0000] {logging_mixin.py:120} INFO - [2023-11-02T07:42:34.877+0000] {dagbag.py:537} INFO - Filling up the DagBag from /home/airflow/.local/lib/python3.7/site-packages/airflow/example_dags/example_nested_branch_dag.py
[2023-11-02T07:42:34.907+0000] {processor.py:766} INFO - DAG(s) dict_keys(['example_nested_branch_dag']) retrieved from /home/airflow/.local/lib/python3.7/site-packages/airflow/example_dags/example_nested_branch_dag.py
[2023-11-02T07:42:35.011+0000] {logging_mixin.py:120} INFO - [2023-11-02T07:42:35.011+0000] {manager.py:507} INFO - Created Permission View: can delete on DAG:example_nested_branch_dag
[2023-11-02T07:42:35.020+0000] {logging_mixin.py:120} INFO - [2023-11-02T07:42:35.020+0000] {manager.py:507} INFO - Created Permission View: can read on DAG:example_nested_branch_dag
[2023-11-02T07:42:35.026+0000] {logging_mixin.py:120} INFO - [2023-11-02T07:42:35.026+0000] {manager.py:507} INFO - Created Permission View: can edit on DAG:example_nested_branch_dag
[2023-11-02T07:42:35.026+0000] {logging_mixin.py:120} INFO - [2023-11-02T07:42:35.026+0000] {dag.py:2585} INFO - Sync 1 DAGs
[2023-11-02T07:42:35.039+0000] {logging_mixin.py:120} INFO - [2023-11-02T07:42:35.039+0000] {dag.py:2606} INFO - Creating ORM DAG for example_nested_branch_dag
[2023-11-02T07:42:35.066+0000] {logging_mixin.py:120} INFO - [2023-11-02T07:42:35.066+0000] {dag.py:3340} INFO - Setting next_dagrun for example_nested_branch_dag to 2023-11-01T00:00:00+00:00, run_after=2023-11-02T00:00:00+00:00
[2023-11-02T07:42:35.091+0000] {processor.py:176} INFO - Processing /home/airflow/.local/lib/python3.7/site-packages/airflow/example_dags/example_nested_branch_dag.py took 0.220 seconds
[2023-11-02T07:43:05.981+0000] {processor.py:154} INFO - Started process (PID=121) to work on /home/airflow/.local/lib/python3.7/site-packages/airflow/example_dags/example_nested_branch_dag.py
[2023-11-02T07:43:05.984+0000] {processor.py:756} INFO - Processing file /home/airflow/.local/lib/python3.7/site-packages/airflow/example_dags/example_nested_branch_dag.py for tasks to queue
[2023-11-02T07:43:05.985+0000] {logging_mixin.py:120} INFO - [2023-11-02T07:43:05.984+0000] {dagbag.py:537} INFO - Filling up the DagBag from /home/airflow/.local/lib/python3.7/site-packages/airflow/example_dags/example_nested_branch_dag.py
[2023-11-02T07:43:06.009+0000] {processor.py:766} INFO - DAG(s) dict_keys(['example_nested_branch_dag']) retrieved from /home/airflow/.local/lib/python3.7/site-packages/airflow/example_dags/example_nested_branch_dag.py
[2023-11-02T07:43:06.039+0000] {logging_mixin.py:120} INFO - [2023-11-02T07:43:06.039+0000] {dag.py:2585} INFO - Sync 1 DAGs
[2023-11-02T07:43:06.054+0000] {logging_mixin.py:120} INFO - [2023-11-02T07:43:06.054+0000] {dag.py:3340} INFO - Setting next_dagrun for example_nested_branch_dag to 2023-11-01T00:00:00+00:00, run_after=2023-11-02T00:00:00+00:00
[2023-11-02T07:43:06.064+0000] {processor.py:176} INFO - Processing /home/airflow/.local/lib/python3.7/site-packages/airflow/example_dags/example_nested_branch_dag.py took 0.089 seconds
[2023-11-02T07:43:36.132+0000] {processor.py:154} INFO - Started process (PID=185) to work on /home/airflow/.local/lib/python3.7/site-packages/airflow/example_dags/example_nested_branch_dag.py
[2023-11-02T07:43:36.133+0000] {processor.py:756} INFO - Processing file /home/airflow/.local/lib/python3.7/site-packages/airflow/example_dags/example_nested_branch_dag.py for tasks to queue
[2023-11-02T07:43:36.134+0000] {logging_mixin.py:120} INFO - [2023-11-02T07:43:36.134+0000] {dagbag.py:537} INFO - Filling up the DagBag from /home/airflow/.local/lib/python3.7/site-packages/airflow/example_dags/example_nested_branch_dag.py
[2023-11-02T07:43:36.172+0000] {processor.py:766} INFO - DAG(s) dict_keys(['example_nested_branch_dag']) retrieved from /home/airflow/.local/lib/python3.7/site-packages/airflow/example_dags/example_nested_branch_dag.py
[2023-11-02T07:43:36.225+0000] {logging_mixin.py:120} INFO - [2023-11-02T07:43:36.225+0000] {dag.py:2585} INFO - Sync 1 DAGs
[2023-11-02T07:43:36.252+0000] {logging_mixin.py:120} INFO - [2023-11-02T07:43:36.252+0000] {dag.py:3340} INFO - Setting next_dagrun for example_nested_branch_dag to 2023-11-01T00:00:00+00:00, run_after=2023-11-02T00:00:00+00:00
[2023-11-02T07:43:36.274+0000] {processor.py:176} INFO - Processing /home/airflow/.local/lib/python3.7/site-packages/airflow/example_dags/example_nested_branch_dag.py took 0.146 seconds
[2023-11-02T07:44:23.600+0000] {processor.py:154} INFO - Started process (PID=59) to work on /home/airflow/.local/lib/python3.7/site-packages/airflow/example_dags/example_nested_branch_dag.py
[2023-11-02T07:44:23.601+0000] {processor.py:756} INFO - Processing file /home/airflow/.local/lib/python3.7/site-packages/airflow/example_dags/example_nested_branch_dag.py for tasks to queue
[2023-11-02T07:44:23.603+0000] {logging_mixin.py:120} INFO - [2023-11-02T07:44:23.603+0000] {dagbag.py:537} INFO - Filling up the DagBag from /home/airflow/.local/lib/python3.7/site-packages/airflow/example_dags/example_nested_branch_dag.py
[2023-11-02T07:44:23.626+0000] {processor.py:766} INFO - DAG(s) dict_keys(['example_nested_branch_dag']) retrieved from /home/airflow/.local/lib/python3.7/site-packages/airflow/example_dags/example_nested_branch_dag.py
[2023-11-02T07:44:23.665+0000] {logging_mixin.py:120} INFO - [2023-11-02T07:44:23.664+0000] {dag.py:2585} INFO - Sync 1 DAGs
[2023-11-02T07:44:23.693+0000] {logging_mixin.py:120} INFO - [2023-11-02T07:44:23.693+0000] {dag.py:3340} INFO - Setting next_dagrun for example_nested_branch_dag to 2023-11-01T00:00:00+00:00, run_after=2023-11-02T00:00:00+00:00
[2023-11-02T07:44:23.720+0000] {processor.py:176} INFO - Processing /home/airflow/.local/lib/python3.7/site-packages/airflow/example_dags/example_nested_branch_dag.py took 0.125 seconds
[2023-11-02T07:44:53.953+0000] {processor.py:154} INFO - Started process (PID=122) to work on /home/airflow/.local/lib/python3.7/site-packages/airflow/example_dags/example_nested_branch_dag.py
[2023-11-02T07:44:53.953+0000] {processor.py:756} INFO - Processing file /home/airflow/.local/lib/python3.7/site-packages/airflow/example_dags/example_nested_branch_dag.py for tasks to queue
[2023-11-02T07:44:53.954+0000] {logging_mixin.py:120} INFO - [2023-11-02T07:44:53.954+0000] {dagbag.py:537} INFO - Filling up the DagBag from /home/airflow/.local/lib/python3.7/site-packages/airflow/example_dags/example_nested_branch_dag.py
[2023-11-02T07:44:53.969+0000] {processor.py:766} INFO - DAG(s) dict_keys(['example_nested_branch_dag']) retrieved from /home/airflow/.local/lib/python3.7/site-packages/airflow/example_dags/example_nested_branch_dag.py
[2023-11-02T07:44:53.992+0000] {logging_mixin.py:120} INFO - [2023-11-02T07:44:53.992+0000] {dag.py:2585} INFO - Sync 1 DAGs
[2023-11-02T07:44:54.007+0000] {logging_mixin.py:120} INFO - [2023-11-02T07:44:54.007+0000] {dag.py:3340} INFO - Setting next_dagrun for example_nested_branch_dag to 2023-11-01T00:00:00+00:00, run_after=2023-11-02T00:00:00+00:00
[2023-11-02T07:44:54.017+0000] {processor.py:176} INFO - Processing /home/airflow/.local/lib/python3.7/site-packages/airflow/example_dags/example_nested_branch_dag.py took 0.067 seconds
[2023-11-02T07:45:24.853+0000] {processor.py:154} INFO - Started process (PID=187) to work on /home/airflow/.local/lib/python3.7/site-packages/airflow/example_dags/example_nested_branch_dag.py
[2023-11-02T07:45:24.854+0000] {processor.py:756} INFO - Processing file /home/airflow/.local/lib/python3.7/site-packages/airflow/example_dags/example_nested_branch_dag.py for tasks to queue
[2023-11-02T07:45:24.855+0000] {logging_mixin.py:120} INFO - [2023-11-02T07:45:24.855+0000] {dagbag.py:537} INFO - Filling up the DagBag from /home/airflow/.local/lib/python3.7/site-packages/airflow/example_dags/example_nested_branch_dag.py
[2023-11-02T07:45:24.870+0000] {processor.py:766} INFO - DAG(s) dict_keys(['example_nested_branch_dag']) retrieved from /home/airflow/.local/lib/python3.7/site-packages/airflow/example_dags/example_nested_branch_dag.py
[2023-11-02T07:45:24.900+0000] {logging_mixin.py:120} INFO - [2023-11-02T07:45:24.900+0000] {dag.py:2585} INFO - Sync 1 DAGs
[2023-11-02T07:45:24.914+0000] {logging_mixin.py:120} INFO - [2023-11-02T07:45:24.914+0000] {dag.py:3340} INFO - Setting next_dagrun for example_nested_branch_dag to 2023-11-01T00:00:00+00:00, run_after=2023-11-02T00:00:00+00:00
[2023-11-02T07:45:24.925+0000] {processor.py:176} INFO - Processing /home/airflow/.local/lib/python3.7/site-packages/airflow/example_dags/example_nested_branch_dag.py took 0.073 seconds
[2023-11-02T07:45:55.987+0000] {processor.py:154} INFO - Started process (PID=250) to work on /home/airflow/.local/lib/python3.7/site-packages/airflow/example_dags/example_nested_branch_dag.py
[2023-11-02T07:45:55.988+0000] {processor.py:756} INFO - Processing file /home/airflow/.local/lib/python3.7/site-packages/airflow/example_dags/example_nested_branch_dag.py for tasks to queue
[2023-11-02T07:45:55.989+0000] {logging_mixin.py:120} INFO - [2023-11-02T07:45:55.989+0000] {dagbag.py:537} INFO - Filling up the DagBag from /home/airflow/.local/lib/python3.7/site-packages/airflow/example_dags/example_nested_branch_dag.py
[2023-11-02T07:45:56.004+0000] {processor.py:766} INFO - DAG(s) dict_keys(['example_nested_branch_dag']) retrieved from /home/airflow/.local/lib/python3.7/site-packages/airflow/example_dags/example_nested_branch_dag.py
[2023-11-02T07:45:56.030+0000] {logging_mixin.py:120} INFO - [2023-11-02T07:45:56.030+0000] {dag.py:2585} INFO - Sync 1 DAGs
[2023-11-02T07:45:56.044+0000] {logging_mixin.py:120} INFO - [2023-11-02T07:45:56.044+0000] {dag.py:3340} INFO - Setting next_dagrun for example_nested_branch_dag to 2023-11-01T00:00:00+00:00, run_after=2023-11-02T00:00:00+00:00
[2023-11-02T07:45:56.053+0000] {processor.py:176} INFO - Processing /home/airflow/.local/lib/python3.7/site-packages/airflow/example_dags/example_nested_branch_dag.py took 0.069 seconds
[2023-11-02T07:46:27.064+0000] {processor.py:154} INFO - Started process (PID=313) to work on /home/airflow/.local/lib/python3.7/site-packages/airflow/example_dags/example_nested_branch_dag.py
[2023-11-02T07:46:27.064+0000] {processor.py:756} INFO - Processing file /home/airflow/.local/lib/python3.7/site-packages/airflow/example_dags/example_nested_branch_dag.py for tasks to queue
[2023-11-02T07:46:27.065+0000] {logging_mixin.py:120} INFO - [2023-11-02T07:46:27.065+0000] {dagbag.py:537} INFO - Filling up the DagBag from /home/airflow/.local/lib/python3.7/site-packages/airflow/example_dags/example_nested_branch_dag.py
[2023-11-02T07:46:27.079+0000] {processor.py:766} INFO - DAG(s) dict_keys(['example_nested_branch_dag']) retrieved from /home/airflow/.local/lib/python3.7/site-packages/airflow/example_dags/example_nested_branch_dag.py
[2023-11-02T07:46:27.103+0000] {logging_mixin.py:120} INFO - [2023-11-02T07:46:27.103+0000] {dag.py:2585} INFO - Sync 1 DAGs
[2023-11-02T07:46:27.117+0000] {logging_mixin.py:120} INFO - [2023-11-02T07:46:27.117+0000] {dag.py:3340} INFO - Setting next_dagrun for example_nested_branch_dag to 2023-11-01T00:00:00+00:00, run_after=2023-11-02T00:00:00+00:00
[2023-11-02T07:46:27.129+0000] {processor.py:176} INFO - Processing /home/airflow/.local/lib/python3.7/site-packages/airflow/example_dags/example_nested_branch_dag.py took 0.068 seconds
[2023-11-02T07:46:58.194+0000] {processor.py:154} INFO - Started process (PID=377) to work on /home/airflow/.local/lib/python3.7/site-packages/airflow/example_dags/example_nested_branch_dag.py
[2023-11-02T07:46:58.195+0000] {processor.py:756} INFO - Processing file /home/airflow/.local/lib/python3.7/site-packages/airflow/example_dags/example_nested_branch_dag.py for tasks to queue
[2023-11-02T07:46:58.195+0000] {logging_mixin.py:120} INFO - [2023-11-02T07:46:58.195+0000] {dagbag.py:537} INFO - Filling up the DagBag from /home/airflow/.local/lib/python3.7/site-packages/airflow/example_dags/example_nested_branch_dag.py
[2023-11-02T07:46:58.210+0000] {processor.py:766} INFO - DAG(s) dict_keys(['example_nested_branch_dag']) retrieved from /home/airflow/.local/lib/python3.7/site-packages/airflow/example_dags/example_nested_branch_dag.py
[2023-11-02T07:46:58.236+0000] {logging_mixin.py:120} INFO - [2023-11-02T07:46:58.236+0000] {dag.py:2585} INFO - Sync 1 DAGs
[2023-11-02T07:46:58.252+0000] {logging_mixin.py:120} INFO - [2023-11-02T07:46:58.252+0000] {dag.py:3340} INFO - Setting next_dagrun for example_nested_branch_dag to 2023-11-01T00:00:00+00:00, run_after=2023-11-02T00:00:00+00:00
[2023-11-02T07:46:58.263+0000] {processor.py:176} INFO - Processing /home/airflow/.local/lib/python3.7/site-packages/airflow/example_dags/example_nested_branch_dag.py took 0.072 seconds
[2023-11-02T07:47:28.640+0000] {processor.py:154} INFO - Started process (PID=430) to work on /home/airflow/.local/lib/python3.7/site-packages/airflow/example_dags/example_nested_branch_dag.py
[2023-11-02T07:47:28.641+0000] {processor.py:756} INFO - Processing file /home/airflow/.local/lib/python3.7/site-packages/airflow/example_dags/example_nested_branch_dag.py for tasks to queue
[2023-11-02T07:47:28.641+0000] {logging_mixin.py:120} INFO - [2023-11-02T07:47:28.641+0000] {dagbag.py:537} INFO - Filling up the DagBag from /home/airflow/.local/lib/python3.7/site-packages/airflow/example_dags/example_nested_branch_dag.py
[2023-11-02T07:47:28.655+0000] {processor.py:766} INFO - DAG(s) dict_keys(['example_nested_branch_dag']) retrieved from /home/airflow/.local/lib/python3.7/site-packages/airflow/example_dags/example_nested_branch_dag.py
[2023-11-02T07:47:28.680+0000] {logging_mixin.py:120} INFO - [2023-11-02T07:47:28.680+0000] {dag.py:2585} INFO - Sync 1 DAGs
[2023-11-02T07:47:28.694+0000] {logging_mixin.py:120} INFO - [2023-11-02T07:47:28.694+0000] {dag.py:3340} INFO - Setting next_dagrun for example_nested_branch_dag to 2023-11-01T00:00:00+00:00, run_after=2023-11-02T00:00:00+00:00
[2023-11-02T07:47:28.704+0000] {processor.py:176} INFO - Processing /home/airflow/.local/lib/python3.7/site-packages/airflow/example_dags/example_nested_branch_dag.py took 0.066 seconds
