[2023-11-02T07:42:35.129+0000] {processor.py:154} INFO - Started process (PID=68) to work on /home/airflow/.local/lib/python3.7/site-packages/airflow/example_dags/example_xcom.py
[2023-11-02T07:42:35.131+0000] {processor.py:756} INFO - Processing file /home/airflow/.local/lib/python3.7/site-packages/airflow/example_dags/example_xcom.py for tasks to queue
[2023-11-02T07:42:35.132+0000] {logging_mixin.py:120} INFO - [2023-11-02T07:42:35.132+0000] {dagbag.py:537} INFO - Filling up the DagBag from /home/airflow/.local/lib/python3.7/site-packages/airflow/example_dags/example_xcom.py
[2023-11-02T07:42:35.165+0000] {processor.py:766} INFO - DAG(s) dict_keys(['example_xcom']) retrieved from /home/airflow/.local/lib/python3.7/site-packages/airflow/example_dags/example_xcom.py
[2023-11-02T07:42:35.382+0000] {logging_mixin.py:120} INFO - [2023-11-02T07:42:35.382+0000] {manager.py:507} INFO - Created Permission View: can delete on DAG:example_xcom
[2023-11-02T07:42:35.388+0000] {logging_mixin.py:120} INFO - [2023-11-02T07:42:35.388+0000] {manager.py:507} INFO - Created Permission View: can read on DAG:example_xcom
[2023-11-02T07:42:35.395+0000] {logging_mixin.py:120} INFO - [2023-11-02T07:42:35.395+0000] {manager.py:507} INFO - Created Permission View: can edit on DAG:example_xcom
[2023-11-02T07:42:35.396+0000] {logging_mixin.py:120} INFO - [2023-11-02T07:42:35.396+0000] {dag.py:2585} INFO - Sync 1 DAGs
[2023-11-02T07:42:35.424+0000] {logging_mixin.py:120} INFO - [2023-11-02T07:42:35.424+0000] {dag.py:2606} INFO - Creating ORM DAG for example_xcom
[2023-11-02T07:42:35.442+0000] {logging_mixin.py:120} INFO - [2023-11-02T07:42:35.442+0000] {dag.py:3340} INFO - Setting next_dagrun for example_xcom to 2021-01-01T00:00:00+00:00, run_after=2021-01-01T00:00:00+00:00
[2023-11-02T07:42:35.463+0000] {processor.py:176} INFO - Processing /home/airflow/.local/lib/python3.7/site-packages/airflow/example_dags/example_xcom.py took 0.339 seconds
[2023-11-02T07:43:05.986+0000] {processor.py:154} INFO - Started process (PID=122) to work on /home/airflow/.local/lib/python3.7/site-packages/airflow/example_dags/example_xcom.py
[2023-11-02T07:43:05.987+0000] {processor.py:756} INFO - Processing file /home/airflow/.local/lib/python3.7/site-packages/airflow/example_dags/example_xcom.py for tasks to queue
[2023-11-02T07:43:05.988+0000] {logging_mixin.py:120} INFO - [2023-11-02T07:43:05.988+0000] {dagbag.py:537} INFO - Filling up the DagBag from /home/airflow/.local/lib/python3.7/site-packages/airflow/example_dags/example_xcom.py
[2023-11-02T07:43:06.009+0000] {processor.py:766} INFO - DAG(s) dict_keys(['example_xcom']) retrieved from /home/airflow/.local/lib/python3.7/site-packages/airflow/example_dags/example_xcom.py
[2023-11-02T07:43:06.039+0000] {logging_mixin.py:120} INFO - [2023-11-02T07:43:06.038+0000] {dag.py:2585} INFO - Sync 1 DAGs
[2023-11-02T07:43:06.053+0000] {logging_mixin.py:120} INFO - [2023-11-02T07:43:06.053+0000] {dag.py:3340} INFO - Setting next_dagrun for example_xcom to 2021-01-01T00:00:00+00:00, run_after=2021-01-01T00:00:00+00:00
[2023-11-02T07:43:06.064+0000] {processor.py:176} INFO - Processing /home/airflow/.local/lib/python3.7/site-packages/airflow/example_dags/example_xcom.py took 0.083 seconds
[2023-11-02T07:43:36.159+0000] {processor.py:154} INFO - Started process (PID=186) to work on /home/airflow/.local/lib/python3.7/site-packages/airflow/example_dags/example_xcom.py
[2023-11-02T07:43:36.161+0000] {processor.py:756} INFO - Processing file /home/airflow/.local/lib/python3.7/site-packages/airflow/example_dags/example_xcom.py for tasks to queue
[2023-11-02T07:43:36.162+0000] {logging_mixin.py:120} INFO - [2023-11-02T07:43:36.162+0000] {dagbag.py:537} INFO - Filling up the DagBag from /home/airflow/.local/lib/python3.7/site-packages/airflow/example_dags/example_xcom.py
[2023-11-02T07:43:36.198+0000] {processor.py:766} INFO - DAG(s) dict_keys(['example_xcom']) retrieved from /home/airflow/.local/lib/python3.7/site-packages/airflow/example_dags/example_xcom.py
[2023-11-02T07:43:36.261+0000] {logging_mixin.py:120} INFO - [2023-11-02T07:43:36.261+0000] {dag.py:2585} INFO - Sync 1 DAGs
[2023-11-02T07:43:36.359+0000] {logging_mixin.py:120} INFO - [2023-11-02T07:43:36.358+0000] {dag.py:3340} INFO - Setting next_dagrun for example_xcom to 2021-01-01T00:00:00+00:00, run_after=2021-01-01T00:00:00+00:00
[2023-11-02T07:43:36.417+0000] {processor.py:176} INFO - Processing /home/airflow/.local/lib/python3.7/site-packages/airflow/example_dags/example_xcom.py took 0.263 seconds
[2023-11-02T07:44:23.636+0000] {processor.py:154} INFO - Started process (PID=60) to work on /home/airflow/.local/lib/python3.7/site-packages/airflow/example_dags/example_xcom.py
[2023-11-02T07:44:23.638+0000] {processor.py:756} INFO - Processing file /home/airflow/.local/lib/python3.7/site-packages/airflow/example_dags/example_xcom.py for tasks to queue
[2023-11-02T07:44:23.639+0000] {logging_mixin.py:120} INFO - [2023-11-02T07:44:23.639+0000] {dagbag.py:537} INFO - Filling up the DagBag from /home/airflow/.local/lib/python3.7/site-packages/airflow/example_dags/example_xcom.py
[2023-11-02T07:44:23.671+0000] {processor.py:766} INFO - DAG(s) dict_keys(['example_xcom']) retrieved from /home/airflow/.local/lib/python3.7/site-packages/airflow/example_dags/example_xcom.py
[2023-11-02T07:44:23.706+0000] {logging_mixin.py:120} INFO - [2023-11-02T07:44:23.705+0000] {dag.py:2585} INFO - Sync 1 DAGs
[2023-11-02T07:44:23.737+0000] {logging_mixin.py:120} INFO - [2023-11-02T07:44:23.737+0000] {dag.py:3340} INFO - Setting next_dagrun for example_xcom to 2021-01-01T00:00:00+00:00, run_after=2021-01-01T00:00:00+00:00
[2023-11-02T07:44:23.761+0000] {processor.py:176} INFO - Processing /home/airflow/.local/lib/python3.7/site-packages/airflow/example_dags/example_xcom.py took 0.130 seconds
[2023-11-02T07:44:54.013+0000] {processor.py:154} INFO - Started process (PID=123) to work on /home/airflow/.local/lib/python3.7/site-packages/airflow/example_dags/example_xcom.py
[2023-11-02T07:44:54.014+0000] {processor.py:756} INFO - Processing file /home/airflow/.local/lib/python3.7/site-packages/airflow/example_dags/example_xcom.py for tasks to queue
[2023-11-02T07:44:54.014+0000] {logging_mixin.py:120} INFO - [2023-11-02T07:44:54.014+0000] {dagbag.py:537} INFO - Filling up the DagBag from /home/airflow/.local/lib/python3.7/site-packages/airflow/example_dags/example_xcom.py
[2023-11-02T07:44:54.028+0000] {processor.py:766} INFO - DAG(s) dict_keys(['example_xcom']) retrieved from /home/airflow/.local/lib/python3.7/site-packages/airflow/example_dags/example_xcom.py
[2023-11-02T07:44:54.052+0000] {logging_mixin.py:120} INFO - [2023-11-02T07:44:54.052+0000] {dag.py:2585} INFO - Sync 1 DAGs
[2023-11-02T07:44:54.066+0000] {logging_mixin.py:120} INFO - [2023-11-02T07:44:54.066+0000] {dag.py:3340} INFO - Setting next_dagrun for example_xcom to 2021-01-01T00:00:00+00:00, run_after=2021-01-01T00:00:00+00:00
[2023-11-02T07:44:54.075+0000] {processor.py:176} INFO - Processing /home/airflow/.local/lib/python3.7/site-packages/airflow/example_dags/example_xcom.py took 0.064 seconds
[2023-11-02T07:45:24.941+0000] {processor.py:154} INFO - Started process (PID=188) to work on /home/airflow/.local/lib/python3.7/site-packages/airflow/example_dags/example_xcom.py
[2023-11-02T07:45:24.942+0000] {processor.py:756} INFO - Processing file /home/airflow/.local/lib/python3.7/site-packages/airflow/example_dags/example_xcom.py for tasks to queue
[2023-11-02T07:45:24.943+0000] {logging_mixin.py:120} INFO - [2023-11-02T07:45:24.943+0000] {dagbag.py:537} INFO - Filling up the DagBag from /home/airflow/.local/lib/python3.7/site-packages/airflow/example_dags/example_xcom.py
[2023-11-02T07:45:24.957+0000] {processor.py:766} INFO - DAG(s) dict_keys(['example_xcom']) retrieved from /home/airflow/.local/lib/python3.7/site-packages/airflow/example_dags/example_xcom.py
[2023-11-02T07:45:24.983+0000] {logging_mixin.py:120} INFO - [2023-11-02T07:45:24.983+0000] {dag.py:2585} INFO - Sync 1 DAGs
[2023-11-02T07:45:24.997+0000] {logging_mixin.py:120} INFO - [2023-11-02T07:45:24.997+0000] {dag.py:3340} INFO - Setting next_dagrun for example_xcom to 2021-01-01T00:00:00+00:00, run_after=2021-01-01T00:00:00+00:00
[2023-11-02T07:45:25.008+0000] {processor.py:176} INFO - Processing /home/airflow/.local/lib/python3.7/site-packages/airflow/example_dags/example_xcom.py took 0.069 seconds
[2023-11-02T07:45:55.993+0000] {processor.py:154} INFO - Started process (PID=251) to work on /home/airflow/.local/lib/python3.7/site-packages/airflow/example_dags/example_xcom.py
[2023-11-02T07:45:55.994+0000] {processor.py:756} INFO - Processing file /home/airflow/.local/lib/python3.7/site-packages/airflow/example_dags/example_xcom.py for tasks to queue
[2023-11-02T07:45:55.994+0000] {logging_mixin.py:120} INFO - [2023-11-02T07:45:55.994+0000] {dagbag.py:537} INFO - Filling up the DagBag from /home/airflow/.local/lib/python3.7/site-packages/airflow/example_dags/example_xcom.py
[2023-11-02T07:45:56.007+0000] {processor.py:766} INFO - DAG(s) dict_keys(['example_xcom']) retrieved from /home/airflow/.local/lib/python3.7/site-packages/airflow/example_dags/example_xcom.py
[2023-11-02T07:45:56.030+0000] {logging_mixin.py:120} INFO - [2023-11-02T07:45:56.030+0000] {dag.py:2585} INFO - Sync 1 DAGs
[2023-11-02T07:45:56.043+0000] {logging_mixin.py:120} INFO - [2023-11-02T07:45:56.043+0000] {dag.py:3340} INFO - Setting next_dagrun for example_xcom to 2021-01-01T00:00:00+00:00, run_after=2021-01-01T00:00:00+00:00
[2023-11-02T07:45:56.053+0000] {processor.py:176} INFO - Processing /home/airflow/.local/lib/python3.7/site-packages/airflow/example_dags/example_xcom.py took 0.063 seconds
[2023-11-02T07:46:27.133+0000] {processor.py:154} INFO - Started process (PID=314) to work on /home/airflow/.local/lib/python3.7/site-packages/airflow/example_dags/example_xcom.py
[2023-11-02T07:46:27.134+0000] {processor.py:756} INFO - Processing file /home/airflow/.local/lib/python3.7/site-packages/airflow/example_dags/example_xcom.py for tasks to queue
[2023-11-02T07:46:27.134+0000] {logging_mixin.py:120} INFO - [2023-11-02T07:46:27.134+0000] {dagbag.py:537} INFO - Filling up the DagBag from /home/airflow/.local/lib/python3.7/site-packages/airflow/example_dags/example_xcom.py
[2023-11-02T07:46:27.149+0000] {processor.py:766} INFO - DAG(s) dict_keys(['example_xcom']) retrieved from /home/airflow/.local/lib/python3.7/site-packages/airflow/example_dags/example_xcom.py
[2023-11-02T07:46:27.176+0000] {logging_mixin.py:120} INFO - [2023-11-02T07:46:27.176+0000] {dag.py:2585} INFO - Sync 1 DAGs
[2023-11-02T07:46:27.190+0000] {logging_mixin.py:120} INFO - [2023-11-02T07:46:27.190+0000] {dag.py:3340} INFO - Setting next_dagrun for example_xcom to 2021-01-01T00:00:00+00:00, run_after=2021-01-01T00:00:00+00:00
[2023-11-02T07:46:27.201+0000] {processor.py:176} INFO - Processing /home/airflow/.local/lib/python3.7/site-packages/airflow/example_dags/example_xcom.py took 0.070 seconds
[2023-11-02T07:46:58.247+0000] {processor.py:154} INFO - Started process (PID=378) to work on /home/airflow/.local/lib/python3.7/site-packages/airflow/example_dags/example_xcom.py
[2023-11-02T07:46:58.248+0000] {processor.py:756} INFO - Processing file /home/airflow/.local/lib/python3.7/site-packages/airflow/example_dags/example_xcom.py for tasks to queue
[2023-11-02T07:46:58.249+0000] {logging_mixin.py:120} INFO - [2023-11-02T07:46:58.249+0000] {dagbag.py:537} INFO - Filling up the DagBag from /home/airflow/.local/lib/python3.7/site-packages/airflow/example_dags/example_xcom.py
[2023-11-02T07:46:58.263+0000] {processor.py:766} INFO - DAG(s) dict_keys(['example_xcom']) retrieved from /home/airflow/.local/lib/python3.7/site-packages/airflow/example_dags/example_xcom.py
[2023-11-02T07:46:58.290+0000] {logging_mixin.py:120} INFO - [2023-11-02T07:46:58.290+0000] {dag.py:2585} INFO - Sync 1 DAGs
[2023-11-02T07:46:58.305+0000] {logging_mixin.py:120} INFO - [2023-11-02T07:46:58.305+0000] {dag.py:3340} INFO - Setting next_dagrun for example_xcom to 2021-01-01T00:00:00+00:00, run_after=2021-01-01T00:00:00+00:00
[2023-11-02T07:46:58.316+0000] {processor.py:176} INFO - Processing /home/airflow/.local/lib/python3.7/site-packages/airflow/example_dags/example_xcom.py took 0.072 seconds
[2023-11-02T07:47:28.719+0000] {processor.py:154} INFO - Started process (PID=431) to work on /home/airflow/.local/lib/python3.7/site-packages/airflow/example_dags/example_xcom.py
[2023-11-02T07:47:28.720+0000] {processor.py:756} INFO - Processing file /home/airflow/.local/lib/python3.7/site-packages/airflow/example_dags/example_xcom.py for tasks to queue
[2023-11-02T07:47:28.720+0000] {logging_mixin.py:120} INFO - [2023-11-02T07:47:28.720+0000] {dagbag.py:537} INFO - Filling up the DagBag from /home/airflow/.local/lib/python3.7/site-packages/airflow/example_dags/example_xcom.py
[2023-11-02T07:47:28.734+0000] {processor.py:766} INFO - DAG(s) dict_keys(['example_xcom']) retrieved from /home/airflow/.local/lib/python3.7/site-packages/airflow/example_dags/example_xcom.py
[2023-11-02T07:47:28.758+0000] {logging_mixin.py:120} INFO - [2023-11-02T07:47:28.758+0000] {dag.py:2585} INFO - Sync 1 DAGs
[2023-11-02T07:47:28.771+0000] {logging_mixin.py:120} INFO - [2023-11-02T07:47:28.771+0000] {dag.py:3340} INFO - Setting next_dagrun for example_xcom to 2021-01-01T00:00:00+00:00, run_after=2021-01-01T00:00:00+00:00
[2023-11-02T07:47:28.782+0000] {processor.py:176} INFO - Processing /home/airflow/.local/lib/python3.7/site-packages/airflow/example_dags/example_xcom.py took 0.064 seconds
