[2023-11-02T07:42:36.239+0000] {processor.py:154} INFO - Started process (PID=77) to work on /home/airflow/.local/lib/python3.7/site-packages/airflow/example_dags/example_python_operator.py
[2023-11-02T07:42:36.240+0000] {processor.py:756} INFO - Processing file /home/airflow/.local/lib/python3.7/site-packages/airflow/example_dags/example_python_operator.py for tasks to queue
[2023-11-02T07:42:36.241+0000] {logging_mixin.py:120} INFO - [2023-11-02T07:42:36.241+0000] {dagbag.py:537} INFO - Filling up the DagBag from /home/airflow/.local/lib/python3.7/site-packages/airflow/example_dags/example_python_operator.py
[2023-11-02T07:42:36.252+0000] {logging_mixin.py:120} INFO - [2023-11-02T07:42:36.252+0000] {taskmixin.py:205} WARNING - Dependency <Task(_PythonDecoratedOperator): print_the_context>, log_sql_query already registered for DAG: example_python_operator
[2023-11-02T07:42:36.253+0000] {logging_mixin.py:120} INFO - [2023-11-02T07:42:36.253+0000] {taskmixin.py:205} WARNING - Dependency <Task(_PythonDecoratedOperator): log_sql_query>, print_the_context already registered for DAG: example_python_operator
[2023-11-02T07:42:36.253+0000] {logging_mixin.py:120} INFO - [2023-11-02T07:42:36.253+0000] {taskmixin.py:205} WARNING - Dependency <Task(_PythonDecoratedOperator): print_the_context>, log_sql_query already registered for DAG: example_python_operator
[2023-11-02T07:42:36.253+0000] {logging_mixin.py:120} INFO - [2023-11-02T07:42:36.253+0000] {taskmixin.py:205} WARNING - Dependency <Task(_PythonDecoratedOperator): log_sql_query>, print_the_context already registered for DAG: example_python_operator
[2023-11-02T07:42:36.254+0000] {logging_mixin.py:120} INFO - [2023-11-02T07:42:36.254+0000] {taskmixin.py:205} WARNING - Dependency <Task(_PythonDecoratedOperator): print_the_context>, log_sql_query already registered for DAG: example_python_operator
[2023-11-02T07:42:36.254+0000] {logging_mixin.py:120} INFO - [2023-11-02T07:42:36.254+0000] {taskmixin.py:205} WARNING - Dependency <Task(_PythonDecoratedOperator): log_sql_query>, print_the_context already registered for DAG: example_python_operator
[2023-11-02T07:42:36.254+0000] {logging_mixin.py:120} INFO - [2023-11-02T07:42:36.254+0000] {taskmixin.py:205} WARNING - Dependency <Task(_PythonDecoratedOperator): print_the_context>, log_sql_query already registered for DAG: example_python_operator
[2023-11-02T07:42:36.255+0000] {logging_mixin.py:120} INFO - [2023-11-02T07:42:36.255+0000] {taskmixin.py:205} WARNING - Dependency <Task(_PythonDecoratedOperator): log_sql_query>, print_the_context already registered for DAG: example_python_operator
[2023-11-02T07:42:36.259+0000] {processor.py:766} INFO - DAG(s) dict_keys(['example_python_operator']) retrieved from /home/airflow/.local/lib/python3.7/site-packages/airflow/example_dags/example_python_operator.py
[2023-11-02T07:42:36.351+0000] {logging_mixin.py:120} INFO - [2023-11-02T07:42:36.351+0000] {manager.py:507} INFO - Created Permission View: can delete on DAG:example_python_operator
[2023-11-02T07:42:36.358+0000] {logging_mixin.py:120} INFO - [2023-11-02T07:42:36.357+0000] {manager.py:507} INFO - Created Permission View: can read on DAG:example_python_operator
[2023-11-02T07:42:36.362+0000] {logging_mixin.py:120} INFO - [2023-11-02T07:42:36.362+0000] {manager.py:507} INFO - Created Permission View: can edit on DAG:example_python_operator
[2023-11-02T07:42:36.363+0000] {logging_mixin.py:120} INFO - [2023-11-02T07:42:36.363+0000] {dag.py:2585} INFO - Sync 1 DAGs
[2023-11-02T07:42:36.371+0000] {logging_mixin.py:120} INFO - [2023-11-02T07:42:36.371+0000] {dag.py:2606} INFO - Creating ORM DAG for example_python_operator
[2023-11-02T07:42:36.380+0000] {logging_mixin.py:120} INFO - [2023-11-02T07:42:36.380+0000] {dag.py:3340} INFO - Setting next_dagrun for example_python_operator to None, run_after=None
[2023-11-02T07:42:36.392+0000] {processor.py:176} INFO - Processing /home/airflow/.local/lib/python3.7/site-packages/airflow/example_dags/example_python_operator.py took 0.155 seconds
[2023-11-02T07:43:06.530+0000] {processor.py:154} INFO - Started process (PID=131) to work on /home/airflow/.local/lib/python3.7/site-packages/airflow/example_dags/example_python_operator.py
[2023-11-02T07:43:06.531+0000] {processor.py:756} INFO - Processing file /home/airflow/.local/lib/python3.7/site-packages/airflow/example_dags/example_python_operator.py for tasks to queue
[2023-11-02T07:43:06.532+0000] {logging_mixin.py:120} INFO - [2023-11-02T07:43:06.532+0000] {dagbag.py:537} INFO - Filling up the DagBag from /home/airflow/.local/lib/python3.7/site-packages/airflow/example_dags/example_python_operator.py
[2023-11-02T07:43:06.543+0000] {logging_mixin.py:120} INFO - [2023-11-02T07:43:06.542+0000] {taskmixin.py:205} WARNING - Dependency <Task(_PythonDecoratedOperator): print_the_context>, log_sql_query already registered for DAG: example_python_operator
[2023-11-02T07:43:06.543+0000] {logging_mixin.py:120} INFO - [2023-11-02T07:43:06.543+0000] {taskmixin.py:205} WARNING - Dependency <Task(_PythonDecoratedOperator): log_sql_query>, print_the_context already registered for DAG: example_python_operator
[2023-11-02T07:43:06.543+0000] {logging_mixin.py:120} INFO - [2023-11-02T07:43:06.543+0000] {taskmixin.py:205} WARNING - Dependency <Task(_PythonDecoratedOperator): print_the_context>, log_sql_query already registered for DAG: example_python_operator
[2023-11-02T07:43:06.544+0000] {logging_mixin.py:120} INFO - [2023-11-02T07:43:06.544+0000] {taskmixin.py:205} WARNING - Dependency <Task(_PythonDecoratedOperator): log_sql_query>, print_the_context already registered for DAG: example_python_operator
[2023-11-02T07:43:06.544+0000] {logging_mixin.py:120} INFO - [2023-11-02T07:43:06.544+0000] {taskmixin.py:205} WARNING - Dependency <Task(_PythonDecoratedOperator): print_the_context>, log_sql_query already registered for DAG: example_python_operator
[2023-11-02T07:43:06.544+0000] {logging_mixin.py:120} INFO - [2023-11-02T07:43:06.544+0000] {taskmixin.py:205} WARNING - Dependency <Task(_PythonDecoratedOperator): log_sql_query>, print_the_context already registered for DAG: example_python_operator
[2023-11-02T07:43:06.545+0000] {logging_mixin.py:120} INFO - [2023-11-02T07:43:06.544+0000] {taskmixin.py:205} WARNING - Dependency <Task(_PythonDecoratedOperator): print_the_context>, log_sql_query already registered for DAG: example_python_operator
[2023-11-02T07:43:06.545+0000] {logging_mixin.py:120} INFO - [2023-11-02T07:43:06.545+0000] {taskmixin.py:205} WARNING - Dependency <Task(_PythonDecoratedOperator): log_sql_query>, print_the_context already registered for DAG: example_python_operator
[2023-11-02T07:43:06.549+0000] {processor.py:766} INFO - DAG(s) dict_keys(['example_python_operator']) retrieved from /home/airflow/.local/lib/python3.7/site-packages/airflow/example_dags/example_python_operator.py
[2023-11-02T07:43:06.580+0000] {logging_mixin.py:120} INFO - [2023-11-02T07:43:06.580+0000] {dag.py:2585} INFO - Sync 1 DAGs
[2023-11-02T07:43:06.595+0000] {logging_mixin.py:120} INFO - [2023-11-02T07:43:06.595+0000] {dag.py:3340} INFO - Setting next_dagrun for example_python_operator to None, run_after=None
[2023-11-02T07:43:06.606+0000] {processor.py:176} INFO - Processing /home/airflow/.local/lib/python3.7/site-packages/airflow/example_dags/example_python_operator.py took 0.078 seconds
[2023-11-02T07:43:37.362+0000] {processor.py:154} INFO - Started process (PID=195) to work on /home/airflow/.local/lib/python3.7/site-packages/airflow/example_dags/example_python_operator.py
[2023-11-02T07:43:37.366+0000] {processor.py:756} INFO - Processing file /home/airflow/.local/lib/python3.7/site-packages/airflow/example_dags/example_python_operator.py for tasks to queue
[2023-11-02T07:43:37.368+0000] {logging_mixin.py:120} INFO - [2023-11-02T07:43:37.367+0000] {dagbag.py:537} INFO - Filling up the DagBag from /home/airflow/.local/lib/python3.7/site-packages/airflow/example_dags/example_python_operator.py
[2023-11-02T07:43:37.381+0000] {logging_mixin.py:120} INFO - [2023-11-02T07:43:37.380+0000] {taskmixin.py:205} WARNING - Dependency <Task(_PythonDecoratedOperator): print_the_context>, log_sql_query already registered for DAG: example_python_operator
[2023-11-02T07:43:37.381+0000] {logging_mixin.py:120} INFO - [2023-11-02T07:43:37.381+0000] {taskmixin.py:205} WARNING - Dependency <Task(_PythonDecoratedOperator): log_sql_query>, print_the_context already registered for DAG: example_python_operator
[2023-11-02T07:43:37.385+0000] {logging_mixin.py:120} INFO - [2023-11-02T07:43:37.385+0000] {taskmixin.py:205} WARNING - Dependency <Task(_PythonDecoratedOperator): print_the_context>, log_sql_query already registered for DAG: example_python_operator
[2023-11-02T07:43:37.386+0000] {logging_mixin.py:120} INFO - [2023-11-02T07:43:37.386+0000] {taskmixin.py:205} WARNING - Dependency <Task(_PythonDecoratedOperator): log_sql_query>, print_the_context already registered for DAG: example_python_operator
[2023-11-02T07:43:37.386+0000] {logging_mixin.py:120} INFO - [2023-11-02T07:43:37.386+0000] {taskmixin.py:205} WARNING - Dependency <Task(_PythonDecoratedOperator): print_the_context>, log_sql_query already registered for DAG: example_python_operator
[2023-11-02T07:43:37.386+0000] {logging_mixin.py:120} INFO - [2023-11-02T07:43:37.386+0000] {taskmixin.py:205} WARNING - Dependency <Task(_PythonDecoratedOperator): log_sql_query>, print_the_context already registered for DAG: example_python_operator
[2023-11-02T07:43:37.387+0000] {logging_mixin.py:120} INFO - [2023-11-02T07:43:37.387+0000] {taskmixin.py:205} WARNING - Dependency <Task(_PythonDecoratedOperator): print_the_context>, log_sql_query already registered for DAG: example_python_operator
[2023-11-02T07:43:37.387+0000] {logging_mixin.py:120} INFO - [2023-11-02T07:43:37.387+0000] {taskmixin.py:205} WARNING - Dependency <Task(_PythonDecoratedOperator): log_sql_query>, print_the_context already registered for DAG: example_python_operator
[2023-11-02T07:43:37.393+0000] {processor.py:766} INFO - DAG(s) dict_keys(['example_python_operator']) retrieved from /home/airflow/.local/lib/python3.7/site-packages/airflow/example_dags/example_python_operator.py
[2023-11-02T07:43:37.428+0000] {logging_mixin.py:120} INFO - [2023-11-02T07:43:37.428+0000] {dag.py:2585} INFO - Sync 1 DAGs
[2023-11-02T07:43:37.444+0000] {logging_mixin.py:120} INFO - [2023-11-02T07:43:37.444+0000] {dag.py:3340} INFO - Setting next_dagrun for example_python_operator to None, run_after=None
[2023-11-02T07:43:37.466+0000] {processor.py:176} INFO - Processing /home/airflow/.local/lib/python3.7/site-packages/airflow/example_dags/example_python_operator.py took 0.106 seconds
[2023-11-02T07:44:24.533+0000] {processor.py:154} INFO - Started process (PID=69) to work on /home/airflow/.local/lib/python3.7/site-packages/airflow/example_dags/example_python_operator.py
[2023-11-02T07:44:24.534+0000] {processor.py:756} INFO - Processing file /home/airflow/.local/lib/python3.7/site-packages/airflow/example_dags/example_python_operator.py for tasks to queue
[2023-11-02T07:44:24.536+0000] {logging_mixin.py:120} INFO - [2023-11-02T07:44:24.536+0000] {dagbag.py:537} INFO - Filling up the DagBag from /home/airflow/.local/lib/python3.7/site-packages/airflow/example_dags/example_python_operator.py
[2023-11-02T07:44:24.556+0000] {logging_mixin.py:120} INFO - [2023-11-02T07:44:24.555+0000] {taskmixin.py:205} WARNING - Dependency <Task(_PythonDecoratedOperator): print_the_context>, log_sql_query already registered for DAG: example_python_operator
[2023-11-02T07:44:24.557+0000] {logging_mixin.py:120} INFO - [2023-11-02T07:44:24.556+0000] {taskmixin.py:205} WARNING - Dependency <Task(_PythonDecoratedOperator): log_sql_query>, print_the_context already registered for DAG: example_python_operator
[2023-11-02T07:44:24.558+0000] {logging_mixin.py:120} INFO - [2023-11-02T07:44:24.558+0000] {taskmixin.py:205} WARNING - Dependency <Task(_PythonDecoratedOperator): print_the_context>, log_sql_query already registered for DAG: example_python_operator
[2023-11-02T07:44:24.559+0000] {logging_mixin.py:120} INFO - [2023-11-02T07:44:24.559+0000] {taskmixin.py:205} WARNING - Dependency <Task(_PythonDecoratedOperator): log_sql_query>, print_the_context already registered for DAG: example_python_operator
[2023-11-02T07:44:24.561+0000] {logging_mixin.py:120} INFO - [2023-11-02T07:44:24.561+0000] {taskmixin.py:205} WARNING - Dependency <Task(_PythonDecoratedOperator): print_the_context>, log_sql_query already registered for DAG: example_python_operator
[2023-11-02T07:44:24.562+0000] {logging_mixin.py:120} INFO - [2023-11-02T07:44:24.562+0000] {taskmixin.py:205} WARNING - Dependency <Task(_PythonDecoratedOperator): log_sql_query>, print_the_context already registered for DAG: example_python_operator
[2023-11-02T07:44:24.564+0000] {logging_mixin.py:120} INFO - [2023-11-02T07:44:24.564+0000] {taskmixin.py:205} WARNING - Dependency <Task(_PythonDecoratedOperator): print_the_context>, log_sql_query already registered for DAG: example_python_operator
[2023-11-02T07:44:24.565+0000] {logging_mixin.py:120} INFO - [2023-11-02T07:44:24.565+0000] {taskmixin.py:205} WARNING - Dependency <Task(_PythonDecoratedOperator): log_sql_query>, print_the_context already registered for DAG: example_python_operator
[2023-11-02T07:44:24.572+0000] {processor.py:766} INFO - DAG(s) dict_keys(['example_python_operator']) retrieved from /home/airflow/.local/lib/python3.7/site-packages/airflow/example_dags/example_python_operator.py
[2023-11-02T07:44:24.612+0000] {logging_mixin.py:120} INFO - [2023-11-02T07:44:24.612+0000] {dag.py:2585} INFO - Sync 1 DAGs
[2023-11-02T07:44:24.640+0000] {logging_mixin.py:120} INFO - [2023-11-02T07:44:24.640+0000] {dag.py:3340} INFO - Setting next_dagrun for example_python_operator to None, run_after=None
[2023-11-02T07:44:24.659+0000] {processor.py:176} INFO - Processing /home/airflow/.local/lib/python3.7/site-packages/airflow/example_dags/example_python_operator.py took 0.131 seconds
[2023-11-02T07:44:55.421+0000] {processor.py:154} INFO - Started process (PID=132) to work on /home/airflow/.local/lib/python3.7/site-packages/airflow/example_dags/example_python_operator.py
[2023-11-02T07:44:55.421+0000] {processor.py:756} INFO - Processing file /home/airflow/.local/lib/python3.7/site-packages/airflow/example_dags/example_python_operator.py for tasks to queue
[2023-11-02T07:44:55.422+0000] {logging_mixin.py:120} INFO - [2023-11-02T07:44:55.422+0000] {dagbag.py:537} INFO - Filling up the DagBag from /home/airflow/.local/lib/python3.7/site-packages/airflow/example_dags/example_python_operator.py
[2023-11-02T07:44:55.433+0000] {logging_mixin.py:120} INFO - [2023-11-02T07:44:55.433+0000] {taskmixin.py:205} WARNING - Dependency <Task(_PythonDecoratedOperator): print_the_context>, log_sql_query already registered for DAG: example_python_operator
[2023-11-02T07:44:55.433+0000] {logging_mixin.py:120} INFO - [2023-11-02T07:44:55.433+0000] {taskmixin.py:205} WARNING - Dependency <Task(_PythonDecoratedOperator): log_sql_query>, print_the_context already registered for DAG: example_python_operator
[2023-11-02T07:44:55.433+0000] {logging_mixin.py:120} INFO - [2023-11-02T07:44:55.433+0000] {taskmixin.py:205} WARNING - Dependency <Task(_PythonDecoratedOperator): print_the_context>, log_sql_query already registered for DAG: example_python_operator
[2023-11-02T07:44:55.434+0000] {logging_mixin.py:120} INFO - [2023-11-02T07:44:55.434+0000] {taskmixin.py:205} WARNING - Dependency <Task(_PythonDecoratedOperator): log_sql_query>, print_the_context already registered for DAG: example_python_operator
[2023-11-02T07:44:55.434+0000] {logging_mixin.py:120} INFO - [2023-11-02T07:44:55.434+0000] {taskmixin.py:205} WARNING - Dependency <Task(_PythonDecoratedOperator): print_the_context>, log_sql_query already registered for DAG: example_python_operator
[2023-11-02T07:44:55.434+0000] {logging_mixin.py:120} INFO - [2023-11-02T07:44:55.434+0000] {taskmixin.py:205} WARNING - Dependency <Task(_PythonDecoratedOperator): log_sql_query>, print_the_context already registered for DAG: example_python_operator
[2023-11-02T07:44:55.435+0000] {logging_mixin.py:120} INFO - [2023-11-02T07:44:55.435+0000] {taskmixin.py:205} WARNING - Dependency <Task(_PythonDecoratedOperator): print_the_context>, log_sql_query already registered for DAG: example_python_operator
[2023-11-02T07:44:55.435+0000] {logging_mixin.py:120} INFO - [2023-11-02T07:44:55.435+0000] {taskmixin.py:205} WARNING - Dependency <Task(_PythonDecoratedOperator): log_sql_query>, print_the_context already registered for DAG: example_python_operator
[2023-11-02T07:44:55.439+0000] {processor.py:766} INFO - DAG(s) dict_keys(['example_python_operator']) retrieved from /home/airflow/.local/lib/python3.7/site-packages/airflow/example_dags/example_python_operator.py
[2023-11-02T07:44:55.464+0000] {logging_mixin.py:120} INFO - [2023-11-02T07:44:55.464+0000] {dag.py:2585} INFO - Sync 1 DAGs
[2023-11-02T07:44:55.479+0000] {logging_mixin.py:120} INFO - [2023-11-02T07:44:55.479+0000] {dag.py:3340} INFO - Setting next_dagrun for example_python_operator to None, run_after=None
[2023-11-02T07:44:55.489+0000] {processor.py:176} INFO - Processing /home/airflow/.local/lib/python3.7/site-packages/airflow/example_dags/example_python_operator.py took 0.071 seconds
[2023-11-02T07:45:26.388+0000] {processor.py:154} INFO - Started process (PID=197) to work on /home/airflow/.local/lib/python3.7/site-packages/airflow/example_dags/example_python_operator.py
[2023-11-02T07:45:26.389+0000] {processor.py:756} INFO - Processing file /home/airflow/.local/lib/python3.7/site-packages/airflow/example_dags/example_python_operator.py for tasks to queue
[2023-11-02T07:45:26.390+0000] {logging_mixin.py:120} INFO - [2023-11-02T07:45:26.389+0000] {dagbag.py:537} INFO - Filling up the DagBag from /home/airflow/.local/lib/python3.7/site-packages/airflow/example_dags/example_python_operator.py
[2023-11-02T07:45:26.400+0000] {logging_mixin.py:120} INFO - [2023-11-02T07:45:26.400+0000] {taskmixin.py:205} WARNING - Dependency <Task(_PythonDecoratedOperator): print_the_context>, log_sql_query already registered for DAG: example_python_operator
[2023-11-02T07:45:26.400+0000] {logging_mixin.py:120} INFO - [2023-11-02T07:45:26.400+0000] {taskmixin.py:205} WARNING - Dependency <Task(_PythonDecoratedOperator): log_sql_query>, print_the_context already registered for DAG: example_python_operator
[2023-11-02T07:45:26.400+0000] {logging_mixin.py:120} INFO - [2023-11-02T07:45:26.400+0000] {taskmixin.py:205} WARNING - Dependency <Task(_PythonDecoratedOperator): print_the_context>, log_sql_query already registered for DAG: example_python_operator
[2023-11-02T07:45:26.401+0000] {logging_mixin.py:120} INFO - [2023-11-02T07:45:26.401+0000] {taskmixin.py:205} WARNING - Dependency <Task(_PythonDecoratedOperator): log_sql_query>, print_the_context already registered for DAG: example_python_operator
[2023-11-02T07:45:26.401+0000] {logging_mixin.py:120} INFO - [2023-11-02T07:45:26.401+0000] {taskmixin.py:205} WARNING - Dependency <Task(_PythonDecoratedOperator): print_the_context>, log_sql_query already registered for DAG: example_python_operator
[2023-11-02T07:45:26.401+0000] {logging_mixin.py:120} INFO - [2023-11-02T07:45:26.401+0000] {taskmixin.py:205} WARNING - Dependency <Task(_PythonDecoratedOperator): log_sql_query>, print_the_context already registered for DAG: example_python_operator
[2023-11-02T07:45:26.402+0000] {logging_mixin.py:120} INFO - [2023-11-02T07:45:26.402+0000] {taskmixin.py:205} WARNING - Dependency <Task(_PythonDecoratedOperator): print_the_context>, log_sql_query already registered for DAG: example_python_operator
[2023-11-02T07:45:26.402+0000] {logging_mixin.py:120} INFO - [2023-11-02T07:45:26.402+0000] {taskmixin.py:205} WARNING - Dependency <Task(_PythonDecoratedOperator): log_sql_query>, print_the_context already registered for DAG: example_python_operator
[2023-11-02T07:45:26.406+0000] {processor.py:766} INFO - DAG(s) dict_keys(['example_python_operator']) retrieved from /home/airflow/.local/lib/python3.7/site-packages/airflow/example_dags/example_python_operator.py
[2023-11-02T07:45:26.432+0000] {logging_mixin.py:120} INFO - [2023-11-02T07:45:26.432+0000] {dag.py:2585} INFO - Sync 1 DAGs
[2023-11-02T07:45:26.446+0000] {logging_mixin.py:120} INFO - [2023-11-02T07:45:26.446+0000] {dag.py:3340} INFO - Setting next_dagrun for example_python_operator to None, run_after=None
[2023-11-02T07:45:26.457+0000] {processor.py:176} INFO - Processing /home/airflow/.local/lib/python3.7/site-packages/airflow/example_dags/example_python_operator.py took 0.071 seconds
[2023-11-02T07:45:56.526+0000] {processor.py:154} INFO - Started process (PID=260) to work on /home/airflow/.local/lib/python3.7/site-packages/airflow/example_dags/example_python_operator.py
[2023-11-02T07:45:56.527+0000] {processor.py:756} INFO - Processing file /home/airflow/.local/lib/python3.7/site-packages/airflow/example_dags/example_python_operator.py for tasks to queue
[2023-11-02T07:45:56.527+0000] {logging_mixin.py:120} INFO - [2023-11-02T07:45:56.527+0000] {dagbag.py:537} INFO - Filling up the DagBag from /home/airflow/.local/lib/python3.7/site-packages/airflow/example_dags/example_python_operator.py
[2023-11-02T07:45:56.537+0000] {logging_mixin.py:120} INFO - [2023-11-02T07:45:56.537+0000] {taskmixin.py:205} WARNING - Dependency <Task(_PythonDecoratedOperator): print_the_context>, log_sql_query already registered for DAG: example_python_operator
[2023-11-02T07:45:56.537+0000] {logging_mixin.py:120} INFO - [2023-11-02T07:45:56.537+0000] {taskmixin.py:205} WARNING - Dependency <Task(_PythonDecoratedOperator): log_sql_query>, print_the_context already registered for DAG: example_python_operator
[2023-11-02T07:45:56.538+0000] {logging_mixin.py:120} INFO - [2023-11-02T07:45:56.538+0000] {taskmixin.py:205} WARNING - Dependency <Task(_PythonDecoratedOperator): print_the_context>, log_sql_query already registered for DAG: example_python_operator
[2023-11-02T07:45:56.538+0000] {logging_mixin.py:120} INFO - [2023-11-02T07:45:56.538+0000] {taskmixin.py:205} WARNING - Dependency <Task(_PythonDecoratedOperator): log_sql_query>, print_the_context already registered for DAG: example_python_operator
[2023-11-02T07:45:56.538+0000] {logging_mixin.py:120} INFO - [2023-11-02T07:45:56.538+0000] {taskmixin.py:205} WARNING - Dependency <Task(_PythonDecoratedOperator): print_the_context>, log_sql_query already registered for DAG: example_python_operator
[2023-11-02T07:45:56.538+0000] {logging_mixin.py:120} INFO - [2023-11-02T07:45:56.538+0000] {taskmixin.py:205} WARNING - Dependency <Task(_PythonDecoratedOperator): log_sql_query>, print_the_context already registered for DAG: example_python_operator
[2023-11-02T07:45:56.539+0000] {logging_mixin.py:120} INFO - [2023-11-02T07:45:56.539+0000] {taskmixin.py:205} WARNING - Dependency <Task(_PythonDecoratedOperator): print_the_context>, log_sql_query already registered for DAG: example_python_operator
[2023-11-02T07:45:56.539+0000] {logging_mixin.py:120} INFO - [2023-11-02T07:45:56.539+0000] {taskmixin.py:205} WARNING - Dependency <Task(_PythonDecoratedOperator): log_sql_query>, print_the_context already registered for DAG: example_python_operator
[2023-11-02T07:45:56.544+0000] {processor.py:766} INFO - DAG(s) dict_keys(['example_python_operator']) retrieved from /home/airflow/.local/lib/python3.7/site-packages/airflow/example_dags/example_python_operator.py
[2023-11-02T07:45:56.570+0000] {logging_mixin.py:120} INFO - [2023-11-02T07:45:56.570+0000] {dag.py:2585} INFO - Sync 1 DAGs
[2023-11-02T07:45:56.585+0000] {logging_mixin.py:120} INFO - [2023-11-02T07:45:56.585+0000] {dag.py:3340} INFO - Setting next_dagrun for example_python_operator to None, run_after=None
[2023-11-02T07:45:56.596+0000] {processor.py:176} INFO - Processing /home/airflow/.local/lib/python3.7/site-packages/airflow/example_dags/example_python_operator.py took 0.072 seconds
[2023-11-02T07:46:27.562+0000] {processor.py:154} INFO - Started process (PID=323) to work on /home/airflow/.local/lib/python3.7/site-packages/airflow/example_dags/example_python_operator.py
[2023-11-02T07:46:27.563+0000] {processor.py:756} INFO - Processing file /home/airflow/.local/lib/python3.7/site-packages/airflow/example_dags/example_python_operator.py for tasks to queue
[2023-11-02T07:46:27.564+0000] {logging_mixin.py:120} INFO - [2023-11-02T07:46:27.564+0000] {dagbag.py:537} INFO - Filling up the DagBag from /home/airflow/.local/lib/python3.7/site-packages/airflow/example_dags/example_python_operator.py
[2023-11-02T07:46:27.574+0000] {logging_mixin.py:120} INFO - [2023-11-02T07:46:27.574+0000] {taskmixin.py:205} WARNING - Dependency <Task(_PythonDecoratedOperator): print_the_context>, log_sql_query already registered for DAG: example_python_operator
[2023-11-02T07:46:27.574+0000] {logging_mixin.py:120} INFO - [2023-11-02T07:46:27.574+0000] {taskmixin.py:205} WARNING - Dependency <Task(_PythonDecoratedOperator): log_sql_query>, print_the_context already registered for DAG: example_python_operator
[2023-11-02T07:46:27.574+0000] {logging_mixin.py:120} INFO - [2023-11-02T07:46:27.574+0000] {taskmixin.py:205} WARNING - Dependency <Task(_PythonDecoratedOperator): print_the_context>, log_sql_query already registered for DAG: example_python_operator
[2023-11-02T07:46:27.575+0000] {logging_mixin.py:120} INFO - [2023-11-02T07:46:27.575+0000] {taskmixin.py:205} WARNING - Dependency <Task(_PythonDecoratedOperator): log_sql_query>, print_the_context already registered for DAG: example_python_operator
[2023-11-02T07:46:27.575+0000] {logging_mixin.py:120} INFO - [2023-11-02T07:46:27.575+0000] {taskmixin.py:205} WARNING - Dependency <Task(_PythonDecoratedOperator): print_the_context>, log_sql_query already registered for DAG: example_python_operator
[2023-11-02T07:46:27.575+0000] {logging_mixin.py:120} INFO - [2023-11-02T07:46:27.575+0000] {taskmixin.py:205} WARNING - Dependency <Task(_PythonDecoratedOperator): log_sql_query>, print_the_context already registered for DAG: example_python_operator
[2023-11-02T07:46:27.576+0000] {logging_mixin.py:120} INFO - [2023-11-02T07:46:27.576+0000] {taskmixin.py:205} WARNING - Dependency <Task(_PythonDecoratedOperator): print_the_context>, log_sql_query already registered for DAG: example_python_operator
[2023-11-02T07:46:27.576+0000] {logging_mixin.py:120} INFO - [2023-11-02T07:46:27.576+0000] {taskmixin.py:205} WARNING - Dependency <Task(_PythonDecoratedOperator): log_sql_query>, print_the_context already registered for DAG: example_python_operator
[2023-11-02T07:46:27.582+0000] {processor.py:766} INFO - DAG(s) dict_keys(['example_python_operator']) retrieved from /home/airflow/.local/lib/python3.7/site-packages/airflow/example_dags/example_python_operator.py
[2023-11-02T07:46:27.608+0000] {logging_mixin.py:120} INFO - [2023-11-02T07:46:27.608+0000] {dag.py:2585} INFO - Sync 1 DAGs
[2023-11-02T07:46:27.622+0000] {logging_mixin.py:120} INFO - [2023-11-02T07:46:27.622+0000] {dag.py:3340} INFO - Setting next_dagrun for example_python_operator to None, run_after=None
[2023-11-02T07:46:27.634+0000] {processor.py:176} INFO - Processing /home/airflow/.local/lib/python3.7/site-packages/airflow/example_dags/example_python_operator.py took 0.074 seconds
[2023-11-02T07:46:58.978+0000] {processor.py:154} INFO - Started process (PID=387) to work on /home/airflow/.local/lib/python3.7/site-packages/airflow/example_dags/example_python_operator.py
[2023-11-02T07:46:58.979+0000] {processor.py:756} INFO - Processing file /home/airflow/.local/lib/python3.7/site-packages/airflow/example_dags/example_python_operator.py for tasks to queue
[2023-11-02T07:46:58.980+0000] {logging_mixin.py:120} INFO - [2023-11-02T07:46:58.980+0000] {dagbag.py:537} INFO - Filling up the DagBag from /home/airflow/.local/lib/python3.7/site-packages/airflow/example_dags/example_python_operator.py
[2023-11-02T07:46:58.995+0000] {logging_mixin.py:120} INFO - [2023-11-02T07:46:58.995+0000] {taskmixin.py:205} WARNING - Dependency <Task(_PythonDecoratedOperator): print_the_context>, log_sql_query already registered for DAG: example_python_operator
[2023-11-02T07:46:58.996+0000] {logging_mixin.py:120} INFO - [2023-11-02T07:46:58.995+0000] {taskmixin.py:205} WARNING - Dependency <Task(_PythonDecoratedOperator): log_sql_query>, print_the_context already registered for DAG: example_python_operator
[2023-11-02T07:46:58.997+0000] {logging_mixin.py:120} INFO - [2023-11-02T07:46:58.997+0000] {taskmixin.py:205} WARNING - Dependency <Task(_PythonDecoratedOperator): print_the_context>, log_sql_query already registered for DAG: example_python_operator
[2023-11-02T07:46:58.998+0000] {logging_mixin.py:120} INFO - [2023-11-02T07:46:58.997+0000] {taskmixin.py:205} WARNING - Dependency <Task(_PythonDecoratedOperator): log_sql_query>, print_the_context already registered for DAG: example_python_operator
[2023-11-02T07:46:58.999+0000] {logging_mixin.py:120} INFO - [2023-11-02T07:46:58.998+0000] {taskmixin.py:205} WARNING - Dependency <Task(_PythonDecoratedOperator): print_the_context>, log_sql_query already registered for DAG: example_python_operator
[2023-11-02T07:46:59.000+0000] {logging_mixin.py:120} INFO - [2023-11-02T07:46:58.999+0000] {taskmixin.py:205} WARNING - Dependency <Task(_PythonDecoratedOperator): log_sql_query>, print_the_context already registered for DAG: example_python_operator
[2023-11-02T07:46:59.000+0000] {logging_mixin.py:120} INFO - [2023-11-02T07:46:59.000+0000] {taskmixin.py:205} WARNING - Dependency <Task(_PythonDecoratedOperator): print_the_context>, log_sql_query already registered for DAG: example_python_operator
[2023-11-02T07:46:59.001+0000] {logging_mixin.py:120} INFO - [2023-11-02T07:46:59.001+0000] {taskmixin.py:205} WARNING - Dependency <Task(_PythonDecoratedOperator): log_sql_query>, print_the_context already registered for DAG: example_python_operator
[2023-11-02T07:46:59.009+0000] {processor.py:766} INFO - DAG(s) dict_keys(['example_python_operator']) retrieved from /home/airflow/.local/lib/python3.7/site-packages/airflow/example_dags/example_python_operator.py
[2023-11-02T07:46:59.085+0000] {logging_mixin.py:120} INFO - [2023-11-02T07:46:59.084+0000] {dag.py:2585} INFO - Sync 1 DAGs
[2023-11-02T07:46:59.154+0000] {logging_mixin.py:120} INFO - [2023-11-02T07:46:59.154+0000] {dag.py:3340} INFO - Setting next_dagrun for example_python_operator to None, run_after=None
[2023-11-02T07:46:59.185+0000] {processor.py:176} INFO - Processing /home/airflow/.local/lib/python3.7/site-packages/airflow/example_dags/example_python_operator.py took 0.210 seconds
[2023-11-02T07:47:29.238+0000] {processor.py:154} INFO - Started process (PID=440) to work on /home/airflow/.local/lib/python3.7/site-packages/airflow/example_dags/example_python_operator.py
[2023-11-02T07:47:29.239+0000] {processor.py:756} INFO - Processing file /home/airflow/.local/lib/python3.7/site-packages/airflow/example_dags/example_python_operator.py for tasks to queue
[2023-11-02T07:47:29.239+0000] {logging_mixin.py:120} INFO - [2023-11-02T07:47:29.239+0000] {dagbag.py:537} INFO - Filling up the DagBag from /home/airflow/.local/lib/python3.7/site-packages/airflow/example_dags/example_python_operator.py
[2023-11-02T07:47:29.249+0000] {logging_mixin.py:120} INFO - [2023-11-02T07:47:29.249+0000] {taskmixin.py:205} WARNING - Dependency <Task(_PythonDecoratedOperator): print_the_context>, log_sql_query already registered for DAG: example_python_operator
[2023-11-02T07:47:29.250+0000] {logging_mixin.py:120} INFO - [2023-11-02T07:47:29.250+0000] {taskmixin.py:205} WARNING - Dependency <Task(_PythonDecoratedOperator): log_sql_query>, print_the_context already registered for DAG: example_python_operator
[2023-11-02T07:47:29.250+0000] {logging_mixin.py:120} INFO - [2023-11-02T07:47:29.250+0000] {taskmixin.py:205} WARNING - Dependency <Task(_PythonDecoratedOperator): print_the_context>, log_sql_query already registered for DAG: example_python_operator
[2023-11-02T07:47:29.250+0000] {logging_mixin.py:120} INFO - [2023-11-02T07:47:29.250+0000] {taskmixin.py:205} WARNING - Dependency <Task(_PythonDecoratedOperator): log_sql_query>, print_the_context already registered for DAG: example_python_operator
[2023-11-02T07:47:29.251+0000] {logging_mixin.py:120} INFO - [2023-11-02T07:47:29.251+0000] {taskmixin.py:205} WARNING - Dependency <Task(_PythonDecoratedOperator): print_the_context>, log_sql_query already registered for DAG: example_python_operator
[2023-11-02T07:47:29.251+0000] {logging_mixin.py:120} INFO - [2023-11-02T07:47:29.251+0000] {taskmixin.py:205} WARNING - Dependency <Task(_PythonDecoratedOperator): log_sql_query>, print_the_context already registered for DAG: example_python_operator
[2023-11-02T07:47:29.251+0000] {logging_mixin.py:120} INFO - [2023-11-02T07:47:29.251+0000] {taskmixin.py:205} WARNING - Dependency <Task(_PythonDecoratedOperator): print_the_context>, log_sql_query already registered for DAG: example_python_operator
[2023-11-02T07:47:29.251+0000] {logging_mixin.py:120} INFO - [2023-11-02T07:47:29.251+0000] {taskmixin.py:205} WARNING - Dependency <Task(_PythonDecoratedOperator): log_sql_query>, print_the_context already registered for DAG: example_python_operator
[2023-11-02T07:47:29.256+0000] {processor.py:766} INFO - DAG(s) dict_keys(['example_python_operator']) retrieved from /home/airflow/.local/lib/python3.7/site-packages/airflow/example_dags/example_python_operator.py
[2023-11-02T07:47:29.282+0000] {logging_mixin.py:120} INFO - [2023-11-02T07:47:29.282+0000] {dag.py:2585} INFO - Sync 1 DAGs
[2023-11-02T07:47:29.297+0000] {logging_mixin.py:120} INFO - [2023-11-02T07:47:29.297+0000] {dag.py:3340} INFO - Setting next_dagrun for example_python_operator to None, run_after=None
[2023-11-02T07:47:29.308+0000] {processor.py:176} INFO - Processing /home/airflow/.local/lib/python3.7/site-packages/airflow/example_dags/example_python_operator.py took 0.072 seconds
