[2023-11-02T07:42:35.491+0000] {processor.py:154} INFO - Started process (PID=70) to work on /home/airflow/.local/lib/python3.7/site-packages/airflow/example_dags/example_local_kubernetes_executor.py
[2023-11-02T07:42:35.492+0000] {processor.py:756} INFO - Processing file /home/airflow/.local/lib/python3.7/site-packages/airflow/example_dags/example_local_kubernetes_executor.py for tasks to queue
[2023-11-02T07:42:35.494+0000] {logging_mixin.py:120} INFO - [2023-11-02T07:42:35.494+0000] {dagbag.py:537} INFO - Filling up the DagBag from /home/airflow/.local/lib/python3.7/site-packages/airflow/example_dags/example_local_kubernetes_executor.py
[2023-11-02T07:42:35.520+0000] {processor.py:766} INFO - DAG(s) dict_keys(['example_local_kubernetes_executor']) retrieved from /home/airflow/.local/lib/python3.7/site-packages/airflow/example_dags/example_local_kubernetes_executor.py
[2023-11-02T07:42:35.669+0000] {logging_mixin.py:120} INFO - [2023-11-02T07:42:35.669+0000] {manager.py:507} INFO - Created Permission View: can delete on DAG:example_local_kubernetes_executor
[2023-11-02T07:42:35.678+0000] {logging_mixin.py:120} INFO - [2023-11-02T07:42:35.678+0000] {manager.py:507} INFO - Created Permission View: can read on DAG:example_local_kubernetes_executor
[2023-11-02T07:42:35.686+0000] {logging_mixin.py:120} INFO - [2023-11-02T07:42:35.685+0000] {manager.py:507} INFO - Created Permission View: can edit on DAG:example_local_kubernetes_executor
[2023-11-02T07:42:35.686+0000] {logging_mixin.py:120} INFO - [2023-11-02T07:42:35.686+0000] {dag.py:2585} INFO - Sync 1 DAGs
[2023-11-02T07:42:35.694+0000] {logging_mixin.py:120} INFO - [2023-11-02T07:42:35.694+0000] {dag.py:2606} INFO - Creating ORM DAG for example_local_kubernetes_executor
[2023-11-02T07:42:35.703+0000] {logging_mixin.py:120} INFO - [2023-11-02T07:42:35.703+0000] {dag.py:3340} INFO - Setting next_dagrun for example_local_kubernetes_executor to None, run_after=None
[2023-11-02T07:42:35.718+0000] {processor.py:176} INFO - Processing /home/airflow/.local/lib/python3.7/site-packages/airflow/example_dags/example_local_kubernetes_executor.py took 0.230 seconds
[2023-11-02T07:43:06.083+0000] {processor.py:154} INFO - Started process (PID=124) to work on /home/airflow/.local/lib/python3.7/site-packages/airflow/example_dags/example_local_kubernetes_executor.py
[2023-11-02T07:43:06.084+0000] {processor.py:756} INFO - Processing file /home/airflow/.local/lib/python3.7/site-packages/airflow/example_dags/example_local_kubernetes_executor.py for tasks to queue
[2023-11-02T07:43:06.084+0000] {logging_mixin.py:120} INFO - [2023-11-02T07:43:06.084+0000] {dagbag.py:537} INFO - Filling up the DagBag from /home/airflow/.local/lib/python3.7/site-packages/airflow/example_dags/example_local_kubernetes_executor.py
[2023-11-02T07:43:06.100+0000] {processor.py:766} INFO - DAG(s) dict_keys(['example_local_kubernetes_executor']) retrieved from /home/airflow/.local/lib/python3.7/site-packages/airflow/example_dags/example_local_kubernetes_executor.py
[2023-11-02T07:43:06.126+0000] {logging_mixin.py:120} INFO - [2023-11-02T07:43:06.125+0000] {dag.py:2585} INFO - Sync 1 DAGs
[2023-11-02T07:43:06.141+0000] {logging_mixin.py:120} INFO - [2023-11-02T07:43:06.141+0000] {dag.py:3340} INFO - Setting next_dagrun for example_local_kubernetes_executor to None, run_after=None
[2023-11-02T07:43:06.154+0000] {processor.py:176} INFO - Processing /home/airflow/.local/lib/python3.7/site-packages/airflow/example_dags/example_local_kubernetes_executor.py took 0.074 seconds
[2023-11-02T07:43:36.597+0000] {processor.py:154} INFO - Started process (PID=188) to work on /home/airflow/.local/lib/python3.7/site-packages/airflow/example_dags/example_local_kubernetes_executor.py
[2023-11-02T07:43:36.600+0000] {processor.py:756} INFO - Processing file /home/airflow/.local/lib/python3.7/site-packages/airflow/example_dags/example_local_kubernetes_executor.py for tasks to queue
[2023-11-02T07:43:36.602+0000] {logging_mixin.py:120} INFO - [2023-11-02T07:43:36.602+0000] {dagbag.py:537} INFO - Filling up the DagBag from /home/airflow/.local/lib/python3.7/site-packages/airflow/example_dags/example_local_kubernetes_executor.py
[2023-11-02T07:43:36.648+0000] {processor.py:766} INFO - DAG(s) dict_keys(['example_local_kubernetes_executor']) retrieved from /home/airflow/.local/lib/python3.7/site-packages/airflow/example_dags/example_local_kubernetes_executor.py
[2023-11-02T07:43:36.828+0000] {logging_mixin.py:120} INFO - [2023-11-02T07:43:36.828+0000] {dag.py:2585} INFO - Sync 1 DAGs
[2023-11-02T07:43:36.864+0000] {logging_mixin.py:120} INFO - [2023-11-02T07:43:36.864+0000] {dag.py:3340} INFO - Setting next_dagrun for example_local_kubernetes_executor to None, run_after=None
[2023-11-02T07:43:36.886+0000] {processor.py:176} INFO - Processing /home/airflow/.local/lib/python3.7/site-packages/airflow/example_dags/example_local_kubernetes_executor.py took 0.302 seconds
[2023-11-02T07:44:23.785+0000] {processor.py:154} INFO - Started process (PID=62) to work on /home/airflow/.local/lib/python3.7/site-packages/airflow/example_dags/example_local_kubernetes_executor.py
[2023-11-02T07:44:23.787+0000] {processor.py:756} INFO - Processing file /home/airflow/.local/lib/python3.7/site-packages/airflow/example_dags/example_local_kubernetes_executor.py for tasks to queue
[2023-11-02T07:44:23.787+0000] {logging_mixin.py:120} INFO - [2023-11-02T07:44:23.787+0000] {dagbag.py:537} INFO - Filling up the DagBag from /home/airflow/.local/lib/python3.7/site-packages/airflow/example_dags/example_local_kubernetes_executor.py
[2023-11-02T07:44:23.818+0000] {processor.py:766} INFO - DAG(s) dict_keys(['example_local_kubernetes_executor']) retrieved from /home/airflow/.local/lib/python3.7/site-packages/airflow/example_dags/example_local_kubernetes_executor.py
[2023-11-02T07:44:23.852+0000] {logging_mixin.py:120} INFO - [2023-11-02T07:44:23.852+0000] {dag.py:2585} INFO - Sync 1 DAGs
[2023-11-02T07:44:23.887+0000] {logging_mixin.py:120} INFO - [2023-11-02T07:44:23.887+0000] {dag.py:3340} INFO - Setting next_dagrun for example_local_kubernetes_executor to None, run_after=None
[2023-11-02T07:44:23.911+0000] {processor.py:176} INFO - Processing /home/airflow/.local/lib/python3.7/site-packages/airflow/example_dags/example_local_kubernetes_executor.py took 0.129 seconds
[2023-11-02T07:44:54.090+0000] {processor.py:154} INFO - Started process (PID=125) to work on /home/airflow/.local/lib/python3.7/site-packages/airflow/example_dags/example_local_kubernetes_executor.py
[2023-11-02T07:44:54.091+0000] {processor.py:756} INFO - Processing file /home/airflow/.local/lib/python3.7/site-packages/airflow/example_dags/example_local_kubernetes_executor.py for tasks to queue
[2023-11-02T07:44:54.091+0000] {logging_mixin.py:120} INFO - [2023-11-02T07:44:54.091+0000] {dagbag.py:537} INFO - Filling up the DagBag from /home/airflow/.local/lib/python3.7/site-packages/airflow/example_dags/example_local_kubernetes_executor.py
[2023-11-02T07:44:54.106+0000] {processor.py:766} INFO - DAG(s) dict_keys(['example_local_kubernetes_executor']) retrieved from /home/airflow/.local/lib/python3.7/site-packages/airflow/example_dags/example_local_kubernetes_executor.py
[2023-11-02T07:44:54.130+0000] {logging_mixin.py:120} INFO - [2023-11-02T07:44:54.129+0000] {dag.py:2585} INFO - Sync 1 DAGs
[2023-11-02T07:44:54.144+0000] {logging_mixin.py:120} INFO - [2023-11-02T07:44:54.144+0000] {dag.py:3340} INFO - Setting next_dagrun for example_local_kubernetes_executor to None, run_after=None
[2023-11-02T07:44:54.154+0000] {processor.py:176} INFO - Processing /home/airflow/.local/lib/python3.7/site-packages/airflow/example_dags/example_local_kubernetes_executor.py took 0.066 seconds
[2023-11-02T07:45:25.024+0000] {processor.py:154} INFO - Started process (PID=190) to work on /home/airflow/.local/lib/python3.7/site-packages/airflow/example_dags/example_local_kubernetes_executor.py
[2023-11-02T07:45:25.024+0000] {processor.py:756} INFO - Processing file /home/airflow/.local/lib/python3.7/site-packages/airflow/example_dags/example_local_kubernetes_executor.py for tasks to queue
[2023-11-02T07:45:25.025+0000] {logging_mixin.py:120} INFO - [2023-11-02T07:45:25.025+0000] {dagbag.py:537} INFO - Filling up the DagBag from /home/airflow/.local/lib/python3.7/site-packages/airflow/example_dags/example_local_kubernetes_executor.py
[2023-11-02T07:45:25.039+0000] {processor.py:766} INFO - DAG(s) dict_keys(['example_local_kubernetes_executor']) retrieved from /home/airflow/.local/lib/python3.7/site-packages/airflow/example_dags/example_local_kubernetes_executor.py
[2023-11-02T07:45:25.063+0000] {logging_mixin.py:120} INFO - [2023-11-02T07:45:25.063+0000] {dag.py:2585} INFO - Sync 1 DAGs
[2023-11-02T07:45:25.076+0000] {logging_mixin.py:120} INFO - [2023-11-02T07:45:25.076+0000] {dag.py:3340} INFO - Setting next_dagrun for example_local_kubernetes_executor to None, run_after=None
[2023-11-02T07:45:25.086+0000] {processor.py:176} INFO - Processing /home/airflow/.local/lib/python3.7/site-packages/airflow/example_dags/example_local_kubernetes_executor.py took 0.064 seconds
[2023-11-02T07:45:56.226+0000] {processor.py:154} INFO - Started process (PID=253) to work on /home/airflow/.local/lib/python3.7/site-packages/airflow/example_dags/example_local_kubernetes_executor.py
[2023-11-02T07:45:56.227+0000] {processor.py:756} INFO - Processing file /home/airflow/.local/lib/python3.7/site-packages/airflow/example_dags/example_local_kubernetes_executor.py for tasks to queue
[2023-11-02T07:45:56.227+0000] {logging_mixin.py:120} INFO - [2023-11-02T07:45:56.227+0000] {dagbag.py:537} INFO - Filling up the DagBag from /home/airflow/.local/lib/python3.7/site-packages/airflow/example_dags/example_local_kubernetes_executor.py
[2023-11-02T07:45:56.241+0000] {processor.py:766} INFO - DAG(s) dict_keys(['example_local_kubernetes_executor']) retrieved from /home/airflow/.local/lib/python3.7/site-packages/airflow/example_dags/example_local_kubernetes_executor.py
[2023-11-02T07:45:56.265+0000] {logging_mixin.py:120} INFO - [2023-11-02T07:45:56.265+0000] {dag.py:2585} INFO - Sync 1 DAGs
[2023-11-02T07:45:56.278+0000] {logging_mixin.py:120} INFO - [2023-11-02T07:45:56.278+0000] {dag.py:3340} INFO - Setting next_dagrun for example_local_kubernetes_executor to None, run_after=None
[2023-11-02T07:45:56.288+0000] {processor.py:176} INFO - Processing /home/airflow/.local/lib/python3.7/site-packages/airflow/example_dags/example_local_kubernetes_executor.py took 0.065 seconds
[2023-11-02T07:46:27.217+0000] {processor.py:154} INFO - Started process (PID=316) to work on /home/airflow/.local/lib/python3.7/site-packages/airflow/example_dags/example_local_kubernetes_executor.py
[2023-11-02T07:46:27.218+0000] {processor.py:756} INFO - Processing file /home/airflow/.local/lib/python3.7/site-packages/airflow/example_dags/example_local_kubernetes_executor.py for tasks to queue
[2023-11-02T07:46:27.218+0000] {logging_mixin.py:120} INFO - [2023-11-02T07:46:27.218+0000] {dagbag.py:537} INFO - Filling up the DagBag from /home/airflow/.local/lib/python3.7/site-packages/airflow/example_dags/example_local_kubernetes_executor.py
[2023-11-02T07:46:27.233+0000] {processor.py:766} INFO - DAG(s) dict_keys(['example_local_kubernetes_executor']) retrieved from /home/airflow/.local/lib/python3.7/site-packages/airflow/example_dags/example_local_kubernetes_executor.py
[2023-11-02T07:46:27.260+0000] {logging_mixin.py:120} INFO - [2023-11-02T07:46:27.259+0000] {dag.py:2585} INFO - Sync 1 DAGs
[2023-11-02T07:46:27.273+0000] {logging_mixin.py:120} INFO - [2023-11-02T07:46:27.273+0000] {dag.py:3340} INFO - Setting next_dagrun for example_local_kubernetes_executor to None, run_after=None
[2023-11-02T07:46:27.284+0000] {processor.py:176} INFO - Processing /home/airflow/.local/lib/python3.7/site-packages/airflow/example_dags/example_local_kubernetes_executor.py took 0.069 seconds
[2023-11-02T07:46:58.333+0000] {processor.py:154} INFO - Started process (PID=380) to work on /home/airflow/.local/lib/python3.7/site-packages/airflow/example_dags/example_local_kubernetes_executor.py
[2023-11-02T07:46:58.334+0000] {processor.py:756} INFO - Processing file /home/airflow/.local/lib/python3.7/site-packages/airflow/example_dags/example_local_kubernetes_executor.py for tasks to queue
[2023-11-02T07:46:58.335+0000] {logging_mixin.py:120} INFO - [2023-11-02T07:46:58.335+0000] {dagbag.py:537} INFO - Filling up the DagBag from /home/airflow/.local/lib/python3.7/site-packages/airflow/example_dags/example_local_kubernetes_executor.py
[2023-11-02T07:46:58.349+0000] {processor.py:766} INFO - DAG(s) dict_keys(['example_local_kubernetes_executor']) retrieved from /home/airflow/.local/lib/python3.7/site-packages/airflow/example_dags/example_local_kubernetes_executor.py
[2023-11-02T07:46:58.374+0000] {logging_mixin.py:120} INFO - [2023-11-02T07:46:58.374+0000] {dag.py:2585} INFO - Sync 1 DAGs
[2023-11-02T07:46:58.388+0000] {logging_mixin.py:120} INFO - [2023-11-02T07:46:58.388+0000] {dag.py:3340} INFO - Setting next_dagrun for example_local_kubernetes_executor to None, run_after=None
[2023-11-02T07:46:58.400+0000] {processor.py:176} INFO - Processing /home/airflow/.local/lib/python3.7/site-packages/airflow/example_dags/example_local_kubernetes_executor.py took 0.069 seconds
[2023-11-02T07:47:28.803+0000] {processor.py:154} INFO - Started process (PID=433) to work on /home/airflow/.local/lib/python3.7/site-packages/airflow/example_dags/example_local_kubernetes_executor.py
[2023-11-02T07:47:28.803+0000] {processor.py:756} INFO - Processing file /home/airflow/.local/lib/python3.7/site-packages/airflow/example_dags/example_local_kubernetes_executor.py for tasks to queue
[2023-11-02T07:47:28.804+0000] {logging_mixin.py:120} INFO - [2023-11-02T07:47:28.804+0000] {dagbag.py:537} INFO - Filling up the DagBag from /home/airflow/.local/lib/python3.7/site-packages/airflow/example_dags/example_local_kubernetes_executor.py
[2023-11-02T07:47:28.818+0000] {processor.py:766} INFO - DAG(s) dict_keys(['example_local_kubernetes_executor']) retrieved from /home/airflow/.local/lib/python3.7/site-packages/airflow/example_dags/example_local_kubernetes_executor.py
[2023-11-02T07:47:28.844+0000] {logging_mixin.py:120} INFO - [2023-11-02T07:47:28.844+0000] {dag.py:2585} INFO - Sync 1 DAGs
[2023-11-02T07:47:28.858+0000] {logging_mixin.py:120} INFO - [2023-11-02T07:47:28.858+0000] {dag.py:3340} INFO - Setting next_dagrun for example_local_kubernetes_executor to None, run_after=None
[2023-11-02T07:47:28.868+0000] {processor.py:176} INFO - Processing /home/airflow/.local/lib/python3.7/site-packages/airflow/example_dags/example_local_kubernetes_executor.py took 0.068 seconds
