[2023-11-02T07:42:33.500+0000] {processor.py:154} INFO - Started process (PID=51) to work on /home/airflow/.local/lib/python3.7/site-packages/airflow/example_dags/example_skip_dag.py
[2023-11-02T07:42:33.501+0000] {processor.py:756} INFO - Processing file /home/airflow/.local/lib/python3.7/site-packages/airflow/example_dags/example_skip_dag.py for tasks to queue
[2023-11-02T07:42:33.502+0000] {logging_mixin.py:120} INFO - [2023-11-02T07:42:33.502+0000] {dagbag.py:537} INFO - Filling up the DagBag from /home/airflow/.local/lib/python3.7/site-packages/airflow/example_dags/example_skip_dag.py
[2023-11-02T07:42:33.515+0000] {processor.py:766} INFO - DAG(s) dict_keys(['example_skip_dag']) retrieved from /home/airflow/.local/lib/python3.7/site-packages/airflow/example_dags/example_skip_dag.py
[2023-11-02T07:42:33.671+0000] {logging_mixin.py:120} INFO - [2023-11-02T07:42:33.671+0000] {manager.py:507} INFO - Created Permission View: can delete on DAG:example_skip_dag
[2023-11-02T07:42:33.678+0000] {logging_mixin.py:120} INFO - [2023-11-02T07:42:33.678+0000] {manager.py:507} INFO - Created Permission View: can read on DAG:example_skip_dag
[2023-11-02T07:42:33.685+0000] {logging_mixin.py:120} INFO - [2023-11-02T07:42:33.685+0000] {manager.py:507} INFO - Created Permission View: can edit on DAG:example_skip_dag
[2023-11-02T07:42:33.685+0000] {logging_mixin.py:120} INFO - [2023-11-02T07:42:33.685+0000] {dag.py:2585} INFO - Sync 1 DAGs
[2023-11-02T07:42:33.695+0000] {logging_mixin.py:120} INFO - [2023-11-02T07:42:33.695+0000] {dag.py:2606} INFO - Creating ORM DAG for example_skip_dag
[2023-11-02T07:42:33.703+0000] {logging_mixin.py:120} INFO - [2023-11-02T07:42:33.703+0000] {dag.py:3340} INFO - Setting next_dagrun for example_skip_dag to 2023-11-01T07:42:33.703544+00:00, run_after=2023-11-02T07:42:33.703544+00:00
[2023-11-02T07:42:33.718+0000] {processor.py:176} INFO - Processing /home/airflow/.local/lib/python3.7/site-packages/airflow/example_dags/example_skip_dag.py took 0.222 seconds
[2023-11-02T07:43:04.612+0000] {processor.py:154} INFO - Started process (PID=113) to work on /home/airflow/.local/lib/python3.7/site-packages/airflow/example_dags/example_skip_dag.py
[2023-11-02T07:43:04.614+0000] {processor.py:756} INFO - Processing file /home/airflow/.local/lib/python3.7/site-packages/airflow/example_dags/example_skip_dag.py for tasks to queue
[2023-11-02T07:43:04.614+0000] {logging_mixin.py:120} INFO - [2023-11-02T07:43:04.614+0000] {dagbag.py:537} INFO - Filling up the DagBag from /home/airflow/.local/lib/python3.7/site-packages/airflow/example_dags/example_skip_dag.py
[2023-11-02T07:43:04.628+0000] {processor.py:766} INFO - DAG(s) dict_keys(['example_skip_dag']) retrieved from /home/airflow/.local/lib/python3.7/site-packages/airflow/example_dags/example_skip_dag.py
[2023-11-02T07:43:04.655+0000] {logging_mixin.py:120} INFO - [2023-11-02T07:43:04.655+0000] {dag.py:2585} INFO - Sync 1 DAGs
[2023-11-02T07:43:04.670+0000] {logging_mixin.py:120} INFO - [2023-11-02T07:43:04.670+0000] {dag.py:3340} INFO - Setting next_dagrun for example_skip_dag to 2023-11-01T07:43:04.670351+00:00, run_after=2023-11-02T07:43:04.670351+00:00
[2023-11-02T07:43:04.685+0000] {processor.py:176} INFO - Processing /home/airflow/.local/lib/python3.7/site-packages/airflow/example_dags/example_skip_dag.py took 0.076 seconds
[2023-11-02T07:43:35.576+0000] {processor.py:154} INFO - Started process (PID=177) to work on /home/airflow/.local/lib/python3.7/site-packages/airflow/example_dags/example_skip_dag.py
[2023-11-02T07:43:35.577+0000] {processor.py:756} INFO - Processing file /home/airflow/.local/lib/python3.7/site-packages/airflow/example_dags/example_skip_dag.py for tasks to queue
[2023-11-02T07:43:35.578+0000] {logging_mixin.py:120} INFO - [2023-11-02T07:43:35.578+0000] {dagbag.py:537} INFO - Filling up the DagBag from /home/airflow/.local/lib/python3.7/site-packages/airflow/example_dags/example_skip_dag.py
[2023-11-02T07:43:35.591+0000] {processor.py:766} INFO - DAG(s) dict_keys(['example_skip_dag']) retrieved from /home/airflow/.local/lib/python3.7/site-packages/airflow/example_dags/example_skip_dag.py
[2023-11-02T07:43:35.623+0000] {logging_mixin.py:120} INFO - [2023-11-02T07:43:35.623+0000] {dag.py:2585} INFO - Sync 1 DAGs
[2023-11-02T07:43:35.638+0000] {logging_mixin.py:120} INFO - [2023-11-02T07:43:35.638+0000] {dag.py:3340} INFO - Setting next_dagrun for example_skip_dag to 2023-11-01T07:43:35.638401+00:00, run_after=2023-11-02T07:43:35.638401+00:00
[2023-11-02T07:43:35.649+0000] {processor.py:176} INFO - Processing /home/airflow/.local/lib/python3.7/site-packages/airflow/example_dags/example_skip_dag.py took 0.076 seconds
[2023-11-02T07:44:23.045+0000] {processor.py:154} INFO - Started process (PID=51) to work on /home/airflow/.local/lib/python3.7/site-packages/airflow/example_dags/example_skip_dag.py
[2023-11-02T07:44:23.046+0000] {processor.py:756} INFO - Processing file /home/airflow/.local/lib/python3.7/site-packages/airflow/example_dags/example_skip_dag.py for tasks to queue
[2023-11-02T07:44:23.046+0000] {logging_mixin.py:120} INFO - [2023-11-02T07:44:23.046+0000] {dagbag.py:537} INFO - Filling up the DagBag from /home/airflow/.local/lib/python3.7/site-packages/airflow/example_dags/example_skip_dag.py
[2023-11-02T07:44:23.059+0000] {processor.py:766} INFO - DAG(s) dict_keys(['example_skip_dag']) retrieved from /home/airflow/.local/lib/python3.7/site-packages/airflow/example_dags/example_skip_dag.py
[2023-11-02T07:44:23.090+0000] {logging_mixin.py:120} INFO - [2023-11-02T07:44:23.090+0000] {dag.py:2585} INFO - Sync 1 DAGs
[2023-11-02T07:44:23.118+0000] {logging_mixin.py:120} INFO - [2023-11-02T07:44:23.118+0000] {dag.py:3340} INFO - Setting next_dagrun for example_skip_dag to 2023-11-01T07:44:23.117999+00:00, run_after=2023-11-02T07:44:23.117999+00:00
[2023-11-02T07:44:23.136+0000] {processor.py:176} INFO - Processing /home/airflow/.local/lib/python3.7/site-packages/airflow/example_dags/example_skip_dag.py took 0.094 seconds
[2023-11-02T07:44:53.646+0000] {processor.py:154} INFO - Started process (PID=114) to work on /home/airflow/.local/lib/python3.7/site-packages/airflow/example_dags/example_skip_dag.py
[2023-11-02T07:44:53.647+0000] {processor.py:756} INFO - Processing file /home/airflow/.local/lib/python3.7/site-packages/airflow/example_dags/example_skip_dag.py for tasks to queue
[2023-11-02T07:44:53.647+0000] {logging_mixin.py:120} INFO - [2023-11-02T07:44:53.647+0000] {dagbag.py:537} INFO - Filling up the DagBag from /home/airflow/.local/lib/python3.7/site-packages/airflow/example_dags/example_skip_dag.py
[2023-11-02T07:44:53.657+0000] {processor.py:766} INFO - DAG(s) dict_keys(['example_skip_dag']) retrieved from /home/airflow/.local/lib/python3.7/site-packages/airflow/example_dags/example_skip_dag.py
[2023-11-02T07:44:53.681+0000] {logging_mixin.py:120} INFO - [2023-11-02T07:44:53.680+0000] {dag.py:2585} INFO - Sync 1 DAGs
[2023-11-02T07:44:53.694+0000] {logging_mixin.py:120} INFO - [2023-11-02T07:44:53.694+0000] {dag.py:3340} INFO - Setting next_dagrun for example_skip_dag to 2023-11-01T07:44:53.694341+00:00, run_after=2023-11-02T07:44:53.694341+00:00
[2023-11-02T07:44:53.705+0000] {processor.py:176} INFO - Processing /home/airflow/.local/lib/python3.7/site-packages/airflow/example_dags/example_skip_dag.py took 0.061 seconds
[2023-11-02T07:45:24.529+0000] {processor.py:154} INFO - Started process (PID=179) to work on /home/airflow/.local/lib/python3.7/site-packages/airflow/example_dags/example_skip_dag.py
[2023-11-02T07:45:24.530+0000] {processor.py:756} INFO - Processing file /home/airflow/.local/lib/python3.7/site-packages/airflow/example_dags/example_skip_dag.py for tasks to queue
[2023-11-02T07:45:24.530+0000] {logging_mixin.py:120} INFO - [2023-11-02T07:45:24.530+0000] {dagbag.py:537} INFO - Filling up the DagBag from /home/airflow/.local/lib/python3.7/site-packages/airflow/example_dags/example_skip_dag.py
[2023-11-02T07:45:24.539+0000] {processor.py:766} INFO - DAG(s) dict_keys(['example_skip_dag']) retrieved from /home/airflow/.local/lib/python3.7/site-packages/airflow/example_dags/example_skip_dag.py
[2023-11-02T07:45:24.562+0000] {logging_mixin.py:120} INFO - [2023-11-02T07:45:24.562+0000] {dag.py:2585} INFO - Sync 1 DAGs
[2023-11-02T07:45:24.576+0000] {logging_mixin.py:120} INFO - [2023-11-02T07:45:24.576+0000] {dag.py:3340} INFO - Setting next_dagrun for example_skip_dag to 2023-11-01T07:45:24.575999+00:00, run_after=2023-11-02T07:45:24.575999+00:00
[2023-11-02T07:45:24.586+0000] {processor.py:176} INFO - Processing /home/airflow/.local/lib/python3.7/site-packages/airflow/example_dags/example_skip_dag.py took 0.060 seconds
[2023-11-02T07:45:55.516+0000] {processor.py:154} INFO - Started process (PID=242) to work on /home/airflow/.local/lib/python3.7/site-packages/airflow/example_dags/example_skip_dag.py
[2023-11-02T07:45:55.516+0000] {processor.py:756} INFO - Processing file /home/airflow/.local/lib/python3.7/site-packages/airflow/example_dags/example_skip_dag.py for tasks to queue
[2023-11-02T07:45:55.517+0000] {logging_mixin.py:120} INFO - [2023-11-02T07:45:55.517+0000] {dagbag.py:537} INFO - Filling up the DagBag from /home/airflow/.local/lib/python3.7/site-packages/airflow/example_dags/example_skip_dag.py
[2023-11-02T07:45:55.525+0000] {processor.py:766} INFO - DAG(s) dict_keys(['example_skip_dag']) retrieved from /home/airflow/.local/lib/python3.7/site-packages/airflow/example_dags/example_skip_dag.py
[2023-11-02T07:45:55.548+0000] {logging_mixin.py:120} INFO - [2023-11-02T07:45:55.548+0000] {dag.py:2585} INFO - Sync 1 DAGs
[2023-11-02T07:45:55.561+0000] {logging_mixin.py:120} INFO - [2023-11-02T07:45:55.561+0000] {dag.py:3340} INFO - Setting next_dagrun for example_skip_dag to 2023-11-01T07:45:55.561147+00:00, run_after=2023-11-02T07:45:55.561147+00:00
[2023-11-02T07:45:55.571+0000] {processor.py:176} INFO - Processing /home/airflow/.local/lib/python3.7/site-packages/airflow/example_dags/example_skip_dag.py took 0.057 seconds
[2023-11-02T07:46:26.681+0000] {processor.py:154} INFO - Started process (PID=305) to work on /home/airflow/.local/lib/python3.7/site-packages/airflow/example_dags/example_skip_dag.py
[2023-11-02T07:46:26.681+0000] {processor.py:756} INFO - Processing file /home/airflow/.local/lib/python3.7/site-packages/airflow/example_dags/example_skip_dag.py for tasks to queue
[2023-11-02T07:46:26.682+0000] {logging_mixin.py:120} INFO - [2023-11-02T07:46:26.682+0000] {dagbag.py:537} INFO - Filling up the DagBag from /home/airflow/.local/lib/python3.7/site-packages/airflow/example_dags/example_skip_dag.py
[2023-11-02T07:46:26.690+0000] {processor.py:766} INFO - DAG(s) dict_keys(['example_skip_dag']) retrieved from /home/airflow/.local/lib/python3.7/site-packages/airflow/example_dags/example_skip_dag.py
[2023-11-02T07:46:26.716+0000] {logging_mixin.py:120} INFO - [2023-11-02T07:46:26.716+0000] {dag.py:2585} INFO - Sync 1 DAGs
[2023-11-02T07:46:26.729+0000] {logging_mixin.py:120} INFO - [2023-11-02T07:46:26.729+0000] {dag.py:3340} INFO - Setting next_dagrun for example_skip_dag to 2023-11-01T07:46:26.729073+00:00, run_after=2023-11-02T07:46:26.729073+00:00
[2023-11-02T07:46:26.739+0000] {processor.py:176} INFO - Processing /home/airflow/.local/lib/python3.7/site-packages/airflow/example_dags/example_skip_dag.py took 0.061 seconds
[2023-11-02T07:46:57.739+0000] {processor.py:154} INFO - Started process (PID=369) to work on /home/airflow/.local/lib/python3.7/site-packages/airflow/example_dags/example_skip_dag.py
[2023-11-02T07:46:57.740+0000] {processor.py:756} INFO - Processing file /home/airflow/.local/lib/python3.7/site-packages/airflow/example_dags/example_skip_dag.py for tasks to queue
[2023-11-02T07:46:57.740+0000] {logging_mixin.py:120} INFO - [2023-11-02T07:46:57.740+0000] {dagbag.py:537} INFO - Filling up the DagBag from /home/airflow/.local/lib/python3.7/site-packages/airflow/example_dags/example_skip_dag.py
[2023-11-02T07:46:57.750+0000] {processor.py:766} INFO - DAG(s) dict_keys(['example_skip_dag']) retrieved from /home/airflow/.local/lib/python3.7/site-packages/airflow/example_dags/example_skip_dag.py
[2023-11-02T07:46:57.782+0000] {logging_mixin.py:120} INFO - [2023-11-02T07:46:57.782+0000] {dag.py:2585} INFO - Sync 1 DAGs
[2023-11-02T07:46:57.804+0000] {logging_mixin.py:120} INFO - [2023-11-02T07:46:57.804+0000] {dag.py:3340} INFO - Setting next_dagrun for example_skip_dag to 2023-11-01T07:46:57.804050+00:00, run_after=2023-11-02T07:46:57.804050+00:00
[2023-11-02T07:46:57.821+0000] {processor.py:176} INFO - Processing /home/airflow/.local/lib/python3.7/site-packages/airflow/example_dags/example_skip_dag.py took 0.085 seconds
[2023-11-02T07:47:28.247+0000] {processor.py:154} INFO - Started process (PID=422) to work on /home/airflow/.local/lib/python3.7/site-packages/airflow/example_dags/example_skip_dag.py
[2023-11-02T07:47:28.248+0000] {processor.py:756} INFO - Processing file /home/airflow/.local/lib/python3.7/site-packages/airflow/example_dags/example_skip_dag.py for tasks to queue
[2023-11-02T07:47:28.248+0000] {logging_mixin.py:120} INFO - [2023-11-02T07:47:28.248+0000] {dagbag.py:537} INFO - Filling up the DagBag from /home/airflow/.local/lib/python3.7/site-packages/airflow/example_dags/example_skip_dag.py
[2023-11-02T07:47:28.258+0000] {processor.py:766} INFO - DAG(s) dict_keys(['example_skip_dag']) retrieved from /home/airflow/.local/lib/python3.7/site-packages/airflow/example_dags/example_skip_dag.py
[2023-11-02T07:47:28.283+0000] {logging_mixin.py:120} INFO - [2023-11-02T07:47:28.283+0000] {dag.py:2585} INFO - Sync 1 DAGs
[2023-11-02T07:47:28.297+0000] {logging_mixin.py:120} INFO - [2023-11-02T07:47:28.297+0000] {dag.py:3340} INFO - Setting next_dagrun for example_skip_dag to 2023-11-01T07:47:28.297569+00:00, run_after=2023-11-02T07:47:28.297569+00:00
[2023-11-02T07:47:28.308+0000] {processor.py:176} INFO - Processing /home/airflow/.local/lib/python3.7/site-packages/airflow/example_dags/example_skip_dag.py took 0.063 seconds
