[2023-11-02T07:42:32.367+0000] {processor.py:154} INFO - Started process (PID=46) to work on /home/airflow/.local/lib/python3.7/site-packages/airflow/example_dags/example_short_circuit_operator.py
[2023-11-02T07:42:32.368+0000] {processor.py:756} INFO - Processing file /home/airflow/.local/lib/python3.7/site-packages/airflow/example_dags/example_short_circuit_operator.py for tasks to queue
[2023-11-02T07:42:32.368+0000] {logging_mixin.py:120} INFO - [2023-11-02T07:42:32.368+0000] {dagbag.py:537} INFO - Filling up the DagBag from /home/airflow/.local/lib/python3.7/site-packages/airflow/example_dags/example_short_circuit_operator.py
[2023-11-02T07:42:32.403+0000] {processor.py:766} INFO - DAG(s) dict_keys(['example_short_circuit_operator']) retrieved from /home/airflow/.local/lib/python3.7/site-packages/airflow/example_dags/example_short_circuit_operator.py
[2023-11-02T07:42:32.795+0000] {logging_mixin.py:120} INFO - [2023-11-02T07:42:32.795+0000] {manager.py:507} INFO - Created Permission View: can delete on DAG:example_short_circuit_operator
[2023-11-02T07:42:32.804+0000] {logging_mixin.py:120} INFO - [2023-11-02T07:42:32.804+0000] {manager.py:507} INFO - Created Permission View: can read on DAG:example_short_circuit_operator
[2023-11-02T07:42:32.815+0000] {logging_mixin.py:120} INFO - [2023-11-02T07:42:32.815+0000] {manager.py:507} INFO - Created Permission View: can edit on DAG:example_short_circuit_operator
[2023-11-02T07:42:32.816+0000] {logging_mixin.py:120} INFO - [2023-11-02T07:42:32.816+0000] {dag.py:2585} INFO - Sync 1 DAGs
[2023-11-02T07:42:32.846+0000] {logging_mixin.py:120} INFO - [2023-11-02T07:42:32.846+0000] {dag.py:2606} INFO - Creating ORM DAG for example_short_circuit_operator
[2023-11-02T07:42:32.864+0000] {logging_mixin.py:120} INFO - [2023-11-02T07:42:32.864+0000] {dag.py:3340} INFO - Setting next_dagrun for example_short_circuit_operator to 2023-11-01T07:42:32.863791+00:00, run_after=2023-11-02T07:42:32.863791+00:00
[2023-11-02T07:42:32.892+0000] {processor.py:176} INFO - Processing /home/airflow/.local/lib/python3.7/site-packages/airflow/example_dags/example_short_circuit_operator.py took 0.528 seconds
[2023-11-02T07:43:03.354+0000] {processor.py:154} INFO - Started process (PID=108) to work on /home/airflow/.local/lib/python3.7/site-packages/airflow/example_dags/example_short_circuit_operator.py
[2023-11-02T07:43:03.355+0000] {processor.py:756} INFO - Processing file /home/airflow/.local/lib/python3.7/site-packages/airflow/example_dags/example_short_circuit_operator.py for tasks to queue
[2023-11-02T07:43:03.356+0000] {logging_mixin.py:120} INFO - [2023-11-02T07:43:03.356+0000] {dagbag.py:537} INFO - Filling up the DagBag from /home/airflow/.local/lib/python3.7/site-packages/airflow/example_dags/example_short_circuit_operator.py
[2023-11-02T07:43:03.367+0000] {processor.py:766} INFO - DAG(s) dict_keys(['example_short_circuit_operator']) retrieved from /home/airflow/.local/lib/python3.7/site-packages/airflow/example_dags/example_short_circuit_operator.py
[2023-11-02T07:43:03.393+0000] {logging_mixin.py:120} INFO - [2023-11-02T07:43:03.393+0000] {dag.py:2585} INFO - Sync 1 DAGs
[2023-11-02T07:43:03.408+0000] {logging_mixin.py:120} INFO - [2023-11-02T07:43:03.408+0000] {dag.py:3340} INFO - Setting next_dagrun for example_short_circuit_operator to 2023-11-01T07:43:03.408111+00:00, run_after=2023-11-02T07:43:03.408111+00:00
[2023-11-02T07:43:03.423+0000] {processor.py:176} INFO - Processing /home/airflow/.local/lib/python3.7/site-packages/airflow/example_dags/example_short_circuit_operator.py took 0.070 seconds
[2023-11-02T07:43:34.312+0000] {processor.py:154} INFO - Started process (PID=172) to work on /home/airflow/.local/lib/python3.7/site-packages/airflow/example_dags/example_short_circuit_operator.py
[2023-11-02T07:43:34.313+0000] {processor.py:756} INFO - Processing file /home/airflow/.local/lib/python3.7/site-packages/airflow/example_dags/example_short_circuit_operator.py for tasks to queue
[2023-11-02T07:43:34.314+0000] {logging_mixin.py:120} INFO - [2023-11-02T07:43:34.314+0000] {dagbag.py:537} INFO - Filling up the DagBag from /home/airflow/.local/lib/python3.7/site-packages/airflow/example_dags/example_short_circuit_operator.py
[2023-11-02T07:43:34.326+0000] {processor.py:766} INFO - DAG(s) dict_keys(['example_short_circuit_operator']) retrieved from /home/airflow/.local/lib/python3.7/site-packages/airflow/example_dags/example_short_circuit_operator.py
[2023-11-02T07:43:34.354+0000] {logging_mixin.py:120} INFO - [2023-11-02T07:43:34.354+0000] {dag.py:2585} INFO - Sync 1 DAGs
[2023-11-02T07:43:34.369+0000] {logging_mixin.py:120} INFO - [2023-11-02T07:43:34.369+0000] {dag.py:3340} INFO - Setting next_dagrun for example_short_circuit_operator to 2023-11-01T07:43:34.368963+00:00, run_after=2023-11-02T07:43:34.368963+00:00
[2023-11-02T07:43:34.380+0000] {processor.py:176} INFO - Processing /home/airflow/.local/lib/python3.7/site-packages/airflow/example_dags/example_short_circuit_operator.py took 0.070 seconds
[2023-11-02T07:44:22.676+0000] {processor.py:154} INFO - Started process (PID=46) to work on /home/airflow/.local/lib/python3.7/site-packages/airflow/example_dags/example_short_circuit_operator.py
[2023-11-02T07:44:22.678+0000] {processor.py:756} INFO - Processing file /home/airflow/.local/lib/python3.7/site-packages/airflow/example_dags/example_short_circuit_operator.py for tasks to queue
[2023-11-02T07:44:22.678+0000] {logging_mixin.py:120} INFO - [2023-11-02T07:44:22.678+0000] {dagbag.py:537} INFO - Filling up the DagBag from /home/airflow/.local/lib/python3.7/site-packages/airflow/example_dags/example_short_circuit_operator.py
[2023-11-02T07:44:22.695+0000] {processor.py:766} INFO - DAG(s) dict_keys(['example_short_circuit_operator']) retrieved from /home/airflow/.local/lib/python3.7/site-packages/airflow/example_dags/example_short_circuit_operator.py
[2023-11-02T07:44:22.721+0000] {logging_mixin.py:120} INFO - [2023-11-02T07:44:22.721+0000] {dag.py:2585} INFO - Sync 1 DAGs
[2023-11-02T07:44:22.745+0000] {logging_mixin.py:120} INFO - [2023-11-02T07:44:22.744+0000] {dag.py:3340} INFO - Setting next_dagrun for example_short_circuit_operator to 2023-11-01T07:44:22.743870+00:00, run_after=2023-11-02T07:44:22.743870+00:00
[2023-11-02T07:44:22.772+0000] {processor.py:176} INFO - Processing /home/airflow/.local/lib/python3.7/site-packages/airflow/example_dags/example_short_circuit_operator.py took 0.098 seconds
[2023-11-02T07:44:53.472+0000] {processor.py:154} INFO - Started process (PID=109) to work on /home/airflow/.local/lib/python3.7/site-packages/airflow/example_dags/example_short_circuit_operator.py
[2023-11-02T07:44:53.473+0000] {processor.py:756} INFO - Processing file /home/airflow/.local/lib/python3.7/site-packages/airflow/example_dags/example_short_circuit_operator.py for tasks to queue
[2023-11-02T07:44:53.473+0000] {logging_mixin.py:120} INFO - [2023-11-02T07:44:53.473+0000] {dagbag.py:537} INFO - Filling up the DagBag from /home/airflow/.local/lib/python3.7/site-packages/airflow/example_dags/example_short_circuit_operator.py
[2023-11-02T07:44:53.485+0000] {processor.py:766} INFO - DAG(s) dict_keys(['example_short_circuit_operator']) retrieved from /home/airflow/.local/lib/python3.7/site-packages/airflow/example_dags/example_short_circuit_operator.py
[2023-11-02T07:44:53.508+0000] {logging_mixin.py:120} INFO - [2023-11-02T07:44:53.508+0000] {dag.py:2585} INFO - Sync 1 DAGs
[2023-11-02T07:44:53.521+0000] {logging_mixin.py:120} INFO - [2023-11-02T07:44:53.521+0000] {dag.py:3340} INFO - Setting next_dagrun for example_short_circuit_operator to 2023-11-01T07:44:53.521633+00:00, run_after=2023-11-02T07:44:53.521633+00:00
[2023-11-02T07:44:53.532+0000] {processor.py:176} INFO - Processing /home/airflow/.local/lib/python3.7/site-packages/airflow/example_dags/example_short_circuit_operator.py took 0.062 seconds
[2023-11-02T07:45:24.236+0000] {processor.py:154} INFO - Started process (PID=174) to work on /home/airflow/.local/lib/python3.7/site-packages/airflow/example_dags/example_short_circuit_operator.py
[2023-11-02T07:45:24.236+0000] {processor.py:756} INFO - Processing file /home/airflow/.local/lib/python3.7/site-packages/airflow/example_dags/example_short_circuit_operator.py for tasks to queue
[2023-11-02T07:45:24.237+0000] {logging_mixin.py:120} INFO - [2023-11-02T07:45:24.237+0000] {dagbag.py:537} INFO - Filling up the DagBag from /home/airflow/.local/lib/python3.7/site-packages/airflow/example_dags/example_short_circuit_operator.py
[2023-11-02T07:45:24.247+0000] {processor.py:766} INFO - DAG(s) dict_keys(['example_short_circuit_operator']) retrieved from /home/airflow/.local/lib/python3.7/site-packages/airflow/example_dags/example_short_circuit_operator.py
[2023-11-02T07:45:24.268+0000] {logging_mixin.py:120} INFO - [2023-11-02T07:45:24.268+0000] {dag.py:2585} INFO - Sync 1 DAGs
[2023-11-02T07:45:24.281+0000] {logging_mixin.py:120} INFO - [2023-11-02T07:45:24.281+0000] {dag.py:3340} INFO - Setting next_dagrun for example_short_circuit_operator to 2023-11-01T07:45:24.281506+00:00, run_after=2023-11-02T07:45:24.281506+00:00
[2023-11-02T07:45:24.291+0000] {processor.py:176} INFO - Processing /home/airflow/.local/lib/python3.7/site-packages/airflow/example_dags/example_short_circuit_operator.py took 0.058 seconds
[2023-11-02T07:45:55.297+0000] {processor.py:154} INFO - Started process (PID=237) to work on /home/airflow/.local/lib/python3.7/site-packages/airflow/example_dags/example_short_circuit_operator.py
[2023-11-02T07:45:55.298+0000] {processor.py:756} INFO - Processing file /home/airflow/.local/lib/python3.7/site-packages/airflow/example_dags/example_short_circuit_operator.py for tasks to queue
[2023-11-02T07:45:55.298+0000] {logging_mixin.py:120} INFO - [2023-11-02T07:45:55.298+0000] {dagbag.py:537} INFO - Filling up the DagBag from /home/airflow/.local/lib/python3.7/site-packages/airflow/example_dags/example_short_circuit_operator.py
[2023-11-02T07:45:55.308+0000] {processor.py:766} INFO - DAG(s) dict_keys(['example_short_circuit_operator']) retrieved from /home/airflow/.local/lib/python3.7/site-packages/airflow/example_dags/example_short_circuit_operator.py
[2023-11-02T07:45:55.332+0000] {logging_mixin.py:120} INFO - [2023-11-02T07:45:55.332+0000] {dag.py:2585} INFO - Sync 1 DAGs
[2023-11-02T07:45:55.345+0000] {logging_mixin.py:120} INFO - [2023-11-02T07:45:55.345+0000] {dag.py:3340} INFO - Setting next_dagrun for example_short_circuit_operator to 2023-11-01T07:45:55.344917+00:00, run_after=2023-11-02T07:45:55.344917+00:00
[2023-11-02T07:45:55.355+0000] {processor.py:176} INFO - Processing /home/airflow/.local/lib/python3.7/site-packages/airflow/example_dags/example_short_circuit_operator.py took 0.059 seconds
[2023-11-02T07:46:26.435+0000] {processor.py:154} INFO - Started process (PID=300) to work on /home/airflow/.local/lib/python3.7/site-packages/airflow/example_dags/example_short_circuit_operator.py
[2023-11-02T07:46:26.436+0000] {processor.py:756} INFO - Processing file /home/airflow/.local/lib/python3.7/site-packages/airflow/example_dags/example_short_circuit_operator.py for tasks to queue
[2023-11-02T07:46:26.437+0000] {logging_mixin.py:120} INFO - [2023-11-02T07:46:26.437+0000] {dagbag.py:537} INFO - Filling up the DagBag from /home/airflow/.local/lib/python3.7/site-packages/airflow/example_dags/example_short_circuit_operator.py
[2023-11-02T07:46:26.448+0000] {processor.py:766} INFO - DAG(s) dict_keys(['example_short_circuit_operator']) retrieved from /home/airflow/.local/lib/python3.7/site-packages/airflow/example_dags/example_short_circuit_operator.py
[2023-11-02T07:46:26.476+0000] {logging_mixin.py:120} INFO - [2023-11-02T07:46:26.476+0000] {dag.py:2585} INFO - Sync 1 DAGs
[2023-11-02T07:46:26.489+0000] {logging_mixin.py:120} INFO - [2023-11-02T07:46:26.489+0000] {dag.py:3340} INFO - Setting next_dagrun for example_short_circuit_operator to 2023-11-01T07:46:26.489459+00:00, run_after=2023-11-02T07:46:26.489459+00:00
[2023-11-02T07:46:26.499+0000] {processor.py:176} INFO - Processing /home/airflow/.local/lib/python3.7/site-packages/airflow/example_dags/example_short_circuit_operator.py took 0.066 seconds
[2023-11-02T07:46:57.511+0000] {processor.py:154} INFO - Started process (PID=364) to work on /home/airflow/.local/lib/python3.7/site-packages/airflow/example_dags/example_short_circuit_operator.py
[2023-11-02T07:46:57.512+0000] {processor.py:756} INFO - Processing file /home/airflow/.local/lib/python3.7/site-packages/airflow/example_dags/example_short_circuit_operator.py for tasks to queue
[2023-11-02T07:46:57.513+0000] {logging_mixin.py:120} INFO - [2023-11-02T07:46:57.513+0000] {dagbag.py:537} INFO - Filling up the DagBag from /home/airflow/.local/lib/python3.7/site-packages/airflow/example_dags/example_short_circuit_operator.py
[2023-11-02T07:46:57.525+0000] {processor.py:766} INFO - DAG(s) dict_keys(['example_short_circuit_operator']) retrieved from /home/airflow/.local/lib/python3.7/site-packages/airflow/example_dags/example_short_circuit_operator.py
[2023-11-02T07:46:57.563+0000] {logging_mixin.py:120} INFO - [2023-11-02T07:46:57.563+0000] {dag.py:2585} INFO - Sync 1 DAGs
[2023-11-02T07:46:57.579+0000] {logging_mixin.py:120} INFO - [2023-11-02T07:46:57.579+0000] {dag.py:3340} INFO - Setting next_dagrun for example_short_circuit_operator to 2023-11-01T07:46:57.579358+00:00, run_after=2023-11-02T07:46:57.579358+00:00
[2023-11-02T07:46:57.595+0000] {processor.py:176} INFO - Processing /home/airflow/.local/lib/python3.7/site-packages/airflow/example_dags/example_short_circuit_operator.py took 0.087 seconds
[2023-11-02T07:47:28.016+0000] {processor.py:154} INFO - Started process (PID=417) to work on /home/airflow/.local/lib/python3.7/site-packages/airflow/example_dags/example_short_circuit_operator.py
[2023-11-02T07:47:28.017+0000] {processor.py:756} INFO - Processing file /home/airflow/.local/lib/python3.7/site-packages/airflow/example_dags/example_short_circuit_operator.py for tasks to queue
[2023-11-02T07:47:28.017+0000] {logging_mixin.py:120} INFO - [2023-11-02T07:47:28.017+0000] {dagbag.py:537} INFO - Filling up the DagBag from /home/airflow/.local/lib/python3.7/site-packages/airflow/example_dags/example_short_circuit_operator.py
[2023-11-02T07:47:28.027+0000] {processor.py:766} INFO - DAG(s) dict_keys(['example_short_circuit_operator']) retrieved from /home/airflow/.local/lib/python3.7/site-packages/airflow/example_dags/example_short_circuit_operator.py
[2023-11-02T07:47:28.051+0000] {logging_mixin.py:120} INFO - [2023-11-02T07:47:28.051+0000] {dag.py:2585} INFO - Sync 1 DAGs
[2023-11-02T07:47:28.065+0000] {logging_mixin.py:120} INFO - [2023-11-02T07:47:28.065+0000] {dag.py:3340} INFO - Setting next_dagrun for example_short_circuit_operator to 2023-11-01T07:47:28.065140+00:00, run_after=2023-11-02T07:47:28.065140+00:00
[2023-11-02T07:47:28.076+0000] {processor.py:176} INFO - Processing /home/airflow/.local/lib/python3.7/site-packages/airflow/example_dags/example_short_circuit_operator.py took 0.062 seconds
