[2023-11-02T07:42:35.126+0000] {processor.py:154} INFO - Started process (PID=69) to work on /home/airflow/.local/lib/python3.7/site-packages/airflow/example_dags/example_subdag_operator.py
[2023-11-02T07:42:35.130+0000] {processor.py:756} INFO - Processing file /home/airflow/.local/lib/python3.7/site-packages/airflow/example_dags/example_subdag_operator.py for tasks to queue
[2023-11-02T07:42:35.132+0000] {logging_mixin.py:120} INFO - [2023-11-02T07:42:35.132+0000] {dagbag.py:537} INFO - Filling up the DagBag from /home/airflow/.local/lib/python3.7/site-packages/airflow/example_dags/example_subdag_operator.py
[2023-11-02T07:42:35.184+0000] {processor.py:766} INFO - DAG(s) dict_keys(['example_subdag_operator.section-1', 'example_subdag_operator.section-2', 'example_subdag_operator']) retrieved from /home/airflow/.local/lib/python3.7/site-packages/airflow/example_dags/example_subdag_operator.py
[2023-11-02T07:42:35.592+0000] {logging_mixin.py:120} INFO - [2023-11-02T07:42:35.592+0000] {manager.py:507} INFO - Created Permission View: can delete on DAG:example_subdag_operator
[2023-11-02T07:42:35.611+0000] {logging_mixin.py:120} INFO - [2023-11-02T07:42:35.611+0000] {manager.py:507} INFO - Created Permission View: can read on DAG:example_subdag_operator
[2023-11-02T07:42:35.626+0000] {logging_mixin.py:120} INFO - [2023-11-02T07:42:35.625+0000] {manager.py:507} INFO - Created Permission View: can edit on DAG:example_subdag_operator
[2023-11-02T07:42:35.626+0000] {logging_mixin.py:120} INFO - [2023-11-02T07:42:35.626+0000] {dag.py:2585} INFO - Sync 3 DAGs
[2023-11-02T07:42:35.642+0000] {logging_mixin.py:120} INFO - [2023-11-02T07:42:35.642+0000] {dag.py:2606} INFO - Creating ORM DAG for example_subdag_operator.section-1
[2023-11-02T07:42:35.643+0000] {logging_mixin.py:120} INFO - [2023-11-02T07:42:35.643+0000] {dag.py:2606} INFO - Creating ORM DAG for example_subdag_operator.section-2
[2023-11-02T07:42:35.644+0000] {logging_mixin.py:120} INFO - [2023-11-02T07:42:35.644+0000] {dag.py:2606} INFO - Creating ORM DAG for example_subdag_operator
[2023-11-02T07:42:35.658+0000] {logging_mixin.py:120} INFO - [2023-11-02T07:42:35.658+0000] {dag.py:3340} INFO - Setting next_dagrun for example_subdag_operator to 2022-01-01T00:00:00+00:00, run_after=2022-01-01T00:00:00+00:00
[2023-11-02T07:42:35.659+0000] {logging_mixin.py:120} INFO - [2023-11-02T07:42:35.659+0000] {dag.py:3340} INFO - Setting next_dagrun for example_subdag_operator.section-1 to None, run_after=None
[2023-11-02T07:42:35.660+0000] {logging_mixin.py:120} INFO - [2023-11-02T07:42:35.660+0000] {dag.py:3340} INFO - Setting next_dagrun for example_subdag_operator.section-2 to None, run_after=None
[2023-11-02T07:42:35.673+0000] {logging_mixin.py:120} INFO - [2023-11-02T07:42:35.673+0000] {dag.py:2585} INFO - Sync 2 DAGs
[2023-11-02T07:42:35.679+0000] {logging_mixin.py:120} INFO - [2023-11-02T07:42:35.679+0000] {dag.py:3340} INFO - Setting next_dagrun for example_subdag_operator.section-1 to None, run_after=None
[2023-11-02T07:42:35.684+0000] {logging_mixin.py:120} INFO - [2023-11-02T07:42:35.683+0000] {dag.py:3340} INFO - Setting next_dagrun for example_subdag_operator.section-2 to None, run_after=None
[2023-11-02T07:42:35.694+0000] {processor.py:176} INFO - Processing /home/airflow/.local/lib/python3.7/site-packages/airflow/example_dags/example_subdag_operator.py took 0.571 seconds
[2023-11-02T07:43:06.079+0000] {processor.py:154} INFO - Started process (PID=123) to work on /home/airflow/.local/lib/python3.7/site-packages/airflow/example_dags/example_subdag_operator.py
[2023-11-02T07:43:06.080+0000] {processor.py:756} INFO - Processing file /home/airflow/.local/lib/python3.7/site-packages/airflow/example_dags/example_subdag_operator.py for tasks to queue
[2023-11-02T07:43:06.080+0000] {logging_mixin.py:120} INFO - [2023-11-02T07:43:06.080+0000] {dagbag.py:537} INFO - Filling up the DagBag from /home/airflow/.local/lib/python3.7/site-packages/airflow/example_dags/example_subdag_operator.py
[2023-11-02T07:43:06.103+0000] {processor.py:766} INFO - DAG(s) dict_keys(['example_subdag_operator.section-1', 'example_subdag_operator.section-2', 'example_subdag_operator']) retrieved from /home/airflow/.local/lib/python3.7/site-packages/airflow/example_dags/example_subdag_operator.py
[2023-11-02T07:43:06.198+0000] {logging_mixin.py:120} INFO - [2023-11-02T07:43:06.198+0000] {dag.py:2585} INFO - Sync 3 DAGs
[2023-11-02T07:43:06.214+0000] {logging_mixin.py:120} INFO - [2023-11-02T07:43:06.214+0000] {dag.py:3340} INFO - Setting next_dagrun for example_subdag_operator to 2022-01-01T00:00:00+00:00, run_after=2022-01-01T00:00:00+00:00
[2023-11-02T07:43:06.216+0000] {logging_mixin.py:120} INFO - [2023-11-02T07:43:06.216+0000] {dag.py:3340} INFO - Setting next_dagrun for example_subdag_operator.section-1 to None, run_after=None
[2023-11-02T07:43:06.217+0000] {logging_mixin.py:120} INFO - [2023-11-02T07:43:06.217+0000] {dag.py:3340} INFO - Setting next_dagrun for example_subdag_operator.section-2 to None, run_after=None
[2023-11-02T07:43:06.221+0000] {logging_mixin.py:120} INFO - [2023-11-02T07:43:06.221+0000] {dag.py:2585} INFO - Sync 2 DAGs
[2023-11-02T07:43:06.224+0000] {logging_mixin.py:120} INFO - [2023-11-02T07:43:06.224+0000] {dag.py:3340} INFO - Setting next_dagrun for example_subdag_operator.section-1 to None, run_after=None
[2023-11-02T07:43:06.224+0000] {logging_mixin.py:120} INFO - [2023-11-02T07:43:06.224+0000] {dag.py:3340} INFO - Setting next_dagrun for example_subdag_operator.section-2 to None, run_after=None
[2023-11-02T07:43:06.230+0000] {processor.py:176} INFO - Processing /home/airflow/.local/lib/python3.7/site-packages/airflow/example_dags/example_subdag_operator.py took 0.153 seconds
[2023-11-02T07:43:36.337+0000] {processor.py:154} INFO - Started process (PID=187) to work on /home/airflow/.local/lib/python3.7/site-packages/airflow/example_dags/example_subdag_operator.py
[2023-11-02T07:43:36.343+0000] {processor.py:756} INFO - Processing file /home/airflow/.local/lib/python3.7/site-packages/airflow/example_dags/example_subdag_operator.py for tasks to queue
[2023-11-02T07:43:36.349+0000] {logging_mixin.py:120} INFO - [2023-11-02T07:43:36.348+0000] {dagbag.py:537} INFO - Filling up the DagBag from /home/airflow/.local/lib/python3.7/site-packages/airflow/example_dags/example_subdag_operator.py
[2023-11-02T07:43:36.490+0000] {processor.py:766} INFO - DAG(s) dict_keys(['example_subdag_operator.section-1', 'example_subdag_operator.section-2', 'example_subdag_operator']) retrieved from /home/airflow/.local/lib/python3.7/site-packages/airflow/example_dags/example_subdag_operator.py
[2023-11-02T07:43:36.855+0000] {logging_mixin.py:120} INFO - [2023-11-02T07:43:36.855+0000] {dag.py:2585} INFO - Sync 3 DAGs
[2023-11-02T07:43:36.878+0000] {logging_mixin.py:120} INFO - [2023-11-02T07:43:36.878+0000] {dag.py:3340} INFO - Setting next_dagrun for example_subdag_operator to 2022-01-01T00:00:00+00:00, run_after=2022-01-01T00:00:00+00:00
[2023-11-02T07:43:36.881+0000] {logging_mixin.py:120} INFO - [2023-11-02T07:43:36.881+0000] {dag.py:3340} INFO - Setting next_dagrun for example_subdag_operator.section-1 to None, run_after=None
[2023-11-02T07:43:36.882+0000] {logging_mixin.py:120} INFO - [2023-11-02T07:43:36.882+0000] {dag.py:3340} INFO - Setting next_dagrun for example_subdag_operator.section-2 to None, run_after=None
[2023-11-02T07:43:36.889+0000] {logging_mixin.py:120} INFO - [2023-11-02T07:43:36.888+0000] {dag.py:2585} INFO - Sync 2 DAGs
[2023-11-02T07:43:36.894+0000] {logging_mixin.py:120} INFO - [2023-11-02T07:43:36.894+0000] {dag.py:3340} INFO - Setting next_dagrun for example_subdag_operator.section-1 to None, run_after=None
[2023-11-02T07:43:36.895+0000] {logging_mixin.py:120} INFO - [2023-11-02T07:43:36.895+0000] {dag.py:3340} INFO - Setting next_dagrun for example_subdag_operator.section-2 to None, run_after=None
[2023-11-02T07:43:36.906+0000] {processor.py:176} INFO - Processing /home/airflow/.local/lib/python3.7/site-packages/airflow/example_dags/example_subdag_operator.py took 0.574 seconds
[2023-11-02T07:44:23.753+0000] {processor.py:154} INFO - Started process (PID=61) to work on /home/airflow/.local/lib/python3.7/site-packages/airflow/example_dags/example_subdag_operator.py
[2023-11-02T07:44:23.755+0000] {processor.py:756} INFO - Processing file /home/airflow/.local/lib/python3.7/site-packages/airflow/example_dags/example_subdag_operator.py for tasks to queue
[2023-11-02T07:44:23.756+0000] {logging_mixin.py:120} INFO - [2023-11-02T07:44:23.756+0000] {dagbag.py:537} INFO - Filling up the DagBag from /home/airflow/.local/lib/python3.7/site-packages/airflow/example_dags/example_subdag_operator.py
[2023-11-02T07:44:23.790+0000] {processor.py:766} INFO - DAG(s) dict_keys(['example_subdag_operator.section-1', 'example_subdag_operator.section-2', 'example_subdag_operator']) retrieved from /home/airflow/.local/lib/python3.7/site-packages/airflow/example_dags/example_subdag_operator.py
[2023-11-02T07:44:23.818+0000] {logging_mixin.py:120} INFO - [2023-11-02T07:44:23.818+0000] {dag.py:2585} INFO - Sync 3 DAGs
[2023-11-02T07:44:23.847+0000] {logging_mixin.py:120} INFO - [2023-11-02T07:44:23.847+0000] {dag.py:3340} INFO - Setting next_dagrun for example_subdag_operator to 2022-01-01T00:00:00+00:00, run_after=2022-01-01T00:00:00+00:00
[2023-11-02T07:44:23.852+0000] {logging_mixin.py:120} INFO - [2023-11-02T07:44:23.852+0000] {dag.py:3340} INFO - Setting next_dagrun for example_subdag_operator.section-1 to None, run_after=None
[2023-11-02T07:44:23.854+0000] {logging_mixin.py:120} INFO - [2023-11-02T07:44:23.854+0000] {dag.py:3340} INFO - Setting next_dagrun for example_subdag_operator.section-2 to None, run_after=None
[2023-11-02T07:44:23.866+0000] {logging_mixin.py:120} INFO - [2023-11-02T07:44:23.866+0000] {dag.py:2585} INFO - Sync 2 DAGs
[2023-11-02T07:44:23.874+0000] {logging_mixin.py:120} INFO - [2023-11-02T07:44:23.874+0000] {dag.py:3340} INFO - Setting next_dagrun for example_subdag_operator.section-1 to None, run_after=None
[2023-11-02T07:44:23.875+0000] {logging_mixin.py:120} INFO - [2023-11-02T07:44:23.875+0000] {dag.py:3340} INFO - Setting next_dagrun for example_subdag_operator.section-2 to None, run_after=None
[2023-11-02T07:44:23.890+0000] {processor.py:176} INFO - Processing /home/airflow/.local/lib/python3.7/site-packages/airflow/example_dags/example_subdag_operator.py took 0.141 seconds
[2023-11-02T07:44:54.034+0000] {processor.py:154} INFO - Started process (PID=124) to work on /home/airflow/.local/lib/python3.7/site-packages/airflow/example_dags/example_subdag_operator.py
[2023-11-02T07:44:54.034+0000] {processor.py:756} INFO - Processing file /home/airflow/.local/lib/python3.7/site-packages/airflow/example_dags/example_subdag_operator.py for tasks to queue
[2023-11-02T07:44:54.035+0000] {logging_mixin.py:120} INFO - [2023-11-02T07:44:54.035+0000] {dagbag.py:537} INFO - Filling up the DagBag from /home/airflow/.local/lib/python3.7/site-packages/airflow/example_dags/example_subdag_operator.py
[2023-11-02T07:44:54.055+0000] {processor.py:766} INFO - DAG(s) dict_keys(['example_subdag_operator.section-1', 'example_subdag_operator.section-2', 'example_subdag_operator']) retrieved from /home/airflow/.local/lib/python3.7/site-packages/airflow/example_dags/example_subdag_operator.py
[2023-11-02T07:44:54.142+0000] {logging_mixin.py:120} INFO - [2023-11-02T07:44:54.142+0000] {dag.py:2585} INFO - Sync 3 DAGs
[2023-11-02T07:44:54.156+0000] {logging_mixin.py:120} INFO - [2023-11-02T07:44:54.156+0000] {dag.py:3340} INFO - Setting next_dagrun for example_subdag_operator to 2022-01-01T00:00:00+00:00, run_after=2022-01-01T00:00:00+00:00
[2023-11-02T07:44:54.158+0000] {logging_mixin.py:120} INFO - [2023-11-02T07:44:54.158+0000] {dag.py:3340} INFO - Setting next_dagrun for example_subdag_operator.section-1 to None, run_after=None
[2023-11-02T07:44:54.159+0000] {logging_mixin.py:120} INFO - [2023-11-02T07:44:54.159+0000] {dag.py:3340} INFO - Setting next_dagrun for example_subdag_operator.section-2 to None, run_after=None
[2023-11-02T07:44:54.163+0000] {logging_mixin.py:120} INFO - [2023-11-02T07:44:54.163+0000] {dag.py:2585} INFO - Sync 2 DAGs
[2023-11-02T07:44:54.166+0000] {logging_mixin.py:120} INFO - [2023-11-02T07:44:54.166+0000] {dag.py:3340} INFO - Setting next_dagrun for example_subdag_operator.section-1 to None, run_after=None
[2023-11-02T07:44:54.167+0000] {logging_mixin.py:120} INFO - [2023-11-02T07:44:54.167+0000] {dag.py:3340} INFO - Setting next_dagrun for example_subdag_operator.section-2 to None, run_after=None
[2023-11-02T07:44:54.173+0000] {processor.py:176} INFO - Processing /home/airflow/.local/lib/python3.7/site-packages/airflow/example_dags/example_subdag_operator.py took 0.142 seconds
[2023-11-02T07:45:24.945+0000] {processor.py:154} INFO - Started process (PID=189) to work on /home/airflow/.local/lib/python3.7/site-packages/airflow/example_dags/example_subdag_operator.py
[2023-11-02T07:45:24.946+0000] {processor.py:756} INFO - Processing file /home/airflow/.local/lib/python3.7/site-packages/airflow/example_dags/example_subdag_operator.py for tasks to queue
[2023-11-02T07:45:24.946+0000] {logging_mixin.py:120} INFO - [2023-11-02T07:45:24.946+0000] {dagbag.py:537} INFO - Filling up the DagBag from /home/airflow/.local/lib/python3.7/site-packages/airflow/example_dags/example_subdag_operator.py
[2023-11-02T07:45:24.968+0000] {processor.py:766} INFO - DAG(s) dict_keys(['example_subdag_operator.section-1', 'example_subdag_operator.section-2', 'example_subdag_operator']) retrieved from /home/airflow/.local/lib/python3.7/site-packages/airflow/example_dags/example_subdag_operator.py
[2023-11-02T07:45:25.061+0000] {logging_mixin.py:120} INFO - [2023-11-02T07:45:25.060+0000] {dag.py:2585} INFO - Sync 3 DAGs
[2023-11-02T07:45:25.074+0000] {logging_mixin.py:120} INFO - [2023-11-02T07:45:25.074+0000] {dag.py:3340} INFO - Setting next_dagrun for example_subdag_operator to 2022-01-01T00:00:00+00:00, run_after=2022-01-01T00:00:00+00:00
[2023-11-02T07:45:25.076+0000] {logging_mixin.py:120} INFO - [2023-11-02T07:45:25.076+0000] {dag.py:3340} INFO - Setting next_dagrun for example_subdag_operator.section-1 to None, run_after=None
[2023-11-02T07:45:25.077+0000] {logging_mixin.py:120} INFO - [2023-11-02T07:45:25.077+0000] {dag.py:3340} INFO - Setting next_dagrun for example_subdag_operator.section-2 to None, run_after=None
[2023-11-02T07:45:25.081+0000] {logging_mixin.py:120} INFO - [2023-11-02T07:45:25.081+0000] {dag.py:2585} INFO - Sync 2 DAGs
[2023-11-02T07:45:25.084+0000] {logging_mixin.py:120} INFO - [2023-11-02T07:45:25.084+0000] {dag.py:3340} INFO - Setting next_dagrun for example_subdag_operator.section-1 to None, run_after=None
[2023-11-02T07:45:25.084+0000] {logging_mixin.py:120} INFO - [2023-11-02T07:45:25.084+0000] {dag.py:3340} INFO - Setting next_dagrun for example_subdag_operator.section-2 to None, run_after=None
[2023-11-02T07:45:25.090+0000] {processor.py:176} INFO - Processing /home/airflow/.local/lib/python3.7/site-packages/airflow/example_dags/example_subdag_operator.py took 0.147 seconds
[2023-11-02T07:45:56.069+0000] {processor.py:154} INFO - Started process (PID=252) to work on /home/airflow/.local/lib/python3.7/site-packages/airflow/example_dags/example_subdag_operator.py
[2023-11-02T07:45:56.070+0000] {processor.py:756} INFO - Processing file /home/airflow/.local/lib/python3.7/site-packages/airflow/example_dags/example_subdag_operator.py for tasks to queue
[2023-11-02T07:45:56.070+0000] {logging_mixin.py:120} INFO - [2023-11-02T07:45:56.070+0000] {dagbag.py:537} INFO - Filling up the DagBag from /home/airflow/.local/lib/python3.7/site-packages/airflow/example_dags/example_subdag_operator.py
[2023-11-02T07:45:56.090+0000] {processor.py:766} INFO - DAG(s) dict_keys(['example_subdag_operator.section-1', 'example_subdag_operator.section-2', 'example_subdag_operator']) retrieved from /home/airflow/.local/lib/python3.7/site-packages/airflow/example_dags/example_subdag_operator.py
[2023-11-02T07:45:56.180+0000] {logging_mixin.py:120} INFO - [2023-11-02T07:45:56.180+0000] {dag.py:2585} INFO - Sync 3 DAGs
[2023-11-02T07:45:56.196+0000] {logging_mixin.py:120} INFO - [2023-11-02T07:45:56.195+0000] {dag.py:3340} INFO - Setting next_dagrun for example_subdag_operator to 2022-01-01T00:00:00+00:00, run_after=2022-01-01T00:00:00+00:00
[2023-11-02T07:45:56.197+0000] {logging_mixin.py:120} INFO - [2023-11-02T07:45:56.197+0000] {dag.py:3340} INFO - Setting next_dagrun for example_subdag_operator.section-1 to None, run_after=None
[2023-11-02T07:45:56.198+0000] {logging_mixin.py:120} INFO - [2023-11-02T07:45:56.198+0000] {dag.py:3340} INFO - Setting next_dagrun for example_subdag_operator.section-2 to None, run_after=None
[2023-11-02T07:45:56.202+0000] {logging_mixin.py:120} INFO - [2023-11-02T07:45:56.202+0000] {dag.py:2585} INFO - Sync 2 DAGs
[2023-11-02T07:45:56.205+0000] {logging_mixin.py:120} INFO - [2023-11-02T07:45:56.205+0000] {dag.py:3340} INFO - Setting next_dagrun for example_subdag_operator.section-1 to None, run_after=None
[2023-11-02T07:45:56.205+0000] {logging_mixin.py:120} INFO - [2023-11-02T07:45:56.205+0000] {dag.py:3340} INFO - Setting next_dagrun for example_subdag_operator.section-2 to None, run_after=None
[2023-11-02T07:45:56.211+0000] {processor.py:176} INFO - Processing /home/airflow/.local/lib/python3.7/site-packages/airflow/example_dags/example_subdag_operator.py took 0.144 seconds
[2023-11-02T07:46:27.146+0000] {processor.py:154} INFO - Started process (PID=315) to work on /home/airflow/.local/lib/python3.7/site-packages/airflow/example_dags/example_subdag_operator.py
[2023-11-02T07:46:27.147+0000] {processor.py:756} INFO - Processing file /home/airflow/.local/lib/python3.7/site-packages/airflow/example_dags/example_subdag_operator.py for tasks to queue
[2023-11-02T07:46:27.148+0000] {logging_mixin.py:120} INFO - [2023-11-02T07:46:27.148+0000] {dagbag.py:537} INFO - Filling up the DagBag from /home/airflow/.local/lib/python3.7/site-packages/airflow/example_dags/example_subdag_operator.py
[2023-11-02T07:46:27.170+0000] {processor.py:766} INFO - DAG(s) dict_keys(['example_subdag_operator.section-1', 'example_subdag_operator.section-2', 'example_subdag_operator']) retrieved from /home/airflow/.local/lib/python3.7/site-packages/airflow/example_dags/example_subdag_operator.py
[2023-11-02T07:46:27.262+0000] {logging_mixin.py:120} INFO - [2023-11-02T07:46:27.262+0000] {dag.py:2585} INFO - Sync 3 DAGs
[2023-11-02T07:46:27.275+0000] {logging_mixin.py:120} INFO - [2023-11-02T07:46:27.275+0000] {dag.py:3340} INFO - Setting next_dagrun for example_subdag_operator to 2022-01-01T00:00:00+00:00, run_after=2022-01-01T00:00:00+00:00
[2023-11-02T07:46:27.276+0000] {logging_mixin.py:120} INFO - [2023-11-02T07:46:27.276+0000] {dag.py:3340} INFO - Setting next_dagrun for example_subdag_operator.section-1 to None, run_after=None
[2023-11-02T07:46:27.277+0000] {logging_mixin.py:120} INFO - [2023-11-02T07:46:27.277+0000] {dag.py:3340} INFO - Setting next_dagrun for example_subdag_operator.section-2 to None, run_after=None
[2023-11-02T07:46:27.281+0000] {logging_mixin.py:120} INFO - [2023-11-02T07:46:27.281+0000] {dag.py:2585} INFO - Sync 2 DAGs
[2023-11-02T07:46:27.284+0000] {logging_mixin.py:120} INFO - [2023-11-02T07:46:27.284+0000] {dag.py:3340} INFO - Setting next_dagrun for example_subdag_operator.section-1 to None, run_after=None
[2023-11-02T07:46:27.285+0000] {logging_mixin.py:120} INFO - [2023-11-02T07:46:27.285+0000] {dag.py:3340} INFO - Setting next_dagrun for example_subdag_operator.section-2 to None, run_after=None
[2023-11-02T07:46:27.291+0000] {processor.py:176} INFO - Processing /home/airflow/.local/lib/python3.7/site-packages/airflow/example_dags/example_subdag_operator.py took 0.147 seconds
[2023-11-02T07:46:58.281+0000] {processor.py:154} INFO - Started process (PID=379) to work on /home/airflow/.local/lib/python3.7/site-packages/airflow/example_dags/example_subdag_operator.py
[2023-11-02T07:46:58.282+0000] {processor.py:756} INFO - Processing file /home/airflow/.local/lib/python3.7/site-packages/airflow/example_dags/example_subdag_operator.py for tasks to queue
[2023-11-02T07:46:58.284+0000] {logging_mixin.py:120} INFO - [2023-11-02T07:46:58.284+0000] {dagbag.py:537} INFO - Filling up the DagBag from /home/airflow/.local/lib/python3.7/site-packages/airflow/example_dags/example_subdag_operator.py
[2023-11-02T07:46:58.306+0000] {processor.py:766} INFO - DAG(s) dict_keys(['example_subdag_operator.section-1', 'example_subdag_operator.section-2', 'example_subdag_operator']) retrieved from /home/airflow/.local/lib/python3.7/site-packages/airflow/example_dags/example_subdag_operator.py
[2023-11-02T07:46:58.396+0000] {logging_mixin.py:120} INFO - [2023-11-02T07:46:58.396+0000] {dag.py:2585} INFO - Sync 3 DAGs
[2023-11-02T07:46:58.416+0000] {logging_mixin.py:120} INFO - [2023-11-02T07:46:58.416+0000] {dag.py:3340} INFO - Setting next_dagrun for example_subdag_operator to 2022-01-01T00:00:00+00:00, run_after=2022-01-01T00:00:00+00:00
[2023-11-02T07:46:58.420+0000] {logging_mixin.py:120} INFO - [2023-11-02T07:46:58.420+0000] {dag.py:3340} INFO - Setting next_dagrun for example_subdag_operator.section-1 to None, run_after=None
[2023-11-02T07:46:58.422+0000] {logging_mixin.py:120} INFO - [2023-11-02T07:46:58.422+0000] {dag.py:3340} INFO - Setting next_dagrun for example_subdag_operator.section-2 to None, run_after=None
[2023-11-02T07:46:58.430+0000] {logging_mixin.py:120} INFO - [2023-11-02T07:46:58.430+0000] {dag.py:2585} INFO - Sync 2 DAGs
[2023-11-02T07:46:58.437+0000] {logging_mixin.py:120} INFO - [2023-11-02T07:46:58.437+0000] {dag.py:3340} INFO - Setting next_dagrun for example_subdag_operator.section-1 to None, run_after=None
[2023-11-02T07:46:58.438+0000] {logging_mixin.py:120} INFO - [2023-11-02T07:46:58.438+0000] {dag.py:3340} INFO - Setting next_dagrun for example_subdag_operator.section-2 to None, run_after=None
[2023-11-02T07:46:58.452+0000] {processor.py:176} INFO - Processing /home/airflow/.local/lib/python3.7/site-packages/airflow/example_dags/example_subdag_operator.py took 0.173 seconds
[2023-11-02T07:47:28.799+0000] {processor.py:154} INFO - Started process (PID=432) to work on /home/airflow/.local/lib/python3.7/site-packages/airflow/example_dags/example_subdag_operator.py
[2023-11-02T07:47:28.799+0000] {processor.py:756} INFO - Processing file /home/airflow/.local/lib/python3.7/site-packages/airflow/example_dags/example_subdag_operator.py for tasks to queue
[2023-11-02T07:47:28.800+0000] {logging_mixin.py:120} INFO - [2023-11-02T07:47:28.800+0000] {dagbag.py:537} INFO - Filling up the DagBag from /home/airflow/.local/lib/python3.7/site-packages/airflow/example_dags/example_subdag_operator.py
[2023-11-02T07:47:28.821+0000] {processor.py:766} INFO - DAG(s) dict_keys(['example_subdag_operator.section-1', 'example_subdag_operator.section-2', 'example_subdag_operator']) retrieved from /home/airflow/.local/lib/python3.7/site-packages/airflow/example_dags/example_subdag_operator.py
[2023-11-02T07:47:28.913+0000] {logging_mixin.py:120} INFO - [2023-11-02T07:47:28.913+0000] {dag.py:2585} INFO - Sync 3 DAGs
[2023-11-02T07:47:28.928+0000] {logging_mixin.py:120} INFO - [2023-11-02T07:47:28.928+0000] {dag.py:3340} INFO - Setting next_dagrun for example_subdag_operator to 2022-01-01T00:00:00+00:00, run_after=2022-01-01T00:00:00+00:00
[2023-11-02T07:47:28.930+0000] {logging_mixin.py:120} INFO - [2023-11-02T07:47:28.930+0000] {dag.py:3340} INFO - Setting next_dagrun for example_subdag_operator.section-1 to None, run_after=None
[2023-11-02T07:47:28.931+0000] {logging_mixin.py:120} INFO - [2023-11-02T07:47:28.931+0000] {dag.py:3340} INFO - Setting next_dagrun for example_subdag_operator.section-2 to None, run_after=None
[2023-11-02T07:47:28.935+0000] {logging_mixin.py:120} INFO - [2023-11-02T07:47:28.935+0000] {dag.py:2585} INFO - Sync 2 DAGs
[2023-11-02T07:47:28.939+0000] {logging_mixin.py:120} INFO - [2023-11-02T07:47:28.939+0000] {dag.py:3340} INFO - Setting next_dagrun for example_subdag_operator.section-1 to None, run_after=None
[2023-11-02T07:47:28.939+0000] {logging_mixin.py:120} INFO - [2023-11-02T07:47:28.939+0000] {dag.py:3340} INFO - Setting next_dagrun for example_subdag_operator.section-2 to None, run_after=None
[2023-11-02T07:47:28.946+0000] {processor.py:176} INFO - Processing /home/airflow/.local/lib/python3.7/site-packages/airflow/example_dags/example_subdag_operator.py took 0.150 seconds
