[2023-11-02T07:42:31.030+0000] {processor.py:154} INFO - Started process (PID=37) to work on /home/airflow/.local/lib/python3.7/site-packages/airflow/example_dags/example_latest_only.py
[2023-11-02T07:42:31.032+0000] {processor.py:756} INFO - Processing file /home/airflow/.local/lib/python3.7/site-packages/airflow/example_dags/example_latest_only.py for tasks to queue
[2023-11-02T07:42:31.033+0000] {logging_mixin.py:120} INFO - [2023-11-02T07:42:31.033+0000] {dagbag.py:537} INFO - Filling up the DagBag from /home/airflow/.local/lib/python3.7/site-packages/airflow/example_dags/example_latest_only.py
[2023-11-02T07:42:31.057+0000] {processor.py:766} INFO - DAG(s) dict_keys(['latest_only']) retrieved from /home/airflow/.local/lib/python3.7/site-packages/airflow/example_dags/example_latest_only.py
[2023-11-02T07:42:31.434+0000] {logging_mixin.py:120} INFO - [2023-11-02T07:42:31.433+0000] {manager.py:507} INFO - Created Permission View: can delete on DAG:latest_only
[2023-11-02T07:42:31.440+0000] {logging_mixin.py:120} INFO - [2023-11-02T07:42:31.440+0000] {manager.py:507} INFO - Created Permission View: can read on DAG:latest_only
[2023-11-02T07:42:31.448+0000] {logging_mixin.py:120} INFO - [2023-11-02T07:42:31.448+0000] {manager.py:507} INFO - Created Permission View: can edit on DAG:latest_only
[2023-11-02T07:42:31.448+0000] {logging_mixin.py:120} INFO - [2023-11-02T07:42:31.448+0000] {dag.py:2585} INFO - Sync 1 DAGs
[2023-11-02T07:42:31.459+0000] {logging_mixin.py:120} INFO - [2023-11-02T07:42:31.459+0000] {dag.py:2606} INFO - Creating ORM DAG for latest_only
[2023-11-02T07:42:31.469+0000] {logging_mixin.py:120} INFO - [2023-11-02T07:42:31.468+0000] {dag.py:3340} INFO - Setting next_dagrun for latest_only to 2023-11-02T03:42:31.468799+00:00, run_after=2023-11-02T07:42:31.468799+00:00
[2023-11-02T07:42:31.488+0000] {processor.py:176} INFO - Processing /home/airflow/.local/lib/python3.7/site-packages/airflow/example_dags/example_latest_only.py took 0.462 seconds
[2023-11-02T07:43:01.866+0000] {processor.py:154} INFO - Started process (PID=99) to work on /home/airflow/.local/lib/python3.7/site-packages/airflow/example_dags/example_latest_only.py
[2023-11-02T07:43:01.870+0000] {processor.py:756} INFO - Processing file /home/airflow/.local/lib/python3.7/site-packages/airflow/example_dags/example_latest_only.py for tasks to queue
[2023-11-02T07:43:01.871+0000] {logging_mixin.py:120} INFO - [2023-11-02T07:43:01.871+0000] {dagbag.py:537} INFO - Filling up the DagBag from /home/airflow/.local/lib/python3.7/site-packages/airflow/example_dags/example_latest_only.py
[2023-11-02T07:43:01.888+0000] {processor.py:766} INFO - DAG(s) dict_keys(['latest_only']) retrieved from /home/airflow/.local/lib/python3.7/site-packages/airflow/example_dags/example_latest_only.py
[2023-11-02T07:43:01.924+0000] {logging_mixin.py:120} INFO - [2023-11-02T07:43:01.924+0000] {dag.py:2585} INFO - Sync 1 DAGs
[2023-11-02T07:43:01.941+0000] {logging_mixin.py:120} INFO - [2023-11-02T07:43:01.941+0000] {dag.py:3340} INFO - Setting next_dagrun for latest_only to 2023-11-02T03:43:01.941365+00:00, run_after=2023-11-02T07:43:01.941365+00:00
[2023-11-02T07:43:01.954+0000] {processor.py:176} INFO - Processing /home/airflow/.local/lib/python3.7/site-packages/airflow/example_dags/example_latest_only.py took 0.096 seconds
[2023-11-02T07:43:32.822+0000] {processor.py:154} INFO - Started process (PID=163) to work on /home/airflow/.local/lib/python3.7/site-packages/airflow/example_dags/example_latest_only.py
[2023-11-02T07:43:32.823+0000] {processor.py:756} INFO - Processing file /home/airflow/.local/lib/python3.7/site-packages/airflow/example_dags/example_latest_only.py for tasks to queue
[2023-11-02T07:43:32.824+0000] {logging_mixin.py:120} INFO - [2023-11-02T07:43:32.824+0000] {dagbag.py:537} INFO - Filling up the DagBag from /home/airflow/.local/lib/python3.7/site-packages/airflow/example_dags/example_latest_only.py
[2023-11-02T07:43:32.840+0000] {processor.py:766} INFO - DAG(s) dict_keys(['latest_only']) retrieved from /home/airflow/.local/lib/python3.7/site-packages/airflow/example_dags/example_latest_only.py
[2023-11-02T07:43:32.887+0000] {logging_mixin.py:120} INFO - [2023-11-02T07:43:32.887+0000] {dag.py:2585} INFO - Sync 1 DAGs
[2023-11-02T07:43:32.905+0000] {logging_mixin.py:120} INFO - [2023-11-02T07:43:32.905+0000] {dag.py:3340} INFO - Setting next_dagrun for latest_only to 2023-11-02T03:43:32.905702+00:00, run_after=2023-11-02T07:43:32.905702+00:00
[2023-11-02T07:43:32.918+0000] {processor.py:176} INFO - Processing /home/airflow/.local/lib/python3.7/site-packages/airflow/example_dags/example_latest_only.py took 0.099 seconds
[2023-11-02T07:44:22.108+0000] {processor.py:154} INFO - Started process (PID=37) to work on /home/airflow/.local/lib/python3.7/site-packages/airflow/example_dags/example_latest_only.py
[2023-11-02T07:44:22.112+0000] {processor.py:756} INFO - Processing file /home/airflow/.local/lib/python3.7/site-packages/airflow/example_dags/example_latest_only.py for tasks to queue
[2023-11-02T07:44:22.115+0000] {logging_mixin.py:120} INFO - [2023-11-02T07:44:22.115+0000] {dagbag.py:537} INFO - Filling up the DagBag from /home/airflow/.local/lib/python3.7/site-packages/airflow/example_dags/example_latest_only.py
[2023-11-02T07:44:22.164+0000] {processor.py:766} INFO - DAG(s) dict_keys(['latest_only']) retrieved from /home/airflow/.local/lib/python3.7/site-packages/airflow/example_dags/example_latest_only.py
[2023-11-02T07:44:22.217+0000] {logging_mixin.py:120} INFO - [2023-11-02T07:44:22.216+0000] {dag.py:2585} INFO - Sync 1 DAGs
[2023-11-02T07:44:22.246+0000] {logging_mixin.py:120} INFO - [2023-11-02T07:44:22.245+0000] {dag.py:3340} INFO - Setting next_dagrun for latest_only to 2023-11-02T03:44:22.245682+00:00, run_after=2023-11-02T07:44:22.245682+00:00
[2023-11-02T07:44:22.261+0000] {processor.py:176} INFO - Processing /home/airflow/.local/lib/python3.7/site-packages/airflow/example_dags/example_latest_only.py took 0.156 seconds
[2023-11-02T07:44:53.013+0000] {processor.py:154} INFO - Started process (PID=100) to work on /home/airflow/.local/lib/python3.7/site-packages/airflow/example_dags/example_latest_only.py
[2023-11-02T07:44:53.014+0000] {processor.py:756} INFO - Processing file /home/airflow/.local/lib/python3.7/site-packages/airflow/example_dags/example_latest_only.py for tasks to queue
[2023-11-02T07:44:53.016+0000] {logging_mixin.py:120} INFO - [2023-11-02T07:44:53.015+0000] {dagbag.py:537} INFO - Filling up the DagBag from /home/airflow/.local/lib/python3.7/site-packages/airflow/example_dags/example_latest_only.py
[2023-11-02T07:44:53.037+0000] {processor.py:766} INFO - DAG(s) dict_keys(['latest_only']) retrieved from /home/airflow/.local/lib/python3.7/site-packages/airflow/example_dags/example_latest_only.py
[2023-11-02T07:44:53.073+0000] {logging_mixin.py:120} INFO - [2023-11-02T07:44:53.073+0000] {dag.py:2585} INFO - Sync 1 DAGs
[2023-11-02T07:44:53.087+0000] {logging_mixin.py:120} INFO - [2023-11-02T07:44:53.087+0000] {dag.py:3340} INFO - Setting next_dagrun for latest_only to 2023-11-02T03:44:53.087496+00:00, run_after=2023-11-02T07:44:53.087496+00:00
[2023-11-02T07:44:53.098+0000] {processor.py:176} INFO - Processing /home/airflow/.local/lib/python3.7/site-packages/airflow/example_dags/example_latest_only.py took 0.091 seconds
[2023-11-02T07:45:23.791+0000] {processor.py:154} INFO - Started process (PID=165) to work on /home/airflow/.local/lib/python3.7/site-packages/airflow/example_dags/example_latest_only.py
[2023-11-02T07:45:23.792+0000] {processor.py:756} INFO - Processing file /home/airflow/.local/lib/python3.7/site-packages/airflow/example_dags/example_latest_only.py for tasks to queue
[2023-11-02T07:45:23.792+0000] {logging_mixin.py:120} INFO - [2023-11-02T07:45:23.792+0000] {dagbag.py:537} INFO - Filling up the DagBag from /home/airflow/.local/lib/python3.7/site-packages/airflow/example_dags/example_latest_only.py
[2023-11-02T07:45:23.804+0000] {processor.py:766} INFO - DAG(s) dict_keys(['latest_only']) retrieved from /home/airflow/.local/lib/python3.7/site-packages/airflow/example_dags/example_latest_only.py
[2023-11-02T07:45:23.830+0000] {logging_mixin.py:120} INFO - [2023-11-02T07:45:23.830+0000] {dag.py:2585} INFO - Sync 1 DAGs
[2023-11-02T07:45:23.846+0000] {logging_mixin.py:120} INFO - [2023-11-02T07:45:23.846+0000] {dag.py:3340} INFO - Setting next_dagrun for latest_only to 2023-11-02T03:45:23.845952+00:00, run_after=2023-11-02T07:45:23.845952+00:00
[2023-11-02T07:45:23.857+0000] {processor.py:176} INFO - Processing /home/airflow/.local/lib/python3.7/site-packages/airflow/example_dags/example_latest_only.py took 0.068 seconds
[2023-11-02T07:45:54.904+0000] {processor.py:154} INFO - Started process (PID=228) to work on /home/airflow/.local/lib/python3.7/site-packages/airflow/example_dags/example_latest_only.py
[2023-11-02T07:45:54.905+0000] {processor.py:756} INFO - Processing file /home/airflow/.local/lib/python3.7/site-packages/airflow/example_dags/example_latest_only.py for tasks to queue
[2023-11-02T07:45:54.906+0000] {logging_mixin.py:120} INFO - [2023-11-02T07:45:54.906+0000] {dagbag.py:537} INFO - Filling up the DagBag from /home/airflow/.local/lib/python3.7/site-packages/airflow/example_dags/example_latest_only.py
[2023-11-02T07:45:54.923+0000] {processor.py:766} INFO - DAG(s) dict_keys(['latest_only']) retrieved from /home/airflow/.local/lib/python3.7/site-packages/airflow/example_dags/example_latest_only.py
[2023-11-02T07:45:54.954+0000] {logging_mixin.py:120} INFO - [2023-11-02T07:45:54.954+0000] {dag.py:2585} INFO - Sync 1 DAGs
[2023-11-02T07:45:54.968+0000] {logging_mixin.py:120} INFO - [2023-11-02T07:45:54.968+0000] {dag.py:3340} INFO - Setting next_dagrun for latest_only to 2023-11-02T03:45:54.968254+00:00, run_after=2023-11-02T07:45:54.968254+00:00
[2023-11-02T07:45:54.978+0000] {processor.py:176} INFO - Processing /home/airflow/.local/lib/python3.7/site-packages/airflow/example_dags/example_latest_only.py took 0.079 seconds
[2023-11-02T07:46:25.955+0000] {processor.py:154} INFO - Started process (PID=291) to work on /home/airflow/.local/lib/python3.7/site-packages/airflow/example_dags/example_latest_only.py
[2023-11-02T07:46:25.956+0000] {processor.py:756} INFO - Processing file /home/airflow/.local/lib/python3.7/site-packages/airflow/example_dags/example_latest_only.py for tasks to queue
[2023-11-02T07:46:25.957+0000] {logging_mixin.py:120} INFO - [2023-11-02T07:46:25.957+0000] {dagbag.py:537} INFO - Filling up the DagBag from /home/airflow/.local/lib/python3.7/site-packages/airflow/example_dags/example_latest_only.py
[2023-11-02T07:46:25.967+0000] {processor.py:766} INFO - DAG(s) dict_keys(['latest_only']) retrieved from /home/airflow/.local/lib/python3.7/site-packages/airflow/example_dags/example_latest_only.py
[2023-11-02T07:46:25.992+0000] {logging_mixin.py:120} INFO - [2023-11-02T07:46:25.992+0000] {dag.py:2585} INFO - Sync 1 DAGs
[2023-11-02T07:46:26.006+0000] {logging_mixin.py:120} INFO - [2023-11-02T07:46:26.006+0000] {dag.py:3340} INFO - Setting next_dagrun for latest_only to 2023-11-02T03:46:26.006241+00:00, run_after=2023-11-02T07:46:26.006241+00:00
[2023-11-02T07:46:26.017+0000] {processor.py:176} INFO - Processing /home/airflow/.local/lib/python3.7/site-packages/airflow/example_dags/example_latest_only.py took 0.064 seconds
[2023-11-02T07:46:57.004+0000] {processor.py:154} INFO - Started process (PID=345) to work on /home/airflow/.local/lib/python3.7/site-packages/airflow/example_dags/example_latest_only.py
[2023-11-02T07:46:57.005+0000] {processor.py:756} INFO - Processing file /home/airflow/.local/lib/python3.7/site-packages/airflow/example_dags/example_latest_only.py for tasks to queue
[2023-11-02T07:46:57.006+0000] {logging_mixin.py:120} INFO - [2023-11-02T07:46:57.006+0000] {dagbag.py:537} INFO - Filling up the DagBag from /home/airflow/.local/lib/python3.7/site-packages/airflow/example_dags/example_latest_only.py
[2023-11-02T07:46:57.021+0000] {processor.py:766} INFO - DAG(s) dict_keys(['latest_only']) retrieved from /home/airflow/.local/lib/python3.7/site-packages/airflow/example_dags/example_latest_only.py
[2023-11-02T07:46:57.051+0000] {logging_mixin.py:120} INFO - [2023-11-02T07:46:57.050+0000] {dag.py:2585} INFO - Sync 1 DAGs
[2023-11-02T07:46:57.064+0000] {logging_mixin.py:120} INFO - [2023-11-02T07:46:57.064+0000] {dag.py:3340} INFO - Setting next_dagrun for latest_only to 2023-11-02T03:46:57.064563+00:00, run_after=2023-11-02T07:46:57.064563+00:00
[2023-11-02T07:46:57.075+0000] {processor.py:176} INFO - Processing /home/airflow/.local/lib/python3.7/site-packages/airflow/example_dags/example_latest_only.py took 0.075 seconds
[2023-11-02T07:47:27.549+0000] {processor.py:154} INFO - Started process (PID=408) to work on /home/airflow/.local/lib/python3.7/site-packages/airflow/example_dags/example_latest_only.py
[2023-11-02T07:47:27.550+0000] {processor.py:756} INFO - Processing file /home/airflow/.local/lib/python3.7/site-packages/airflow/example_dags/example_latest_only.py for tasks to queue
[2023-11-02T07:47:27.551+0000] {logging_mixin.py:120} INFO - [2023-11-02T07:47:27.551+0000] {dagbag.py:537} INFO - Filling up the DagBag from /home/airflow/.local/lib/python3.7/site-packages/airflow/example_dags/example_latest_only.py
[2023-11-02T07:47:27.570+0000] {processor.py:766} INFO - DAG(s) dict_keys(['latest_only']) retrieved from /home/airflow/.local/lib/python3.7/site-packages/airflow/example_dags/example_latest_only.py
[2023-11-02T07:47:27.600+0000] {logging_mixin.py:120} INFO - [2023-11-02T07:47:27.600+0000] {dag.py:2585} INFO - Sync 1 DAGs
[2023-11-02T07:47:27.615+0000] {logging_mixin.py:120} INFO - [2023-11-02T07:47:27.615+0000] {dag.py:3340} INFO - Setting next_dagrun for latest_only to 2023-11-02T03:47:27.614881+00:00, run_after=2023-11-02T07:47:27.614881+00:00
[2023-11-02T07:47:27.625+0000] {processor.py:176} INFO - Processing /home/airflow/.local/lib/python3.7/site-packages/airflow/example_dags/example_latest_only.py took 0.081 seconds
