[2023-11-02T07:42:34.472+0000] {processor.py:154} INFO - Started process (PID=65) to work on /home/airflow/.local/lib/python3.7/site-packages/airflow/example_dags/example_complex.py
[2023-11-02T07:42:34.474+0000] {processor.py:756} INFO - Processing file /home/airflow/.local/lib/python3.7/site-packages/airflow/example_dags/example_complex.py for tasks to queue
[2023-11-02T07:42:34.482+0000] {logging_mixin.py:120} INFO - [2023-11-02T07:42:34.482+0000] {dagbag.py:537} INFO - Filling up the DagBag from /home/airflow/.local/lib/python3.7/site-packages/airflow/example_dags/example_complex.py
[2023-11-02T07:42:34.499+0000] {logging_mixin.py:120} INFO - [2023-11-02T07:42:34.499+0000] {taskmixin.py:205} WARNING - Dependency <Task(BashOperator): create_entry_group>, delete_entry_group already registered for DAG: example_complex
[2023-11-02T07:42:34.502+0000] {logging_mixin.py:120} INFO - [2023-11-02T07:42:34.501+0000] {taskmixin.py:205} WARNING - Dependency <Task(BashOperator): delete_entry_group>, create_entry_group already registered for DAG: example_complex
[2023-11-02T07:42:34.503+0000] {logging_mixin.py:120} INFO - [2023-11-02T07:42:34.503+0000] {taskmixin.py:205} WARNING - Dependency <Task(BashOperator): create_entry_gcs>, delete_entry already registered for DAG: example_complex
[2023-11-02T07:42:34.503+0000] {logging_mixin.py:120} INFO - [2023-11-02T07:42:34.503+0000] {taskmixin.py:205} WARNING - Dependency <Task(BashOperator): delete_entry>, create_entry_gcs already registered for DAG: example_complex
[2023-11-02T07:42:34.505+0000] {logging_mixin.py:120} INFO - [2023-11-02T07:42:34.505+0000] {taskmixin.py:205} WARNING - Dependency <Task(BashOperator): create_tag>, delete_tag already registered for DAG: example_complex
[2023-11-02T07:42:34.506+0000] {logging_mixin.py:120} INFO - [2023-11-02T07:42:34.506+0000] {taskmixin.py:205} WARNING - Dependency <Task(BashOperator): delete_tag>, create_tag already registered for DAG: example_complex
[2023-11-02T07:42:34.522+0000] {processor.py:766} INFO - DAG(s) dict_keys(['example_complex']) retrieved from /home/airflow/.local/lib/python3.7/site-packages/airflow/example_dags/example_complex.py
[2023-11-02T07:42:34.760+0000] {logging_mixin.py:120} INFO - [2023-11-02T07:42:34.760+0000] {manager.py:507} INFO - Created Permission View: can delete on DAG:example_complex
[2023-11-02T07:42:34.776+0000] {logging_mixin.py:120} INFO - [2023-11-02T07:42:34.776+0000] {manager.py:507} INFO - Created Permission View: can read on DAG:example_complex
[2023-11-02T07:42:34.786+0000] {logging_mixin.py:120} INFO - [2023-11-02T07:42:34.786+0000] {manager.py:507} INFO - Created Permission View: can edit on DAG:example_complex
[2023-11-02T07:42:34.786+0000] {logging_mixin.py:120} INFO - [2023-11-02T07:42:34.786+0000] {dag.py:2585} INFO - Sync 1 DAGs
[2023-11-02T07:42:34.797+0000] {logging_mixin.py:120} INFO - [2023-11-02T07:42:34.797+0000] {dag.py:2606} INFO - Creating ORM DAG for example_complex
[2023-11-02T07:42:34.809+0000] {logging_mixin.py:120} INFO - [2023-11-02T07:42:34.808+0000] {dag.py:3340} INFO - Setting next_dagrun for example_complex to None, run_after=None
[2023-11-02T07:42:34.845+0000] {processor.py:176} INFO - Processing /home/airflow/.local/lib/python3.7/site-packages/airflow/example_dags/example_complex.py took 0.377 seconds
[2023-11-02T07:43:04.869+0000] {processor.py:154} INFO - Started process (PID=119) to work on /home/airflow/.local/lib/python3.7/site-packages/airflow/example_dags/example_complex.py
[2023-11-02T07:43:04.870+0000] {processor.py:756} INFO - Processing file /home/airflow/.local/lib/python3.7/site-packages/airflow/example_dags/example_complex.py for tasks to queue
[2023-11-02T07:43:04.870+0000] {logging_mixin.py:120} INFO - [2023-11-02T07:43:04.870+0000] {dagbag.py:537} INFO - Filling up the DagBag from /home/airflow/.local/lib/python3.7/site-packages/airflow/example_dags/example_complex.py
[2023-11-02T07:43:04.878+0000] {logging_mixin.py:120} INFO - [2023-11-02T07:43:04.878+0000] {taskmixin.py:205} WARNING - Dependency <Task(BashOperator): create_entry_group>, delete_entry_group already registered for DAG: example_complex
[2023-11-02T07:43:04.878+0000] {logging_mixin.py:120} INFO - [2023-11-02T07:43:04.878+0000] {taskmixin.py:205} WARNING - Dependency <Task(BashOperator): delete_entry_group>, create_entry_group already registered for DAG: example_complex
[2023-11-02T07:43:04.878+0000] {logging_mixin.py:120} INFO - [2023-11-02T07:43:04.878+0000] {taskmixin.py:205} WARNING - Dependency <Task(BashOperator): create_entry_gcs>, delete_entry already registered for DAG: example_complex
[2023-11-02T07:43:04.878+0000] {logging_mixin.py:120} INFO - [2023-11-02T07:43:04.878+0000] {taskmixin.py:205} WARNING - Dependency <Task(BashOperator): delete_entry>, create_entry_gcs already registered for DAG: example_complex
[2023-11-02T07:43:04.879+0000] {logging_mixin.py:120} INFO - [2023-11-02T07:43:04.879+0000] {taskmixin.py:205} WARNING - Dependency <Task(BashOperator): create_tag>, delete_tag already registered for DAG: example_complex
[2023-11-02T07:43:04.879+0000] {logging_mixin.py:120} INFO - [2023-11-02T07:43:04.879+0000] {taskmixin.py:205} WARNING - Dependency <Task(BashOperator): delete_tag>, create_tag already registered for DAG: example_complex
[2023-11-02T07:43:04.885+0000] {processor.py:766} INFO - DAG(s) dict_keys(['example_complex']) retrieved from /home/airflow/.local/lib/python3.7/site-packages/airflow/example_dags/example_complex.py
[2023-11-02T07:43:04.913+0000] {logging_mixin.py:120} INFO - [2023-11-02T07:43:04.913+0000] {dag.py:2585} INFO - Sync 1 DAGs
[2023-11-02T07:43:04.927+0000] {logging_mixin.py:120} INFO - [2023-11-02T07:43:04.927+0000] {dag.py:3340} INFO - Setting next_dagrun for example_complex to None, run_after=None
[2023-11-02T07:43:04.938+0000] {processor.py:176} INFO - Processing /home/airflow/.local/lib/python3.7/site-packages/airflow/example_dags/example_complex.py took 0.072 seconds
[2023-11-02T07:43:35.895+0000] {processor.py:154} INFO - Started process (PID=183) to work on /home/airflow/.local/lib/python3.7/site-packages/airflow/example_dags/example_complex.py
[2023-11-02T07:43:35.897+0000] {processor.py:756} INFO - Processing file /home/airflow/.local/lib/python3.7/site-packages/airflow/example_dags/example_complex.py for tasks to queue
[2023-11-02T07:43:35.899+0000] {logging_mixin.py:120} INFO - [2023-11-02T07:43:35.899+0000] {dagbag.py:537} INFO - Filling up the DagBag from /home/airflow/.local/lib/python3.7/site-packages/airflow/example_dags/example_complex.py
[2023-11-02T07:43:35.912+0000] {logging_mixin.py:120} INFO - [2023-11-02T07:43:35.912+0000] {taskmixin.py:205} WARNING - Dependency <Task(BashOperator): create_entry_group>, delete_entry_group already registered for DAG: example_complex
[2023-11-02T07:43:35.913+0000] {logging_mixin.py:120} INFO - [2023-11-02T07:43:35.913+0000] {taskmixin.py:205} WARNING - Dependency <Task(BashOperator): delete_entry_group>, create_entry_group already registered for DAG: example_complex
[2023-11-02T07:43:35.914+0000] {logging_mixin.py:120} INFO - [2023-11-02T07:43:35.914+0000] {taskmixin.py:205} WARNING - Dependency <Task(BashOperator): create_entry_gcs>, delete_entry already registered for DAG: example_complex
[2023-11-02T07:43:35.916+0000] {logging_mixin.py:120} INFO - [2023-11-02T07:43:35.915+0000] {taskmixin.py:205} WARNING - Dependency <Task(BashOperator): delete_entry>, create_entry_gcs already registered for DAG: example_complex
[2023-11-02T07:43:35.917+0000] {logging_mixin.py:120} INFO - [2023-11-02T07:43:35.917+0000] {taskmixin.py:205} WARNING - Dependency <Task(BashOperator): create_tag>, delete_tag already registered for DAG: example_complex
[2023-11-02T07:43:35.917+0000] {logging_mixin.py:120} INFO - [2023-11-02T07:43:35.917+0000] {taskmixin.py:205} WARNING - Dependency <Task(BashOperator): delete_tag>, create_tag already registered for DAG: example_complex
[2023-11-02T07:43:35.926+0000] {processor.py:766} INFO - DAG(s) dict_keys(['example_complex']) retrieved from /home/airflow/.local/lib/python3.7/site-packages/airflow/example_dags/example_complex.py
[2023-11-02T07:43:36.007+0000] {logging_mixin.py:120} INFO - [2023-11-02T07:43:36.006+0000] {dag.py:2585} INFO - Sync 1 DAGs
[2023-11-02T07:43:36.067+0000] {logging_mixin.py:120} INFO - [2023-11-02T07:43:36.067+0000] {dag.py:3340} INFO - Setting next_dagrun for example_complex to None, run_after=None
[2023-11-02T07:43:36.122+0000] {processor.py:176} INFO - Processing /home/airflow/.local/lib/python3.7/site-packages/airflow/example_dags/example_complex.py took 0.230 seconds
[2023-11-02T07:44:23.466+0000] {processor.py:154} INFO - Started process (PID=57) to work on /home/airflow/.local/lib/python3.7/site-packages/airflow/example_dags/example_complex.py
[2023-11-02T07:44:23.467+0000] {processor.py:756} INFO - Processing file /home/airflow/.local/lib/python3.7/site-packages/airflow/example_dags/example_complex.py for tasks to queue
[2023-11-02T07:44:23.468+0000] {logging_mixin.py:120} INFO - [2023-11-02T07:44:23.468+0000] {dagbag.py:537} INFO - Filling up the DagBag from /home/airflow/.local/lib/python3.7/site-packages/airflow/example_dags/example_complex.py
[2023-11-02T07:44:23.480+0000] {logging_mixin.py:120} INFO - [2023-11-02T07:44:23.480+0000] {taskmixin.py:205} WARNING - Dependency <Task(BashOperator): create_entry_group>, delete_entry_group already registered for DAG: example_complex
[2023-11-02T07:44:23.481+0000] {logging_mixin.py:120} INFO - [2023-11-02T07:44:23.481+0000] {taskmixin.py:205} WARNING - Dependency <Task(BashOperator): delete_entry_group>, create_entry_group already registered for DAG: example_complex
[2023-11-02T07:44:23.482+0000] {logging_mixin.py:120} INFO - [2023-11-02T07:44:23.482+0000] {taskmixin.py:205} WARNING - Dependency <Task(BashOperator): create_entry_gcs>, delete_entry already registered for DAG: example_complex
[2023-11-02T07:44:23.482+0000] {logging_mixin.py:120} INFO - [2023-11-02T07:44:23.482+0000] {taskmixin.py:205} WARNING - Dependency <Task(BashOperator): delete_entry>, create_entry_gcs already registered for DAG: example_complex
[2023-11-02T07:44:23.483+0000] {logging_mixin.py:120} INFO - [2023-11-02T07:44:23.483+0000] {taskmixin.py:205} WARNING - Dependency <Task(BashOperator): create_tag>, delete_tag already registered for DAG: example_complex
[2023-11-02T07:44:23.483+0000] {logging_mixin.py:120} INFO - [2023-11-02T07:44:23.483+0000] {taskmixin.py:205} WARNING - Dependency <Task(BashOperator): delete_tag>, create_tag already registered for DAG: example_complex
[2023-11-02T07:44:23.490+0000] {processor.py:766} INFO - DAG(s) dict_keys(['example_complex']) retrieved from /home/airflow/.local/lib/python3.7/site-packages/airflow/example_dags/example_complex.py
[2023-11-02T07:44:23.521+0000] {logging_mixin.py:120} INFO - [2023-11-02T07:44:23.520+0000] {dag.py:2585} INFO - Sync 1 DAGs
[2023-11-02T07:44:23.549+0000] {logging_mixin.py:120} INFO - [2023-11-02T07:44:23.549+0000] {dag.py:3340} INFO - Setting next_dagrun for example_complex to None, run_after=None
[2023-11-02T07:44:23.570+0000] {processor.py:176} INFO - Processing /home/airflow/.local/lib/python3.7/site-packages/airflow/example_dags/example_complex.py took 0.107 seconds
[2023-11-02T07:44:53.872+0000] {processor.py:154} INFO - Started process (PID=120) to work on /home/airflow/.local/lib/python3.7/site-packages/airflow/example_dags/example_complex.py
[2023-11-02T07:44:53.873+0000] {processor.py:756} INFO - Processing file /home/airflow/.local/lib/python3.7/site-packages/airflow/example_dags/example_complex.py for tasks to queue
[2023-11-02T07:44:53.873+0000] {logging_mixin.py:120} INFO - [2023-11-02T07:44:53.873+0000] {dagbag.py:537} INFO - Filling up the DagBag from /home/airflow/.local/lib/python3.7/site-packages/airflow/example_dags/example_complex.py
[2023-11-02T07:44:53.879+0000] {logging_mixin.py:120} INFO - [2023-11-02T07:44:53.879+0000] {taskmixin.py:205} WARNING - Dependency <Task(BashOperator): create_entry_group>, delete_entry_group already registered for DAG: example_complex
[2023-11-02T07:44:53.880+0000] {logging_mixin.py:120} INFO - [2023-11-02T07:44:53.880+0000] {taskmixin.py:205} WARNING - Dependency <Task(BashOperator): delete_entry_group>, create_entry_group already registered for DAG: example_complex
[2023-11-02T07:44:53.880+0000] {logging_mixin.py:120} INFO - [2023-11-02T07:44:53.880+0000] {taskmixin.py:205} WARNING - Dependency <Task(BashOperator): create_entry_gcs>, delete_entry already registered for DAG: example_complex
[2023-11-02T07:44:53.880+0000] {logging_mixin.py:120} INFO - [2023-11-02T07:44:53.880+0000] {taskmixin.py:205} WARNING - Dependency <Task(BashOperator): delete_entry>, create_entry_gcs already registered for DAG: example_complex
[2023-11-02T07:44:53.880+0000] {logging_mixin.py:120} INFO - [2023-11-02T07:44:53.880+0000] {taskmixin.py:205} WARNING - Dependency <Task(BashOperator): create_tag>, delete_tag already registered for DAG: example_complex
[2023-11-02T07:44:53.881+0000] {logging_mixin.py:120} INFO - [2023-11-02T07:44:53.881+0000] {taskmixin.py:205} WARNING - Dependency <Task(BashOperator): delete_tag>, create_tag already registered for DAG: example_complex
[2023-11-02T07:44:53.886+0000] {processor.py:766} INFO - DAG(s) dict_keys(['example_complex']) retrieved from /home/airflow/.local/lib/python3.7/site-packages/airflow/example_dags/example_complex.py
[2023-11-02T07:44:53.913+0000] {logging_mixin.py:120} INFO - [2023-11-02T07:44:53.913+0000] {dag.py:2585} INFO - Sync 1 DAGs
[2023-11-02T07:44:53.926+0000] {logging_mixin.py:120} INFO - [2023-11-02T07:44:53.926+0000] {dag.py:3340} INFO - Setting next_dagrun for example_complex to None, run_after=None
[2023-11-02T07:44:53.936+0000] {processor.py:176} INFO - Processing /home/airflow/.local/lib/python3.7/site-packages/airflow/example_dags/example_complex.py took 0.066 seconds
[2023-11-02T07:45:24.749+0000] {processor.py:154} INFO - Started process (PID=185) to work on /home/airflow/.local/lib/python3.7/site-packages/airflow/example_dags/example_complex.py
[2023-11-02T07:45:24.750+0000] {processor.py:756} INFO - Processing file /home/airflow/.local/lib/python3.7/site-packages/airflow/example_dags/example_complex.py for tasks to queue
[2023-11-02T07:45:24.750+0000] {logging_mixin.py:120} INFO - [2023-11-02T07:45:24.750+0000] {dagbag.py:537} INFO - Filling up the DagBag from /home/airflow/.local/lib/python3.7/site-packages/airflow/example_dags/example_complex.py
[2023-11-02T07:45:24.757+0000] {logging_mixin.py:120} INFO - [2023-11-02T07:45:24.757+0000] {taskmixin.py:205} WARNING - Dependency <Task(BashOperator): create_entry_group>, delete_entry_group already registered for DAG: example_complex
[2023-11-02T07:45:24.757+0000] {logging_mixin.py:120} INFO - [2023-11-02T07:45:24.757+0000] {taskmixin.py:205} WARNING - Dependency <Task(BashOperator): delete_entry_group>, create_entry_group already registered for DAG: example_complex
[2023-11-02T07:45:24.757+0000] {logging_mixin.py:120} INFO - [2023-11-02T07:45:24.757+0000] {taskmixin.py:205} WARNING - Dependency <Task(BashOperator): create_entry_gcs>, delete_entry already registered for DAG: example_complex
[2023-11-02T07:45:24.758+0000] {logging_mixin.py:120} INFO - [2023-11-02T07:45:24.758+0000] {taskmixin.py:205} WARNING - Dependency <Task(BashOperator): delete_entry>, create_entry_gcs already registered for DAG: example_complex
[2023-11-02T07:45:24.758+0000] {logging_mixin.py:120} INFO - [2023-11-02T07:45:24.758+0000] {taskmixin.py:205} WARNING - Dependency <Task(BashOperator): create_tag>, delete_tag already registered for DAG: example_complex
[2023-11-02T07:45:24.758+0000] {logging_mixin.py:120} INFO - [2023-11-02T07:45:24.758+0000] {taskmixin.py:205} WARNING - Dependency <Task(BashOperator): delete_tag>, create_tag already registered for DAG: example_complex
[2023-11-02T07:45:24.762+0000] {processor.py:766} INFO - DAG(s) dict_keys(['example_complex']) retrieved from /home/airflow/.local/lib/python3.7/site-packages/airflow/example_dags/example_complex.py
[2023-11-02T07:45:24.789+0000] {logging_mixin.py:120} INFO - [2023-11-02T07:45:24.789+0000] {dag.py:2585} INFO - Sync 1 DAGs
[2023-11-02T07:45:24.812+0000] {logging_mixin.py:120} INFO - [2023-11-02T07:45:24.812+0000] {dag.py:3340} INFO - Setting next_dagrun for example_complex to None, run_after=None
[2023-11-02T07:45:24.838+0000] {processor.py:176} INFO - Processing /home/airflow/.local/lib/python3.7/site-packages/airflow/example_dags/example_complex.py took 0.090 seconds
[2023-11-02T07:45:55.827+0000] {processor.py:154} INFO - Started process (PID=248) to work on /home/airflow/.local/lib/python3.7/site-packages/airflow/example_dags/example_complex.py
[2023-11-02T07:45:55.828+0000] {processor.py:756} INFO - Processing file /home/airflow/.local/lib/python3.7/site-packages/airflow/example_dags/example_complex.py for tasks to queue
[2023-11-02T07:45:55.829+0000] {logging_mixin.py:120} INFO - [2023-11-02T07:45:55.829+0000] {dagbag.py:537} INFO - Filling up the DagBag from /home/airflow/.local/lib/python3.7/site-packages/airflow/example_dags/example_complex.py
[2023-11-02T07:45:55.835+0000] {logging_mixin.py:120} INFO - [2023-11-02T07:45:55.835+0000] {taskmixin.py:205} WARNING - Dependency <Task(BashOperator): create_entry_group>, delete_entry_group already registered for DAG: example_complex
[2023-11-02T07:45:55.836+0000] {logging_mixin.py:120} INFO - [2023-11-02T07:45:55.836+0000] {taskmixin.py:205} WARNING - Dependency <Task(BashOperator): delete_entry_group>, create_entry_group already registered for DAG: example_complex
[2023-11-02T07:45:55.836+0000] {logging_mixin.py:120} INFO - [2023-11-02T07:45:55.836+0000] {taskmixin.py:205} WARNING - Dependency <Task(BashOperator): create_entry_gcs>, delete_entry already registered for DAG: example_complex
[2023-11-02T07:45:55.836+0000] {logging_mixin.py:120} INFO - [2023-11-02T07:45:55.836+0000] {taskmixin.py:205} WARNING - Dependency <Task(BashOperator): delete_entry>, create_entry_gcs already registered for DAG: example_complex
[2023-11-02T07:45:55.836+0000] {logging_mixin.py:120} INFO - [2023-11-02T07:45:55.836+0000] {taskmixin.py:205} WARNING - Dependency <Task(BashOperator): create_tag>, delete_tag already registered for DAG: example_complex
[2023-11-02T07:45:55.837+0000] {logging_mixin.py:120} INFO - [2023-11-02T07:45:55.837+0000] {taskmixin.py:205} WARNING - Dependency <Task(BashOperator): delete_tag>, create_tag already registered for DAG: example_complex
[2023-11-02T07:45:55.841+0000] {processor.py:766} INFO - DAG(s) dict_keys(['example_complex']) retrieved from /home/airflow/.local/lib/python3.7/site-packages/airflow/example_dags/example_complex.py
[2023-11-02T07:45:55.868+0000] {logging_mixin.py:120} INFO - [2023-11-02T07:45:55.868+0000] {dag.py:2585} INFO - Sync 1 DAGs
[2023-11-02T07:45:55.882+0000] {logging_mixin.py:120} INFO - [2023-11-02T07:45:55.882+0000] {dag.py:3340} INFO - Setting next_dagrun for example_complex to None, run_after=None
[2023-11-02T07:45:55.891+0000] {processor.py:176} INFO - Processing /home/airflow/.local/lib/python3.7/site-packages/airflow/example_dags/example_complex.py took 0.066 seconds
[2023-11-02T07:46:26.983+0000] {processor.py:154} INFO - Started process (PID=311) to work on /home/airflow/.local/lib/python3.7/site-packages/airflow/example_dags/example_complex.py
[2023-11-02T07:46:26.984+0000] {processor.py:756} INFO - Processing file /home/airflow/.local/lib/python3.7/site-packages/airflow/example_dags/example_complex.py for tasks to queue
[2023-11-02T07:46:26.984+0000] {logging_mixin.py:120} INFO - [2023-11-02T07:46:26.984+0000] {dagbag.py:537} INFO - Filling up the DagBag from /home/airflow/.local/lib/python3.7/site-packages/airflow/example_dags/example_complex.py
[2023-11-02T07:46:26.990+0000] {logging_mixin.py:120} INFO - [2023-11-02T07:46:26.990+0000] {taskmixin.py:205} WARNING - Dependency <Task(BashOperator): create_entry_group>, delete_entry_group already registered for DAG: example_complex
[2023-11-02T07:46:26.991+0000] {logging_mixin.py:120} INFO - [2023-11-02T07:46:26.991+0000] {taskmixin.py:205} WARNING - Dependency <Task(BashOperator): delete_entry_group>, create_entry_group already registered for DAG: example_complex
[2023-11-02T07:46:26.991+0000] {logging_mixin.py:120} INFO - [2023-11-02T07:46:26.991+0000] {taskmixin.py:205} WARNING - Dependency <Task(BashOperator): create_entry_gcs>, delete_entry already registered for DAG: example_complex
[2023-11-02T07:46:26.991+0000] {logging_mixin.py:120} INFO - [2023-11-02T07:46:26.991+0000] {taskmixin.py:205} WARNING - Dependency <Task(BashOperator): delete_entry>, create_entry_gcs already registered for DAG: example_complex
[2023-11-02T07:46:26.992+0000] {logging_mixin.py:120} INFO - [2023-11-02T07:46:26.992+0000] {taskmixin.py:205} WARNING - Dependency <Task(BashOperator): create_tag>, delete_tag already registered for DAG: example_complex
[2023-11-02T07:46:26.992+0000] {logging_mixin.py:120} INFO - [2023-11-02T07:46:26.992+0000] {taskmixin.py:205} WARNING - Dependency <Task(BashOperator): delete_tag>, create_tag already registered for DAG: example_complex
[2023-11-02T07:46:26.996+0000] {processor.py:766} INFO - DAG(s) dict_keys(['example_complex']) retrieved from /home/airflow/.local/lib/python3.7/site-packages/airflow/example_dags/example_complex.py
[2023-11-02T07:46:27.024+0000] {logging_mixin.py:120} INFO - [2023-11-02T07:46:27.024+0000] {dag.py:2585} INFO - Sync 1 DAGs
[2023-11-02T07:46:27.037+0000] {logging_mixin.py:120} INFO - [2023-11-02T07:46:27.037+0000] {dag.py:3340} INFO - Setting next_dagrun for example_complex to None, run_after=None
[2023-11-02T07:46:27.047+0000] {processor.py:176} INFO - Processing /home/airflow/.local/lib/python3.7/site-packages/airflow/example_dags/example_complex.py took 0.067 seconds
[2023-11-02T07:46:58.091+0000] {processor.py:154} INFO - Started process (PID=375) to work on /home/airflow/.local/lib/python3.7/site-packages/airflow/example_dags/example_complex.py
[2023-11-02T07:46:58.092+0000] {processor.py:756} INFO - Processing file /home/airflow/.local/lib/python3.7/site-packages/airflow/example_dags/example_complex.py for tasks to queue
[2023-11-02T07:46:58.093+0000] {logging_mixin.py:120} INFO - [2023-11-02T07:46:58.093+0000] {dagbag.py:537} INFO - Filling up the DagBag from /home/airflow/.local/lib/python3.7/site-packages/airflow/example_dags/example_complex.py
[2023-11-02T07:46:58.104+0000] {logging_mixin.py:120} INFO - [2023-11-02T07:46:58.104+0000] {taskmixin.py:205} WARNING - Dependency <Task(BashOperator): create_entry_group>, delete_entry_group already registered for DAG: example_complex
[2023-11-02T07:46:58.104+0000] {logging_mixin.py:120} INFO - [2023-11-02T07:46:58.104+0000] {taskmixin.py:205} WARNING - Dependency <Task(BashOperator): delete_entry_group>, create_entry_group already registered for DAG: example_complex
[2023-11-02T07:46:58.105+0000] {logging_mixin.py:120} INFO - [2023-11-02T07:46:58.105+0000] {taskmixin.py:205} WARNING - Dependency <Task(BashOperator): create_entry_gcs>, delete_entry already registered for DAG: example_complex
[2023-11-02T07:46:58.105+0000] {logging_mixin.py:120} INFO - [2023-11-02T07:46:58.105+0000] {taskmixin.py:205} WARNING - Dependency <Task(BashOperator): delete_entry>, create_entry_gcs already registered for DAG: example_complex
[2023-11-02T07:46:58.106+0000] {logging_mixin.py:120} INFO - [2023-11-02T07:46:58.106+0000] {taskmixin.py:205} WARNING - Dependency <Task(BashOperator): create_tag>, delete_tag already registered for DAG: example_complex
[2023-11-02T07:46:58.106+0000] {logging_mixin.py:120} INFO - [2023-11-02T07:46:58.106+0000] {taskmixin.py:205} WARNING - Dependency <Task(BashOperator): delete_tag>, create_tag already registered for DAG: example_complex
[2023-11-02T07:46:58.114+0000] {processor.py:766} INFO - DAG(s) dict_keys(['example_complex']) retrieved from /home/airflow/.local/lib/python3.7/site-packages/airflow/example_dags/example_complex.py
[2023-11-02T07:46:58.149+0000] {logging_mixin.py:120} INFO - [2023-11-02T07:46:58.148+0000] {dag.py:2585} INFO - Sync 1 DAGs
[2023-11-02T07:46:58.164+0000] {logging_mixin.py:120} INFO - [2023-11-02T07:46:58.164+0000] {dag.py:3340} INFO - Setting next_dagrun for example_complex to None, run_after=None
[2023-11-02T07:46:58.176+0000] {processor.py:176} INFO - Processing /home/airflow/.local/lib/python3.7/site-packages/airflow/example_dags/example_complex.py took 0.088 seconds
[2023-11-02T07:47:28.560+0000] {processor.py:154} INFO - Started process (PID=428) to work on /home/airflow/.local/lib/python3.7/site-packages/airflow/example_dags/example_complex.py
[2023-11-02T07:47:28.561+0000] {processor.py:756} INFO - Processing file /home/airflow/.local/lib/python3.7/site-packages/airflow/example_dags/example_complex.py for tasks to queue
[2023-11-02T07:47:28.562+0000] {logging_mixin.py:120} INFO - [2023-11-02T07:47:28.562+0000] {dagbag.py:537} INFO - Filling up the DagBag from /home/airflow/.local/lib/python3.7/site-packages/airflow/example_dags/example_complex.py
[2023-11-02T07:47:28.569+0000] {logging_mixin.py:120} INFO - [2023-11-02T07:47:28.569+0000] {taskmixin.py:205} WARNING - Dependency <Task(BashOperator): create_entry_group>, delete_entry_group already registered for DAG: example_complex
[2023-11-02T07:47:28.569+0000] {logging_mixin.py:120} INFO - [2023-11-02T07:47:28.569+0000] {taskmixin.py:205} WARNING - Dependency <Task(BashOperator): delete_entry_group>, create_entry_group already registered for DAG: example_complex
[2023-11-02T07:47:28.569+0000] {logging_mixin.py:120} INFO - [2023-11-02T07:47:28.569+0000] {taskmixin.py:205} WARNING - Dependency <Task(BashOperator): create_entry_gcs>, delete_entry already registered for DAG: example_complex
[2023-11-02T07:47:28.570+0000] {logging_mixin.py:120} INFO - [2023-11-02T07:47:28.570+0000] {taskmixin.py:205} WARNING - Dependency <Task(BashOperator): delete_entry>, create_entry_gcs already registered for DAG: example_complex
[2023-11-02T07:47:28.570+0000] {logging_mixin.py:120} INFO - [2023-11-02T07:47:28.570+0000] {taskmixin.py:205} WARNING - Dependency <Task(BashOperator): create_tag>, delete_tag already registered for DAG: example_complex
[2023-11-02T07:47:28.570+0000] {logging_mixin.py:120} INFO - [2023-11-02T07:47:28.570+0000] {taskmixin.py:205} WARNING - Dependency <Task(BashOperator): delete_tag>, create_tag already registered for DAG: example_complex
[2023-11-02T07:47:28.575+0000] {processor.py:766} INFO - DAG(s) dict_keys(['example_complex']) retrieved from /home/airflow/.local/lib/python3.7/site-packages/airflow/example_dags/example_complex.py
[2023-11-02T07:47:28.602+0000] {logging_mixin.py:120} INFO - [2023-11-02T07:47:28.602+0000] {dag.py:2585} INFO - Sync 1 DAGs
[2023-11-02T07:47:28.615+0000] {logging_mixin.py:120} INFO - [2023-11-02T07:47:28.615+0000] {dag.py:3340} INFO - Setting next_dagrun for example_complex to None, run_after=None
[2023-11-02T07:47:28.624+0000] {processor.py:176} INFO - Processing /home/airflow/.local/lib/python3.7/site-packages/airflow/example_dags/example_complex.py took 0.066 seconds
