[2023-11-02T07:42:33.507+0000] {processor.py:154} INFO - Started process (PID=52) to work on /home/airflow/.local/lib/python3.7/site-packages/airflow/example_dags/example_short_circuit_decorator.py
[2023-11-02T07:42:33.509+0000] {processor.py:756} INFO - Processing file /home/airflow/.local/lib/python3.7/site-packages/airflow/example_dags/example_short_circuit_decorator.py for tasks to queue
[2023-11-02T07:42:33.509+0000] {logging_mixin.py:120} INFO - [2023-11-02T07:42:33.509+0000] {dagbag.py:537} INFO - Filling up the DagBag from /home/airflow/.local/lib/python3.7/site-packages/airflow/example_dags/example_short_circuit_decorator.py
[2023-11-02T07:42:33.531+0000] {processor.py:766} INFO - DAG(s) dict_keys(['example_short_circuit_decorator']) retrieved from /home/airflow/.local/lib/python3.7/site-packages/airflow/example_dags/example_short_circuit_decorator.py
[2023-11-02T07:42:33.695+0000] {logging_mixin.py:120} INFO - [2023-11-02T07:42:33.695+0000] {manager.py:507} INFO - Created Permission View: can delete on DAG:example_short_circuit_decorator
[2023-11-02T07:42:33.702+0000] {logging_mixin.py:120} INFO - [2023-11-02T07:42:33.702+0000] {manager.py:507} INFO - Created Permission View: can read on DAG:example_short_circuit_decorator
[2023-11-02T07:42:33.707+0000] {logging_mixin.py:120} INFO - [2023-11-02T07:42:33.707+0000] {manager.py:507} INFO - Created Permission View: can edit on DAG:example_short_circuit_decorator
[2023-11-02T07:42:33.707+0000] {logging_mixin.py:120} INFO - [2023-11-02T07:42:33.707+0000] {dag.py:2585} INFO - Sync 1 DAGs
[2023-11-02T07:42:33.719+0000] {logging_mixin.py:120} INFO - [2023-11-02T07:42:33.719+0000] {dag.py:2606} INFO - Creating ORM DAG for example_short_circuit_decorator
[2023-11-02T07:42:33.728+0000] {logging_mixin.py:120} INFO - [2023-11-02T07:42:33.728+0000] {dag.py:3340} INFO - Setting next_dagrun for example_short_circuit_decorator to 2023-11-01T07:42:33.728451+00:00, run_after=2023-11-02T07:42:33.728451+00:00
[2023-11-02T07:42:33.751+0000] {processor.py:176} INFO - Processing /home/airflow/.local/lib/python3.7/site-packages/airflow/example_dags/example_short_circuit_decorator.py took 0.247 seconds
[2023-11-02T07:43:04.617+0000] {processor.py:154} INFO - Started process (PID=114) to work on /home/airflow/.local/lib/python3.7/site-packages/airflow/example_dags/example_short_circuit_decorator.py
[2023-11-02T07:43:04.618+0000] {processor.py:756} INFO - Processing file /home/airflow/.local/lib/python3.7/site-packages/airflow/example_dags/example_short_circuit_decorator.py for tasks to queue
[2023-11-02T07:43:04.618+0000] {logging_mixin.py:120} INFO - [2023-11-02T07:43:04.618+0000] {dagbag.py:537} INFO - Filling up the DagBag from /home/airflow/.local/lib/python3.7/site-packages/airflow/example_dags/example_short_circuit_decorator.py
[2023-11-02T07:43:04.638+0000] {processor.py:766} INFO - DAG(s) dict_keys(['example_short_circuit_decorator']) retrieved from /home/airflow/.local/lib/python3.7/site-packages/airflow/example_dags/example_short_circuit_decorator.py
[2023-11-02T07:43:04.663+0000] {logging_mixin.py:120} INFO - [2023-11-02T07:43:04.663+0000] {dag.py:2585} INFO - Sync 1 DAGs
[2023-11-02T07:43:04.680+0000] {logging_mixin.py:120} INFO - [2023-11-02T07:43:04.680+0000] {dag.py:3340} INFO - Setting next_dagrun for example_short_circuit_decorator to 2023-11-01T07:43:04.680200+00:00, run_after=2023-11-02T07:43:04.680200+00:00
[2023-11-02T07:43:04.693+0000] {processor.py:176} INFO - Processing /home/airflow/.local/lib/python3.7/site-packages/airflow/example_dags/example_short_circuit_decorator.py took 0.079 seconds
[2023-11-02T07:43:35.580+0000] {processor.py:154} INFO - Started process (PID=178) to work on /home/airflow/.local/lib/python3.7/site-packages/airflow/example_dags/example_short_circuit_decorator.py
[2023-11-02T07:43:35.581+0000] {processor.py:756} INFO - Processing file /home/airflow/.local/lib/python3.7/site-packages/airflow/example_dags/example_short_circuit_decorator.py for tasks to queue
[2023-11-02T07:43:35.581+0000] {logging_mixin.py:120} INFO - [2023-11-02T07:43:35.581+0000] {dagbag.py:537} INFO - Filling up the DagBag from /home/airflow/.local/lib/python3.7/site-packages/airflow/example_dags/example_short_circuit_decorator.py
[2023-11-02T07:43:35.605+0000] {processor.py:766} INFO - DAG(s) dict_keys(['example_short_circuit_decorator']) retrieved from /home/airflow/.local/lib/python3.7/site-packages/airflow/example_dags/example_short_circuit_decorator.py
[2023-11-02T07:43:35.632+0000] {logging_mixin.py:120} INFO - [2023-11-02T07:43:35.632+0000] {dag.py:2585} INFO - Sync 1 DAGs
[2023-11-02T07:43:35.646+0000] {logging_mixin.py:120} INFO - [2023-11-02T07:43:35.646+0000] {dag.py:3340} INFO - Setting next_dagrun for example_short_circuit_decorator to 2023-11-01T07:43:35.645972+00:00, run_after=2023-11-02T07:43:35.645972+00:00
[2023-11-02T07:43:35.656+0000] {processor.py:176} INFO - Processing /home/airflow/.local/lib/python3.7/site-packages/airflow/example_dags/example_short_circuit_decorator.py took 0.079 seconds
[2023-11-02T07:44:23.053+0000] {processor.py:154} INFO - Started process (PID=52) to work on /home/airflow/.local/lib/python3.7/site-packages/airflow/example_dags/example_short_circuit_decorator.py
[2023-11-02T07:44:23.054+0000] {processor.py:756} INFO - Processing file /home/airflow/.local/lib/python3.7/site-packages/airflow/example_dags/example_short_circuit_decorator.py for tasks to queue
[2023-11-02T07:44:23.055+0000] {logging_mixin.py:120} INFO - [2023-11-02T07:44:23.055+0000] {dagbag.py:537} INFO - Filling up the DagBag from /home/airflow/.local/lib/python3.7/site-packages/airflow/example_dags/example_short_circuit_decorator.py
[2023-11-02T07:44:23.079+0000] {processor.py:766} INFO - DAG(s) dict_keys(['example_short_circuit_decorator']) retrieved from /home/airflow/.local/lib/python3.7/site-packages/airflow/example_dags/example_short_circuit_decorator.py
[2023-11-02T07:44:23.113+0000] {logging_mixin.py:120} INFO - [2023-11-02T07:44:23.112+0000] {dag.py:2585} INFO - Sync 1 DAGs
[2023-11-02T07:44:23.137+0000] {logging_mixin.py:120} INFO - [2023-11-02T07:44:23.137+0000] {dag.py:3340} INFO - Setting next_dagrun for example_short_circuit_decorator to 2023-11-01T07:44:23.136861+00:00, run_after=2023-11-02T07:44:23.136861+00:00
[2023-11-02T07:44:23.151+0000] {processor.py:176} INFO - Processing /home/airflow/.local/lib/python3.7/site-packages/airflow/example_dags/example_short_circuit_decorator.py took 0.101 seconds
[2023-11-02T07:44:53.703+0000] {processor.py:154} INFO - Started process (PID=115) to work on /home/airflow/.local/lib/python3.7/site-packages/airflow/example_dags/example_short_circuit_decorator.py
[2023-11-02T07:44:53.704+0000] {processor.py:756} INFO - Processing file /home/airflow/.local/lib/python3.7/site-packages/airflow/example_dags/example_short_circuit_decorator.py for tasks to queue
[2023-11-02T07:44:53.704+0000] {logging_mixin.py:120} INFO - [2023-11-02T07:44:53.704+0000] {dagbag.py:537} INFO - Filling up the DagBag from /home/airflow/.local/lib/python3.7/site-packages/airflow/example_dags/example_short_circuit_decorator.py
[2023-11-02T07:44:53.720+0000] {processor.py:766} INFO - DAG(s) dict_keys(['example_short_circuit_decorator']) retrieved from /home/airflow/.local/lib/python3.7/site-packages/airflow/example_dags/example_short_circuit_decorator.py
[2023-11-02T07:44:53.744+0000] {logging_mixin.py:120} INFO - [2023-11-02T07:44:53.743+0000] {dag.py:2585} INFO - Sync 1 DAGs
[2023-11-02T07:44:53.757+0000] {logging_mixin.py:120} INFO - [2023-11-02T07:44:53.757+0000] {dag.py:3340} INFO - Setting next_dagrun for example_short_circuit_decorator to 2023-11-01T07:44:53.757468+00:00, run_after=2023-11-02T07:44:53.757468+00:00
[2023-11-02T07:44:53.769+0000] {processor.py:176} INFO - Processing /home/airflow/.local/lib/python3.7/site-packages/airflow/example_dags/example_short_circuit_decorator.py took 0.068 seconds
[2023-11-02T07:45:24.532+0000] {processor.py:154} INFO - Started process (PID=180) to work on /home/airflow/.local/lib/python3.7/site-packages/airflow/example_dags/example_short_circuit_decorator.py
[2023-11-02T07:45:24.533+0000] {processor.py:756} INFO - Processing file /home/airflow/.local/lib/python3.7/site-packages/airflow/example_dags/example_short_circuit_decorator.py for tasks to queue
[2023-11-02T07:45:24.533+0000] {logging_mixin.py:120} INFO - [2023-11-02T07:45:24.533+0000] {dagbag.py:537} INFO - Filling up the DagBag from /home/airflow/.local/lib/python3.7/site-packages/airflow/example_dags/example_short_circuit_decorator.py
[2023-11-02T07:45:24.546+0000] {processor.py:766} INFO - DAG(s) dict_keys(['example_short_circuit_decorator']) retrieved from /home/airflow/.local/lib/python3.7/site-packages/airflow/example_dags/example_short_circuit_decorator.py
[2023-11-02T07:45:24.570+0000] {logging_mixin.py:120} INFO - [2023-11-02T07:45:24.570+0000] {dag.py:2585} INFO - Sync 1 DAGs
[2023-11-02T07:45:24.583+0000] {logging_mixin.py:120} INFO - [2023-11-02T07:45:24.582+0000] {dag.py:3340} INFO - Setting next_dagrun for example_short_circuit_decorator to 2023-11-01T07:45:24.582790+00:00, run_after=2023-11-02T07:45:24.582790+00:00
[2023-11-02T07:45:24.592+0000] {processor.py:176} INFO - Processing /home/airflow/.local/lib/python3.7/site-packages/airflow/example_dags/example_short_circuit_decorator.py took 0.063 seconds
[2023-11-02T07:45:55.588+0000] {processor.py:154} INFO - Started process (PID=243) to work on /home/airflow/.local/lib/python3.7/site-packages/airflow/example_dags/example_short_circuit_decorator.py
[2023-11-02T07:45:55.589+0000] {processor.py:756} INFO - Processing file /home/airflow/.local/lib/python3.7/site-packages/airflow/example_dags/example_short_circuit_decorator.py for tasks to queue
[2023-11-02T07:45:55.590+0000] {logging_mixin.py:120} INFO - [2023-11-02T07:45:55.590+0000] {dagbag.py:537} INFO - Filling up the DagBag from /home/airflow/.local/lib/python3.7/site-packages/airflow/example_dags/example_short_circuit_decorator.py
[2023-11-02T07:45:55.607+0000] {processor.py:766} INFO - DAG(s) dict_keys(['example_short_circuit_decorator']) retrieved from /home/airflow/.local/lib/python3.7/site-packages/airflow/example_dags/example_short_circuit_decorator.py
[2023-11-02T07:45:55.632+0000] {logging_mixin.py:120} INFO - [2023-11-02T07:45:55.632+0000] {dag.py:2585} INFO - Sync 1 DAGs
[2023-11-02T07:45:55.646+0000] {logging_mixin.py:120} INFO - [2023-11-02T07:45:55.646+0000] {dag.py:3340} INFO - Setting next_dagrun for example_short_circuit_decorator to 2023-11-01T07:45:55.645948+00:00, run_after=2023-11-02T07:45:55.645948+00:00
[2023-11-02T07:45:55.656+0000] {processor.py:176} INFO - Processing /home/airflow/.local/lib/python3.7/site-packages/airflow/example_dags/example_short_circuit_decorator.py took 0.070 seconds
[2023-11-02T07:46:26.751+0000] {processor.py:154} INFO - Started process (PID=306) to work on /home/airflow/.local/lib/python3.7/site-packages/airflow/example_dags/example_short_circuit_decorator.py
[2023-11-02T07:46:26.752+0000] {processor.py:756} INFO - Processing file /home/airflow/.local/lib/python3.7/site-packages/airflow/example_dags/example_short_circuit_decorator.py for tasks to queue
[2023-11-02T07:46:26.752+0000] {logging_mixin.py:120} INFO - [2023-11-02T07:46:26.752+0000] {dagbag.py:537} INFO - Filling up the DagBag from /home/airflow/.local/lib/python3.7/site-packages/airflow/example_dags/example_short_circuit_decorator.py
[2023-11-02T07:46:26.766+0000] {processor.py:766} INFO - DAG(s) dict_keys(['example_short_circuit_decorator']) retrieved from /home/airflow/.local/lib/python3.7/site-packages/airflow/example_dags/example_short_circuit_decorator.py
[2023-11-02T07:46:26.791+0000] {logging_mixin.py:120} INFO - [2023-11-02T07:46:26.790+0000] {dag.py:2585} INFO - Sync 1 DAGs
[2023-11-02T07:46:26.803+0000] {logging_mixin.py:120} INFO - [2023-11-02T07:46:26.803+0000] {dag.py:3340} INFO - Setting next_dagrun for example_short_circuit_decorator to 2023-11-01T07:46:26.803722+00:00, run_after=2023-11-02T07:46:26.803722+00:00
[2023-11-02T07:46:26.814+0000] {processor.py:176} INFO - Processing /home/airflow/.local/lib/python3.7/site-packages/airflow/example_dags/example_short_circuit_decorator.py took 0.065 seconds
[2023-11-02T07:46:57.813+0000] {processor.py:154} INFO - Started process (PID=370) to work on /home/airflow/.local/lib/python3.7/site-packages/airflow/example_dags/example_short_circuit_decorator.py
[2023-11-02T07:46:57.814+0000] {processor.py:756} INFO - Processing file /home/airflow/.local/lib/python3.7/site-packages/airflow/example_dags/example_short_circuit_decorator.py for tasks to queue
[2023-11-02T07:46:57.815+0000] {logging_mixin.py:120} INFO - [2023-11-02T07:46:57.815+0000] {dagbag.py:537} INFO - Filling up the DagBag from /home/airflow/.local/lib/python3.7/site-packages/airflow/example_dags/example_short_circuit_decorator.py
[2023-11-02T07:46:57.831+0000] {processor.py:766} INFO - DAG(s) dict_keys(['example_short_circuit_decorator']) retrieved from /home/airflow/.local/lib/python3.7/site-packages/airflow/example_dags/example_short_circuit_decorator.py
[2023-11-02T07:46:57.865+0000] {logging_mixin.py:120} INFO - [2023-11-02T07:46:57.864+0000] {dag.py:2585} INFO - Sync 1 DAGs
[2023-11-02T07:46:57.891+0000] {logging_mixin.py:120} INFO - [2023-11-02T07:46:57.891+0000] {dag.py:3340} INFO - Setting next_dagrun for example_short_circuit_decorator to 2023-11-01T07:46:57.890926+00:00, run_after=2023-11-02T07:46:57.890926+00:00
[2023-11-02T07:46:57.913+0000] {processor.py:176} INFO - Processing /home/airflow/.local/lib/python3.7/site-packages/airflow/example_dags/example_short_circuit_decorator.py took 0.102 seconds
[2023-11-02T07:47:28.324+0000] {processor.py:154} INFO - Started process (PID=423) to work on /home/airflow/.local/lib/python3.7/site-packages/airflow/example_dags/example_short_circuit_decorator.py
[2023-11-02T07:47:28.326+0000] {processor.py:756} INFO - Processing file /home/airflow/.local/lib/python3.7/site-packages/airflow/example_dags/example_short_circuit_decorator.py for tasks to queue
[2023-11-02T07:47:28.327+0000] {logging_mixin.py:120} INFO - [2023-11-02T07:47:28.327+0000] {dagbag.py:537} INFO - Filling up the DagBag from /home/airflow/.local/lib/python3.7/site-packages/airflow/example_dags/example_short_circuit_decorator.py
[2023-11-02T07:47:28.342+0000] {processor.py:766} INFO - DAG(s) dict_keys(['example_short_circuit_decorator']) retrieved from /home/airflow/.local/lib/python3.7/site-packages/airflow/example_dags/example_short_circuit_decorator.py
[2023-11-02T07:47:28.368+0000] {logging_mixin.py:120} INFO - [2023-11-02T07:47:28.367+0000] {dag.py:2585} INFO - Sync 1 DAGs
[2023-11-02T07:47:28.381+0000] {logging_mixin.py:120} INFO - [2023-11-02T07:47:28.381+0000] {dag.py:3340} INFO - Setting next_dagrun for example_short_circuit_decorator to 2023-11-01T07:47:28.381747+00:00, run_after=2023-11-02T07:47:28.381747+00:00
[2023-11-02T07:47:28.392+0000] {processor.py:176} INFO - Processing /home/airflow/.local/lib/python3.7/site-packages/airflow/example_dags/example_short_circuit_decorator.py took 0.070 seconds
