[2023-11-02T07:42:36.017+0000] {processor.py:154} INFO - Started process (PID=74) to work on /home/airflow/.local/lib/python3.7/site-packages/airflow/example_dags/example_dag_decorator.py
[2023-11-02T07:42:36.018+0000] {processor.py:756} INFO - Processing file /home/airflow/.local/lib/python3.7/site-packages/airflow/example_dags/example_dag_decorator.py for tasks to queue
[2023-11-02T07:42:36.019+0000] {logging_mixin.py:120} INFO - [2023-11-02T07:42:36.019+0000] {dagbag.py:537} INFO - Filling up the DagBag from /home/airflow/.local/lib/python3.7/site-packages/airflow/example_dags/example_dag_decorator.py
[2023-11-02T07:42:36.029+0000] {logging_mixin.py:120} INFO - [2023-11-02T07:42:36.029+0000] {taskmixin.py:205} WARNING - Dependency <Task(_PythonDecoratedOperator): prepare_email>, send_email already registered for DAG: example_dag_decorator
[2023-11-02T07:42:36.030+0000] {logging_mixin.py:120} INFO - [2023-11-02T07:42:36.030+0000] {taskmixin.py:205} WARNING - Dependency <Task(EmailOperator): send_email>, prepare_email already registered for DAG: example_dag_decorator
[2023-11-02T07:42:36.042+0000] {processor.py:766} INFO - DAG(s) dict_keys(['example_dag_decorator']) retrieved from /home/airflow/.local/lib/python3.7/site-packages/airflow/example_dags/example_dag_decorator.py
[2023-11-02T07:42:36.120+0000] {logging_mixin.py:120} INFO - [2023-11-02T07:42:36.120+0000] {manager.py:507} INFO - Created Permission View: can delete on DAG:example_dag_decorator
[2023-11-02T07:42:36.126+0000] {logging_mixin.py:120} INFO - [2023-11-02T07:42:36.126+0000] {manager.py:507} INFO - Created Permission View: can read on DAG:example_dag_decorator
[2023-11-02T07:42:36.131+0000] {logging_mixin.py:120} INFO - [2023-11-02T07:42:36.131+0000] {manager.py:507} INFO - Created Permission View: can edit on DAG:example_dag_decorator
[2023-11-02T07:42:36.132+0000] {logging_mixin.py:120} INFO - [2023-11-02T07:42:36.131+0000] {dag.py:2585} INFO - Sync 1 DAGs
[2023-11-02T07:42:36.140+0000] {logging_mixin.py:120} INFO - [2023-11-02T07:42:36.140+0000] {dag.py:2606} INFO - Creating ORM DAG for example_dag_decorator
[2023-11-02T07:42:36.148+0000] {logging_mixin.py:120} INFO - [2023-11-02T07:42:36.148+0000] {dag.py:3340} INFO - Setting next_dagrun for example_dag_decorator to None, run_after=None
[2023-11-02T07:42:36.164+0000] {processor.py:176} INFO - Processing /home/airflow/.local/lib/python3.7/site-packages/airflow/example_dags/example_dag_decorator.py took 0.149 seconds
[2023-11-02T07:43:06.337+0000] {processor.py:154} INFO - Started process (PID=128) to work on /home/airflow/.local/lib/python3.7/site-packages/airflow/example_dags/example_dag_decorator.py
[2023-11-02T07:43:06.338+0000] {processor.py:756} INFO - Processing file /home/airflow/.local/lib/python3.7/site-packages/airflow/example_dags/example_dag_decorator.py for tasks to queue
[2023-11-02T07:43:06.338+0000] {logging_mixin.py:120} INFO - [2023-11-02T07:43:06.338+0000] {dagbag.py:537} INFO - Filling up the DagBag from /home/airflow/.local/lib/python3.7/site-packages/airflow/example_dags/example_dag_decorator.py
[2023-11-02T07:43:06.348+0000] {logging_mixin.py:120} INFO - [2023-11-02T07:43:06.348+0000] {taskmixin.py:205} WARNING - Dependency <Task(_PythonDecoratedOperator): prepare_email>, send_email already registered for DAG: example_dag_decorator
[2023-11-02T07:43:06.348+0000] {logging_mixin.py:120} INFO - [2023-11-02T07:43:06.348+0000] {taskmixin.py:205} WARNING - Dependency <Task(EmailOperator): send_email>, prepare_email already registered for DAG: example_dag_decorator
[2023-11-02T07:43:06.356+0000] {processor.py:766} INFO - DAG(s) dict_keys(['example_dag_decorator']) retrieved from /home/airflow/.local/lib/python3.7/site-packages/airflow/example_dags/example_dag_decorator.py
[2023-11-02T07:43:06.402+0000] {logging_mixin.py:120} INFO - [2023-11-02T07:43:06.402+0000] {dag.py:2585} INFO - Sync 1 DAGs
[2023-11-02T07:43:06.414+0000] {logging_mixin.py:120} INFO - [2023-11-02T07:43:06.414+0000] {dag.py:3340} INFO - Setting next_dagrun for example_dag_decorator to None, run_after=None
[2023-11-02T07:43:06.424+0000] {processor.py:176} INFO - Processing /home/airflow/.local/lib/python3.7/site-packages/airflow/example_dags/example_dag_decorator.py took 0.090 seconds
[2023-11-02T07:43:37.055+0000] {processor.py:154} INFO - Started process (PID=192) to work on /home/airflow/.local/lib/python3.7/site-packages/airflow/example_dags/example_dag_decorator.py
[2023-11-02T07:43:37.056+0000] {processor.py:756} INFO - Processing file /home/airflow/.local/lib/python3.7/site-packages/airflow/example_dags/example_dag_decorator.py for tasks to queue
[2023-11-02T07:43:37.056+0000] {logging_mixin.py:120} INFO - [2023-11-02T07:43:37.056+0000] {dagbag.py:537} INFO - Filling up the DagBag from /home/airflow/.local/lib/python3.7/site-packages/airflow/example_dags/example_dag_decorator.py
[2023-11-02T07:43:37.067+0000] {logging_mixin.py:120} INFO - [2023-11-02T07:43:37.067+0000] {taskmixin.py:205} WARNING - Dependency <Task(_PythonDecoratedOperator): prepare_email>, send_email already registered for DAG: example_dag_decorator
[2023-11-02T07:43:37.068+0000] {logging_mixin.py:120} INFO - [2023-11-02T07:43:37.068+0000] {taskmixin.py:205} WARNING - Dependency <Task(EmailOperator): send_email>, prepare_email already registered for DAG: example_dag_decorator
[2023-11-02T07:43:37.082+0000] {processor.py:766} INFO - DAG(s) dict_keys(['example_dag_decorator']) retrieved from /home/airflow/.local/lib/python3.7/site-packages/airflow/example_dags/example_dag_decorator.py
[2023-11-02T07:43:37.164+0000] {logging_mixin.py:120} INFO - [2023-11-02T07:43:37.164+0000] {dag.py:2585} INFO - Sync 1 DAGs
[2023-11-02T07:43:37.212+0000] {logging_mixin.py:120} INFO - [2023-11-02T07:43:37.212+0000] {dag.py:3340} INFO - Setting next_dagrun for example_dag_decorator to None, run_after=None
[2023-11-02T07:43:37.279+0000] {processor.py:176} INFO - Processing /home/airflow/.local/lib/python3.7/site-packages/airflow/example_dags/example_dag_decorator.py took 0.226 seconds
[2023-11-02T07:44:24.268+0000] {processor.py:154} INFO - Started process (PID=66) to work on /home/airflow/.local/lib/python3.7/site-packages/airflow/example_dags/example_dag_decorator.py
[2023-11-02T07:44:24.270+0000] {processor.py:756} INFO - Processing file /home/airflow/.local/lib/python3.7/site-packages/airflow/example_dags/example_dag_decorator.py for tasks to queue
[2023-11-02T07:44:24.270+0000] {logging_mixin.py:120} INFO - [2023-11-02T07:44:24.270+0000] {dagbag.py:537} INFO - Filling up the DagBag from /home/airflow/.local/lib/python3.7/site-packages/airflow/example_dags/example_dag_decorator.py
[2023-11-02T07:44:24.286+0000] {logging_mixin.py:120} INFO - [2023-11-02T07:44:24.286+0000] {taskmixin.py:205} WARNING - Dependency <Task(_PythonDecoratedOperator): prepare_email>, send_email already registered for DAG: example_dag_decorator
[2023-11-02T07:44:24.287+0000] {logging_mixin.py:120} INFO - [2023-11-02T07:44:24.287+0000] {taskmixin.py:205} WARNING - Dependency <Task(EmailOperator): send_email>, prepare_email already registered for DAG: example_dag_decorator
[2023-11-02T07:44:24.306+0000] {processor.py:766} INFO - DAG(s) dict_keys(['example_dag_decorator']) retrieved from /home/airflow/.local/lib/python3.7/site-packages/airflow/example_dags/example_dag_decorator.py
[2023-11-02T07:44:24.335+0000] {logging_mixin.py:120} INFO - [2023-11-02T07:44:24.335+0000] {dag.py:2585} INFO - Sync 1 DAGs
[2023-11-02T07:44:24.358+0000] {logging_mixin.py:120} INFO - [2023-11-02T07:44:24.358+0000] {dag.py:3340} INFO - Setting next_dagrun for example_dag_decorator to None, run_after=None
[2023-11-02T07:44:24.382+0000] {processor.py:176} INFO - Processing /home/airflow/.local/lib/python3.7/site-packages/airflow/example_dags/example_dag_decorator.py took 0.118 seconds
[2023-11-02T07:44:55.316+0000] {processor.py:154} INFO - Started process (PID=129) to work on /home/airflow/.local/lib/python3.7/site-packages/airflow/example_dags/example_dag_decorator.py
[2023-11-02T07:44:55.317+0000] {processor.py:756} INFO - Processing file /home/airflow/.local/lib/python3.7/site-packages/airflow/example_dags/example_dag_decorator.py for tasks to queue
[2023-11-02T07:44:55.318+0000] {logging_mixin.py:120} INFO - [2023-11-02T07:44:55.318+0000] {dagbag.py:537} INFO - Filling up the DagBag from /home/airflow/.local/lib/python3.7/site-packages/airflow/example_dags/example_dag_decorator.py
[2023-11-02T07:44:55.328+0000] {logging_mixin.py:120} INFO - [2023-11-02T07:44:55.328+0000] {taskmixin.py:205} WARNING - Dependency <Task(_PythonDecoratedOperator): prepare_email>, send_email already registered for DAG: example_dag_decorator
[2023-11-02T07:44:55.328+0000] {logging_mixin.py:120} INFO - [2023-11-02T07:44:55.328+0000] {taskmixin.py:205} WARNING - Dependency <Task(EmailOperator): send_email>, prepare_email already registered for DAG: example_dag_decorator
[2023-11-02T07:44:55.336+0000] {processor.py:766} INFO - DAG(s) dict_keys(['example_dag_decorator']) retrieved from /home/airflow/.local/lib/python3.7/site-packages/airflow/example_dags/example_dag_decorator.py
[2023-11-02T07:44:55.380+0000] {logging_mixin.py:120} INFO - [2023-11-02T07:44:55.380+0000] {dag.py:2585} INFO - Sync 1 DAGs
[2023-11-02T07:44:55.393+0000] {logging_mixin.py:120} INFO - [2023-11-02T07:44:55.392+0000] {dag.py:3340} INFO - Setting next_dagrun for example_dag_decorator to None, run_after=None
[2023-11-02T07:44:55.403+0000] {processor.py:176} INFO - Processing /home/airflow/.local/lib/python3.7/site-packages/airflow/example_dags/example_dag_decorator.py took 0.089 seconds
[2023-11-02T07:45:26.274+0000] {processor.py:154} INFO - Started process (PID=194) to work on /home/airflow/.local/lib/python3.7/site-packages/airflow/example_dags/example_dag_decorator.py
[2023-11-02T07:45:26.275+0000] {processor.py:756} INFO - Processing file /home/airflow/.local/lib/python3.7/site-packages/airflow/example_dags/example_dag_decorator.py for tasks to queue
[2023-11-02T07:45:26.276+0000] {logging_mixin.py:120} INFO - [2023-11-02T07:45:26.275+0000] {dagbag.py:537} INFO - Filling up the DagBag from /home/airflow/.local/lib/python3.7/site-packages/airflow/example_dags/example_dag_decorator.py
[2023-11-02T07:45:26.285+0000] {logging_mixin.py:120} INFO - [2023-11-02T07:45:26.285+0000] {taskmixin.py:205} WARNING - Dependency <Task(_PythonDecoratedOperator): prepare_email>, send_email already registered for DAG: example_dag_decorator
[2023-11-02T07:45:26.286+0000] {logging_mixin.py:120} INFO - [2023-11-02T07:45:26.286+0000] {taskmixin.py:205} WARNING - Dependency <Task(EmailOperator): send_email>, prepare_email already registered for DAG: example_dag_decorator
[2023-11-02T07:45:26.294+0000] {processor.py:766} INFO - DAG(s) dict_keys(['example_dag_decorator']) retrieved from /home/airflow/.local/lib/python3.7/site-packages/airflow/example_dags/example_dag_decorator.py
[2023-11-02T07:45:26.338+0000] {logging_mixin.py:120} INFO - [2023-11-02T07:45:26.338+0000] {dag.py:2585} INFO - Sync 1 DAGs
[2023-11-02T07:45:26.354+0000] {logging_mixin.py:120} INFO - [2023-11-02T07:45:26.354+0000] {dag.py:3340} INFO - Setting next_dagrun for example_dag_decorator to None, run_after=None
[2023-11-02T07:45:26.369+0000] {processor.py:176} INFO - Processing /home/airflow/.local/lib/python3.7/site-packages/airflow/example_dags/example_dag_decorator.py took 0.098 seconds
[2023-11-02T07:45:56.416+0000] {processor.py:154} INFO - Started process (PID=258) to work on /home/airflow/.local/lib/python3.7/site-packages/airflow/example_dags/example_dag_decorator.py
[2023-11-02T07:45:56.417+0000] {processor.py:756} INFO - Processing file /home/airflow/.local/lib/python3.7/site-packages/airflow/example_dags/example_dag_decorator.py for tasks to queue
[2023-11-02T07:45:56.417+0000] {logging_mixin.py:120} INFO - [2023-11-02T07:45:56.417+0000] {dagbag.py:537} INFO - Filling up the DagBag from /home/airflow/.local/lib/python3.7/site-packages/airflow/example_dags/example_dag_decorator.py
[2023-11-02T07:45:56.428+0000] {logging_mixin.py:120} INFO - [2023-11-02T07:45:56.427+0000] {taskmixin.py:205} WARNING - Dependency <Task(_PythonDecoratedOperator): prepare_email>, send_email already registered for DAG: example_dag_decorator
[2023-11-02T07:45:56.428+0000] {logging_mixin.py:120} INFO - [2023-11-02T07:45:56.428+0000] {taskmixin.py:205} WARNING - Dependency <Task(EmailOperator): send_email>, prepare_email already registered for DAG: example_dag_decorator
[2023-11-02T07:45:56.436+0000] {processor.py:766} INFO - DAG(s) dict_keys(['example_dag_decorator']) retrieved from /home/airflow/.local/lib/python3.7/site-packages/airflow/example_dags/example_dag_decorator.py
[2023-11-02T07:45:56.482+0000] {logging_mixin.py:120} INFO - [2023-11-02T07:45:56.481+0000] {dag.py:2585} INFO - Sync 1 DAGs
[2023-11-02T07:45:56.495+0000] {logging_mixin.py:120} INFO - [2023-11-02T07:45:56.495+0000] {dag.py:3340} INFO - Setting next_dagrun for example_dag_decorator to None, run_after=None
[2023-11-02T07:45:56.508+0000] {processor.py:176} INFO - Processing /home/airflow/.local/lib/python3.7/site-packages/airflow/example_dags/example_dag_decorator.py took 0.095 seconds
[2023-11-02T07:46:27.405+0000] {processor.py:154} INFO - Started process (PID=320) to work on /home/airflow/.local/lib/python3.7/site-packages/airflow/example_dags/example_dag_decorator.py
[2023-11-02T07:46:27.405+0000] {processor.py:756} INFO - Processing file /home/airflow/.local/lib/python3.7/site-packages/airflow/example_dags/example_dag_decorator.py for tasks to queue
[2023-11-02T07:46:27.406+0000] {logging_mixin.py:120} INFO - [2023-11-02T07:46:27.406+0000] {dagbag.py:537} INFO - Filling up the DagBag from /home/airflow/.local/lib/python3.7/site-packages/airflow/example_dags/example_dag_decorator.py
[2023-11-02T07:46:27.415+0000] {logging_mixin.py:120} INFO - [2023-11-02T07:46:27.415+0000] {taskmixin.py:205} WARNING - Dependency <Task(_PythonDecoratedOperator): prepare_email>, send_email already registered for DAG: example_dag_decorator
[2023-11-02T07:46:27.416+0000] {logging_mixin.py:120} INFO - [2023-11-02T07:46:27.415+0000] {taskmixin.py:205} WARNING - Dependency <Task(EmailOperator): send_email>, prepare_email already registered for DAG: example_dag_decorator
[2023-11-02T07:46:27.424+0000] {processor.py:766} INFO - DAG(s) dict_keys(['example_dag_decorator']) retrieved from /home/airflow/.local/lib/python3.7/site-packages/airflow/example_dags/example_dag_decorator.py
[2023-11-02T07:46:27.468+0000] {logging_mixin.py:120} INFO - [2023-11-02T07:46:27.468+0000] {dag.py:2585} INFO - Sync 1 DAGs
[2023-11-02T07:46:27.482+0000] {logging_mixin.py:120} INFO - [2023-11-02T07:46:27.482+0000] {dag.py:3340} INFO - Setting next_dagrun for example_dag_decorator to None, run_after=None
[2023-11-02T07:46:27.494+0000] {processor.py:176} INFO - Processing /home/airflow/.local/lib/python3.7/site-packages/airflow/example_dags/example_dag_decorator.py took 0.092 seconds
[2023-11-02T07:46:58.656+0000] {processor.py:154} INFO - Started process (PID=384) to work on /home/airflow/.local/lib/python3.7/site-packages/airflow/example_dags/example_dag_decorator.py
[2023-11-02T07:46:58.657+0000] {processor.py:756} INFO - Processing file /home/airflow/.local/lib/python3.7/site-packages/airflow/example_dags/example_dag_decorator.py for tasks to queue
[2023-11-02T07:46:58.658+0000] {logging_mixin.py:120} INFO - [2023-11-02T07:46:58.658+0000] {dagbag.py:537} INFO - Filling up the DagBag from /home/airflow/.local/lib/python3.7/site-packages/airflow/example_dags/example_dag_decorator.py
[2023-11-02T07:46:58.672+0000] {logging_mixin.py:120} INFO - [2023-11-02T07:46:58.672+0000] {taskmixin.py:205} WARNING - Dependency <Task(_PythonDecoratedOperator): prepare_email>, send_email already registered for DAG: example_dag_decorator
[2023-11-02T07:46:58.673+0000] {logging_mixin.py:120} INFO - [2023-11-02T07:46:58.673+0000] {taskmixin.py:205} WARNING - Dependency <Task(EmailOperator): send_email>, prepare_email already registered for DAG: example_dag_decorator
[2023-11-02T07:46:58.688+0000] {processor.py:766} INFO - DAG(s) dict_keys(['example_dag_decorator']) retrieved from /home/airflow/.local/lib/python3.7/site-packages/airflow/example_dags/example_dag_decorator.py
[2023-11-02T07:46:58.779+0000] {logging_mixin.py:120} INFO - [2023-11-02T07:46:58.779+0000] {dag.py:2585} INFO - Sync 1 DAGs
[2023-11-02T07:46:58.802+0000] {logging_mixin.py:120} INFO - [2023-11-02T07:46:58.802+0000] {dag.py:3340} INFO - Setting next_dagrun for example_dag_decorator to None, run_after=None
[2023-11-02T07:46:58.845+0000] {processor.py:176} INFO - Processing /home/airflow/.local/lib/python3.7/site-packages/airflow/example_dags/example_dag_decorator.py took 0.192 seconds
[2023-11-02T07:47:29.044+0000] {processor.py:154} INFO - Started process (PID=437) to work on /home/airflow/.local/lib/python3.7/site-packages/airflow/example_dags/example_dag_decorator.py
[2023-11-02T07:47:29.045+0000] {processor.py:756} INFO - Processing file /home/airflow/.local/lib/python3.7/site-packages/airflow/example_dags/example_dag_decorator.py for tasks to queue
[2023-11-02T07:47:29.046+0000] {logging_mixin.py:120} INFO - [2023-11-02T07:47:29.046+0000] {dagbag.py:537} INFO - Filling up the DagBag from /home/airflow/.local/lib/python3.7/site-packages/airflow/example_dags/example_dag_decorator.py
[2023-11-02T07:47:29.055+0000] {logging_mixin.py:120} INFO - [2023-11-02T07:47:29.055+0000] {taskmixin.py:205} WARNING - Dependency <Task(_PythonDecoratedOperator): prepare_email>, send_email already registered for DAG: example_dag_decorator
[2023-11-02T07:47:29.056+0000] {logging_mixin.py:120} INFO - [2023-11-02T07:47:29.056+0000] {taskmixin.py:205} WARNING - Dependency <Task(EmailOperator): send_email>, prepare_email already registered for DAG: example_dag_decorator
[2023-11-02T07:47:29.064+0000] {processor.py:766} INFO - DAG(s) dict_keys(['example_dag_decorator']) retrieved from /home/airflow/.local/lib/python3.7/site-packages/airflow/example_dags/example_dag_decorator.py
[2023-11-02T07:47:29.110+0000] {logging_mixin.py:120} INFO - [2023-11-02T07:47:29.110+0000] {dag.py:2585} INFO - Sync 1 DAGs
[2023-11-02T07:47:29.124+0000] {logging_mixin.py:120} INFO - [2023-11-02T07:47:29.124+0000] {dag.py:3340} INFO - Setting next_dagrun for example_dag_decorator to None, run_after=None
[2023-11-02T07:47:29.139+0000] {processor.py:176} INFO - Processing /home/airflow/.local/lib/python3.7/site-packages/airflow/example_dags/example_dag_decorator.py took 0.097 seconds
