[2023-11-02T07:42:32.015+0000] {processor.py:154} INFO - Started process (PID=44) to work on /home/airflow/.local/lib/python3.7/site-packages/airflow/example_dags/example_time_delta_sensor_async.py
[2023-11-02T07:42:32.016+0000] {processor.py:756} INFO - Processing file /home/airflow/.local/lib/python3.7/site-packages/airflow/example_dags/example_time_delta_sensor_async.py for tasks to queue
[2023-11-02T07:42:32.017+0000] {logging_mixin.py:120} INFO - [2023-11-02T07:42:32.017+0000] {dagbag.py:537} INFO - Filling up the DagBag from /home/airflow/.local/lib/python3.7/site-packages/airflow/example_dags/example_time_delta_sensor_async.py
[2023-11-02T07:42:32.031+0000] {processor.py:766} INFO - DAG(s) dict_keys(['example_time_delta_sensor_async']) retrieved from /home/airflow/.local/lib/python3.7/site-packages/airflow/example_dags/example_time_delta_sensor_async.py
[2023-11-02T07:42:32.331+0000] {logging_mixin.py:120} INFO - [2023-11-02T07:42:32.331+0000] {manager.py:507} INFO - Created Permission View: can delete on DAG:example_time_delta_sensor_async
[2023-11-02T07:42:32.341+0000] {logging_mixin.py:120} INFO - [2023-11-02T07:42:32.341+0000] {manager.py:507} INFO - Created Permission View: can read on DAG:example_time_delta_sensor_async
[2023-11-02T07:42:32.354+0000] {logging_mixin.py:120} INFO - [2023-11-02T07:42:32.354+0000] {manager.py:507} INFO - Created Permission View: can edit on DAG:example_time_delta_sensor_async
[2023-11-02T07:42:32.355+0000] {logging_mixin.py:120} INFO - [2023-11-02T07:42:32.354+0000] {dag.py:2585} INFO - Sync 1 DAGs
[2023-11-02T07:42:32.365+0000] {logging_mixin.py:120} INFO - [2023-11-02T07:42:32.365+0000] {dag.py:2606} INFO - Creating ORM DAG for example_time_delta_sensor_async
[2023-11-02T07:42:32.377+0000] {logging_mixin.py:120} INFO - [2023-11-02T07:42:32.377+0000] {dag.py:3340} INFO - Setting next_dagrun for example_time_delta_sensor_async to None, run_after=None
[2023-11-02T07:42:32.404+0000] {processor.py:176} INFO - Processing /home/airflow/.local/lib/python3.7/site-packages/airflow/example_dags/example_time_delta_sensor_async.py took 0.392 seconds
[2023-11-02T07:43:03.252+0000] {processor.py:154} INFO - Started process (PID=106) to work on /home/airflow/.local/lib/python3.7/site-packages/airflow/example_dags/example_time_delta_sensor_async.py
[2023-11-02T07:43:03.253+0000] {processor.py:756} INFO - Processing file /home/airflow/.local/lib/python3.7/site-packages/airflow/example_dags/example_time_delta_sensor_async.py for tasks to queue
[2023-11-02T07:43:03.254+0000] {logging_mixin.py:120} INFO - [2023-11-02T07:43:03.254+0000] {dagbag.py:537} INFO - Filling up the DagBag from /home/airflow/.local/lib/python3.7/site-packages/airflow/example_dags/example_time_delta_sensor_async.py
[2023-11-02T07:43:03.269+0000] {processor.py:766} INFO - DAG(s) dict_keys(['example_time_delta_sensor_async']) retrieved from /home/airflow/.local/lib/python3.7/site-packages/airflow/example_dags/example_time_delta_sensor_async.py
[2023-11-02T07:43:03.376+0000] {logging_mixin.py:120} INFO - [2023-11-02T07:43:03.376+0000] {dag.py:2585} INFO - Sync 1 DAGs
[2023-11-02T07:43:03.391+0000] {logging_mixin.py:120} INFO - [2023-11-02T07:43:03.391+0000] {dag.py:3340} INFO - Setting next_dagrun for example_time_delta_sensor_async to None, run_after=None
[2023-11-02T07:43:03.401+0000] {processor.py:176} INFO - Processing /home/airflow/.local/lib/python3.7/site-packages/airflow/example_dags/example_time_delta_sensor_async.py took 0.154 seconds
[2023-11-02T07:43:34.217+0000] {processor.py:154} INFO - Started process (PID=170) to work on /home/airflow/.local/lib/python3.7/site-packages/airflow/example_dags/example_time_delta_sensor_async.py
[2023-11-02T07:43:34.218+0000] {processor.py:756} INFO - Processing file /home/airflow/.local/lib/python3.7/site-packages/airflow/example_dags/example_time_delta_sensor_async.py for tasks to queue
[2023-11-02T07:43:34.219+0000] {logging_mixin.py:120} INFO - [2023-11-02T07:43:34.219+0000] {dagbag.py:537} INFO - Filling up the DagBag from /home/airflow/.local/lib/python3.7/site-packages/airflow/example_dags/example_time_delta_sensor_async.py
[2023-11-02T07:43:34.233+0000] {processor.py:766} INFO - DAG(s) dict_keys(['example_time_delta_sensor_async']) retrieved from /home/airflow/.local/lib/python3.7/site-packages/airflow/example_dags/example_time_delta_sensor_async.py
[2023-11-02T07:43:34.340+0000] {logging_mixin.py:120} INFO - [2023-11-02T07:43:34.340+0000] {dag.py:2585} INFO - Sync 1 DAGs
[2023-11-02T07:43:34.355+0000] {logging_mixin.py:120} INFO - [2023-11-02T07:43:34.355+0000] {dag.py:3340} INFO - Setting next_dagrun for example_time_delta_sensor_async to None, run_after=None
[2023-11-02T07:43:34.366+0000] {processor.py:176} INFO - Processing /home/airflow/.local/lib/python3.7/site-packages/airflow/example_dags/example_time_delta_sensor_async.py took 0.153 seconds
[2023-11-02T07:44:22.596+0000] {processor.py:154} INFO - Started process (PID=44) to work on /home/airflow/.local/lib/python3.7/site-packages/airflow/example_dags/example_time_delta_sensor_async.py
[2023-11-02T07:44:22.598+0000] {processor.py:756} INFO - Processing file /home/airflow/.local/lib/python3.7/site-packages/airflow/example_dags/example_time_delta_sensor_async.py for tasks to queue
[2023-11-02T07:44:22.598+0000] {logging_mixin.py:120} INFO - [2023-11-02T07:44:22.598+0000] {dagbag.py:537} INFO - Filling up the DagBag from /home/airflow/.local/lib/python3.7/site-packages/airflow/example_dags/example_time_delta_sensor_async.py
[2023-11-02T07:44:22.608+0000] {processor.py:766} INFO - DAG(s) dict_keys(['example_time_delta_sensor_async']) retrieved from /home/airflow/.local/lib/python3.7/site-packages/airflow/example_dags/example_time_delta_sensor_async.py
[2023-11-02T07:44:22.626+0000] {logging_mixin.py:120} INFO - [2023-11-02T07:44:22.626+0000] {dag.py:2585} INFO - Sync 1 DAGs
[2023-11-02T07:44:22.642+0000] {logging_mixin.py:120} INFO - [2023-11-02T07:44:22.642+0000] {dag.py:3340} INFO - Setting next_dagrun for example_time_delta_sensor_async to None, run_after=None
[2023-11-02T07:44:22.654+0000] {processor.py:176} INFO - Processing /home/airflow/.local/lib/python3.7/site-packages/airflow/example_dags/example_time_delta_sensor_async.py took 0.060 seconds
[2023-11-02T07:44:53.336+0000] {processor.py:154} INFO - Started process (PID=107) to work on /home/airflow/.local/lib/python3.7/site-packages/airflow/example_dags/example_time_delta_sensor_async.py
[2023-11-02T07:44:53.337+0000] {processor.py:756} INFO - Processing file /home/airflow/.local/lib/python3.7/site-packages/airflow/example_dags/example_time_delta_sensor_async.py for tasks to queue
[2023-11-02T07:44:53.337+0000] {logging_mixin.py:120} INFO - [2023-11-02T07:44:53.337+0000] {dagbag.py:537} INFO - Filling up the DagBag from /home/airflow/.local/lib/python3.7/site-packages/airflow/example_dags/example_time_delta_sensor_async.py
[2023-11-02T07:44:53.345+0000] {processor.py:766} INFO - DAG(s) dict_keys(['example_time_delta_sensor_async']) retrieved from /home/airflow/.local/lib/python3.7/site-packages/airflow/example_dags/example_time_delta_sensor_async.py
[2023-11-02T07:44:53.434+0000] {logging_mixin.py:120} INFO - [2023-11-02T07:44:53.433+0000] {dag.py:2585} INFO - Sync 1 DAGs
[2023-11-02T07:44:53.447+0000] {logging_mixin.py:120} INFO - [2023-11-02T07:44:53.447+0000] {dag.py:3340} INFO - Setting next_dagrun for example_time_delta_sensor_async to None, run_after=None
[2023-11-02T07:44:53.456+0000] {processor.py:176} INFO - Processing /home/airflow/.local/lib/python3.7/site-packages/airflow/example_dags/example_time_delta_sensor_async.py took 0.122 seconds
[2023-11-02T07:45:24.100+0000] {processor.py:154} INFO - Started process (PID=172) to work on /home/airflow/.local/lib/python3.7/site-packages/airflow/example_dags/example_time_delta_sensor_async.py
[2023-11-02T07:45:24.101+0000] {processor.py:756} INFO - Processing file /home/airflow/.local/lib/python3.7/site-packages/airflow/example_dags/example_time_delta_sensor_async.py for tasks to queue
[2023-11-02T07:45:24.101+0000] {logging_mixin.py:120} INFO - [2023-11-02T07:45:24.101+0000] {dagbag.py:537} INFO - Filling up the DagBag from /home/airflow/.local/lib/python3.7/site-packages/airflow/example_dags/example_time_delta_sensor_async.py
[2023-11-02T07:45:24.109+0000] {processor.py:766} INFO - DAG(s) dict_keys(['example_time_delta_sensor_async']) retrieved from /home/airflow/.local/lib/python3.7/site-packages/airflow/example_dags/example_time_delta_sensor_async.py
[2023-11-02T07:45:24.197+0000] {logging_mixin.py:120} INFO - [2023-11-02T07:45:24.197+0000] {dag.py:2585} INFO - Sync 1 DAGs
[2023-11-02T07:45:24.209+0000] {logging_mixin.py:120} INFO - [2023-11-02T07:45:24.208+0000] {dag.py:3340} INFO - Setting next_dagrun for example_time_delta_sensor_async to None, run_after=None
[2023-11-02T07:45:24.218+0000] {processor.py:176} INFO - Processing /home/airflow/.local/lib/python3.7/site-packages/airflow/example_dags/example_time_delta_sensor_async.py took 0.120 seconds
[2023-11-02T07:45:55.219+0000] {processor.py:154} INFO - Started process (PID=235) to work on /home/airflow/.local/lib/python3.7/site-packages/airflow/example_dags/example_time_delta_sensor_async.py
[2023-11-02T07:45:55.220+0000] {processor.py:756} INFO - Processing file /home/airflow/.local/lib/python3.7/site-packages/airflow/example_dags/example_time_delta_sensor_async.py for tasks to queue
[2023-11-02T07:45:55.220+0000] {logging_mixin.py:120} INFO - [2023-11-02T07:45:55.220+0000] {dagbag.py:537} INFO - Filling up the DagBag from /home/airflow/.local/lib/python3.7/site-packages/airflow/example_dags/example_time_delta_sensor_async.py
[2023-11-02T07:45:55.228+0000] {processor.py:766} INFO - DAG(s) dict_keys(['example_time_delta_sensor_async']) retrieved from /home/airflow/.local/lib/python3.7/site-packages/airflow/example_dags/example_time_delta_sensor_async.py
[2023-11-02T07:45:55.319+0000] {logging_mixin.py:120} INFO - [2023-11-02T07:45:55.319+0000] {dag.py:2585} INFO - Sync 1 DAGs
[2023-11-02T07:45:55.332+0000] {logging_mixin.py:120} INFO - [2023-11-02T07:45:55.332+0000] {dag.py:3340} INFO - Setting next_dagrun for example_time_delta_sensor_async to None, run_after=None
[2023-11-02T07:45:55.341+0000] {processor.py:176} INFO - Processing /home/airflow/.local/lib/python3.7/site-packages/airflow/example_dags/example_time_delta_sensor_async.py took 0.124 seconds
[2023-11-02T07:46:26.283+0000] {processor.py:154} INFO - Started process (PID=298) to work on /home/airflow/.local/lib/python3.7/site-packages/airflow/example_dags/example_time_delta_sensor_async.py
[2023-11-02T07:46:26.284+0000] {processor.py:756} INFO - Processing file /home/airflow/.local/lib/python3.7/site-packages/airflow/example_dags/example_time_delta_sensor_async.py for tasks to queue
[2023-11-02T07:46:26.284+0000] {logging_mixin.py:120} INFO - [2023-11-02T07:46:26.284+0000] {dagbag.py:537} INFO - Filling up the DagBag from /home/airflow/.local/lib/python3.7/site-packages/airflow/example_dags/example_time_delta_sensor_async.py
[2023-11-02T07:46:26.293+0000] {processor.py:766} INFO - DAG(s) dict_keys(['example_time_delta_sensor_async']) retrieved from /home/airflow/.local/lib/python3.7/site-packages/airflow/example_dags/example_time_delta_sensor_async.py
[2023-11-02T07:46:26.390+0000] {logging_mixin.py:120} INFO - [2023-11-02T07:46:26.390+0000] {dag.py:2585} INFO - Sync 1 DAGs
[2023-11-02T07:46:26.403+0000] {logging_mixin.py:120} INFO - [2023-11-02T07:46:26.403+0000] {dag.py:3340} INFO - Setting next_dagrun for example_time_delta_sensor_async to None, run_after=None
[2023-11-02T07:46:26.413+0000] {processor.py:176} INFO - Processing /home/airflow/.local/lib/python3.7/site-packages/airflow/example_dags/example_time_delta_sensor_async.py took 0.133 seconds
[2023-11-02T07:46:57.316+0000] {processor.py:154} INFO - Started process (PID=352) to work on /home/airflow/.local/lib/python3.7/site-packages/airflow/example_dags/example_time_delta_sensor_async.py
[2023-11-02T07:46:57.317+0000] {processor.py:756} INFO - Processing file /home/airflow/.local/lib/python3.7/site-packages/airflow/example_dags/example_time_delta_sensor_async.py for tasks to queue
[2023-11-02T07:46:57.318+0000] {logging_mixin.py:120} INFO - [2023-11-02T07:46:57.318+0000] {dagbag.py:537} INFO - Filling up the DagBag from /home/airflow/.local/lib/python3.7/site-packages/airflow/example_dags/example_time_delta_sensor_async.py
[2023-11-02T07:46:57.326+0000] {processor.py:766} INFO - DAG(s) dict_keys(['example_time_delta_sensor_async']) retrieved from /home/airflow/.local/lib/python3.7/site-packages/airflow/example_dags/example_time_delta_sensor_async.py
[2023-11-02T07:46:57.429+0000] {logging_mixin.py:120} INFO - [2023-11-02T07:46:57.429+0000] {dag.py:2585} INFO - Sync 1 DAGs
[2023-11-02T07:46:57.450+0000] {logging_mixin.py:120} INFO - [2023-11-02T07:46:57.450+0000] {dag.py:3340} INFO - Setting next_dagrun for example_time_delta_sensor_async to None, run_after=None
[2023-11-02T07:46:57.488+0000] {processor.py:176} INFO - Processing /home/airflow/.local/lib/python3.7/site-packages/airflow/example_dags/example_time_delta_sensor_async.py took 0.174 seconds
[2023-11-02T07:47:27.938+0000] {processor.py:154} INFO - Started process (PID=415) to work on /home/airflow/.local/lib/python3.7/site-packages/airflow/example_dags/example_time_delta_sensor_async.py
[2023-11-02T07:47:27.939+0000] {processor.py:756} INFO - Processing file /home/airflow/.local/lib/python3.7/site-packages/airflow/example_dags/example_time_delta_sensor_async.py for tasks to queue
[2023-11-02T07:47:27.939+0000] {logging_mixin.py:120} INFO - [2023-11-02T07:47:27.939+0000] {dagbag.py:537} INFO - Filling up the DagBag from /home/airflow/.local/lib/python3.7/site-packages/airflow/example_dags/example_time_delta_sensor_async.py
[2023-11-02T07:47:27.947+0000] {processor.py:766} INFO - DAG(s) dict_keys(['example_time_delta_sensor_async']) retrieved from /home/airflow/.local/lib/python3.7/site-packages/airflow/example_dags/example_time_delta_sensor_async.py
[2023-11-02T07:47:28.040+0000] {logging_mixin.py:120} INFO - [2023-11-02T07:47:28.040+0000] {dag.py:2585} INFO - Sync 1 DAGs
[2023-11-02T07:47:28.053+0000] {logging_mixin.py:120} INFO - [2023-11-02T07:47:28.053+0000] {dag.py:3340} INFO - Setting next_dagrun for example_time_delta_sensor_async to None, run_after=None
[2023-11-02T07:47:28.063+0000] {processor.py:176} INFO - Processing /home/airflow/.local/lib/python3.7/site-packages/airflow/example_dags/example_time_delta_sensor_async.py took 0.128 seconds
