[2023-11-02T07:42:34.078+0000] {processor.py:154} INFO - Started process (PID=62) to work on /home/airflow/.local/lib/python3.7/site-packages/airflow/example_dags/tutorial_dag.py
[2023-11-02T07:42:34.079+0000] {processor.py:756} INFO - Processing file /home/airflow/.local/lib/python3.7/site-packages/airflow/example_dags/tutorial_dag.py for tasks to queue
[2023-11-02T07:42:34.083+0000] {logging_mixin.py:120} INFO - [2023-11-02T07:42:34.083+0000] {dagbag.py:537} INFO - Filling up the DagBag from /home/airflow/.local/lib/python3.7/site-packages/airflow/example_dags/tutorial_dag.py
[2023-11-02T07:42:34.110+0000] {processor.py:766} INFO - DAG(s) dict_keys(['tutorial_dag']) retrieved from /home/airflow/.local/lib/python3.7/site-packages/airflow/example_dags/tutorial_dag.py
[2023-11-02T07:42:34.335+0000] {logging_mixin.py:120} INFO - [2023-11-02T07:42:34.334+0000] {manager.py:507} INFO - Created Permission View: can delete on DAG:tutorial_dag
[2023-11-02T07:42:34.351+0000] {logging_mixin.py:120} INFO - [2023-11-02T07:42:34.351+0000] {manager.py:507} INFO - Created Permission View: can read on DAG:tutorial_dag
[2023-11-02T07:42:34.358+0000] {logging_mixin.py:120} INFO - [2023-11-02T07:42:34.358+0000] {manager.py:507} INFO - Created Permission View: can edit on DAG:tutorial_dag
[2023-11-02T07:42:34.360+0000] {logging_mixin.py:120} INFO - [2023-11-02T07:42:34.360+0000] {dag.py:2585} INFO - Sync 1 DAGs
[2023-11-02T07:42:34.373+0000] {logging_mixin.py:120} INFO - [2023-11-02T07:42:34.373+0000] {dag.py:2606} INFO - Creating ORM DAG for tutorial_dag
[2023-11-02T07:42:34.384+0000] {logging_mixin.py:120} INFO - [2023-11-02T07:42:34.384+0000] {dag.py:3340} INFO - Setting next_dagrun for tutorial_dag to None, run_after=None
[2023-11-02T07:42:34.443+0000] {processor.py:176} INFO - Processing /home/airflow/.local/lib/python3.7/site-packages/airflow/example_dags/tutorial_dag.py took 0.372 seconds
[2023-11-02T07:43:04.800+0000] {processor.py:154} INFO - Started process (PID=118) to work on /home/airflow/.local/lib/python3.7/site-packages/airflow/example_dags/tutorial_dag.py
[2023-11-02T07:43:04.802+0000] {processor.py:756} INFO - Processing file /home/airflow/.local/lib/python3.7/site-packages/airflow/example_dags/tutorial_dag.py for tasks to queue
[2023-11-02T07:43:04.802+0000] {logging_mixin.py:120} INFO - [2023-11-02T07:43:04.802+0000] {dagbag.py:537} INFO - Filling up the DagBag from /home/airflow/.local/lib/python3.7/site-packages/airflow/example_dags/tutorial_dag.py
[2023-11-02T07:43:04.812+0000] {processor.py:766} INFO - DAG(s) dict_keys(['tutorial_dag']) retrieved from /home/airflow/.local/lib/python3.7/site-packages/airflow/example_dags/tutorial_dag.py
[2023-11-02T07:43:04.838+0000] {logging_mixin.py:120} INFO - [2023-11-02T07:43:04.838+0000] {dag.py:2585} INFO - Sync 1 DAGs
[2023-11-02T07:43:04.852+0000] {logging_mixin.py:120} INFO - [2023-11-02T07:43:04.852+0000] {dag.py:3340} INFO - Setting next_dagrun for tutorial_dag to None, run_after=None
[2023-11-02T07:43:04.863+0000] {processor.py:176} INFO - Processing /home/airflow/.local/lib/python3.7/site-packages/airflow/example_dags/tutorial_dag.py took 0.065 seconds
[2023-11-02T07:43:35.772+0000] {processor.py:154} INFO - Started process (PID=182) to work on /home/airflow/.local/lib/python3.7/site-packages/airflow/example_dags/tutorial_dag.py
[2023-11-02T07:43:35.773+0000] {processor.py:756} INFO - Processing file /home/airflow/.local/lib/python3.7/site-packages/airflow/example_dags/tutorial_dag.py for tasks to queue
[2023-11-02T07:43:35.773+0000] {logging_mixin.py:120} INFO - [2023-11-02T07:43:35.773+0000] {dagbag.py:537} INFO - Filling up the DagBag from /home/airflow/.local/lib/python3.7/site-packages/airflow/example_dags/tutorial_dag.py
[2023-11-02T07:43:35.782+0000] {processor.py:766} INFO - DAG(s) dict_keys(['tutorial_dag']) retrieved from /home/airflow/.local/lib/python3.7/site-packages/airflow/example_dags/tutorial_dag.py
[2023-11-02T07:43:35.823+0000] {logging_mixin.py:120} INFO - [2023-11-02T07:43:35.823+0000] {dag.py:2585} INFO - Sync 1 DAGs
[2023-11-02T07:43:35.848+0000] {logging_mixin.py:120} INFO - [2023-11-02T07:43:35.848+0000] {dag.py:3340} INFO - Setting next_dagrun for tutorial_dag to None, run_after=None
[2023-11-02T07:43:35.883+0000] {processor.py:176} INFO - Processing /home/airflow/.local/lib/python3.7/site-packages/airflow/example_dags/tutorial_dag.py took 0.115 seconds
[2023-11-02T07:44:23.363+0000] {processor.py:154} INFO - Started process (PID=56) to work on /home/airflow/.local/lib/python3.7/site-packages/airflow/example_dags/tutorial_dag.py
[2023-11-02T07:44:23.365+0000] {processor.py:756} INFO - Processing file /home/airflow/.local/lib/python3.7/site-packages/airflow/example_dags/tutorial_dag.py for tasks to queue
[2023-11-02T07:44:23.366+0000] {logging_mixin.py:120} INFO - [2023-11-02T07:44:23.366+0000] {dagbag.py:537} INFO - Filling up the DagBag from /home/airflow/.local/lib/python3.7/site-packages/airflow/example_dags/tutorial_dag.py
[2023-11-02T07:44:23.385+0000] {processor.py:766} INFO - DAG(s) dict_keys(['tutorial_dag']) retrieved from /home/airflow/.local/lib/python3.7/site-packages/airflow/example_dags/tutorial_dag.py
[2023-11-02T07:44:23.426+0000] {logging_mixin.py:120} INFO - [2023-11-02T07:44:23.425+0000] {dag.py:2585} INFO - Sync 1 DAGs
[2023-11-02T07:44:23.455+0000] {logging_mixin.py:120} INFO - [2023-11-02T07:44:23.455+0000] {dag.py:3340} INFO - Setting next_dagrun for tutorial_dag to None, run_after=None
[2023-11-02T07:44:23.475+0000] {processor.py:176} INFO - Processing /home/airflow/.local/lib/python3.7/site-packages/airflow/example_dags/tutorial_dag.py took 0.116 seconds
[2023-11-02T07:44:53.864+0000] {processor.py:154} INFO - Started process (PID=119) to work on /home/airflow/.local/lib/python3.7/site-packages/airflow/example_dags/tutorial_dag.py
[2023-11-02T07:44:53.865+0000] {processor.py:756} INFO - Processing file /home/airflow/.local/lib/python3.7/site-packages/airflow/example_dags/tutorial_dag.py for tasks to queue
[2023-11-02T07:44:53.865+0000] {logging_mixin.py:120} INFO - [2023-11-02T07:44:53.865+0000] {dagbag.py:537} INFO - Filling up the DagBag from /home/airflow/.local/lib/python3.7/site-packages/airflow/example_dags/tutorial_dag.py
[2023-11-02T07:44:53.874+0000] {processor.py:766} INFO - DAG(s) dict_keys(['tutorial_dag']) retrieved from /home/airflow/.local/lib/python3.7/site-packages/airflow/example_dags/tutorial_dag.py
[2023-11-02T07:44:53.899+0000] {logging_mixin.py:120} INFO - [2023-11-02T07:44:53.899+0000] {dag.py:2585} INFO - Sync 1 DAGs
[2023-11-02T07:44:53.911+0000] {logging_mixin.py:120} INFO - [2023-11-02T07:44:53.911+0000] {dag.py:3340} INFO - Setting next_dagrun for tutorial_dag to None, run_after=None
[2023-11-02T07:44:53.922+0000] {processor.py:176} INFO - Processing /home/airflow/.local/lib/python3.7/site-packages/airflow/example_dags/tutorial_dag.py took 0.060 seconds
[2023-11-02T07:45:24.685+0000] {processor.py:154} INFO - Started process (PID=184) to work on /home/airflow/.local/lib/python3.7/site-packages/airflow/example_dags/tutorial_dag.py
[2023-11-02T07:45:24.686+0000] {processor.py:756} INFO - Processing file /home/airflow/.local/lib/python3.7/site-packages/airflow/example_dags/tutorial_dag.py for tasks to queue
[2023-11-02T07:45:24.686+0000] {logging_mixin.py:120} INFO - [2023-11-02T07:45:24.686+0000] {dagbag.py:537} INFO - Filling up the DagBag from /home/airflow/.local/lib/python3.7/site-packages/airflow/example_dags/tutorial_dag.py
[2023-11-02T07:45:24.694+0000] {processor.py:766} INFO - DAG(s) dict_keys(['tutorial_dag']) retrieved from /home/airflow/.local/lib/python3.7/site-packages/airflow/example_dags/tutorial_dag.py
[2023-11-02T07:45:24.718+0000] {logging_mixin.py:120} INFO - [2023-11-02T07:45:24.718+0000] {dag.py:2585} INFO - Sync 1 DAGs
[2023-11-02T07:45:24.731+0000] {logging_mixin.py:120} INFO - [2023-11-02T07:45:24.731+0000] {dag.py:3340} INFO - Setting next_dagrun for tutorial_dag to None, run_after=None
[2023-11-02T07:45:24.741+0000] {processor.py:176} INFO - Processing /home/airflow/.local/lib/python3.7/site-packages/airflow/example_dags/tutorial_dag.py took 0.058 seconds
[2023-11-02T07:45:55.755+0000] {processor.py:154} INFO - Started process (PID=247) to work on /home/airflow/.local/lib/python3.7/site-packages/airflow/example_dags/tutorial_dag.py
[2023-11-02T07:45:55.756+0000] {processor.py:756} INFO - Processing file /home/airflow/.local/lib/python3.7/site-packages/airflow/example_dags/tutorial_dag.py for tasks to queue
[2023-11-02T07:45:55.757+0000] {logging_mixin.py:120} INFO - [2023-11-02T07:45:55.756+0000] {dagbag.py:537} INFO - Filling up the DagBag from /home/airflow/.local/lib/python3.7/site-packages/airflow/example_dags/tutorial_dag.py
[2023-11-02T07:45:55.764+0000] {processor.py:766} INFO - DAG(s) dict_keys(['tutorial_dag']) retrieved from /home/airflow/.local/lib/python3.7/site-packages/airflow/example_dags/tutorial_dag.py
[2023-11-02T07:45:55.788+0000] {logging_mixin.py:120} INFO - [2023-11-02T07:45:55.788+0000] {dag.py:2585} INFO - Sync 1 DAGs
[2023-11-02T07:45:55.801+0000] {logging_mixin.py:120} INFO - [2023-11-02T07:45:55.801+0000] {dag.py:3340} INFO - Setting next_dagrun for tutorial_dag to None, run_after=None
[2023-11-02T07:45:55.811+0000] {processor.py:176} INFO - Processing /home/airflow/.local/lib/python3.7/site-packages/airflow/example_dags/tutorial_dag.py took 0.059 seconds
[2023-11-02T07:46:26.980+0000] {processor.py:154} INFO - Started process (PID=310) to work on /home/airflow/.local/lib/python3.7/site-packages/airflow/example_dags/tutorial_dag.py
[2023-11-02T07:46:26.980+0000] {processor.py:756} INFO - Processing file /home/airflow/.local/lib/python3.7/site-packages/airflow/example_dags/tutorial_dag.py for tasks to queue
[2023-11-02T07:46:26.981+0000] {logging_mixin.py:120} INFO - [2023-11-02T07:46:26.981+0000] {dagbag.py:537} INFO - Filling up the DagBag from /home/airflow/.local/lib/python3.7/site-packages/airflow/example_dags/tutorial_dag.py
[2023-11-02T07:46:26.989+0000] {processor.py:766} INFO - DAG(s) dict_keys(['tutorial_dag']) retrieved from /home/airflow/.local/lib/python3.7/site-packages/airflow/example_dags/tutorial_dag.py
[2023-11-02T07:46:27.015+0000] {logging_mixin.py:120} INFO - [2023-11-02T07:46:27.015+0000] {dag.py:2585} INFO - Sync 1 DAGs
[2023-11-02T07:46:27.028+0000] {logging_mixin.py:120} INFO - [2023-11-02T07:46:27.028+0000] {dag.py:3340} INFO - Setting next_dagrun for tutorial_dag to None, run_after=None
[2023-11-02T07:46:27.038+0000] {processor.py:176} INFO - Processing /home/airflow/.local/lib/python3.7/site-packages/airflow/example_dags/tutorial_dag.py took 0.061 seconds
[2023-11-02T07:46:58.057+0000] {processor.py:154} INFO - Started process (PID=374) to work on /home/airflow/.local/lib/python3.7/site-packages/airflow/example_dags/tutorial_dag.py
[2023-11-02T07:46:58.059+0000] {processor.py:756} INFO - Processing file /home/airflow/.local/lib/python3.7/site-packages/airflow/example_dags/tutorial_dag.py for tasks to queue
[2023-11-02T07:46:58.060+0000] {logging_mixin.py:120} INFO - [2023-11-02T07:46:58.060+0000] {dagbag.py:537} INFO - Filling up the DagBag from /home/airflow/.local/lib/python3.7/site-packages/airflow/example_dags/tutorial_dag.py
[2023-11-02T07:46:58.075+0000] {processor.py:766} INFO - DAG(s) dict_keys(['tutorial_dag']) retrieved from /home/airflow/.local/lib/python3.7/site-packages/airflow/example_dags/tutorial_dag.py
[2023-11-02T07:46:58.113+0000] {logging_mixin.py:120} INFO - [2023-11-02T07:46:58.113+0000] {dag.py:2585} INFO - Sync 1 DAGs
[2023-11-02T07:46:58.130+0000] {logging_mixin.py:120} INFO - [2023-11-02T07:46:58.130+0000] {dag.py:3340} INFO - Setting next_dagrun for tutorial_dag to None, run_after=None
[2023-11-02T07:46:58.145+0000] {processor.py:176} INFO - Processing /home/airflow/.local/lib/python3.7/site-packages/airflow/example_dags/tutorial_dag.py took 0.091 seconds
[2023-11-02T07:47:28.488+0000] {processor.py:154} INFO - Started process (PID=427) to work on /home/airflow/.local/lib/python3.7/site-packages/airflow/example_dags/tutorial_dag.py
[2023-11-02T07:47:28.488+0000] {processor.py:756} INFO - Processing file /home/airflow/.local/lib/python3.7/site-packages/airflow/example_dags/tutorial_dag.py for tasks to queue
[2023-11-02T07:47:28.489+0000] {logging_mixin.py:120} INFO - [2023-11-02T07:47:28.489+0000] {dagbag.py:537} INFO - Filling up the DagBag from /home/airflow/.local/lib/python3.7/site-packages/airflow/example_dags/tutorial_dag.py
[2023-11-02T07:47:28.497+0000] {processor.py:766} INFO - DAG(s) dict_keys(['tutorial_dag']) retrieved from /home/airflow/.local/lib/python3.7/site-packages/airflow/example_dags/tutorial_dag.py
[2023-11-02T07:47:28.522+0000] {logging_mixin.py:120} INFO - [2023-11-02T07:47:28.521+0000] {dag.py:2585} INFO - Sync 1 DAGs
[2023-11-02T07:47:28.535+0000] {logging_mixin.py:120} INFO - [2023-11-02T07:47:28.535+0000] {dag.py:3340} INFO - Setting next_dagrun for tutorial_dag to None, run_after=None
[2023-11-02T07:47:28.545+0000] {processor.py:176} INFO - Processing /home/airflow/.local/lib/python3.7/site-packages/airflow/example_dags/tutorial_dag.py took 0.059 seconds
