[2023-11-02T07:42:31.495+0000] {processor.py:154} INFO - Started process (PID=39) to work on /home/airflow/.local/lib/python3.7/site-packages/airflow/example_dags/tutorial.py
[2023-11-02T07:42:31.496+0000] {processor.py:756} INFO - Processing file /home/airflow/.local/lib/python3.7/site-packages/airflow/example_dags/tutorial.py for tasks to queue
[2023-11-02T07:42:31.497+0000] {logging_mixin.py:120} INFO - [2023-11-02T07:42:31.497+0000] {dagbag.py:537} INFO - Filling up the DagBag from /home/airflow/.local/lib/python3.7/site-packages/airflow/example_dags/tutorial.py
[2023-11-02T07:42:31.512+0000] {processor.py:766} INFO - DAG(s) dict_keys(['tutorial']) retrieved from /home/airflow/.local/lib/python3.7/site-packages/airflow/example_dags/tutorial.py
[2023-11-02T07:42:31.593+0000] {logging_mixin.py:120} INFO - [2023-11-02T07:42:31.593+0000] {manager.py:507} INFO - Created Permission View: can delete on DAG:tutorial
[2023-11-02T07:42:31.599+0000] {logging_mixin.py:120} INFO - [2023-11-02T07:42:31.599+0000] {manager.py:507} INFO - Created Permission View: can read on DAG:tutorial
[2023-11-02T07:42:31.603+0000] {logging_mixin.py:120} INFO - [2023-11-02T07:42:31.603+0000] {manager.py:507} INFO - Created Permission View: can edit on DAG:tutorial
[2023-11-02T07:42:31.604+0000] {logging_mixin.py:120} INFO - [2023-11-02T07:42:31.603+0000] {dag.py:2585} INFO - Sync 1 DAGs
[2023-11-02T07:42:31.610+0000] {logging_mixin.py:120} INFO - [2023-11-02T07:42:31.610+0000] {dag.py:2606} INFO - Creating ORM DAG for tutorial
[2023-11-02T07:42:31.617+0000] {logging_mixin.py:120} INFO - [2023-11-02T07:42:31.617+0000] {dag.py:3340} INFO - Setting next_dagrun for tutorial to 2023-11-01T07:42:31.617648+00:00, run_after=2023-11-02T07:42:31.617648+00:00
[2023-11-02T07:42:31.632+0000] {processor.py:176} INFO - Processing /home/airflow/.local/lib/python3.7/site-packages/airflow/example_dags/tutorial.py took 0.139 seconds
[2023-11-02T07:43:01.975+0000] {processor.py:154} INFO - Started process (PID=101) to work on /home/airflow/.local/lib/python3.7/site-packages/airflow/example_dags/tutorial.py
[2023-11-02T07:43:01.976+0000] {processor.py:756} INFO - Processing file /home/airflow/.local/lib/python3.7/site-packages/airflow/example_dags/tutorial.py for tasks to queue
[2023-11-02T07:43:01.977+0000] {logging_mixin.py:120} INFO - [2023-11-02T07:43:01.977+0000] {dagbag.py:537} INFO - Filling up the DagBag from /home/airflow/.local/lib/python3.7/site-packages/airflow/example_dags/tutorial.py
[2023-11-02T07:43:01.988+0000] {processor.py:766} INFO - DAG(s) dict_keys(['tutorial']) retrieved from /home/airflow/.local/lib/python3.7/site-packages/airflow/example_dags/tutorial.py
[2023-11-02T07:43:02.014+0000] {logging_mixin.py:120} INFO - [2023-11-02T07:43:02.014+0000] {dag.py:2585} INFO - Sync 1 DAGs
[2023-11-02T07:43:02.028+0000] {logging_mixin.py:120} INFO - [2023-11-02T07:43:02.028+0000] {dag.py:3340} INFO - Setting next_dagrun for tutorial to 2023-11-01T07:43:02.028238+00:00, run_after=2023-11-02T07:43:02.028238+00:00
[2023-11-02T07:43:02.039+0000] {processor.py:176} INFO - Processing /home/airflow/.local/lib/python3.7/site-packages/airflow/example_dags/tutorial.py took 0.067 seconds
[2023-11-02T07:43:32.934+0000] {processor.py:154} INFO - Started process (PID=165) to work on /home/airflow/.local/lib/python3.7/site-packages/airflow/example_dags/tutorial.py
[2023-11-02T07:43:32.935+0000] {processor.py:756} INFO - Processing file /home/airflow/.local/lib/python3.7/site-packages/airflow/example_dags/tutorial.py for tasks to queue
[2023-11-02T07:43:32.935+0000] {logging_mixin.py:120} INFO - [2023-11-02T07:43:32.935+0000] {dagbag.py:537} INFO - Filling up the DagBag from /home/airflow/.local/lib/python3.7/site-packages/airflow/example_dags/tutorial.py
[2023-11-02T07:43:32.945+0000] {processor.py:766} INFO - DAG(s) dict_keys(['tutorial']) retrieved from /home/airflow/.local/lib/python3.7/site-packages/airflow/example_dags/tutorial.py
[2023-11-02T07:43:32.970+0000] {logging_mixin.py:120} INFO - [2023-11-02T07:43:32.970+0000] {dag.py:2585} INFO - Sync 1 DAGs
[2023-11-02T07:43:32.985+0000] {logging_mixin.py:120} INFO - [2023-11-02T07:43:32.985+0000] {dag.py:3340} INFO - Setting next_dagrun for tutorial to 2023-11-01T07:43:32.985034+00:00, run_after=2023-11-02T07:43:32.985034+00:00
[2023-11-02T07:43:32.995+0000] {processor.py:176} INFO - Processing /home/airflow/.local/lib/python3.7/site-packages/airflow/example_dags/tutorial.py took 0.063 seconds
[2023-11-02T07:44:22.275+0000] {processor.py:154} INFO - Started process (PID=39) to work on /home/airflow/.local/lib/python3.7/site-packages/airflow/example_dags/tutorial.py
[2023-11-02T07:44:22.277+0000] {processor.py:756} INFO - Processing file /home/airflow/.local/lib/python3.7/site-packages/airflow/example_dags/tutorial.py for tasks to queue
[2023-11-02T07:44:22.278+0000] {logging_mixin.py:120} INFO - [2023-11-02T07:44:22.277+0000] {dagbag.py:537} INFO - Filling up the DagBag from /home/airflow/.local/lib/python3.7/site-packages/airflow/example_dags/tutorial.py
[2023-11-02T07:44:22.289+0000] {processor.py:766} INFO - DAG(s) dict_keys(['tutorial']) retrieved from /home/airflow/.local/lib/python3.7/site-packages/airflow/example_dags/tutorial.py
[2023-11-02T07:44:22.307+0000] {logging_mixin.py:120} INFO - [2023-11-02T07:44:22.307+0000] {dag.py:2585} INFO - Sync 1 DAGs
[2023-11-02T07:44:22.323+0000] {logging_mixin.py:120} INFO - [2023-11-02T07:44:22.323+0000] {dag.py:3340} INFO - Setting next_dagrun for tutorial to 2023-11-01T07:44:22.323331+00:00, run_after=2023-11-02T07:44:22.323331+00:00
[2023-11-02T07:44:22.349+0000] {processor.py:176} INFO - Processing /home/airflow/.local/lib/python3.7/site-packages/airflow/example_dags/tutorial.py took 0.076 seconds
[2023-11-02T07:44:53.112+0000] {processor.py:154} INFO - Started process (PID=102) to work on /home/airflow/.local/lib/python3.7/site-packages/airflow/example_dags/tutorial.py
[2023-11-02T07:44:53.112+0000] {processor.py:756} INFO - Processing file /home/airflow/.local/lib/python3.7/site-packages/airflow/example_dags/tutorial.py for tasks to queue
[2023-11-02T07:44:53.113+0000] {logging_mixin.py:120} INFO - [2023-11-02T07:44:53.113+0000] {dagbag.py:537} INFO - Filling up the DagBag from /home/airflow/.local/lib/python3.7/site-packages/airflow/example_dags/tutorial.py
[2023-11-02T07:44:53.122+0000] {processor.py:766} INFO - DAG(s) dict_keys(['tutorial']) retrieved from /home/airflow/.local/lib/python3.7/site-packages/airflow/example_dags/tutorial.py
[2023-11-02T07:44:53.145+0000] {logging_mixin.py:120} INFO - [2023-11-02T07:44:53.145+0000] {dag.py:2585} INFO - Sync 1 DAGs
[2023-11-02T07:44:53.157+0000] {logging_mixin.py:120} INFO - [2023-11-02T07:44:53.156+0000] {dag.py:3340} INFO - Setting next_dagrun for tutorial to 2023-11-01T07:44:53.156839+00:00, run_after=2023-11-02T07:44:53.156839+00:00
[2023-11-02T07:44:53.166+0000] {processor.py:176} INFO - Processing /home/airflow/.local/lib/python3.7/site-packages/airflow/example_dags/tutorial.py took 0.056 seconds
[2023-11-02T07:45:23.873+0000] {processor.py:154} INFO - Started process (PID=167) to work on /home/airflow/.local/lib/python3.7/site-packages/airflow/example_dags/tutorial.py
[2023-11-02T07:45:23.873+0000] {processor.py:756} INFO - Processing file /home/airflow/.local/lib/python3.7/site-packages/airflow/example_dags/tutorial.py for tasks to queue
[2023-11-02T07:45:23.874+0000] {logging_mixin.py:120} INFO - [2023-11-02T07:45:23.873+0000] {dagbag.py:537} INFO - Filling up the DagBag from /home/airflow/.local/lib/python3.7/site-packages/airflow/example_dags/tutorial.py
[2023-11-02T07:45:23.884+0000] {processor.py:766} INFO - DAG(s) dict_keys(['tutorial']) retrieved from /home/airflow/.local/lib/python3.7/site-packages/airflow/example_dags/tutorial.py
[2023-11-02T07:45:23.909+0000] {logging_mixin.py:120} INFO - [2023-11-02T07:45:23.909+0000] {dag.py:2585} INFO - Sync 1 DAGs
[2023-11-02T07:45:23.923+0000] {logging_mixin.py:120} INFO - [2023-11-02T07:45:23.923+0000] {dag.py:3340} INFO - Setting next_dagrun for tutorial to 2023-11-01T07:45:23.922921+00:00, run_after=2023-11-02T07:45:23.922921+00:00
[2023-11-02T07:45:23.932+0000] {processor.py:176} INFO - Processing /home/airflow/.local/lib/python3.7/site-packages/airflow/example_dags/tutorial.py took 0.062 seconds
[2023-11-02T07:45:54.992+0000] {processor.py:154} INFO - Started process (PID=230) to work on /home/airflow/.local/lib/python3.7/site-packages/airflow/example_dags/tutorial.py
[2023-11-02T07:45:54.992+0000] {processor.py:756} INFO - Processing file /home/airflow/.local/lib/python3.7/site-packages/airflow/example_dags/tutorial.py for tasks to queue
[2023-11-02T07:45:54.993+0000] {logging_mixin.py:120} INFO - [2023-11-02T07:45:54.993+0000] {dagbag.py:537} INFO - Filling up the DagBag from /home/airflow/.local/lib/python3.7/site-packages/airflow/example_dags/tutorial.py
[2023-11-02T07:45:55.002+0000] {processor.py:766} INFO - DAG(s) dict_keys(['tutorial']) retrieved from /home/airflow/.local/lib/python3.7/site-packages/airflow/example_dags/tutorial.py
[2023-11-02T07:45:55.030+0000] {logging_mixin.py:120} INFO - [2023-11-02T07:45:55.030+0000] {dag.py:2585} INFO - Sync 1 DAGs
[2023-11-02T07:45:55.044+0000] {logging_mixin.py:120} INFO - [2023-11-02T07:45:55.044+0000] {dag.py:3340} INFO - Setting next_dagrun for tutorial to 2023-11-01T07:45:55.044623+00:00, run_after=2023-11-02T07:45:55.044623+00:00
[2023-11-02T07:45:55.054+0000] {processor.py:176} INFO - Processing /home/airflow/.local/lib/python3.7/site-packages/airflow/example_dags/tutorial.py took 0.064 seconds
[2023-11-02T07:46:26.031+0000] {processor.py:154} INFO - Started process (PID=293) to work on /home/airflow/.local/lib/python3.7/site-packages/airflow/example_dags/tutorial.py
[2023-11-02T07:46:26.032+0000] {processor.py:756} INFO - Processing file /home/airflow/.local/lib/python3.7/site-packages/airflow/example_dags/tutorial.py for tasks to queue
[2023-11-02T07:46:26.032+0000] {logging_mixin.py:120} INFO - [2023-11-02T07:46:26.032+0000] {dagbag.py:537} INFO - Filling up the DagBag from /home/airflow/.local/lib/python3.7/site-packages/airflow/example_dags/tutorial.py
[2023-11-02T07:46:26.042+0000] {processor.py:766} INFO - DAG(s) dict_keys(['tutorial']) retrieved from /home/airflow/.local/lib/python3.7/site-packages/airflow/example_dags/tutorial.py
[2023-11-02T07:46:26.067+0000] {logging_mixin.py:120} INFO - [2023-11-02T07:46:26.067+0000] {dag.py:2585} INFO - Sync 1 DAGs
[2023-11-02T07:46:26.081+0000] {logging_mixin.py:120} INFO - [2023-11-02T07:46:26.081+0000] {dag.py:3340} INFO - Setting next_dagrun for tutorial to 2023-11-01T07:46:26.081142+00:00, run_after=2023-11-02T07:46:26.081142+00:00
[2023-11-02T07:46:26.093+0000] {processor.py:176} INFO - Processing /home/airflow/.local/lib/python3.7/site-packages/airflow/example_dags/tutorial.py took 0.064 seconds
[2023-11-02T07:46:57.089+0000] {processor.py:154} INFO - Started process (PID=347) to work on /home/airflow/.local/lib/python3.7/site-packages/airflow/example_dags/tutorial.py
[2023-11-02T07:46:57.090+0000] {processor.py:756} INFO - Processing file /home/airflow/.local/lib/python3.7/site-packages/airflow/example_dags/tutorial.py for tasks to queue
[2023-11-02T07:46:57.090+0000] {logging_mixin.py:120} INFO - [2023-11-02T07:46:57.090+0000] {dagbag.py:537} INFO - Filling up the DagBag from /home/airflow/.local/lib/python3.7/site-packages/airflow/example_dags/tutorial.py
[2023-11-02T07:46:57.099+0000] {processor.py:766} INFO - DAG(s) dict_keys(['tutorial']) retrieved from /home/airflow/.local/lib/python3.7/site-packages/airflow/example_dags/tutorial.py
[2023-11-02T07:46:57.121+0000] {logging_mixin.py:120} INFO - [2023-11-02T07:46:57.121+0000] {dag.py:2585} INFO - Sync 1 DAGs
[2023-11-02T07:46:57.133+0000] {logging_mixin.py:120} INFO - [2023-11-02T07:46:57.133+0000] {dag.py:3340} INFO - Setting next_dagrun for tutorial to 2023-11-01T07:46:57.133785+00:00, run_after=2023-11-02T07:46:57.133785+00:00
[2023-11-02T07:46:57.143+0000] {processor.py:176} INFO - Processing /home/airflow/.local/lib/python3.7/site-packages/airflow/example_dags/tutorial.py took 0.056 seconds
[2023-11-02T07:47:27.639+0000] {processor.py:154} INFO - Started process (PID=410) to work on /home/airflow/.local/lib/python3.7/site-packages/airflow/example_dags/tutorial.py
[2023-11-02T07:47:27.639+0000] {processor.py:756} INFO - Processing file /home/airflow/.local/lib/python3.7/site-packages/airflow/example_dags/tutorial.py for tasks to queue
[2023-11-02T07:47:27.640+0000] {logging_mixin.py:120} INFO - [2023-11-02T07:47:27.640+0000] {dagbag.py:537} INFO - Filling up the DagBag from /home/airflow/.local/lib/python3.7/site-packages/airflow/example_dags/tutorial.py
[2023-11-02T07:47:27.648+0000] {processor.py:766} INFO - DAG(s) dict_keys(['tutorial']) retrieved from /home/airflow/.local/lib/python3.7/site-packages/airflow/example_dags/tutorial.py
[2023-11-02T07:47:27.671+0000] {logging_mixin.py:120} INFO - [2023-11-02T07:47:27.671+0000] {dag.py:2585} INFO - Sync 1 DAGs
[2023-11-02T07:47:27.684+0000] {logging_mixin.py:120} INFO - [2023-11-02T07:47:27.684+0000] {dag.py:3340} INFO - Setting next_dagrun for tutorial to 2023-11-01T07:47:27.684209+00:00, run_after=2023-11-02T07:47:27.684209+00:00
[2023-11-02T07:47:27.693+0000] {processor.py:176} INFO - Processing /home/airflow/.local/lib/python3.7/site-packages/airflow/example_dags/tutorial.py took 0.057 seconds
