[2023-11-02T07:59:02.141+0000] {taskinstance.py:1165} INFO - Dependencies all met for <TaskInstance: example_bash_operator.runme_0 manual__2023-11-02T07:59:00.444632+00:00 [queued]>
[2023-11-02T07:59:02.171+0000] {taskinstance.py:1165} INFO - Dependencies all met for <TaskInstance: example_bash_operator.runme_0 manual__2023-11-02T07:59:00.444632+00:00 [queued]>
[2023-11-02T07:59:02.173+0000] {taskinstance.py:1362} INFO - 
--------------------------------------------------------------------------------
[2023-11-02T07:59:02.192+0000] {taskinstance.py:1363} INFO - Starting attempt 1 of 1
[2023-11-02T07:59:02.197+0000] {taskinstance.py:1364} INFO - 
--------------------------------------------------------------------------------
[2023-11-02T07:59:02.217+0000] {taskinstance.py:1383} INFO - Executing <Task(BashOperator): runme_0> on 2023-11-02 07:59:00.444632+00:00
[2023-11-02T07:59:02.238+0000] {standard_task_runner.py:55} INFO - Started process 806 to run task
[2023-11-02T07:59:02.253+0000] {standard_task_runner.py:82} INFO - Running: ['***', 'tasks', 'run', 'example_bash_operator', 'runme_0', 'manual__2023-11-02T07:59:00.444632+00:00', '--job-id', '9', '--raw', '--subdir', '/home/***/.local/lib/python3.7/site-packages/***/example_dags/example_bash_operator.py', '--cfg-path', '/tmp/tmppwyzi5rm']
[2023-11-02T07:59:02.256+0000] {standard_task_runner.py:83} INFO - Job 9: Subtask runme_0
[2023-11-02T07:59:02.368+0000] {task_command.py:376} INFO - Running <TaskInstance: example_bash_operator.runme_0 manual__2023-11-02T07:59:00.444632+00:00 [running]> on host 76f97e39dab7
[2023-11-02T07:59:02.509+0000] {taskinstance.py:1592} INFO - Exporting the following env vars:
AIRFLOW_CTX_DAG_OWNER=***
AIRFLOW_CTX_DAG_ID=example_bash_operator
AIRFLOW_CTX_TASK_ID=runme_0
AIRFLOW_CTX_EXECUTION_DATE=2023-11-02T07:59:00.444632+00:00
AIRFLOW_CTX_TRY_NUMBER=1
AIRFLOW_CTX_DAG_RUN_ID=manual__2023-11-02T07:59:00.444632+00:00
[2023-11-02T07:59:02.511+0000] {subprocess.py:63} INFO - Tmp dir root location: 
 /tmp
[2023-11-02T07:59:02.517+0000] {subprocess.py:75} INFO - Running command: ['/bin/bash', '-c', 'echo "example_bash_operator__runme_0__20231102" && sleep 1']
[2023-11-02T07:59:02.535+0000] {subprocess.py:86} INFO - Output:
[2023-11-02T07:59:02.537+0000] {subprocess.py:93} INFO - example_bash_operator__runme_0__20231102
[2023-11-02T07:59:03.541+0000] {subprocess.py:97} INFO - Command exited with return code 0
[2023-11-02T07:59:03.562+0000] {taskinstance.py:1406} INFO - Marking task as SUCCESS. dag_id=example_bash_operator, task_id=runme_0, execution_date=20231102T075900, start_date=20231102T075902, end_date=20231102T075903
[2023-11-02T07:59:03.588+0000] {local_task_job.py:164} INFO - Task exited with return code 0
[2023-11-02T07:59:03.609+0000] {local_task_job.py:273} INFO - 0 downstream tasks scheduled from follow-on schedule check
