[2023-11-02T07:42:30.916+0000] {manager.py:483} INFO - Processing files using up to 2 processes at a time 
[2023-11-02T07:42:30.975+0000] {manager.py:484} INFO - Process each file at most once every 30 seconds
[2023-11-02T07:42:30.976+0000] {manager.py:486} INFO - Checking for new files in /opt/airflow/dags every 300 seconds
[2023-11-02T07:42:30.976+0000] {manager.py:724} INFO - Searching for files in /opt/airflow/dags
[2023-11-02T07:42:30.982+0000] {manager.py:727} INFO - There are 36 files in /opt/airflow/dags
[2023-11-02T07:42:31.033+0000] {manager.py:846} INFO - 
================================================================================
DAG File Processing Stats

File Path                                                                                                           PID  Runtime      # DAGs    # Errors  Last Runtime    Last Run
----------------------------------------------------------------------------------------------------------------  -----  ---------  --------  ----------  --------------  ----------
/home/airflow/.local/lib/python3.7/site-packages/airflow/example_dags/example_latest_only.py                         37  0.02s             0           0
/home/airflow/.local/lib/python3.7/site-packages/airflow/example_dags/tutorial_taskflow_api_virtualenv.py            38  0.02s             0           0
/home/airflow/.local/lib/python3.7/site-packages/airflow/example_dags/tutorial.py                                                          0           0
/home/airflow/.local/lib/python3.7/site-packages/airflow/example_dags/example_external_task_marker_dag.py                                  0           0
/home/airflow/.local/lib/python3.7/site-packages/airflow/example_dags/example_latest_only_with_trigger.py                                  0           0
/home/airflow/.local/lib/python3.7/site-packages/airflow/example_dags/example_branch_datetime_operator.py                                  0           0
/home/airflow/.local/lib/python3.7/site-packages/airflow/example_dags/example_bash_operator.py                                             0           0
/home/airflow/.local/lib/python3.7/site-packages/airflow/example_dags/example_time_delta_sensor_async.py                                   0           0
/home/airflow/.local/lib/python3.7/site-packages/airflow/example_dags/example_task_group.py                                                0           0
/home/airflow/.local/lib/python3.7/site-packages/airflow/example_dags/example_short_circuit_operator.py                                    0           0
/home/airflow/.local/lib/python3.7/site-packages/airflow/example_dags/example_branch_python_dop_operator_3.py                              0           0
/home/airflow/.local/lib/python3.7/site-packages/airflow/example_dags/example_trigger_target_dag.py                                        0           0
/home/airflow/.local/lib/python3.7/site-packages/airflow/example_dags/example_passing_params_via_test_command.py                           0           0
/home/airflow/.local/lib/python3.7/site-packages/airflow/example_dags/example_branch_operator.py                                           0           0
/home/airflow/.local/lib/python3.7/site-packages/airflow/example_dags/example_skip_dag.py                                                  0           0
/home/airflow/.local/lib/python3.7/site-packages/airflow/example_dags/example_short_circuit_decorator.py                                   0           0
/home/airflow/.local/lib/python3.7/site-packages/airflow/example_dags/tutorial_taskflow_api.py                                             0           0
/home/airflow/.local/lib/python3.7/site-packages/airflow/example_dags/example_sla_dag.py                                                   0           0
/home/airflow/.local/lib/python3.7/site-packages/airflow/example_dags/example_branch_labels.py                                             0           0
/home/airflow/.local/lib/python3.7/site-packages/airflow/example_dags/tutorial_dag.py                                                      0           0
/home/airflow/.local/lib/python3.7/site-packages/airflow/example_dags/example_complex.py                                                   0           0
/home/airflow/.local/lib/python3.7/site-packages/airflow/example_dags/example_branch_day_of_week_operator.py                               0           0
/home/airflow/.local/lib/python3.7/site-packages/airflow/example_dags/example_nested_branch_dag.py                                         0           0
/home/airflow/.local/lib/python3.7/site-packages/airflow/example_dags/example_xcom.py                                                      0           0
/home/airflow/.local/lib/python3.7/site-packages/airflow/example_dags/example_subdag_operator.py                                           0           0
/home/airflow/.local/lib/python3.7/site-packages/airflow/example_dags/example_local_kubernetes_executor.py                                 0           0
/home/airflow/.local/lib/python3.7/site-packages/airflow/example_dags/example_datasets.py                                                  0           0
/home/airflow/.local/lib/python3.7/site-packages/airflow/example_dags/example_trigger_controller_dag.py                                    0           0
/home/airflow/.local/lib/python3.7/site-packages/airflow/example_dags/example_branch_operator_decorator.py                                 0           0
/home/airflow/.local/lib/python3.7/site-packages/airflow/example_dags/example_dag_decorator.py                                             0           0
/home/airflow/.local/lib/python3.7/site-packages/airflow/example_dags/example_kubernetes_executor.py                                       0           0
/home/airflow/.local/lib/python3.7/site-packages/airflow/example_dags/example_xcomargs.py                                                  0           0
/home/airflow/.local/lib/python3.7/site-packages/airflow/example_dags/example_python_operator.py                                           0           0
/home/airflow/.local/lib/python3.7/site-packages/airflow/example_dags/example_task_group_decorator.py                                      0           0
/home/airflow/.local/lib/python3.7/site-packages/airflow/example_dags/plugins/workday.py                                                   0           0
/home/airflow/.local/lib/python3.7/site-packages/airflow/example_dags/subdags/subdag.py                                                    0           0
================================================================================
[2023-11-02T07:43:01.865+0000] {manager.py:846} INFO - 
================================================================================
DAG File Processing Stats

File Path                                                                                                           PID  Runtime      # DAGs    # Errors  Last Runtime    Last Run
----------------------------------------------------------------------------------------------------------------  -----  ---------  --------  ----------  --------------  -------------------
/home/airflow/.local/lib/python3.7/site-packages/airflow/example_dags/plugins/workday.py                                                   0           0  0.04s           2023-11-02T07:42:36
/home/airflow/.local/lib/python3.7/site-packages/airflow/example_dags/subdags/subdag.py                                                    0           0  0.03s           2023-11-02T07:42:36
/home/airflow/.local/lib/python3.7/site-packages/airflow/example_dags/example_latest_only.py                         99  0.02s             1           0  0.49s           2023-11-02T07:42:31
/home/airflow/.local/lib/python3.7/site-packages/airflow/example_dags/tutorial_taskflow_api_virtualenv.py           100  0.01s             1           0  0.47s           2023-11-02T07:42:31
/home/airflow/.local/lib/python3.7/site-packages/airflow/example_dags/tutorial.py                                                          1           0  0.15s           2023-11-02T07:42:31
/home/airflow/.local/lib/python3.7/site-packages/airflow/example_dags/example_latest_only_with_trigger.py                                  1           0  0.18s           2023-11-02T07:42:31
/home/airflow/.local/lib/python3.7/site-packages/airflow/example_dags/example_bash_operator.py                                             1           0  0.17s           2023-11-02T07:42:32
/home/airflow/.local/lib/python3.7/site-packages/airflow/example_dags/example_time_delta_sensor_async.py                                   1           0  0.41s           2023-11-02T07:42:32
/home/airflow/.local/lib/python3.7/site-packages/airflow/example_dags/example_task_group.py                                                1           0  0.34s           2023-11-02T07:42:32
/home/airflow/.local/lib/python3.7/site-packages/airflow/example_dags/example_short_circuit_operator.py                                    1           0  0.55s           2023-11-02T07:42:32
/home/airflow/.local/lib/python3.7/site-packages/airflow/example_dags/example_branch_python_dop_operator_3.py                              1           0  0.54s           2023-11-02T07:42:32
/home/airflow/.local/lib/python3.7/site-packages/airflow/example_dags/example_trigger_target_dag.py                                        1           0  0.35s           2023-11-02T07:42:33
/home/airflow/.local/lib/python3.7/site-packages/airflow/example_dags/example_passing_params_via_test_command.py                           1           0  0.29s           2023-11-02T07:42:33
/home/airflow/.local/lib/python3.7/site-packages/airflow/example_dags/example_branch_operator.py                                           1           0  0.23s           2023-11-02T07:42:33
/home/airflow/.local/lib/python3.7/site-packages/airflow/example_dags/example_skip_dag.py                                                  1           0  0.24s           2023-11-02T07:42:33
/home/airflow/.local/lib/python3.7/site-packages/airflow/example_dags/example_short_circuit_decorator.py                                   1           0  0.27s           2023-11-02T07:42:33
/home/airflow/.local/lib/python3.7/site-packages/airflow/example_dags/tutorial_taskflow_api.py                                             1           0  0.27s           2023-11-02T07:42:34
/home/airflow/.local/lib/python3.7/site-packages/airflow/example_dags/example_sla_dag.py                                                   1           0  0.28s           2023-11-02T07:42:34
/home/airflow/.local/lib/python3.7/site-packages/airflow/example_dags/example_branch_labels.py                                             1           0  0.44s           2023-11-02T07:42:34
/home/airflow/.local/lib/python3.7/site-packages/airflow/example_dags/tutorial_dag.py                                                      1           0  0.41s           2023-11-02T07:42:34
/home/airflow/.local/lib/python3.7/site-packages/airflow/example_dags/example_complex.py                                                   1           0  0.40s           2023-11-02T07:42:34
/home/airflow/.local/lib/python3.7/site-packages/airflow/example_dags/example_branch_day_of_week_operator.py                               1           0  0.39s           2023-11-02T07:42:34
/home/airflow/.local/lib/python3.7/site-packages/airflow/example_dags/example_nested_branch_dag.py                                         1           0  0.24s           2023-11-02T07:42:35
/home/airflow/.local/lib/python3.7/site-packages/airflow/example_dags/example_xcom.py                                                      1           0  0.37s           2023-11-02T07:42:35
/home/airflow/.local/lib/python3.7/site-packages/airflow/example_dags/example_local_kubernetes_executor.py                                 1           0  0.25s           2023-11-02T07:42:35
/home/airflow/.local/lib/python3.7/site-packages/airflow/example_dags/example_trigger_controller_dag.py                                    1           0  0.16s           2023-11-02T07:42:35
/home/airflow/.local/lib/python3.7/site-packages/airflow/example_dags/example_branch_operator_decorator.py                                 1           0  0.16s           2023-11-02T07:42:36
/home/airflow/.local/lib/python3.7/site-packages/airflow/example_dags/example_dag_decorator.py                                             1           0  0.16s           2023-11-02T07:42:36
/home/airflow/.local/lib/python3.7/site-packages/airflow/example_dags/example_kubernetes_executor.py                                       1           0  0.17s           2023-11-02T07:42:36
/home/airflow/.local/lib/python3.7/site-packages/airflow/example_dags/example_python_operator.py                                           1           0  0.17s           2023-11-02T07:42:36
/home/airflow/.local/lib/python3.7/site-packages/airflow/example_dags/example_task_group_decorator.py                                      1           0  0.22s           2023-11-02T07:42:36
/home/airflow/.local/lib/python3.7/site-packages/airflow/example_dags/example_external_task_marker_dag.py                                  2           0  0.28s           2023-11-02T07:42:31
/home/airflow/.local/lib/python3.7/site-packages/airflow/example_dags/example_xcomargs.py                                                  2           0  0.19s           2023-11-02T07:42:36
/home/airflow/.local/lib/python3.7/site-packages/airflow/example_dags/example_branch_datetime_operator.py                                  3           0  0.23s           2023-11-02T07:42:32
/home/airflow/.local/lib/python3.7/site-packages/airflow/example_dags/example_subdag_operator.py                                           3           0  0.60s           2023-11-02T07:42:35
/home/airflow/.local/lib/python3.7/site-packages/airflow/example_dags/example_datasets.py                                                  6           0  0.30s           2023-11-02T07:42:36
================================================================================
[2023-11-02T07:43:31.867+0000] {manager.py:846} INFO - 
================================================================================
DAG File Processing Stats

File Path                                                                                                         PID    Runtime      # DAGs    # Errors  Last Runtime    Last Run
----------------------------------------------------------------------------------------------------------------  -----  ---------  --------  ----------  --------------  -------------------
/home/airflow/.local/lib/python3.7/site-packages/airflow/example_dags/plugins/workday.py                                                   0           0  0.03s           2023-11-02T07:43:06
/home/airflow/.local/lib/python3.7/site-packages/airflow/example_dags/subdags/subdag.py                                                    0           0  0.04s           2023-11-02T07:43:06
/home/airflow/.local/lib/python3.7/site-packages/airflow/example_dags/example_latest_only.py                                               1           0  0.13s           2023-11-02T07:43:01
/home/airflow/.local/lib/python3.7/site-packages/airflow/example_dags/tutorial_taskflow_api_virtualenv.py                                  1           0  0.11s           2023-11-02T07:43:01
/home/airflow/.local/lib/python3.7/site-packages/airflow/example_dags/tutorial.py                                                          1           0  0.08s           2023-11-02T07:43:02
/home/airflow/.local/lib/python3.7/site-packages/airflow/example_dags/example_latest_only_with_trigger.py                                  1           0  0.08s           2023-11-02T07:43:02
/home/airflow/.local/lib/python3.7/site-packages/airflow/example_dags/example_bash_operator.py                                             1           0  0.08s           2023-11-02T07:43:02
/home/airflow/.local/lib/python3.7/site-packages/airflow/example_dags/example_time_delta_sensor_async.py                                   1           0  0.18s           2023-11-02T07:43:03
/home/airflow/.local/lib/python3.7/site-packages/airflow/example_dags/example_task_group.py                                                1           0  0.10s           2023-11-02T07:43:03
/home/airflow/.local/lib/python3.7/site-packages/airflow/example_dags/example_short_circuit_operator.py                                    1           0  0.08s           2023-11-02T07:43:03
/home/airflow/.local/lib/python3.7/site-packages/airflow/example_dags/example_branch_python_dop_operator_3.py                              1           0  0.09s           2023-11-02T07:43:03
/home/airflow/.local/lib/python3.7/site-packages/airflow/example_dags/example_trigger_target_dag.py                                        1           0  0.09s           2023-11-02T07:43:03
/home/airflow/.local/lib/python3.7/site-packages/airflow/example_dags/example_passing_params_via_test_command.py                           1           0  0.09s           2023-11-02T07:43:03
/home/airflow/.local/lib/python3.7/site-packages/airflow/example_dags/example_branch_operator.py                                           1           0  0.08s           2023-11-02T07:43:03
/home/airflow/.local/lib/python3.7/site-packages/airflow/example_dags/example_skip_dag.py                                                  1           0  0.09s           2023-11-02T07:43:04
/home/airflow/.local/lib/python3.7/site-packages/airflow/example_dags/example_short_circuit_decorator.py                                   1           0  0.09s           2023-11-02T07:43:04
/home/airflow/.local/lib/python3.7/site-packages/airflow/example_dags/tutorial_taskflow_api.py                                             1           0  0.08s           2023-11-02T07:43:04
/home/airflow/.local/lib/python3.7/site-packages/airflow/example_dags/example_sla_dag.py                                                   1           0  0.09s           2023-11-02T07:43:04
/home/airflow/.local/lib/python3.7/site-packages/airflow/example_dags/example_branch_labels.py                                             1           0  0.08s           2023-11-02T07:43:04
/home/airflow/.local/lib/python3.7/site-packages/airflow/example_dags/tutorial_dag.py                                                      1           0  0.08s           2023-11-02T07:43:04
/home/airflow/.local/lib/python3.7/site-packages/airflow/example_dags/example_complex.py                                                   1           0  0.08s           2023-11-02T07:43:04
/home/airflow/.local/lib/python3.7/site-packages/airflow/example_dags/example_branch_day_of_week_operator.py                               1           0  0.08s           2023-11-02T07:43:04
/home/airflow/.local/lib/python3.7/site-packages/airflow/example_dags/example_nested_branch_dag.py                                         1           0  0.11s           2023-11-02T07:43:06
/home/airflow/.local/lib/python3.7/site-packages/airflow/example_dags/example_xcom.py                                                      1           0  0.10s           2023-11-02T07:43:06
/home/airflow/.local/lib/python3.7/site-packages/airflow/example_dags/example_local_kubernetes_executor.py                                 1           0  0.09s           2023-11-02T07:43:06
/home/airflow/.local/lib/python3.7/site-packages/airflow/example_dags/example_trigger_controller_dag.py                                    1           0  0.08s           2023-11-02T07:43:06
/home/airflow/.local/lib/python3.7/site-packages/airflow/example_dags/example_branch_operator_decorator.py                                 1           0  0.08s           2023-11-02T07:43:06
/home/airflow/.local/lib/python3.7/site-packages/airflow/example_dags/example_dag_decorator.py                                             1           0  0.10s           2023-11-02T07:43:06
/home/airflow/.local/lib/python3.7/site-packages/airflow/example_dags/example_kubernetes_executor.py                                       1           0  0.08s           2023-11-02T07:43:06
/home/airflow/.local/lib/python3.7/site-packages/airflow/example_dags/example_python_operator.py                                           1           0  0.09s           2023-11-02T07:43:06
/home/airflow/.local/lib/python3.7/site-packages/airflow/example_dags/example_task_group_decorator.py                                      1           0  0.08s           2023-11-02T07:43:06
/home/airflow/.local/lib/python3.7/site-packages/airflow/example_dags/example_external_task_marker_dag.py                                  2           0  0.17s           2023-11-02T07:43:02
/home/airflow/.local/lib/python3.7/site-packages/airflow/example_dags/example_xcomargs.py                                                  2           0  0.09s           2023-11-02T07:43:06
/home/airflow/.local/lib/python3.7/site-packages/airflow/example_dags/example_branch_datetime_operator.py                                  3           0  0.09s           2023-11-02T07:43:02
/home/airflow/.local/lib/python3.7/site-packages/airflow/example_dags/example_subdag_operator.py                                           3           0  0.16s           2023-11-02T07:43:06
/home/airflow/.local/lib/python3.7/site-packages/airflow/example_dags/example_datasets.py                                                  6           0  0.09s           2023-11-02T07:43:06
================================================================================
[2023-11-02T07:43:52.533+0000] {manager.py:465} INFO - Exiting gracefully upon receiving signal 15
[2023-11-02T07:44:22.045+0000] {manager.py:483} INFO - Processing files using up to 2 processes at a time 
[2023-11-02T07:44:22.047+0000] {manager.py:484} INFO - Process each file at most once every 30 seconds
[2023-11-02T07:44:22.047+0000] {manager.py:486} INFO - Checking for new files in /opt/airflow/dags every 300 seconds
[2023-11-02T07:44:22.048+0000] {manager.py:724} INFO - Searching for files in /opt/airflow/dags
[2023-11-02T07:44:22.056+0000] {manager.py:727} INFO - There are 36 files in /opt/airflow/dags
[2023-11-02T07:44:22.135+0000] {manager.py:846} INFO - 
================================================================================
DAG File Processing Stats

File Path                                                                                                           PID  Runtime      # DAGs    # Errors  Last Runtime    Last Run
----------------------------------------------------------------------------------------------------------------  -----  ---------  --------  ----------  --------------  ----------
/home/airflow/.local/lib/python3.7/site-packages/airflow/example_dags/example_latest_only.py                         37  0.03s             0           0
/home/airflow/.local/lib/python3.7/site-packages/airflow/example_dags/tutorial_taskflow_api_virtualenv.py            38  0.03s             0           0
/home/airflow/.local/lib/python3.7/site-packages/airflow/example_dags/tutorial.py                                                          0           0
/home/airflow/.local/lib/python3.7/site-packages/airflow/example_dags/example_external_task_marker_dag.py                                  0           0
/home/airflow/.local/lib/python3.7/site-packages/airflow/example_dags/example_latest_only_with_trigger.py                                  0           0
/home/airflow/.local/lib/python3.7/site-packages/airflow/example_dags/example_branch_datetime_operator.py                                  0           0
/home/airflow/.local/lib/python3.7/site-packages/airflow/example_dags/example_bash_operator.py                                             0           0
/home/airflow/.local/lib/python3.7/site-packages/airflow/example_dags/example_time_delta_sensor_async.py                                   0           0
/home/airflow/.local/lib/python3.7/site-packages/airflow/example_dags/example_task_group.py                                                0           0
/home/airflow/.local/lib/python3.7/site-packages/airflow/example_dags/example_short_circuit_operator.py                                    0           0
/home/airflow/.local/lib/python3.7/site-packages/airflow/example_dags/example_branch_python_dop_operator_3.py                              0           0
/home/airflow/.local/lib/python3.7/site-packages/airflow/example_dags/example_trigger_target_dag.py                                        0           0
/home/airflow/.local/lib/python3.7/site-packages/airflow/example_dags/example_passing_params_via_test_command.py                           0           0
/home/airflow/.local/lib/python3.7/site-packages/airflow/example_dags/example_branch_operator.py                                           0           0
/home/airflow/.local/lib/python3.7/site-packages/airflow/example_dags/example_skip_dag.py                                                  0           0
/home/airflow/.local/lib/python3.7/site-packages/airflow/example_dags/example_short_circuit_decorator.py                                   0           0
/home/airflow/.local/lib/python3.7/site-packages/airflow/example_dags/tutorial_taskflow_api.py                                             0           0
/home/airflow/.local/lib/python3.7/site-packages/airflow/example_dags/example_sla_dag.py                                                   0           0
/home/airflow/.local/lib/python3.7/site-packages/airflow/example_dags/example_branch_labels.py                                             0           0
/home/airflow/.local/lib/python3.7/site-packages/airflow/example_dags/tutorial_dag.py                                                      0           0
/home/airflow/.local/lib/python3.7/site-packages/airflow/example_dags/example_complex.py                                                   0           0
/home/airflow/.local/lib/python3.7/site-packages/airflow/example_dags/example_branch_day_of_week_operator.py                               0           0
/home/airflow/.local/lib/python3.7/site-packages/airflow/example_dags/example_nested_branch_dag.py                                         0           0
/home/airflow/.local/lib/python3.7/site-packages/airflow/example_dags/example_xcom.py                                                      0           0
/home/airflow/.local/lib/python3.7/site-packages/airflow/example_dags/example_subdag_operator.py                                           0           0
/home/airflow/.local/lib/python3.7/site-packages/airflow/example_dags/example_local_kubernetes_executor.py                                 0           0
/home/airflow/.local/lib/python3.7/site-packages/airflow/example_dags/example_datasets.py                                                  0           0
/home/airflow/.local/lib/python3.7/site-packages/airflow/example_dags/example_trigger_controller_dag.py                                    0           0
/home/airflow/.local/lib/python3.7/site-packages/airflow/example_dags/example_branch_operator_decorator.py                                 0           0
/home/airflow/.local/lib/python3.7/site-packages/airflow/example_dags/example_dag_decorator.py                                             0           0
/home/airflow/.local/lib/python3.7/site-packages/airflow/example_dags/example_kubernetes_executor.py                                       0           0
/home/airflow/.local/lib/python3.7/site-packages/airflow/example_dags/example_xcomargs.py                                                  0           0
/home/airflow/.local/lib/python3.7/site-packages/airflow/example_dags/example_python_operator.py                                           0           0
/home/airflow/.local/lib/python3.7/site-packages/airflow/example_dags/example_task_group_decorator.py                                      0           0
/home/airflow/.local/lib/python3.7/site-packages/airflow/example_dags/plugins/workday.py                                                   0           0
/home/airflow/.local/lib/python3.7/site-packages/airflow/example_dags/subdags/subdag.py                                                    0           0
================================================================================
[2023-11-02T07:44:53.015+0000] {manager.py:846} INFO - 
================================================================================
DAG File Processing Stats

File Path                                                                                                           PID  Runtime      # DAGs    # Errors  Last Runtime    Last Run
----------------------------------------------------------------------------------------------------------------  -----  ---------  --------  ----------  --------------  -------------------
/home/airflow/.local/lib/python3.7/site-packages/airflow/example_dags/plugins/workday.py                                                   0           0  0.05s           2023-11-02T07:44:24
/home/airflow/.local/lib/python3.7/site-packages/airflow/example_dags/subdags/subdag.py                                                    0           0  0.05s           2023-11-02T07:44:24
/home/airflow/.local/lib/python3.7/site-packages/airflow/example_dags/example_latest_only.py                        100  0.03s             1           0  0.17s           2023-11-02T07:44:22
/home/airflow/.local/lib/python3.7/site-packages/airflow/example_dags/tutorial_taskflow_api_virtualenv.py           101  0.01s             1           0  0.16s           2023-11-02T07:44:22
/home/airflow/.local/lib/python3.7/site-packages/airflow/example_dags/tutorial.py                                                          1           0  0.10s           2023-11-02T07:44:22
/home/airflow/.local/lib/python3.7/site-packages/airflow/example_dags/example_latest_only_with_trigger.py                                  1           0  0.12s           2023-11-02T07:44:22
/home/airflow/.local/lib/python3.7/site-packages/airflow/example_dags/example_bash_operator.py                                             1           0  0.09s           2023-11-02T07:44:22
/home/airflow/.local/lib/python3.7/site-packages/airflow/example_dags/example_time_delta_sensor_async.py                                   1           0  0.07s           2023-11-02T07:44:22
/home/airflow/.local/lib/python3.7/site-packages/airflow/example_dags/example_task_group.py                                                1           0  0.10s           2023-11-02T07:44:22
/home/airflow/.local/lib/python3.7/site-packages/airflow/example_dags/example_short_circuit_operator.py                                    1           0  0.12s           2023-11-02T07:44:22
/home/airflow/.local/lib/python3.7/site-packages/airflow/example_dags/example_branch_python_dop_operator_3.py                              1           0  0.13s           2023-11-02T07:44:22
/home/airflow/.local/lib/python3.7/site-packages/airflow/example_dags/example_trigger_target_dag.py                                        1           0  0.12s           2023-11-02T07:44:22
/home/airflow/.local/lib/python3.7/site-packages/airflow/example_dags/example_passing_params_via_test_command.py                           1           0  0.13s           2023-11-02T07:44:23
/home/airflow/.local/lib/python3.7/site-packages/airflow/example_dags/example_branch_operator.py                                           1           0  0.12s           2023-11-02T07:44:23
/home/airflow/.local/lib/python3.7/site-packages/airflow/example_dags/example_skip_dag.py                                                  1           0  0.11s           2023-11-02T07:44:23
/home/airflow/.local/lib/python3.7/site-packages/airflow/example_dags/example_short_circuit_decorator.py                                   1           0  0.12s           2023-11-02T07:44:23
/home/airflow/.local/lib/python3.7/site-packages/airflow/example_dags/tutorial_taskflow_api.py                                             1           0  0.13s           2023-11-02T07:44:23
/home/airflow/.local/lib/python3.7/site-packages/airflow/example_dags/example_sla_dag.py                                                   1           0  0.16s           2023-11-02T07:44:23
/home/airflow/.local/lib/python3.7/site-packages/airflow/example_dags/example_branch_labels.py                                             1           0  0.16s           2023-11-02T07:44:23
/home/airflow/.local/lib/python3.7/site-packages/airflow/example_dags/tutorial_dag.py                                                      1           0  0.14s           2023-11-02T07:44:23
/home/airflow/.local/lib/python3.7/site-packages/airflow/example_dags/example_complex.py                                                   1           0  0.13s           2023-11-02T07:44:23
/home/airflow/.local/lib/python3.7/site-packages/airflow/example_dags/example_branch_day_of_week_operator.py                               1           0  0.13s           2023-11-02T07:44:23
/home/airflow/.local/lib/python3.7/site-packages/airflow/example_dags/example_nested_branch_dag.py                                         1           0  0.14s           2023-11-02T07:44:23
/home/airflow/.local/lib/python3.7/site-packages/airflow/example_dags/example_xcom.py                                                      1           0  0.15s           2023-11-02T07:44:23
/home/airflow/.local/lib/python3.7/site-packages/airflow/example_dags/example_local_kubernetes_executor.py                                 1           0  0.15s           2023-11-02T07:44:23
/home/airflow/.local/lib/python3.7/site-packages/airflow/example_dags/example_trigger_controller_dag.py                                    1           0  0.17s           2023-11-02T07:44:24
/home/airflow/.local/lib/python3.7/site-packages/airflow/example_dags/example_branch_operator_decorator.py                                 1           0  0.14s           2023-11-02T07:44:24
/home/airflow/.local/lib/python3.7/site-packages/airflow/example_dags/example_dag_decorator.py                                             1           0  0.15s           2023-11-02T07:44:24
/home/airflow/.local/lib/python3.7/site-packages/airflow/example_dags/example_kubernetes_executor.py                                       1           0  0.13s           2023-11-02T07:44:24
/home/airflow/.local/lib/python3.7/site-packages/airflow/example_dags/example_python_operator.py                                           1           0  0.15s           2023-11-02T07:44:24
/home/airflow/.local/lib/python3.7/site-packages/airflow/example_dags/example_task_group_decorator.py                                      1           0  0.15s           2023-11-02T07:44:24
/home/airflow/.local/lib/python3.7/site-packages/airflow/example_dags/example_external_task_marker_dag.py                                  2           0  0.12s           2023-11-02T07:44:22
/home/airflow/.local/lib/python3.7/site-packages/airflow/example_dags/example_xcomargs.py                                                  2           0  0.12s           2023-11-02T07:44:24
/home/airflow/.local/lib/python3.7/site-packages/airflow/example_dags/example_branch_datetime_operator.py                                  3           0  0.09s           2023-11-02T07:44:22
/home/airflow/.local/lib/python3.7/site-packages/airflow/example_dags/example_subdag_operator.py                                           3           0  0.17s           2023-11-02T07:44:23
/home/airflow/.local/lib/python3.7/site-packages/airflow/example_dags/example_datasets.py                                                  6           0  0.20s           2023-11-02T07:44:24
================================================================================
[2023-11-02T07:45:23.793+0000] {manager.py:846} INFO - 
================================================================================
DAG File Processing Stats

File Path                                                                                                           PID  Runtime      # DAGs    # Errors  Last Runtime    Last Run
----------------------------------------------------------------------------------------------------------------  -----  ---------  --------  ----------  --------------  -------------------
/home/airflow/.local/lib/python3.7/site-packages/airflow/example_dags/plugins/workday.py                                                   0           0  0.03s           2023-11-02T07:44:55
/home/airflow/.local/lib/python3.7/site-packages/airflow/example_dags/subdags/subdag.py                                                    0           0  0.03s           2023-11-02T07:44:55
/home/airflow/.local/lib/python3.7/site-packages/airflow/example_dags/example_latest_only.py                        165  0.01s             1           0  0.13s           2023-11-02T07:44:53
/home/airflow/.local/lib/python3.7/site-packages/airflow/example_dags/tutorial_taskflow_api_virtualenv.py           166  0.00s             1           0  0.10s           2023-11-02T07:44:53
/home/airflow/.local/lib/python3.7/site-packages/airflow/example_dags/tutorial.py                                                          1           0  0.07s           2023-11-02T07:44:53
/home/airflow/.local/lib/python3.7/site-packages/airflow/example_dags/example_latest_only_with_trigger.py                                  1           0  0.07s           2023-11-02T07:44:53
/home/airflow/.local/lib/python3.7/site-packages/airflow/example_dags/example_bash_operator.py                                             1           0  0.08s           2023-11-02T07:44:53
/home/airflow/.local/lib/python3.7/site-packages/airflow/example_dags/example_time_delta_sensor_async.py                                   1           0  0.13s           2023-11-02T07:44:53
/home/airflow/.local/lib/python3.7/site-packages/airflow/example_dags/example_task_group.py                                                1           0  0.07s           2023-11-02T07:44:53
/home/airflow/.local/lib/python3.7/site-packages/airflow/example_dags/example_short_circuit_operator.py                                    1           0  0.07s           2023-11-02T07:44:53
/home/airflow/.local/lib/python3.7/site-packages/airflow/example_dags/example_branch_python_dop_operator_3.py                              1           0  0.08s           2023-11-02T07:44:53
/home/airflow/.local/lib/python3.7/site-packages/airflow/example_dags/example_trigger_target_dag.py                                        1           0  0.08s           2023-11-02T07:44:53
/home/airflow/.local/lib/python3.7/site-packages/airflow/example_dags/example_passing_params_via_test_command.py                           1           0  0.08s           2023-11-02T07:44:53
/home/airflow/.local/lib/python3.7/site-packages/airflow/example_dags/example_branch_operator.py                                           1           0  0.07s           2023-11-02T07:44:53
/home/airflow/.local/lib/python3.7/site-packages/airflow/example_dags/example_skip_dag.py                                                  1           0  0.07s           2023-11-02T07:44:53
/home/airflow/.local/lib/python3.7/site-packages/airflow/example_dags/example_short_circuit_decorator.py                                   1           0  0.08s           2023-11-02T07:44:53
/home/airflow/.local/lib/python3.7/site-packages/airflow/example_dags/tutorial_taskflow_api.py                                             1           0  0.07s           2023-11-02T07:44:53
/home/airflow/.local/lib/python3.7/site-packages/airflow/example_dags/example_sla_dag.py                                                   1           0  0.08s           2023-11-02T07:44:53
/home/airflow/.local/lib/python3.7/site-packages/airflow/example_dags/example_branch_labels.py                                             1           0  0.07s           2023-11-02T07:44:53
/home/airflow/.local/lib/python3.7/site-packages/airflow/example_dags/tutorial_dag.py                                                      1           0  0.07s           2023-11-02T07:44:53
/home/airflow/.local/lib/python3.7/site-packages/airflow/example_dags/example_complex.py                                                   1           0  0.08s           2023-11-02T07:44:53
/home/airflow/.local/lib/python3.7/site-packages/airflow/example_dags/example_branch_day_of_week_operator.py                               1           0  0.07s           2023-11-02T07:44:54
/home/airflow/.local/lib/python3.7/site-packages/airflow/example_dags/example_nested_branch_dag.py                                         1           0  0.08s           2023-11-02T07:44:54
/home/airflow/.local/lib/python3.7/site-packages/airflow/example_dags/example_xcom.py                                                      1           0  0.08s           2023-11-02T07:44:54
/home/airflow/.local/lib/python3.7/site-packages/airflow/example_dags/example_local_kubernetes_executor.py                                 1           0  0.08s           2023-11-02T07:44:54
/home/airflow/.local/lib/python3.7/site-packages/airflow/example_dags/example_trigger_controller_dag.py                                    1           0  0.08s           2023-11-02T07:44:54
/home/airflow/.local/lib/python3.7/site-packages/airflow/example_dags/example_branch_operator_decorator.py                                 1           0  0.08s           2023-11-02T07:44:54
/home/airflow/.local/lib/python3.7/site-packages/airflow/example_dags/example_dag_decorator.py                                             1           0  0.11s           2023-11-02T07:44:55
/home/airflow/.local/lib/python3.7/site-packages/airflow/example_dags/example_kubernetes_executor.py                                       1           0  0.08s           2023-11-02T07:44:55
/home/airflow/.local/lib/python3.7/site-packages/airflow/example_dags/example_python_operator.py                                           1           0  0.08s           2023-11-02T07:44:55
/home/airflow/.local/lib/python3.7/site-packages/airflow/example_dags/example_task_group_decorator.py                                      1           0  0.08s           2023-11-02T07:44:55
/home/airflow/.local/lib/python3.7/site-packages/airflow/example_dags/example_external_task_marker_dag.py                                  2           0  0.15s           2023-11-02T07:44:53
/home/airflow/.local/lib/python3.7/site-packages/airflow/example_dags/example_xcomargs.py                                                  2           0  0.08s           2023-11-02T07:44:55
/home/airflow/.local/lib/python3.7/site-packages/airflow/example_dags/example_branch_datetime_operator.py                                  3           0  0.08s           2023-11-02T07:44:53
/home/airflow/.local/lib/python3.7/site-packages/airflow/example_dags/example_subdag_operator.py                                           3           0  0.15s           2023-11-02T07:44:54
/home/airflow/.local/lib/python3.7/site-packages/airflow/example_dags/example_datasets.py                                                  6           0  0.13s           2023-11-02T07:44:54
================================================================================
[2023-11-02T07:45:53.858+0000] {manager.py:846} INFO - 
================================================================================
DAG File Processing Stats

File Path                                                                                                         PID    Runtime      # DAGs    # Errors  Last Runtime    Last Run
----------------------------------------------------------------------------------------------------------------  -----  ---------  --------  ----------  --------------  -------------------
/home/airflow/.local/lib/python3.7/site-packages/airflow/example_dags/plugins/workday.py                                                   0           0  0.02s           2023-11-02T07:45:26
/home/airflow/.local/lib/python3.7/site-packages/airflow/example_dags/subdags/subdag.py                                                    0           0  0.03s           2023-11-02T07:45:26
/home/airflow/.local/lib/python3.7/site-packages/airflow/example_dags/example_latest_only.py                                               1           0  0.08s           2023-11-02T07:45:23
/home/airflow/.local/lib/python3.7/site-packages/airflow/example_dags/tutorial_taskflow_api_virtualenv.py                                  1           0  0.08s           2023-11-02T07:45:23
/home/airflow/.local/lib/python3.7/site-packages/airflow/example_dags/tutorial.py                                                          1           0  0.07s           2023-11-02T07:45:23
/home/airflow/.local/lib/python3.7/site-packages/airflow/example_dags/example_latest_only_with_trigger.py                                  1           0  0.07s           2023-11-02T07:45:24
/home/airflow/.local/lib/python3.7/site-packages/airflow/example_dags/example_bash_operator.py                                             1           0  0.08s           2023-11-02T07:45:24
/home/airflow/.local/lib/python3.7/site-packages/airflow/example_dags/example_time_delta_sensor_async.py                                   1           0  0.13s           2023-11-02T07:45:24
/home/airflow/.local/lib/python3.7/site-packages/airflow/example_dags/example_task_group.py                                                1           0  0.07s           2023-11-02T07:45:24
/home/airflow/.local/lib/python3.7/site-packages/airflow/example_dags/example_short_circuit_operator.py                                    1           0  0.07s           2023-11-02T07:45:24
/home/airflow/.local/lib/python3.7/site-packages/airflow/example_dags/example_branch_python_dop_operator_3.py                              1           0  0.07s           2023-11-02T07:45:24
/home/airflow/.local/lib/python3.7/site-packages/airflow/example_dags/example_trigger_target_dag.py                                        1           0  0.07s           2023-11-02T07:45:24
/home/airflow/.local/lib/python3.7/site-packages/airflow/example_dags/example_passing_params_via_test_command.py                           1           0  0.07s           2023-11-02T07:45:24
/home/airflow/.local/lib/python3.7/site-packages/airflow/example_dags/example_branch_operator.py                                           1           0  0.07s           2023-11-02T07:45:24
/home/airflow/.local/lib/python3.7/site-packages/airflow/example_dags/example_skip_dag.py                                                  1           0  0.07s           2023-11-02T07:45:24
/home/airflow/.local/lib/python3.7/site-packages/airflow/example_dags/example_short_circuit_decorator.py                                   1           0  0.07s           2023-11-02T07:45:24
/home/airflow/.local/lib/python3.7/site-packages/airflow/example_dags/tutorial_taskflow_api.py                                             1           0  0.07s           2023-11-02T07:45:24
/home/airflow/.local/lib/python3.7/site-packages/airflow/example_dags/example_sla_dag.py                                                   1           0  0.07s           2023-11-02T07:45:24
/home/airflow/.local/lib/python3.7/site-packages/airflow/example_dags/example_branch_labels.py                                             1           0  0.07s           2023-11-02T07:45:24
/home/airflow/.local/lib/python3.7/site-packages/airflow/example_dags/tutorial_dag.py                                                      1           0  0.07s           2023-11-02T07:45:24
/home/airflow/.local/lib/python3.7/site-packages/airflow/example_dags/example_complex.py                                                   1           0  0.11s           2023-11-02T07:45:24
/home/airflow/.local/lib/python3.7/site-packages/airflow/example_dags/example_branch_day_of_week_operator.py                               1           0  0.09s           2023-11-02T07:45:24
/home/airflow/.local/lib/python3.7/site-packages/airflow/example_dags/example_nested_branch_dag.py                                         1           0  0.08s           2023-11-02T07:45:24
/home/airflow/.local/lib/python3.7/site-packages/airflow/example_dags/example_xcom.py                                                      1           0  0.08s           2023-11-02T07:45:25
/home/airflow/.local/lib/python3.7/site-packages/airflow/example_dags/example_local_kubernetes_executor.py                                 1           0  0.08s           2023-11-02T07:45:25
/home/airflow/.local/lib/python3.7/site-packages/airflow/example_dags/example_trigger_controller_dag.py                                    1           0  0.07s           2023-11-02T07:45:25
/home/airflow/.local/lib/python3.7/site-packages/airflow/example_dags/example_branch_operator_decorator.py                                 1           0  0.08s           2023-11-02T07:45:25
/home/airflow/.local/lib/python3.7/site-packages/airflow/example_dags/example_dag_decorator.py                                             1           0  0.11s           2023-11-02T07:45:26
/home/airflow/.local/lib/python3.7/site-packages/airflow/example_dags/example_kubernetes_executor.py                                       1           0  0.08s           2023-11-02T07:45:26
/home/airflow/.local/lib/python3.7/site-packages/airflow/example_dags/example_python_operator.py                                           1           0  0.08s           2023-11-02T07:45:26
/home/airflow/.local/lib/python3.7/site-packages/airflow/example_dags/example_task_group_decorator.py                                      1           0  0.08s           2023-11-02T07:45:26
/home/airflow/.local/lib/python3.7/site-packages/airflow/example_dags/example_external_task_marker_dag.py                                  2           0  0.14s           2023-11-02T07:45:24
/home/airflow/.local/lib/python3.7/site-packages/airflow/example_dags/example_xcomargs.py                                                  2           0  0.09s           2023-11-02T07:45:26
/home/airflow/.local/lib/python3.7/site-packages/airflow/example_dags/example_branch_datetime_operator.py                                  3           0  0.08s           2023-11-02T07:45:24
/home/airflow/.local/lib/python3.7/site-packages/airflow/example_dags/example_subdag_operator.py                                           3           0  0.16s           2023-11-02T07:45:25
/home/airflow/.local/lib/python3.7/site-packages/airflow/example_dags/example_datasets.py                                                  6           0  0.09s           2023-11-02T07:45:25
================================================================================
[2023-11-02T07:46:23.921+0000] {manager.py:846} INFO - 
================================================================================
DAG File Processing Stats

File Path                                                                                                         PID    Runtime      # DAGs    # Errors  Last Runtime    Last Run
----------------------------------------------------------------------------------------------------------------  -----  ---------  --------  ----------  --------------  -------------------
/home/airflow/.local/lib/python3.7/site-packages/airflow/example_dags/plugins/workday.py                                                   0           0  0.03s           2023-11-02T07:45:56
/home/airflow/.local/lib/python3.7/site-packages/airflow/example_dags/subdags/subdag.py                                                    0           0  0.02s           2023-11-02T07:45:56
/home/airflow/.local/lib/python3.7/site-packages/airflow/example_dags/example_latest_only.py                                               1           0  0.11s           2023-11-02T07:45:54
/home/airflow/.local/lib/python3.7/site-packages/airflow/example_dags/tutorial_taskflow_api_virtualenv.py                                  1           0  0.09s           2023-11-02T07:45:54
/home/airflow/.local/lib/python3.7/site-packages/airflow/example_dags/tutorial.py                                                          1           0  0.07s           2023-11-02T07:45:55
/home/airflow/.local/lib/python3.7/site-packages/airflow/example_dags/example_latest_only_with_trigger.py                                  1           0  0.07s           2023-11-02T07:45:55
/home/airflow/.local/lib/python3.7/site-packages/airflow/example_dags/example_bash_operator.py                                             1           0  0.08s           2023-11-02T07:45:55
/home/airflow/.local/lib/python3.7/site-packages/airflow/example_dags/example_time_delta_sensor_async.py                                   1           0  0.13s           2023-11-02T07:45:55
/home/airflow/.local/lib/python3.7/site-packages/airflow/example_dags/example_task_group.py                                                1           0  0.07s           2023-11-02T07:45:55
/home/airflow/.local/lib/python3.7/site-packages/airflow/example_dags/example_short_circuit_operator.py                                    1           0  0.07s           2023-11-02T07:45:55
/home/airflow/.local/lib/python3.7/site-packages/airflow/example_dags/example_branch_python_dop_operator_3.py                              1           0  0.08s           2023-11-02T07:45:55
/home/airflow/.local/lib/python3.7/site-packages/airflow/example_dags/example_trigger_target_dag.py                                        1           0  0.07s           2023-11-02T07:45:55
/home/airflow/.local/lib/python3.7/site-packages/airflow/example_dags/example_passing_params_via_test_command.py                           1           0  0.08s           2023-11-02T07:45:55
/home/airflow/.local/lib/python3.7/site-packages/airflow/example_dags/example_branch_operator.py                                           1           0  0.07s           2023-11-02T07:45:55
/home/airflow/.local/lib/python3.7/site-packages/airflow/example_dags/example_skip_dag.py                                                  1           0  0.07s           2023-11-02T07:45:55
/home/airflow/.local/lib/python3.7/site-packages/airflow/example_dags/example_short_circuit_decorator.py                                   1           0  0.09s           2023-11-02T07:45:55
/home/airflow/.local/lib/python3.7/site-packages/airflow/example_dags/tutorial_taskflow_api.py                                             1           0  0.08s           2023-11-02T07:45:55
/home/airflow/.local/lib/python3.7/site-packages/airflow/example_dags/example_sla_dag.py                                                   1           0  0.08s           2023-11-02T07:45:55
/home/airflow/.local/lib/python3.7/site-packages/airflow/example_dags/example_branch_labels.py                                             1           0  0.08s           2023-11-02T07:45:55
/home/airflow/.local/lib/python3.7/site-packages/airflow/example_dags/tutorial_dag.py                                                      1           0  0.07s           2023-11-02T07:45:55
/home/airflow/.local/lib/python3.7/site-packages/airflow/example_dags/example_complex.py                                                   1           0  0.08s           2023-11-02T07:45:55
/home/airflow/.local/lib/python3.7/site-packages/airflow/example_dags/example_branch_day_of_week_operator.py                               1           0  0.08s           2023-11-02T07:45:55
/home/airflow/.local/lib/python3.7/site-packages/airflow/example_dags/example_nested_branch_dag.py                                         1           0  0.09s           2023-11-02T07:45:56
/home/airflow/.local/lib/python3.7/site-packages/airflow/example_dags/example_xcom.py                                                      1           0  0.08s           2023-11-02T07:45:56
/home/airflow/.local/lib/python3.7/site-packages/airflow/example_dags/example_local_kubernetes_executor.py                                 1           0  0.08s           2023-11-02T07:45:56
/home/airflow/.local/lib/python3.7/site-packages/airflow/example_dags/example_trigger_controller_dag.py                                    1           0  0.08s           2023-11-02T07:45:56
/home/airflow/.local/lib/python3.7/site-packages/airflow/example_dags/example_branch_operator_decorator.py                                 1           0  0.08s           2023-11-02T07:45:56
/home/airflow/.local/lib/python3.7/site-packages/airflow/example_dags/example_dag_decorator.py                                             1           0  0.11s           2023-11-02T07:45:56
/home/airflow/.local/lib/python3.7/site-packages/airflow/example_dags/example_kubernetes_executor.py                                       1           0  0.09s           2023-11-02T07:45:56
/home/airflow/.local/lib/python3.7/site-packages/airflow/example_dags/example_python_operator.py                                           1           0  0.08s           2023-11-02T07:45:56
/home/airflow/.local/lib/python3.7/site-packages/airflow/example_dags/example_task_group_decorator.py                                      1           0  0.08s           2023-11-02T07:45:56
/home/airflow/.local/lib/python3.7/site-packages/airflow/example_dags/example_external_task_marker_dag.py                                  2           0  0.15s           2023-11-02T07:45:55
/home/airflow/.local/lib/python3.7/site-packages/airflow/example_dags/example_xcomargs.py                                                  2           0  0.08s           2023-11-02T07:45:56
/home/airflow/.local/lib/python3.7/site-packages/airflow/example_dags/example_branch_datetime_operator.py                                  3           0  0.08s           2023-11-02T07:45:55
/home/airflow/.local/lib/python3.7/site-packages/airflow/example_dags/example_subdag_operator.py                                           3           0  0.15s           2023-11-02T07:45:56
/home/airflow/.local/lib/python3.7/site-packages/airflow/example_dags/example_datasets.py                                                  6           0  0.09s           2023-11-02T07:45:56
================================================================================
[2023-11-02T07:46:53.947+0000] {manager.py:846} INFO - 
================================================================================
DAG File Processing Stats

File Path                                                                                                         PID    Runtime      # DAGs    # Errors  Last Runtime    Last Run
----------------------------------------------------------------------------------------------------------------  -----  ---------  --------  ----------  --------------  -------------------
/home/airflow/.local/lib/python3.7/site-packages/airflow/example_dags/plugins/workday.py                                                   0           0  0.03s           2023-11-02T07:46:27
/home/airflow/.local/lib/python3.7/site-packages/airflow/example_dags/subdags/subdag.py                                                    0           0  0.02s           2023-11-02T07:46:27
/home/airflow/.local/lib/python3.7/site-packages/airflow/example_dags/example_latest_only.py                                               1           0  0.08s           2023-11-02T07:46:26
/home/airflow/.local/lib/python3.7/site-packages/airflow/example_dags/tutorial_taskflow_api_virtualenv.py                                  1           0  0.08s           2023-11-02T07:46:26
/home/airflow/.local/lib/python3.7/site-packages/airflow/example_dags/tutorial.py                                                          1           0  0.07s           2023-11-02T07:46:26
/home/airflow/.local/lib/python3.7/site-packages/airflow/example_dags/example_latest_only_with_trigger.py                                  1           0  0.08s           2023-11-02T07:46:26
/home/airflow/.local/lib/python3.7/site-packages/airflow/example_dags/example_bash_operator.py                                             1           0  0.09s           2023-11-02T07:46:26
/home/airflow/.local/lib/python3.7/site-packages/airflow/example_dags/example_time_delta_sensor_async.py                                   1           0  0.14s           2023-11-02T07:46:26
/home/airflow/.local/lib/python3.7/site-packages/airflow/example_dags/example_task_group.py                                                1           0  0.08s           2023-11-02T07:46:26
/home/airflow/.local/lib/python3.7/site-packages/airflow/example_dags/example_short_circuit_operator.py                                    1           0  0.08s           2023-11-02T07:46:26
/home/airflow/.local/lib/python3.7/site-packages/airflow/example_dags/example_branch_python_dop_operator_3.py                              1           0  0.08s           2023-11-02T07:46:26
/home/airflow/.local/lib/python3.7/site-packages/airflow/example_dags/example_trigger_target_dag.py                                        1           0  0.08s           2023-11-02T07:46:26
/home/airflow/.local/lib/python3.7/site-packages/airflow/example_dags/example_passing_params_via_test_command.py                           1           0  0.08s           2023-11-02T07:46:26
/home/airflow/.local/lib/python3.7/site-packages/airflow/example_dags/example_branch_operator.py                                           1           0  0.08s           2023-11-02T07:46:26
/home/airflow/.local/lib/python3.7/site-packages/airflow/example_dags/example_skip_dag.py                                                  1           0  0.07s           2023-11-02T07:46:26
/home/airflow/.local/lib/python3.7/site-packages/airflow/example_dags/example_short_circuit_decorator.py                                   1           0  0.08s           2023-11-02T07:46:26
/home/airflow/.local/lib/python3.7/site-packages/airflow/example_dags/tutorial_taskflow_api.py                                             1           0  0.08s           2023-11-02T07:46:26
/home/airflow/.local/lib/python3.7/site-packages/airflow/example_dags/example_sla_dag.py                                                   1           0  0.08s           2023-11-02T07:46:26
/home/airflow/.local/lib/python3.7/site-packages/airflow/example_dags/example_branch_labels.py                                             1           0  0.07s           2023-11-02T07:46:26
/home/airflow/.local/lib/python3.7/site-packages/airflow/example_dags/tutorial_dag.py                                                      1           0  0.07s           2023-11-02T07:46:27
/home/airflow/.local/lib/python3.7/site-packages/airflow/example_dags/example_complex.py                                                   1           0  0.08s           2023-11-02T07:46:27
/home/airflow/.local/lib/python3.7/site-packages/airflow/example_dags/example_branch_day_of_week_operator.py                               1           0  0.07s           2023-11-02T07:46:27
/home/airflow/.local/lib/python3.7/site-packages/airflow/example_dags/example_nested_branch_dag.py                                         1           0  0.08s           2023-11-02T07:46:27
/home/airflow/.local/lib/python3.7/site-packages/airflow/example_dags/example_xcom.py                                                      1           0  0.08s           2023-11-02T07:46:27
/home/airflow/.local/lib/python3.7/site-packages/airflow/example_dags/example_local_kubernetes_executor.py                                 1           0  0.08s           2023-11-02T07:46:27
/home/airflow/.local/lib/python3.7/site-packages/airflow/example_dags/example_trigger_controller_dag.py                                    1           0  0.08s           2023-11-02T07:46:27
/home/airflow/.local/lib/python3.7/site-packages/airflow/example_dags/example_branch_operator_decorator.py                                 1           0  0.08s           2023-11-02T07:46:27
/home/airflow/.local/lib/python3.7/site-packages/airflow/example_dags/example_dag_decorator.py                                             1           0  0.10s           2023-11-02T07:46:27
/home/airflow/.local/lib/python3.7/site-packages/airflow/example_dags/example_kubernetes_executor.py                                       1           0  0.09s           2023-11-02T07:46:27
/home/airflow/.local/lib/python3.7/site-packages/airflow/example_dags/example_python_operator.py                                           1           0  0.09s           2023-11-02T07:46:27
/home/airflow/.local/lib/python3.7/site-packages/airflow/example_dags/example_task_group_decorator.py                                      1           0  0.08s           2023-11-02T07:46:27
/home/airflow/.local/lib/python3.7/site-packages/airflow/example_dags/example_external_task_marker_dag.py                                  2           0  0.15s           2023-11-02T07:46:26
/home/airflow/.local/lib/python3.7/site-packages/airflow/example_dags/example_xcomargs.py                                                  2           0  0.08s           2023-11-02T07:46:27
/home/airflow/.local/lib/python3.7/site-packages/airflow/example_dags/example_branch_datetime_operator.py                                  3           0  0.10s           2023-11-02T07:46:26
/home/airflow/.local/lib/python3.7/site-packages/airflow/example_dags/example_subdag_operator.py                                           3           0  0.16s           2023-11-02T07:46:27
/home/airflow/.local/lib/python3.7/site-packages/airflow/example_dags/example_datasets.py                                                  6           0  0.10s           2023-11-02T07:46:27
================================================================================
[2023-11-02T07:47:24.490+0000] {manager.py:846} INFO - 
================================================================================
DAG File Processing Stats

File Path                                                                                                         PID    Runtime      # DAGs    # Errors  Last Runtime    Last Run
----------------------------------------------------------------------------------------------------------------  -----  ---------  --------  ----------  --------------  -------------------
/home/airflow/.local/lib/python3.7/site-packages/airflow/example_dags/plugins/workday.py                                                   0           0  0.04s           2023-11-02T07:46:59
/home/airflow/.local/lib/python3.7/site-packages/airflow/example_dags/subdags/subdag.py                                                    0           0  0.04s           2023-11-02T07:46:59
/home/airflow/.local/lib/python3.7/site-packages/airflow/example_dags/example_latest_only.py                                               1           0  0.09s           2023-11-02T07:46:57
/home/airflow/.local/lib/python3.7/site-packages/airflow/example_dags/tutorial_taskflow_api_virtualenv.py                                  1           0  0.09s           2023-11-02T07:46:57
/home/airflow/.local/lib/python3.7/site-packages/airflow/example_dags/tutorial.py                                                          1           0  0.07s           2023-11-02T07:46:57
/home/airflow/.local/lib/python3.7/site-packages/airflow/example_dags/example_latest_only_with_trigger.py                                  1           0  0.07s           2023-11-02T07:46:57
/home/airflow/.local/lib/python3.7/site-packages/airflow/example_dags/example_bash_operator.py                                             1           0  0.10s           2023-11-02T07:46:57
/home/airflow/.local/lib/python3.7/site-packages/airflow/example_dags/example_time_delta_sensor_async.py                                   1           0  0.19s           2023-11-02T07:46:57
/home/airflow/.local/lib/python3.7/site-packages/airflow/example_dags/example_task_group.py                                                1           0  0.12s           2023-11-02T07:46:57
/home/airflow/.local/lib/python3.7/site-packages/airflow/example_dags/example_short_circuit_operator.py                                    1           0  0.10s           2023-11-02T07:46:57
/home/airflow/.local/lib/python3.7/site-packages/airflow/example_dags/example_branch_python_dop_operator_3.py                              1           0  0.10s           2023-11-02T07:46:57
/home/airflow/.local/lib/python3.7/site-packages/airflow/example_dags/example_trigger_target_dag.py                                        1           0  0.09s           2023-11-02T07:46:57
/home/airflow/.local/lib/python3.7/site-packages/airflow/example_dags/example_passing_params_via_test_command.py                           1           0  0.10s           2023-11-02T07:46:57
/home/airflow/.local/lib/python3.7/site-packages/airflow/example_dags/example_branch_operator.py                                           1           0  0.10s           2023-11-02T07:46:57
/home/airflow/.local/lib/python3.7/site-packages/airflow/example_dags/example_skip_dag.py                                                  1           0  0.10s           2023-11-02T07:46:57
/home/airflow/.local/lib/python3.7/site-packages/airflow/example_dags/example_short_circuit_decorator.py                                   1           0  0.12s           2023-11-02T07:46:57
/home/airflow/.local/lib/python3.7/site-packages/airflow/example_dags/tutorial_taskflow_api.py                                             1           0  0.11s           2023-11-02T07:46:57
/home/airflow/.local/lib/python3.7/site-packages/airflow/example_dags/example_sla_dag.py                                                   1           0  0.11s           2023-11-02T07:46:58
/home/airflow/.local/lib/python3.7/site-packages/airflow/example_dags/example_branch_labels.py                                             1           0  0.12s           2023-11-02T07:46:58
/home/airflow/.local/lib/python3.7/site-packages/airflow/example_dags/tutorial_dag.py                                                      1           0  0.11s           2023-11-02T07:46:58
/home/airflow/.local/lib/python3.7/site-packages/airflow/example_dags/example_complex.py                                                   1           0  0.11s           2023-11-02T07:46:58
/home/airflow/.local/lib/python3.7/site-packages/airflow/example_dags/example_branch_day_of_week_operator.py                               1           0  0.08s           2023-11-02T07:46:58
/home/airflow/.local/lib/python3.7/site-packages/airflow/example_dags/example_nested_branch_dag.py                                         1           0  0.08s           2023-11-02T07:46:58
/home/airflow/.local/lib/python3.7/site-packages/airflow/example_dags/example_xcom.py                                                      1           0  0.08s           2023-11-02T07:46:58
/home/airflow/.local/lib/python3.7/site-packages/airflow/example_dags/example_local_kubernetes_executor.py                                 1           0  0.08s           2023-11-02T07:46:58
/home/airflow/.local/lib/python3.7/site-packages/airflow/example_dags/example_trigger_controller_dag.py                                    1           0  0.17s           2023-11-02T07:46:58
/home/airflow/.local/lib/python3.7/site-packages/airflow/example_dags/example_branch_operator_decorator.py                                 1           0  0.15s           2023-11-02T07:46:58
/home/airflow/.local/lib/python3.7/site-packages/airflow/example_dags/example_dag_decorator.py                                             1           0  0.21s           2023-11-02T07:46:58
/home/airflow/.local/lib/python3.7/site-packages/airflow/example_dags/example_kubernetes_executor.py                                       1           0  0.18s           2023-11-02T07:46:58
/home/airflow/.local/lib/python3.7/site-packages/airflow/example_dags/example_python_operator.py                                           1           0  0.23s           2023-11-02T07:46:59
/home/airflow/.local/lib/python3.7/site-packages/airflow/example_dags/example_task_group_decorator.py                                      1           0  0.21s           2023-11-02T07:46:59
/home/airflow/.local/lib/python3.7/site-packages/airflow/example_dags/example_external_task_marker_dag.py                                  2           0  0.14s           2023-11-02T07:46:57
/home/airflow/.local/lib/python3.7/site-packages/airflow/example_dags/example_xcomargs.py                                                  2           0  0.18s           2023-11-02T07:46:59
/home/airflow/.local/lib/python3.7/site-packages/airflow/example_dags/example_branch_datetime_operator.py                                  3           0  0.08s           2023-11-02T07:46:57
/home/airflow/.local/lib/python3.7/site-packages/airflow/example_dags/example_subdag_operator.py                                           3           0  0.19s           2023-11-02T07:46:58
/home/airflow/.local/lib/python3.7/site-packages/airflow/example_dags/example_datasets.py                                                  6           0  0.21s           2023-11-02T07:46:58
================================================================================
